2015-10-28 15:24:34 [scrapy] INFO: Scrapy 1.0.3 started (bot: cfservis)
2015-10-28 15:24:34 [scrapy] INFO: Optional features available: ssl, http11
2015-10-28 15:24:34 [scrapy] INFO: Overridden settings: {'NEWSPIDER_MODULE': 'cfservis.spiders', 'SPIDER_MODULES': ['cfservis.spiders'], 'FEED_URI': 'file:///Users/marko/PythonProjects/cfservis/items/cfservis/kickstarter_updater/9943c1d17d7f11e5b2837831c1c9baf0.jl', 'LOG_FILE': 'logs/cfservis/kickstarter_updater/9943c1d17d7f11e5b2837831c1c9baf0.log', 'BOT_NAME': 'cfservis'}
2015-10-28 15:24:34 [scrapy] INFO: Enabled extensions: CloseSpider, FeedExporter, TelnetConsole, LogStats, CoreStats, SpiderState
2015-10-28 15:24:34 [scrapy] INFO: Enabled downloader middlewares: HttpAuthMiddleware, DownloadTimeoutMiddleware, UserAgentMiddleware, RetryMiddleware, DefaultHeadersMiddleware, MetaRefreshMiddleware, HttpCompressionMiddleware, RedirectMiddleware, CookiesMiddleware, ChunkedTransferMiddleware, DownloaderStats
2015-10-28 15:24:34 [scrapy] INFO: Enabled spider middlewares: HttpErrorMiddleware, OffsiteMiddleware, RefererMiddleware, UrlLengthMiddleware, DepthMiddleware
2015-10-28 15:24:34 [scrapy] INFO: Enabled item pipelines: MySQLStorePipeline
2015-10-28 15:24:34 [scrapy] INFO: Spider opened
2015-10-28 15:24:34 [scrapy] INFO: Crawled 0 pages (at 0 pages/min), scraped 0 items (at 0 items/min)
2015-10-28 15:24:34 [scrapy] DEBUG: Telnet console listening on 127.0.0.1:6023
2015-10-28 15:24:35 [scrapy] DEBUG: Crawled (200) <GET https://www.kickstarter.com/projects/160770508/cheezy-steaks> (referer: None)
2015-10-28 15:24:36 [peewee] DEBUG: ('SELECT "t1"."id", "t1"."second_id", "t1"."title", "t1"."author", "t1"."project_url", "t1"."img_url", "t1"."location", "t1"."end", "t1"."pledged", "t1"."goal", "t1"."currency", "t1"."date_modified", "t1"."active", "t1"."website", "t1"."type", "t1"."category_id" FROM "app_project" AS t1 WHERE ("t1"."id" = %s) LIMIT 1', [1766])
2015-10-28 15:24:36 [scrapy] ERROR: Error processing {'goal': u'5000', 'id': '1766', 'pledged': u'275'}
Traceback (most recent call last):
  File "/Users/marko/Envs/cfservis/lib/python2.7/site-packages/twisted/internet/defer.py", line 588, in _runCallbacks
    current.result = callback(current.result, *args, **kw)
  File "cfservis/pipelines.py", line 145, in process_item
    self.update_entry(item)
  File "cfservis/pipelines.py", line 82, in update_entry
    project = App_Project.get(App_Project.id == item['id'])
  File "/Users/marko/Envs/cfservis/lib/python2.7/site-packages/peewee.py", line 4138, in get
    return sq.get()
  File "/Users/marko/Envs/cfservis/lib/python2.7/site-packages/peewee.py", line 2744, in get
    % self.sql())
App_ProjectDoesNotExist: Instance matching query does not exist:
SQL: SELECT "t1"."id", "t1"."second_id", "t1"."title", "t1"."author", "t1"."project_url", "t1"."img_url", "t1"."location", "t1"."end", "t1"."pledged", "t1"."goal", "t1"."currency", "t1"."date_modified", "t1"."active", "t1"."website", "t1"."type", "t1"."category_id" FROM "app_project" AS t1 WHERE ("t1"."id" = %s)
PARAMS: [1766]
2015-10-28 15:24:36 [scrapy] INFO: Closing spider (finished)
2015-10-28 15:24:36 [scrapy] INFO: Dumping Scrapy stats:
{'downloader/request_bytes': 249,
 'downloader/request_count': 1,
 'downloader/request_method_count/GET': 1,
 'downloader/response_bytes': 62728,
 'downloader/response_count': 1,
 'downloader/response_status_count/200': 1,
 'finish_reason': 'finished',
 'finish_time': datetime.datetime(2015, 10, 28, 14, 24, 36, 949980),
 'log_count/DEBUG': 3,
 'log_count/ERROR': 1,
 'log_count/INFO': 7,
 'response_received_count': 1,
 'scheduler/dequeued': 1,
 'scheduler/dequeued/memory': 1,
 'scheduler/enqueued': 1,
 'scheduler/enqueued/memory': 1,
 'start_time': datetime.datetime(2015, 10, 28, 14, 24, 34, 870917)}
2015-10-28 15:24:36 [scrapy] INFO: Spider closed (finished)
