2015-10-14 16:49:38 [scrapy] INFO: Scrapy 1.0.3 started (bot: cfservis)
2015-10-14 16:49:38 [scrapy] INFO: Optional features available: ssl, http11
2015-10-14 16:49:38 [scrapy] INFO: Overridden settings: {'NEWSPIDER_MODULE': 'cfservis.spiders', 'SPIDER_MODULES': ['cfservis.spiders'], 'FEED_URI': 'file:///Users/marko/PythonProjects/cfservis/items/cfservis/kickstarter_updater/c8b8d16b728211e58b2b7831c1c9baf0.jl', 'LOG_FILE': 'logs/cfservis/kickstarter_updater/c8b8d16b728211e58b2b7831c1c9baf0.log', 'BOT_NAME': 'cfservis'}
2015-10-14 16:49:38 [scrapy] INFO: Enabled extensions: CloseSpider, FeedExporter, TelnetConsole, LogStats, CoreStats, SpiderState
2015-10-14 16:49:39 [scrapy] INFO: Enabled downloader middlewares: HttpAuthMiddleware, DownloadTimeoutMiddleware, UserAgentMiddleware, RetryMiddleware, DefaultHeadersMiddleware, MetaRefreshMiddleware, HttpCompressionMiddleware, RedirectMiddleware, CookiesMiddleware, ChunkedTransferMiddleware, DownloaderStats
2015-10-14 16:49:39 [scrapy] INFO: Enabled spider middlewares: HttpErrorMiddleware, OffsiteMiddleware, RefererMiddleware, UrlLengthMiddleware, DepthMiddleware
2015-10-14 16:49:39 [scrapy] INFO: Enabled item pipelines: MySQLStorePipeline
2015-10-14 16:49:39 [scrapy] INFO: Spider opened
2015-10-14 16:49:39 [scrapy] INFO: Crawled 0 pages (at 0 pages/min), scraped 0 items (at 0 items/min)
2015-10-14 16:49:39 [scrapy] DEBUG: Telnet console listening on 127.0.0.1:6023
2015-10-14 16:49:39 [scrapy] DEBUG: Crawled (200) <GET https://www.kickstarter.com/projects/2102010538/dreamwalkers-iii-le-forgeron-du-destin> (referer: None)
2015-10-14 16:49:40 [peewee] DEBUG: ('SELECT `t1`.`id`, `t1`.`second_id`, `t1`.`title`, `t1`.`author`, `t1`.`project_url`, `t1`.`img_url`, `t1`.`location`, `t1`.`end`, `t1`.`pledged`, `t1`.`goal`, `t1`.`currency`, `t1`.`date_modified`, `t1`.`active`, `t1`.`website`, `t1`.`type`, `t1`.`category_id` FROM `app_project` AS t1 WHERE (`t1`.`id` = %s) LIMIT 1', [441])
2015-10-14 16:49:40 [peewee] DEBUG: ('UPDATE `app_project` SET `second_id` = %s, `title` = %s, `author` = %s, `project_url` = %s, `img_url` = %s, `location` = %s, `end` = %s, `pledged` = %s, `goal` = %s, `currency` = %s, `date_modified` = %s, `active` = %s, `website` = %s, `type` = %s, `category_id` = %s WHERE (`app_project`.`id` = %s)', [u'2102010538', u'Dreamwalkers III: Le forgeron du destin', u'Alain Lafond', u'https://www.kickstarter.com/projects/2102010538/dreamwalkers-iii-le-forgeron-du-destin', u'https://ksr-ugc.imgix.net/projects/2113836/photo-original.jpg?v=1444778647&w=218&h=162&fit=crop&auto=format&q=92&s=06b7ab9d56d9ab1f1d51ac026c0f32d4', u'St Hubert, Canada', u'2015-11-12', 170, 20000, u'CAD', datetime.datetime(2015, 10, 14, 16, 49, 40, 21108), 1, 1, 1, 13, 441])
2015-10-14 16:49:40 [scrapy] DEBUG: Scraped from <200 https://www.kickstarter.com/projects/2102010538/dreamwalkers-iii-le-forgeron-du-destin>
{'goal': u'20000', 'id': '441', 'pledged': u'170'}
2015-10-14 16:49:40 [scrapy] INFO: Closing spider (finished)
2015-10-14 16:49:40 [scrapy] INFO: Stored jsonlines feed (1 items) in: file:///Users/marko/PythonProjects/cfservis/items/cfservis/kickstarter_updater/c8b8d16b728211e58b2b7831c1c9baf0.jl
2015-10-14 16:49:40 [scrapy] INFO: Dumping Scrapy stats:
{'downloader/request_bytes': 275,
 'downloader/request_count': 1,
 'downloader/request_method_count/GET': 1,
 'downloader/response_bytes': 87266,
 'downloader/response_count': 1,
 'downloader/response_status_count/200': 1,
 'finish_reason': 'finished',
 'finish_time': datetime.datetime(2015, 10, 14, 14, 49, 40, 27533),
 'item_scraped_count': 1,
 'log_count/DEBUG': 5,
 'log_count/INFO': 8,
 'response_received_count': 1,
 'scheduler/dequeued': 1,
 'scheduler/dequeued/memory': 1,
 'scheduler/enqueued': 1,
 'scheduler/enqueued/memory': 1,
 'start_time': datetime.datetime(2015, 10, 14, 14, 49, 39, 93850)}
2015-10-14 16:49:40 [scrapy] INFO: Spider closed (finished)
