2015-10-26 10:27:46 [scrapy] INFO: Scrapy 1.0.3 started (bot: cfservis)
2015-10-26 10:27:46 [scrapy] INFO: Optional features available: ssl, http11
2015-10-26 10:27:46 [scrapy] INFO: Overridden settings: {'NEWSPIDER_MODULE': 'cfservis.spiders', 'SPIDER_MODULES': ['cfservis.spiders'], 'FEED_URI': 'file:///Users/marko/PythonProjects/cfservis/items/cfservis/kickstarter_updater/cf11c1a87bc311e59eb77831c1c9baf0.jl', 'LOG_FILE': 'logs/cfservis/kickstarter_updater/cf11c1a87bc311e59eb77831c1c9baf0.log', 'BOT_NAME': 'cfservis'}
2015-10-26 10:27:47 [scrapy] INFO: Enabled extensions: CloseSpider, FeedExporter, TelnetConsole, LogStats, CoreStats, SpiderState
2015-10-26 10:27:47 [scrapy] INFO: Enabled downloader middlewares: HttpAuthMiddleware, DownloadTimeoutMiddleware, UserAgentMiddleware, RetryMiddleware, DefaultHeadersMiddleware, MetaRefreshMiddleware, HttpCompressionMiddleware, RedirectMiddleware, CookiesMiddleware, ChunkedTransferMiddleware, DownloaderStats
2015-10-26 10:27:47 [scrapy] INFO: Enabled spider middlewares: HttpErrorMiddleware, OffsiteMiddleware, RefererMiddleware, UrlLengthMiddleware, DepthMiddleware
2015-10-26 10:27:47 [scrapy] INFO: Enabled item pipelines: MySQLStorePipeline
2015-10-26 10:27:47 [scrapy] INFO: Spider opened
2015-10-26 10:27:47 [scrapy] INFO: Crawled 0 pages (at 0 pages/min), scraped 0 items (at 0 items/min)
2015-10-26 10:27:47 [scrapy] DEBUG: Telnet console listening on 127.0.0.1:6023
2015-10-26 10:27:47 [scrapy] DEBUG: Crawled (200) <GET https://www.kickstarter.com/projects/1465755961/waste-water-energy> (referer: None)
2015-10-26 10:27:48 [peewee] DEBUG: ('SELECT `t1`.`id`, `t1`.`second_id`, `t1`.`title`, `t1`.`author`, `t1`.`project_url`, `t1`.`img_url`, `t1`.`location`, `t1`.`end`, `t1`.`pledged`, `t1`.`goal`, `t1`.`currency`, `t1`.`date_modified`, `t1`.`active`, `t1`.`website`, `t1`.`type`, `t1`.`category_id` FROM `app_project` AS t1 WHERE (`t1`.`id` = %s) LIMIT 1', [1731])
2015-10-26 10:27:48 [peewee] DEBUG: ('UPDATE `app_project` SET `second_id` = %s, `title` = %s, `author` = %s, `project_url` = %s, `img_url` = %s, `location` = %s, `end` = %s, `pledged` = %s, `goal` = %s, `currency` = %s, `date_modified` = %s, `active` = %s, `website` = %s, `type` = %s, `category_id` = %s WHERE (`app_project`.`id` = %s)', [u'1465755961', u'waste water energy', u'Urs Studer Rabtherm AG', u'https://www.kickstarter.com/projects/1465755961/waste-water-energy', u'https://ksr-ugc.imgix.net/projects/2139979/photo-original.png?v=1445247468&w=218&h=162&fit=crop&auto=format&q=92&s=b4594d8c4aece2340c9a693fc2706c1f', u'Zurich, Switzerland', u'2015-11-22', 0, 100000, u'CHF', datetime.datetime(2015, 10, 26, 10, 27, 48, 8793), 1, 1, 1, 11, 1731])
2015-10-26 10:27:48 [scrapy] DEBUG: Scraped from <200 https://www.kickstarter.com/projects/1465755961/waste-water-energy>
{'goal': u'100000', 'id': '1731', 'pledged': u'000'}
2015-10-26 10:27:48 [scrapy] INFO: Closing spider (finished)
2015-10-26 10:27:48 [scrapy] INFO: Stored jsonlines feed (1 items) in: file:///Users/marko/PythonProjects/cfservis/items/cfservis/kickstarter_updater/cf11c1a87bc311e59eb77831c1c9baf0.jl
2015-10-26 10:27:48 [scrapy] INFO: Dumping Scrapy stats:
{'downloader/request_bytes': 255,
 'downloader/request_count': 1,
 'downloader/request_method_count/GET': 1,
 'downloader/response_bytes': 57804,
 'downloader/response_count': 1,
 'downloader/response_status_count/200': 1,
 'finish_reason': 'finished',
 'finish_time': datetime.datetime(2015, 10, 26, 9, 27, 48, 15029),
 'item_scraped_count': 1,
 'log_count/DEBUG': 5,
 'log_count/INFO': 8,
 'response_received_count': 1,
 'scheduler/dequeued': 1,
 'scheduler/dequeued/memory': 1,
 'scheduler/enqueued': 1,
 'scheduler/enqueued/memory': 1,
 'start_time': datetime.datetime(2015, 10, 26, 9, 27, 47, 219877)}
2015-10-26 10:27:48 [scrapy] INFO: Spider closed (finished)
