2015-10-05 15:20:34 [scrapy] INFO: Scrapy 1.0.3 started (bot: cfservis)
2015-10-05 15:20:34 [scrapy] INFO: Optional features available: ssl, http11
2015-10-05 15:20:34 [scrapy] INFO: Overridden settings: {'NEWSPIDER_MODULE': 'cfservis.spiders', 'SPIDER_MODULES': ['cfservis.spiders'], 'FEED_URI': 'file:///Users/marko/PythonProjects/cfaproject/cfservis/items/cfservis/kickstarter_updater/da1fdce66b6311e5a4a37831c1c9baf0.jl', 'LOG_FILE': 'logs/cfservis/kickstarter_updater/da1fdce66b6311e5a4a37831c1c9baf0.log', 'BOT_NAME': 'cfservis'}
2015-10-05 15:20:34 [scrapy] INFO: Enabled extensions: CloseSpider, FeedExporter, TelnetConsole, LogStats, CoreStats, SpiderState
2015-10-05 15:20:34 [scrapy] INFO: Enabled downloader middlewares: HttpAuthMiddleware, DownloadTimeoutMiddleware, UserAgentMiddleware, RetryMiddleware, DefaultHeadersMiddleware, MetaRefreshMiddleware, HttpCompressionMiddleware, RedirectMiddleware, CookiesMiddleware, ChunkedTransferMiddleware, DownloaderStats
2015-10-05 15:20:34 [scrapy] INFO: Enabled spider middlewares: HttpErrorMiddleware, OffsiteMiddleware, RefererMiddleware, UrlLengthMiddleware, DepthMiddleware
2015-10-05 15:20:34 [scrapy] INFO: Enabled item pipelines: MySQLStorePipeline
2015-10-05 15:20:34 [scrapy] INFO: Spider opened
2015-10-05 15:20:34 [scrapy] INFO: Crawled 0 pages (at 0 pages/min), scraped 0 items (at 0 items/min)
2015-10-05 15:20:34 [scrapy] DEBUG: Telnet console listening on 127.0.0.1:6023
2015-10-05 15:20:35 [scrapy] DEBUG: Crawled (200) <GET https://www.kickstarter.com/projects/iella/sketchbook-2015> (referer: None)
2015-10-05 15:20:35 [scrapy] ERROR: Error processing {'id': '47'}
Traceback (most recent call last):
  File "/Users/marko/Envs/cfaproject/lib/python2.7/site-packages/twisted/internet/defer.py", line 588, in _runCallbacks
    current.result = callback(current.result, *args, **kw)
  File "cfservis/pipelines.py", line 94, in process_item
    self.update_entry(item)
  File "cfservis/pipelines.py", line 46, in update_entry
    SET pledged=%s, goal=%s, date_modified=%s WHERE id=%s""", (item['pledged'],
  File "/Users/marko/Envs/cfaproject/lib/python2.7/site-packages/scrapy/item.py", line 56, in __getitem__
    return self._values[key]
KeyError: 'pledged'
2015-10-05 15:20:35 [scrapy] INFO: Closing spider (finished)
2015-10-05 15:20:35 [scrapy] INFO: Dumping Scrapy stats:
{'downloader/request_bytes': 247,
 'downloader/request_count': 1,
 'downloader/request_method_count/GET': 1,
 'downloader/response_bytes': 50028,
 'downloader/response_count': 1,
 'downloader/response_status_count/200': 1,
 'finish_reason': 'finished',
 'finish_time': datetime.datetime(2015, 10, 5, 13, 20, 35, 678381),
 'log_count/DEBUG': 2,
 'log_count/ERROR': 1,
 'log_count/INFO': 7,
 'response_received_count': 1,
 'scheduler/dequeued': 1,
 'scheduler/dequeued/memory': 1,
 'scheduler/enqueued': 1,
 'scheduler/enqueued/memory': 1,
 'start_time': datetime.datetime(2015, 10, 5, 13, 20, 34, 881817)}
2015-10-05 15:20:35 [scrapy] INFO: Spider closed (finished)
