2015-09-15 15:31:55 [scrapy] INFO: Scrapy 1.0.3 started (bot: cfservis)
2015-09-15 15:31:55 [scrapy] INFO: Optional features available: ssl, http11
2015-09-15 15:31:55 [scrapy] INFO: Overridden settings: {'NEWSPIDER_MODULE': 'cfservis.spiders', 'SPIDER_MODULES': ['cfservis.spiders'], 'FEED_URI': 'file:///Users/marko/PythonProjects/cfaproject/cfservis/items/cfservis/kickstarter_getter/21c6e4915bae11e59a237831c1c9baf0.jl', 'LOG_FILE': 'logs/cfservis/kickstarter_getter/21c6e4915bae11e59a237831c1c9baf0.log', 'BOT_NAME': 'cfservis'}
2015-09-15 15:31:56 [scrapy] INFO: Enabled extensions: CloseSpider, FeedExporter, TelnetConsole, LogStats, CoreStats, SpiderState
2015-09-15 15:31:56 [scrapy] INFO: Enabled downloader middlewares: HttpAuthMiddleware, DownloadTimeoutMiddleware, UserAgentMiddleware, RetryMiddleware, DefaultHeadersMiddleware, MetaRefreshMiddleware, HttpCompressionMiddleware, RedirectMiddleware, CookiesMiddleware, ChunkedTransferMiddleware, DownloaderStats
2015-09-15 15:31:56 [scrapy] INFO: Enabled spider middlewares: HttpErrorMiddleware, OffsiteMiddleware, RefererMiddleware, UrlLengthMiddleware, DepthMiddleware
2015-09-15 15:31:56 [scrapy] INFO: Enabled item pipelines: MySQLStorePipeline
2015-09-15 15:31:56 [scrapy] INFO: Spider opened
2015-09-15 15:31:56 [scrapy] INFO: Crawled 0 pages (at 0 pages/min), scraped 0 items (at 0 items/min)
2015-09-15 15:31:56 [scrapy] DEBUG: Telnet console listening on 127.0.0.1:6023
2015-09-15 15:31:57 [scrapy] DEBUG: Crawled (200) <GET https://www.kickstarter.com/discover/categories/fashion?sort=newest> (referer: None)
2015-09-15 15:31:57 [scrapy] DEBUG: Scraped from <200 https://www.kickstarter.com/discover/categories/fashion?sort=newest>
{'author': u'Gabor Paszti',
 'category_id': 5,
 'currency': u'GBP',
 'end': u'2015-10-15',
 'id': u'793293307',
 'img_url': u'https://ksr-ugc.imgix.net/projects/1740547/photo-original.jpg?v=1441994576&w=218&h=162&fit=crop&auto=format&q=92&s=290b45da784af93ceb8869a282e07558',
 'location': u'London, UK',
 'pledged': u'000',
 'project_url': u'/projects/793293307/the-verb-imagination-in-action',
 'title': u'"THE VERB" _IMAGINATION IN ACTION',
 'type': 1,
 'website': 1}
2015-09-15 15:31:57 [scrapy] DEBUG: Scraped from <200 https://www.kickstarter.com/discover/categories/fashion?sort=newest>
{'author': u"D'Arc",
 'category_id': 5,
 'currency': u'EUR',
 'end': u'2015-11-14',
 'id': u'1336763982',
 'img_url': u'https://ksr-ugc.imgix.net/projects/2065829/photo-original.gif?v=1441661232&w=218&h=162&fit=crop&auto=format&frame=1&q=92&s=e879a5460487f491de3cf0b4e0278c34',
 'location': u'Groningen, Netherlands',
 'pledged': u'000',
 'project_url': u'/projects/1336763982/noorderslag-groupie-have-a-drink-and-dress-room-pa',
 'title': u'Noorderslag Groupie have a Drink & Dress Room Party  Project',
 'type': 1,
 'website': 1}
2015-09-15 15:31:57 [scrapy] DEBUG: Scraped from <200 https://www.kickstarter.com/discover/categories/fashion?sort=newest>
{'author': u'Blanka Gajcsi',
 'category_id': 5,
 'currency': u'AUD',
 'end': u'2015-11-14',
 'id': u'2114244036',
 'img_url': u'https://ksr-ugc.imgix.net/projects/2061231/photo-original.jpg?v=1441870711&w=218&h=162&fit=crop&auto=format&q=92&s=daac674112ebf8700f479b7c32adf6bf',
 'location': u'Budapest, Hungary',
 'pledged': u'1000',
 'project_url': u'/projects/2114244036/1000-wishes',
 'title': u'1000 wishes',
 'type': 1,
 'website': 1}
2015-09-15 15:31:57 [scrapy] DEBUG: Scraped from <200 https://www.kickstarter.com/discover/categories/fashion?sort=newest>
{'author': u'2Down',
 'category_id': 5,
 'currency': u'USD',
 'end': u'2015-10-15',
 'id': u'2down',
 'img_url': u'https://ksr-ugc.imgix.net/projects/1786239/photo-original.jpg?v=1442197046&w=218&h=162&fit=crop&auto=format&q=92&s=d949ae1a770cbe8c152a516d859d78b6',
 'location': u'St. Louis, MO',
 'pledged': u'000',
 'project_url': u'/projects/2down/2down-the-known-salute-apparel',
 'title': u'2Down The Known Salute - Apparel',
 'type': 1,
 'website': 1}
2015-09-15 15:31:57 [scrapy] DEBUG: Scraped from <200 https://www.kickstarter.com/discover/categories/fashion?sort=newest>
{'author': u'Rochelle Hannah',
 'category_id': 5,
 'currency': u'USD',
 'end': u'2015-09-25',
 'id': u'2053322433',
 'img_url': u'https://ksr-ugc.imgix.net/projects/1761644/photo-original.jpg?v=1441254742&w=218&h=162&fit=crop&auto=format&q=92&s=bd94a96e7b123803ca5f836cbd8212b6',
 'location': u'New York, NY',
 'pledged': u'000',
 'project_url': u'/projects/2053322433/pop-rock-and-sugar',
 'title': u'Pop Rock and Sugar',
 'type': 1,
 'website': 1}
2015-09-15 15:31:57 [scrapy] DEBUG: Scraped from <200 https://www.kickstarter.com/discover/categories/fashion?sort=newest>
{'author': u'Les Articles Vintage',
 'category_id': 5,
 'currency': u'USD',
 'end': u'2015-10-14',
 'id': u'fashionbyvintage',
 'img_url': u'https://ksr-ugc.imgix.net/projects/2080932/photo-original.jpg?v=1442195399&w=218&h=162&fit=crop&auto=format&q=92&s=818c6d273288030ae53827762a237d13',
 'location': u'Brooklyn, NY',
 'pledged': u'000',
 'project_url': u'/projects/fashionbyvintage/fashion-by-vintage',
 'title': u'Fashion By Vintage',
 'type': 1,
 'website': 1}
2015-09-15 15:31:57 [scrapy] DEBUG: Scraped from <200 https://www.kickstarter.com/discover/categories/fashion?sort=newest>
{'author': u'Allen Young Collection\\u2122',
 'category_id': 5,
 'currency': u'USD',
 'end': u'2015-10-14',
 'id': u'664062677',
 'img_url': u'https://ksr-ugc.imgix.net/projects/2063379/photo-original.jpg?v=1441379617&w=218&h=162&fit=crop&auto=format&q=92&s=797dcf9d14e7c69a06c7b97dccaf8e69',
 'location': u'New York, NY',
 'pledged': u'246',
 'project_url': u'/projects/664062677/the-dress-shirt-of-tomorrow-is-here-today',
 'title': u'The Dress Shirt of Tomorrow is Here Today',
 'type': 1,
 'website': 1}
2015-09-15 15:31:57 [scrapy] DEBUG: Scraped from <200 https://www.kickstarter.com/discover/categories/fashion?sort=newest>
{'author': u'Carena West',
 'category_id': 5,
 'currency': u'NZD',
 'end': u'2015-10-14',
 'id': u'carenawest',
 'img_url': u'https://ksr-ugc.imgix.net/projects/985091/photo-original.jpg?v=1442208014&w=218&h=162&fit=crop&auto=format&q=92&s=f7aa0b40234164ec5f94a59d5649de58',
 'location': u'Auckland, NZ',
 'pledged': u'10000',
 'project_url': u'/projects/carenawest/carena-west-swim-2014-15',
 'title': u'CARENA WEST SWIM 2014/15',
 'type': 1,
 'website': 1}
2015-09-15 15:31:57 [scrapy] DEBUG: Scraped from <200 https://www.kickstarter.com/discover/categories/fashion?sort=newest>
{'author': u'Johnathan Alexander',
 'category_id': 5,
 'currency': u'USD',
 'end': u'2015-11-13',
 'id': u'758882502',
 'img_url': u'https://ksr-ugc.imgix.net/projects/2080071/photo-original.png?v=1442277991&w=218&h=162&fit=crop&auto=format&q=92&s=0807e4f265518fab0b1aaa173fcf4e53',
 'location': u'Tulsa, OK',
 'pledged': u'000',
 'project_url': u'/projects/758882502/theosapparel',
 'title': u'TheosApparel',
 'type': 1,
 'website': 1}
2015-09-15 15:31:57 [scrapy] DEBUG: Scraped from <200 https://www.kickstarter.com/discover/categories/fashion?sort=newest>
{'author': u'Luxather',
 'category_id': 5,
 'currency': u'AUD',
 'end': u'2015-10-14',
 'id': u'luxather',
 'img_url': u'https://ksr-ugc.imgix.net/projects/2057643/photo-original.jpg?v=1441968608&w=218&h=162&fit=crop&auto=format&q=92&s=c3294eb5f8078eb9bc6935220104fd2a',
 'location': u'Singapore, Singapore',
 'pledged': u'8200',
 'project_url': u'/projects/luxather/luxather-clutch-collection',
 'title': u'Luxather Clutch Collection',
 'type': 1,
 'website': 1}
2015-09-15 15:31:57 [scrapy] DEBUG: Scraped from <200 https://www.kickstarter.com/discover/categories/fashion?sort=newest>
{'author': u'Headwind Mfg Co',
 'category_id': 5,
 'currency': u'USD',
 'end': u'2015-10-15',
 'id': u'343095424',
 'img_url': u'https://ksr-ugc.imgix.net/projects/2076174/photo-original.jpg?v=1442085534&w=218&h=162&fit=crop&auto=format&q=92&s=1d5e5fab00cfc74bd00056756cc9a42e',
 'location': u'Portland, OR',
 'pledged': u'350',
 'project_url': u'/projects/343095424/custom-made-1920s-a-1-leather-flight-jacket-reprod',
 'title': u"Custom Made 1920's A-1 Leather Flight Jacket Reproduction",
 'type': 1,
 'website': 1}
2015-09-15 15:31:57 [scrapy] DEBUG: Scraped from <200 https://www.kickstarter.com/discover/categories/fashion?sort=newest>
{'author': u'Monique Medved',
 'category_id': 5,
 'currency': u'AUD',
 'end': u'2015-10-06',
 'id': u'777307990',
 'img_url': u'https://ksr-ugc.imgix.net/projects/2080614/photo-original.jpg?v=1442182539&w=218&h=162&fit=crop&auto=format&q=92&s=71cbb30595063160eb868eb80652f108',
 'location': u'Melbourne, AU',
 'pledged': u'000',
 'project_url': u'/projects/777307990/carmen-the-label',
 'title': u'carmen the label',
 'type': 1,
 'website': 1}
2015-09-15 15:31:57 [scrapy] DEBUG: Scraped from <200 https://www.kickstarter.com/discover/categories/fashion?sort=newest>
{'author': u'Rafael',
 'category_id': 5,
 'currency': u'USD',
 'end': u'2015-11-13',
 'id': u'1814402811',
 'img_url': u'https://ksr-ugc.imgix.net/projects/2078312/photo-original.png?v=1442093966&w=218&h=162&fit=crop&auto=format&q=92&s=e24f2b67867824c68e03f13751ee43a9',
 'location': u'Salinas, CA',
 'pledged': u'000',
 'project_url': u'/projects/1814402811/one-color-clothing-company',
 'title': u'One Color Clothing Company',
 'type': 1,
 'website': 1}
2015-09-15 15:31:57 [scrapy] DEBUG: Scraped from <200 https://www.kickstarter.com/discover/categories/fashion?sort=newest>
{'author': u'Osirec',
 'category_id': 5,
 'currency': u'USD',
 'end': u'2015-10-14',
 'id': u'674979617',
 'img_url': u'https://ksr-ugc.imgix.net/projects/2051997/photo-original.jpg?v=1441811706&w=218&h=162&fit=crop&auto=format&q=92&s=92be7806216cffbde95410003fced93c',
 'location': u'Miami, FL',
 'pledged': u'380',
 'project_url': u'/projects/674979617/osirec-cheops-bold-watch-design-inspired-by-the-ph',
 'title': u'Osirec Cheops: bold watch design inspired by the Pharaohs',
 'type': 1,
 'website': 1}
2015-09-15 15:31:57 [scrapy] DEBUG: Scraped from <200 https://www.kickstarter.com/discover/categories/fashion?sort=newest>
{'author': u'Kettu',
 'category_id': 5,
 'currency': u'USD',
 'end': u'2015-10-14',
 'id': u'1202564154',
 'img_url': u'https://ksr-ugc.imgix.net/projects/1943969/photo-original.jpg?v=1442003454&w=218&h=162&fit=crop&auto=format&q=92&s=7815c9b46345f40826bb1e280e90f155',
 'location': u'Homer, AK',
 'pledged': u'230',
 'project_url': u'/projects/1202564154/the-upcycled-fire-hose-and-bike-tube-project',
 'title': u'The upcycled fire hose and bike tube project.',
 'type': 1,
 'website': 1}
2015-09-15 15:31:57 [scrapy] DEBUG: Scraped from <200 https://www.kickstarter.com/discover/categories/fashion?sort=newest>
{'author': u'Annelies',
 'category_id': 5,
 'currency': u'NZD',
 'end': u'2015-10-15',
 'id': u'arlo',
 'img_url': u'https://ksr-ugc.imgix.net/projects/1908397/photo-original.jpg?v=1441339414&w=218&h=162&fit=crop&auto=format&q=92&s=5e30959abfb9beaa2daf85aa7ede6abe',
 'location': u'Auckland, NZ',
 'pledged': u'895',
 'project_url': u'/projects/arlo/arlo-jewellery-chasing-soul',
 'title': u'Arlo Jewellery - Chasing Soul.',
 'type': 1,
 'website': 1}
2015-09-15 15:31:57 [scrapy] DEBUG: Scraped from <200 https://www.kickstarter.com/discover/categories/fashion?sort=newest>
{'author': u'Cedric Cobb',
 'category_id': 5,
 'currency': u'USD',
 'end': u'2015-10-15',
 'id': u'843744368',
 'img_url': u'https://ksr-ugc.imgix.net/projects/2074688/photo-original.png?v=1441909752&w=218&h=162&fit=crop&auto=format&q=92&s=3ea6c71aa58a60b02024c4f3e5ae94ca',
 'location': u'St. Louis, MO',
 'pledged': u'177',
 'project_url': u'/projects/843744368/best-pocket-square-holder-it-holds-the-fold',
 'title': u'Best Pocket Square Holder - "IT HOLDS THE FOLD!"',
 'type': 1,
 'website': 1}
2015-09-15 15:31:57 [scrapy] DEBUG: Scraped from <200 https://www.kickstarter.com/discover/categories/fashion?sort=newest>
{'author': u'Brandon Baker',
 'category_id': 5,
 'currency': u'USD',
 'end': u'2015-10-14',
 'id': u'1004639450',
 'img_url': u'https://ksr-ugc.imgix.net/projects/2074717/photo-original.png?v=1442258950&w=218&h=162&fit=crop&auto=format&q=92&s=1b71b0b18130fdaeda4394ad9d065a67',
 'location': u'Naples, FL',
 'pledged': u'2200',
 'project_url': u'/projects/1004639450/made-in-america-clothing',
 'title': u'Made in America Clothing',
 'type': 1,
 'website': 1}
2015-09-15 15:31:57 [scrapy] DEBUG: Scraped from <200 https://www.kickstarter.com/discover/categories/fashion?sort=newest>
{'author': u'Sylvene (Yi-Chen Tsai)',
 'category_id': 5,
 'currency': u'USD',
 'end': u'2015-10-12',
 'id': u'1134816505',
 'img_url': u'https://ksr-ugc.imgix.net/projects/2073170/photo-original.jpg?v=1441904760&w=218&h=162&fit=crop&auto=format&q=92&s=22a9b73344d16b8ac87fac8ae0bd6999',
 'location': u'Los Angeles, CA',
 'pledged': u'270',
 'project_url': u'/projects/1134816505/vene-ais-brand-launch-and-runway-debut-at-la-fashi',
 'title': u"VENE AI's brand launch  & runway debut at LA Fashion Week",
 'type': 1,
 'website': 1}
2015-09-15 15:31:57 [scrapy] DEBUG: Scraped from <200 https://www.kickstarter.com/discover/categories/fashion?sort=newest>
{'author': u'Gill Benzion',
 'category_id': 5,
 'currency': u'CAD',
 'end': u'2015-10-14',
 'id': u'1905891933',
 'img_url': u'https://ksr-ugc.imgix.net/projects/1978691/photo-original.jpg?v=1440938557&w=218&h=162&fit=crop&auto=format&q=92&s=48aebdf4870e3774237f79c348c9c2bb',
 'location': u'Montreal, Canada',
 'pledged': u'309',
 'project_url': u'/projects/1905891933/ebeniste-fine-wooden-jewelry',
 'title': u'\\xc9b\\xe9niste - Fine Wooden Jewelry',
 'type': 1,
 'website': 1}
2015-09-15 15:31:57 [scrapy] INFO: Closing spider (finished)
2015-09-15 15:31:57 [scrapy] INFO: Stored jsonlines feed (20 items) in: file:///Users/marko/PythonProjects/cfaproject/cfservis/items/cfservis/kickstarter_getter/21c6e4915bae11e59a237831c1c9baf0.jl
2015-09-15 15:31:57 [scrapy] INFO: Dumping Scrapy stats:
{'downloader/request_bytes': 256,
 'downloader/request_count': 1,
 'downloader/request_method_count/GET': 1,
 'downloader/response_bytes': 80190,
 'downloader/response_count': 1,
 'downloader/response_status_count/200': 1,
 'finish_reason': 'finished',
 'finish_time': datetime.datetime(2015, 9, 15, 13, 31, 57, 447217),
 'item_scraped_count': 20,
 'log_count/DEBUG': 22,
 'log_count/INFO': 8,
 'response_received_count': 1,
 'scheduler/dequeued': 1,
 'scheduler/dequeued/memory': 1,
 'scheduler/enqueued': 1,
 'scheduler/enqueued/memory': 1,
 'start_time': datetime.datetime(2015, 9, 15, 13, 31, 56, 160800)}
2015-09-15 15:31:57 [scrapy] INFO: Spider closed (finished)
