2015-10-26 16:29:29 [scrapy] INFO: Scrapy 1.0.3 started (bot: cfservis)
2015-10-26 16:29:29 [scrapy] INFO: Optional features available: ssl, http11
2015-10-26 16:29:29 [scrapy] INFO: Overridden settings: {'NEWSPIDER_MODULE': 'cfservis.spiders', 'SPIDER_MODULES': ['cfservis.spiders'], 'FEED_URI': 'file:///Users/marko/PythonProjects/cfservis/items/cfservis/kickstarter_getter/57e048bd7bf611e5ac627831c1c9baf0.jl', 'LOG_FILE': 'logs/cfservis/kickstarter_getter/57e048bd7bf611e5ac627831c1c9baf0.log', 'BOT_NAME': 'cfservis'}
2015-10-26 16:29:29 [scrapy] INFO: Enabled extensions: CloseSpider, FeedExporter, TelnetConsole, LogStats, CoreStats, SpiderState
2015-10-26 16:29:29 [scrapy] INFO: Enabled downloader middlewares: HttpAuthMiddleware, DownloadTimeoutMiddleware, UserAgentMiddleware, RetryMiddleware, DefaultHeadersMiddleware, MetaRefreshMiddleware, HttpCompressionMiddleware, RedirectMiddleware, CookiesMiddleware, ChunkedTransferMiddleware, DownloaderStats
2015-10-26 16:29:29 [scrapy] INFO: Enabled spider middlewares: HttpErrorMiddleware, OffsiteMiddleware, RefererMiddleware, UrlLengthMiddleware, DepthMiddleware
2015-10-26 16:29:30 [scrapy] INFO: Enabled item pipelines: MySQLStorePipeline
2015-10-26 16:29:30 [scrapy] INFO: Spider opened
2015-10-26 16:29:30 [scrapy] INFO: Crawled 0 pages (at 0 pages/min), scraped 0 items (at 0 items/min)
2015-10-26 16:29:30 [scrapy] DEBUG: Telnet console listening on 127.0.0.1:6023
2015-10-26 16:29:31 [scrapy] DEBUG: Crawled (200) <GET https://www.kickstarter.com/discover/categories/art?sort=newest> (referer: None)
2015-10-26 16:29:31 [peewee] DEBUG: ('SELECT "t1"."id", "t1"."second_id", "t1"."title", "t1"."author", "t1"."project_url", "t1"."img_url", "t1"."location", "t1"."end", "t1"."pledged", "t1"."goal", "t1"."currency", "t1"."date_modified", "t1"."active", "t1"."website", "t1"."type", "t1"."category_id" FROM "app_project" AS t1 WHERE ("t1"."second_id" = %s) LIMIT 1', [u'richardherring'])
2015-10-26 16:29:32 [peewee] DEBUG: ('INSERT INTO "app_project" ("second_id", "title", "author", "project_url", "img_url", "location", "end", "pledged", "goal", "currency", "date_modified", "active", "website", "type", "category_id") VALUES (%s, %s, %s, %s, %s, %s, %s, %s, %s, %s, %s, %s, %s, %s, %s) RETURNING "id"', [u'richardherring', u'Me1 Vs Me2 Snooker', u'Richard K Herring', u'https://www.kickstarter.com/projects/richardherring/me1-vs-me2-snooker', u'https://ksr-ugc.imgix.net/projects/1878049/photo-original.jpg?v=1432422103&w=218&h=162&fit=crop&auto=format&q=92&s=213ec0c22680a8f4246e55827d4ac72d', u'London, UK', u'2015-11-25', 433, 0, u'GBP', datetime.datetime(2015, 10, 26, 16, 29, 32, 318574), 1, 1, 1, 1])
2015-10-26 16:29:32 [scrapy] DEBUG: Scraped from <200 https://www.kickstarter.com/discover/categories/art?sort=newest>
{'author': u'Richard K Herring',
 'category_id': 1,
 'currency': u'GBP',
 'end': u'2015-11-25',
 'id': u'richardherring',
 'img_url': u'https://ksr-ugc.imgix.net/projects/1878049/photo-original.jpg?v=1432422103&w=218&h=162&fit=crop&auto=format&q=92&s=213ec0c22680a8f4246e55827d4ac72d',
 'location': u'London, UK',
 'pledged': u'433',
 'project_url': u'https://www.kickstarter.com/projects/richardherring/me1-vs-me2-snooker',
 'title': u'Me1 Vs Me2 Snooker',
 'type': 1,
 'website': 1}
2015-10-26 16:29:32 [peewee] DEBUG: ('SELECT "t1"."id", "t1"."second_id", "t1"."title", "t1"."author", "t1"."project_url", "t1"."img_url", "t1"."location", "t1"."end", "t1"."pledged", "t1"."goal", "t1"."currency", "t1"."date_modified", "t1"."active", "t1"."website", "t1"."type", "t1"."category_id" FROM "app_project" AS t1 WHERE ("t1"."second_id" = %s) LIMIT 1', [u'1582965761'])
2015-10-26 16:29:33 [peewee] DEBUG: ('INSERT INTO "app_project" ("second_id", "title", "author", "project_url", "img_url", "location", "end", "pledged", "goal", "currency", "date_modified", "active", "website", "type", "category_id") VALUES (%s, %s, %s, %s, %s, %s, %s, %s, %s, %s, %s, %s, %s, %s, %s) RETURNING "id"', [u'1582965761', u'Murica Fest--An Interactive Arts Festival', u'Chase Pickett', u'https://www.kickstarter.com/projects/1582965761/murica-fest-an-interactive-arts-festival', u'https://ksr-ugc.imgix.net/projects/2146626/photo-original.png?v=1445448137&w=218&h=162&fit=crop&auto=format&q=92&s=cc24ed1483809b871950e695a254177e', u'Henderson, NC', u'2015-12-25', 0, 0, u'USD', datetime.datetime(2015, 10, 26, 16, 29, 33, 934951), 1, 1, 1, 1])
2015-10-26 16:29:34 [scrapy] DEBUG: Scraped from <200 https://www.kickstarter.com/discover/categories/art?sort=newest>
{'author': u'Chase Pickett',
 'category_id': 1,
 'currency': u'USD',
 'end': u'2015-12-25',
 'id': u'1582965761',
 'img_url': u'https://ksr-ugc.imgix.net/projects/2146626/photo-original.png?v=1445448137&w=218&h=162&fit=crop&auto=format&q=92&s=cc24ed1483809b871950e695a254177e',
 'location': u'Henderson, NC',
 'pledged': u'000',
 'project_url': u'https://www.kickstarter.com/projects/1582965761/murica-fest-an-interactive-arts-festival',
 'title': u'Murica Fest--An Interactive Arts Festival',
 'type': 1,
 'website': 1}
2015-10-26 16:29:34 [peewee] DEBUG: ('SELECT "t1"."id", "t1"."second_id", "t1"."title", "t1"."author", "t1"."project_url", "t1"."img_url", "t1"."location", "t1"."end", "t1"."pledged", "t1"."goal", "t1"."currency", "t1"."date_modified", "t1"."active", "t1"."website", "t1"."type", "t1"."category_id" FROM "app_project" AS t1 WHERE ("t1"."second_id" = %s) LIMIT 1', [u'722503965'])
2015-10-26 16:29:35 [peewee] DEBUG: ('INSERT INTO "app_project" ("second_id", "title", "author", "project_url", "img_url", "location", "end", "pledged", "goal", "currency", "date_modified", "active", "website", "type", "category_id") VALUES (%s, %s, %s, %s, %s, %s, %s, %s, %s, %s, %s, %s, %s, %s, %s) RETURNING "id"', [u'722503965', u'Tribal Magma Project ( expo photo/cr\\xe9ation association )', u'Isis Nemrod', u'https://www.kickstarter.com/projects/722503965/tribal-magma-project-expo-photo-creation-associati', u'https://ksr-ugc.imgix.net/projects/2126379/photo-original.jpg?v=1444908132&w=218&h=162&fit=crop&auto=format&q=92&s=17f43f639baca139073310ce3481302f', u'France, France', u'2015-11-15', 0, 0, u'EUR', datetime.datetime(2015, 10, 26, 16, 29, 35, 540471), 1, 1, 1, 1])
2015-10-26 16:29:35 [scrapy] DEBUG: Scraped from <200 https://www.kickstarter.com/discover/categories/art?sort=newest>
{'author': u'Isis Nemrod',
 'category_id': 1,
 'currency': u'EUR',
 'end': u'2015-11-15',
 'id': u'722503965',
 'img_url': u'https://ksr-ugc.imgix.net/projects/2126379/photo-original.jpg?v=1444908132&w=218&h=162&fit=crop&auto=format&q=92&s=17f43f639baca139073310ce3481302f',
 'location': u'France, France',
 'pledged': u'000',
 'project_url': u'https://www.kickstarter.com/projects/722503965/tribal-magma-project-expo-photo-creation-associati',
 'title': u'Tribal Magma Project ( expo photo/cr\\xe9ation association )',
 'type': 1,
 'website': 1}
2015-10-26 16:29:35 [peewee] DEBUG: ('SELECT "t1"."id", "t1"."second_id", "t1"."title", "t1"."author", "t1"."project_url", "t1"."img_url", "t1"."location", "t1"."end", "t1"."pledged", "t1"."goal", "t1"."currency", "t1"."date_modified", "t1"."active", "t1"."website", "t1"."type", "t1"."category_id" FROM "app_project" AS t1 WHERE ("t1"."second_id" = %s) LIMIT 1', [u'1971120676'])
2015-10-26 16:29:37 [peewee] DEBUG: ('INSERT INTO "app_project" ("second_id", "title", "author", "project_url", "img_url", "location", "end", "pledged", "goal", "currency", "date_modified", "active", "website", "type", "category_id") VALUES (%s, %s, %s, %s, %s, %s, %s, %s, %s, %s, %s, %s, %s, %s, %s) RETURNING "id"', [u'1971120676', u'Publication of the Magazine Archipelago', u'Christina, Lucy and Suzanne', u'https://www.kickstarter.com/projects/1971120676/publication-of-the-magazine-archipelago', u'https://ksr-ugc.imgix.net/projects/2085905/photo-original.jpg?v=1442411433&w=218&h=162&fit=crop&auto=format&q=92&s=f14df001320a9c11bfede43762b2db7e', u'London, UK', u'2015-11-15', 0, 0, u'GBP', datetime.datetime(2015, 10, 26, 16, 29, 37, 26594), 1, 1, 1, 1])
2015-10-26 16:29:37 [scrapy] DEBUG: Scraped from <200 https://www.kickstarter.com/discover/categories/art?sort=newest>
{'author': u'Christina, Lucy and Suzanne',
 'category_id': 1,
 'currency': u'GBP',
 'end': u'2015-11-15',
 'id': u'1971120676',
 'img_url': u'https://ksr-ugc.imgix.net/projects/2085905/photo-original.jpg?v=1442411433&w=218&h=162&fit=crop&auto=format&q=92&s=f14df001320a9c11bfede43762b2db7e',
 'location': u'London, UK',
 'pledged': u'000',
 'project_url': u'https://www.kickstarter.com/projects/1971120676/publication-of-the-magazine-archipelago',
 'title': u'Publication of the Magazine Archipelago',
 'type': 1,
 'website': 1}
2015-10-26 16:29:37 [peewee] DEBUG: ('SELECT "t1"."id", "t1"."second_id", "t1"."title", "t1"."author", "t1"."project_url", "t1"."img_url", "t1"."location", "t1"."end", "t1"."pledged", "t1"."goal", "t1"."currency", "t1"."date_modified", "t1"."active", "t1"."website", "t1"."type", "t1"."category_id" FROM "app_project" AS t1 WHERE ("t1"."second_id" = %s) LIMIT 1', [u'1363792080'])
2015-10-26 16:29:38 [peewee] DEBUG: ('INSERT INTO "app_project" ("second_id", "title", "author", "project_url", "img_url", "location", "end", "pledged", "goal", "currency", "date_modified", "active", "website", "type", "category_id") VALUES (%s, %s, %s, %s, %s, %s, %s, %s, %s, %s, %s, %s, %s, %s, %s) RETURNING "id"', [u'1363792080', u'St. Augustine Skull & Bone Museum / exibit', u'Sky Geller', u'https://www.kickstarter.com/projects/1363792080/st-augustine-skull-and-bone-museum-exibit', u'https://ksr-ugc.imgix.net/projects/2149156/photo-original.png?v=1445555918&w=218&h=162&fit=crop&auto=format&q=92&s=953f66a6639010ca4fa81fd4bbcaafa3', u'St. Augustine, FL', u'2015-11-25', 3000, 0, u'USD', datetime.datetime(2015, 10, 26, 16, 29, 38, 464509), 1, 1, 1, 1])
2015-10-26 16:29:38 [scrapy] DEBUG: Scraped from <200 https://www.kickstarter.com/discover/categories/art?sort=newest>
{'author': u'Sky Geller',
 'category_id': 1,
 'currency': u'USD',
 'end': u'2015-11-25',
 'id': u'1363792080',
 'img_url': u'https://ksr-ugc.imgix.net/projects/2149156/photo-original.png?v=1445555918&w=218&h=162&fit=crop&auto=format&q=92&s=953f66a6639010ca4fa81fd4bbcaafa3',
 'location': u'St. Augustine, FL',
 'pledged': u'3000',
 'project_url': u'https://www.kickstarter.com/projects/1363792080/st-augustine-skull-and-bone-museum-exibit',
 'title': u'St. Augustine Skull & Bone Museum / exibit',
 'type': 1,
 'website': 1}
2015-10-26 16:29:38 [peewee] DEBUG: ('SELECT "t1"."id", "t1"."second_id", "t1"."title", "t1"."author", "t1"."project_url", "t1"."img_url", "t1"."location", "t1"."end", "t1"."pledged", "t1"."goal", "t1"."currency", "t1"."date_modified", "t1"."active", "t1"."website", "t1"."type", "t1"."category_id" FROM "app_project" AS t1 WHERE ("t1"."second_id" = %s) LIMIT 1', [u'2071715871'])
2015-10-26 16:29:43 [peewee] DEBUG: ('INSERT INTO "app_project" ("second_id", "title", "author", "project_url", "img_url", "location", "end", "pledged", "goal", "currency", "date_modified", "active", "website", "type", "category_id") VALUES (%s, %s, %s, %s, %s, %s, %s, %s, %s, %s, %s, %s, %s, %s, %s) RETURNING "id"', [u'2071715871', u'Street Art for YOU !', u'Sebastian Miclea', u'https://www.kickstarter.com/projects/2071715871/street-art-for-you', u'https://ksr-ugc.imgix.net/projects/2139745/photo-original.jpg?v=1445078393&w=218&h=162&fit=crop&auto=format&q=92&s=24aaeeff4868d4f0694f5e23a33604b9', u'New York, NY', u'2015-11-26', 6600, 0, u'CHF', datetime.datetime(2015, 10, 26, 16, 29, 43, 620225), 1, 1, 1, 1])
2015-10-26 16:29:43 [scrapy] DEBUG: Scraped from <200 https://www.kickstarter.com/discover/categories/art?sort=newest>
{'author': u'Sebastian Miclea',
 'category_id': 1,
 'currency': u'CHF',
 'end': u'2015-11-26',
 'id': u'2071715871',
 'img_url': u'https://ksr-ugc.imgix.net/projects/2139745/photo-original.jpg?v=1445078393&w=218&h=162&fit=crop&auto=format&q=92&s=24aaeeff4868d4f0694f5e23a33604b9',
 'location': u'New York, NY',
 'pledged': u'6600',
 'project_url': u'https://www.kickstarter.com/projects/2071715871/street-art-for-you',
 'title': u'Street Art for YOU !',
 'type': 1,
 'website': 1}
2015-10-26 16:29:43 [peewee] DEBUG: ('SELECT "t1"."id", "t1"."second_id", "t1"."title", "t1"."author", "t1"."project_url", "t1"."img_url", "t1"."location", "t1"."end", "t1"."pledged", "t1"."goal", "t1"."currency", "t1"."date_modified", "t1"."active", "t1"."website", "t1"."type", "t1"."category_id" FROM "app_project" AS t1 WHERE ("t1"."second_id" = %s) LIMIT 1', [u'carlwilliam'])
2015-10-26 16:29:45 [peewee] DEBUG: ('INSERT INTO "app_project" ("second_id", "title", "author", "project_url", "img_url", "location", "end", "pledged", "goal", "currency", "date_modified", "active", "website", "type", "category_id") VALUES (%s, %s, %s, %s, %s, %s, %s, %s, %s, %s, %s, %s, %s, %s, %s) RETURNING "id"', [u'carlwilliam', u'Video Game Perler Christmas Ornaments', u'Carl Williams', u'https://www.kickstarter.com/projects/carlwilliams/video-game-perler-christmas-ornaments', u'https://ksr-ugc.imgix.net/projects/2153612/photo-original.jpg?v=1445818870&w=218&h=162&fit=crop&auto=format&q=92&s=b96b3b3b0d58ac24826da7dd592e2abc', u'Little Rock, AR', u'2015-11-08', 100, 0, u'USD', datetime.datetime(2015, 10, 26, 16, 29, 45, 58520), 1, 1, 1, 1])
2015-10-26 16:29:45 [scrapy] DEBUG: Scraped from <200 https://www.kickstarter.com/discover/categories/art?sort=newest>
{'author': u'Carl Williams',
 'category_id': 1,
 'currency': u'USD',
 'end': u'2015-11-08',
 'id': u'carlwilliam',
 'img_url': u'https://ksr-ugc.imgix.net/projects/2153612/photo-original.jpg?v=1445818870&w=218&h=162&fit=crop&auto=format&q=92&s=b96b3b3b0d58ac24826da7dd592e2abc',
 'location': u'Little Rock, AR',
 'pledged': u'100',
 'project_url': u'https://www.kickstarter.com/projects/carlwilliams/video-game-perler-christmas-ornaments',
 'title': u'Video Game Perler Christmas Ornaments',
 'type': 1,
 'website': 1}
2015-10-26 16:29:45 [peewee] DEBUG: ('SELECT "t1"."id", "t1"."second_id", "t1"."title", "t1"."author", "t1"."project_url", "t1"."img_url", "t1"."location", "t1"."end", "t1"."pledged", "t1"."goal", "t1"."currency", "t1"."date_modified", "t1"."active", "t1"."website", "t1"."type", "t1"."category_id" FROM "app_project" AS t1 WHERE ("t1"."second_id" = %s) LIMIT 1', [u'atadbeastly'])
2015-10-26 16:29:46 [peewee] DEBUG: ('INSERT INTO "app_project" ("second_id", "title", "author", "project_url", "img_url", "location", "end", "pledged", "goal", "currency", "date_modified", "active", "website", "type", "category_id") VALUES (%s, %s, %s, %s, %s, %s, %s, %s, %s, %s, %s, %s, %s, %s, %s) RETURNING "id"', [u'atadbeastly', u'A TAD BEASTLY', u'Clinton Ogle', u'https://www.kickstarter.com/projects/atadbeastly/a-tad-beastly', u'https://ksr-ugc.imgix.net/projects/2152591/photo-original.jpg?v=1445765580&w=218&h=162&fit=crop&auto=format&q=92&s=314edee3101ca282d1680f3fec2663c1', u'Auckland, NZ', u'2015-11-24', 6000, 0, u'NZD', datetime.datetime(2015, 10, 26, 16, 29, 46, 642661), 1, 1, 1, 1])
2015-10-26 16:29:46 [scrapy] DEBUG: Scraped from <200 https://www.kickstarter.com/discover/categories/art?sort=newest>
{'author': u'Clinton Ogle',
 'category_id': 1,
 'currency': u'NZD',
 'end': u'2015-11-24',
 'id': u'atadbeastly',
 'img_url': u'https://ksr-ugc.imgix.net/projects/2152591/photo-original.jpg?v=1445765580&w=218&h=162&fit=crop&auto=format&q=92&s=314edee3101ca282d1680f3fec2663c1',
 'location': u'Auckland, NZ',
 'pledged': u'6000',
 'project_url': u'https://www.kickstarter.com/projects/atadbeastly/a-tad-beastly',
 'title': u'A TAD BEASTLY',
 'type': 1,
 'website': 1}
2015-10-26 16:29:46 [peewee] DEBUG: ('SELECT "t1"."id", "t1"."second_id", "t1"."title", "t1"."author", "t1"."project_url", "t1"."img_url", "t1"."location", "t1"."end", "t1"."pledged", "t1"."goal", "t1"."currency", "t1"."date_modified", "t1"."active", "t1"."website", "t1"."type", "t1"."category_id" FROM "app_project" AS t1 WHERE ("t1"."second_id" = %s) LIMIT 1', [u'80128555'])
2015-10-26 16:29:48 [peewee] DEBUG: ('INSERT INTO "app_project" ("second_id", "title", "author", "project_url", "img_url", "location", "end", "pledged", "goal", "currency", "date_modified", "active", "website", "type", "category_id") VALUES (%s, %s, %s, %s, %s, %s, %s, %s, %s, %s, %s, %s, %s, %s, %s) RETURNING "id"', [u'80128555', u'The New Immortals', u'Judith Alder', u'https://www.kickstarter.com/projects/80128555/the-new-immortals', u'https://ksr-ugc.imgix.net/projects/2094553/photo-original.jpg?v=1445169839&w=218&h=162&fit=crop&auto=format&q=92&s=740ccd0d1c44cf6848e1d4305f6ed70e', u'Brighton and Hove City, UK', u'2015-11-14', 145, 0, u'GBP', datetime.datetime(2015, 10, 26, 16, 29, 48, 86290), 1, 1, 1, 1])
2015-10-26 16:29:48 [scrapy] DEBUG: Scraped from <200 https://www.kickstarter.com/discover/categories/art?sort=newest>
{'author': u'Judith Alder',
 'category_id': 1,
 'currency': u'GBP',
 'end': u'2015-11-14',
 'id': u'80128555',
 'img_url': u'https://ksr-ugc.imgix.net/projects/2094553/photo-original.jpg?v=1445169839&w=218&h=162&fit=crop&auto=format&q=92&s=740ccd0d1c44cf6848e1d4305f6ed70e',
 'location': u'Brighton and Hove City, UK',
 'pledged': u'145',
 'project_url': u'https://www.kickstarter.com/projects/80128555/the-new-immortals',
 'title': u'The New Immortals',
 'type': 1,
 'website': 1}
2015-10-26 16:29:48 [peewee] DEBUG: ('SELECT "t1"."id", "t1"."second_id", "t1"."title", "t1"."author", "t1"."project_url", "t1"."img_url", "t1"."location", "t1"."end", "t1"."pledged", "t1"."goal", "t1"."currency", "t1"."date_modified", "t1"."active", "t1"."website", "t1"."type", "t1"."category_id" FROM "app_project" AS t1 WHERE ("t1"."second_id" = %s) LIMIT 1', [u'466916723'])
2015-10-26 16:29:49 [peewee] DEBUG: ('INSERT INTO "app_project" ("second_id", "title", "author", "project_url", "img_url", "location", "end", "pledged", "goal", "currency", "date_modified", "active", "website", "type", "category_id") VALUES (%s, %s, %s, %s, %s, %s, %s, %s, %s, %s, %s, %s, %s, %s, %s) RETURNING "id"', [u'466916723', u'Faux Fest: The greatest music festival you never went to', u'Squirm & Learn', u'https://www.kickstarter.com/projects/466916723/faux-fest-the-greatest-music-festival-you-never-we', u'https://ksr-ugc.imgix.net/projects/2012639/photo-original.jpg?v=1438904848&w=218&h=162&fit=crop&auto=format&q=92&s=173c8c4f6131703d4006ec757316b6f0', u'London, UK', u'2015-11-24', 2600, 0, u'GBP', datetime.datetime(2015, 10, 26, 16, 29, 49, 524528), 1, 1, 1, 1])
2015-10-26 16:29:49 [scrapy] DEBUG: Scraped from <200 https://www.kickstarter.com/discover/categories/art?sort=newest>
{'author': u'Squirm & Learn',
 'category_id': 1,
 'currency': u'GBP',
 'end': u'2015-11-24',
 'id': u'466916723',
 'img_url': u'https://ksr-ugc.imgix.net/projects/2012639/photo-original.jpg?v=1438904848&w=218&h=162&fit=crop&auto=format&q=92&s=173c8c4f6131703d4006ec757316b6f0',
 'location': u'London, UK',
 'pledged': u'2600',
 'project_url': u'https://www.kickstarter.com/projects/466916723/faux-fest-the-greatest-music-festival-you-never-we',
 'title': u'Faux Fest: The greatest music festival you never went to',
 'type': 1,
 'website': 1}
2015-10-26 16:29:49 [peewee] DEBUG: ('SELECT "t1"."id", "t1"."second_id", "t1"."title", "t1"."author", "t1"."project_url", "t1"."img_url", "t1"."location", "t1"."end", "t1"."pledged", "t1"."goal", "t1"."currency", "t1"."date_modified", "t1"."active", "t1"."website", "t1"."type", "t1"."category_id" FROM "app_project" AS t1 WHERE ("t1"."second_id" = %s) LIMIT 1', [u'1180939038'])
2015-10-26 16:29:51 [peewee] DEBUG: ('INSERT INTO "app_project" ("second_id", "title", "author", "project_url", "img_url", "location", "end", "pledged", "goal", "currency", "date_modified", "active", "website", "type", "category_id") VALUES (%s, %s, %s, %s, %s, %s, %s, %s, %s, %s, %s, %s, %s, %s, %s) RETURNING "id"', [u'1180939038', u'THE LEROY MIRANDA POP UP GALLERY PROJECT', u'Leroy Miranda Jr', u'https://www.kickstarter.com/projects/1180939038/the-leroy-miranda-pop-up-gallery-project', u'https://ksr-ugc.imgix.net/projects/1841062/photo-original.jpg?v=1443830242&w=218&h=162&fit=crop&auto=format&q=92&s=7f7f02c504619baec7e1770b9868c51c', u'New Orleans, LA', u'2015-12-24', 1000, 0, u'USD', datetime.datetime(2015, 10, 26, 16, 29, 51, 4976), 1, 1, 1, 1])
2015-10-26 16:29:51 [scrapy] DEBUG: Scraped from <200 https://www.kickstarter.com/discover/categories/art?sort=newest>
{'author': u'Leroy Miranda Jr',
 'category_id': 1,
 'currency': u'USD',
 'end': u'2015-12-24',
 'id': u'1180939038',
 'img_url': u'https://ksr-ugc.imgix.net/projects/1841062/photo-original.jpg?v=1443830242&w=218&h=162&fit=crop&auto=format&q=92&s=7f7f02c504619baec7e1770b9868c51c',
 'location': u'New Orleans, LA',
 'pledged': u'1000',
 'project_url': u'https://www.kickstarter.com/projects/1180939038/the-leroy-miranda-pop-up-gallery-project',
 'title': u'THE LEROY MIRANDA POP UP GALLERY PROJECT',
 'type': 1,
 'website': 1}
2015-10-26 16:29:51 [peewee] DEBUG: ('SELECT "t1"."id", "t1"."second_id", "t1"."title", "t1"."author", "t1"."project_url", "t1"."img_url", "t1"."location", "t1"."end", "t1"."pledged", "t1"."goal", "t1"."currency", "t1"."date_modified", "t1"."active", "t1"."website", "t1"."type", "t1"."category_id" FROM "app_project" AS t1 WHERE ("t1"."second_id" = %s) LIMIT 1', [u'158530140'])
2015-10-26 16:29:52 [peewee] DEBUG: ('INSERT INTO "app_project" ("second_id", "title", "author", "project_url", "img_url", "location", "end", "pledged", "goal", "currency", "date_modified", "active", "website", "type", "category_id") VALUES (%s, %s, %s, %s, %s, %s, %s, %s, %s, %s, %s, %s, %s, %s, %s) RETURNING "id"', [u'158530140', u'the Wren @ Windsong, an interactive bonsai studio...', u'Michelle Dougherty', u'https://www.kickstarter.com/projects/158530140/the-wren-windsong-an-interactive-bonsai-studio', u'https://ksr-ugc.imgix.net/projects/2137847/photo-original.jpg?v=1444960251&w=218&h=162&fit=crop&auto=format&q=92&s=0e2a16815b84252eda0e110158e1b804', u'Asheville, NC', u'2015-11-08', 0, 0, u'USD', datetime.datetime(2015, 10, 26, 16, 29, 52, 439451), 1, 1, 1, 1])
2015-10-26 16:29:52 [scrapy] DEBUG: Scraped from <200 https://www.kickstarter.com/discover/categories/art?sort=newest>
{'author': u'Michelle Dougherty',
 'category_id': 1,
 'currency': u'USD',
 'end': u'2015-11-08',
 'id': u'158530140',
 'img_url': u'https://ksr-ugc.imgix.net/projects/2137847/photo-original.jpg?v=1444960251&w=218&h=162&fit=crop&auto=format&q=92&s=0e2a16815b84252eda0e110158e1b804',
 'location': u'Asheville, NC',
 'pledged': u'000',
 'project_url': u'https://www.kickstarter.com/projects/158530140/the-wren-windsong-an-interactive-bonsai-studio',
 'title': u'the Wren @ Windsong, an interactive bonsai studio...',
 'type': 1,
 'website': 1}
2015-10-26 16:29:52 [peewee] DEBUG: ('SELECT "t1"."id", "t1"."second_id", "t1"."title", "t1"."author", "t1"."project_url", "t1"."img_url", "t1"."location", "t1"."end", "t1"."pledged", "t1"."goal", "t1"."currency", "t1"."date_modified", "t1"."active", "t1"."website", "t1"."type", "t1"."category_id" FROM "app_project" AS t1 WHERE ("t1"."second_id" = %s) LIMIT 1', [u'784949055'])
2015-10-26 16:29:53 [peewee] DEBUG: ('INSERT INTO "app_project" ("second_id", "title", "author", "project_url", "img_url", "location", "end", "pledged", "goal", "currency", "date_modified", "active", "website", "type", "category_id") VALUES (%s, %s, %s, %s, %s, %s, %s, %s, %s, %s, %s, %s, %s, %s, %s) RETURNING "id"', [u'784949055', u'Artwork for you', u'Matt Slusher', u'https://www.kickstarter.com/projects/784949055/artwork-or-you', u'https://ksr-ugc.imgix.net/projects/1223558/photo-original.jpg?v=1445456887&w=218&h=162&fit=crop&auto=format&q=92&s=6592d96e305851aadcba0103926dd032', u'Leesburg, VA', u'2015-11-13', 250, 0, u'USD', datetime.datetime(2015, 10, 26, 16, 29, 53, 869191), 1, 1, 1, 1])
2015-10-26 16:29:54 [scrapy] DEBUG: Scraped from <200 https://www.kickstarter.com/discover/categories/art?sort=newest>
{'author': u'Matt Slusher',
 'category_id': 1,
 'currency': u'USD',
 'end': u'2015-11-13',
 'id': u'784949055',
 'img_url': u'https://ksr-ugc.imgix.net/projects/1223558/photo-original.jpg?v=1445456887&w=218&h=162&fit=crop&auto=format&q=92&s=6592d96e305851aadcba0103926dd032',
 'location': u'Leesburg, VA',
 'pledged': u'250',
 'project_url': u'https://www.kickstarter.com/projects/784949055/artwork-or-you',
 'title': u'Artwork for you',
 'type': 1,
 'website': 1}
2015-10-26 16:29:54 [peewee] DEBUG: ('SELECT "t1"."id", "t1"."second_id", "t1"."title", "t1"."author", "t1"."project_url", "t1"."img_url", "t1"."location", "t1"."end", "t1"."pledged", "t1"."goal", "t1"."currency", "t1"."date_modified", "t1"."active", "t1"."website", "t1"."type", "t1"."category_id" FROM "app_project" AS t1 WHERE ("t1"."second_id" = %s) LIMIT 1', [u'frankforte'])
2015-10-26 16:29:55 [peewee] DEBUG: ('INSERT INTO "app_project" ("second_id", "title", "author", "project_url", "img_url", "location", "end", "pledged", "goal", "currency", "date_modified", "active", "website", "type", "category_id") VALUES (%s, %s, %s, %s, %s, %s, %s, %s, %s, %s, %s, %s, %s, %s, %s) RETURNING "id"', [u'frankforte', u'CARTOON Limited Edition Silk Screened Prints', u'Frank Forte', u'https://www.kickstarter.com/projects/frankforte/cartoon-limited-edition-silk-screened-prints', u'https://ksr-ugc.imgix.net/projects/2147970/photo-original.jpg?v=1445497820&w=218&h=162&fit=crop&auto=format&q=92&s=2fa5a836f72d6eae333d91f4f62771df', u'Los Angeles, CA', u'2015-11-30', 435, 0, u'USD', datetime.datetime(2015, 10, 26, 16, 29, 55, 321964), 1, 1, 1, 1])
2015-10-26 16:29:55 [scrapy] DEBUG: Scraped from <200 https://www.kickstarter.com/discover/categories/art?sort=newest>
{'author': u'Frank Forte',
 'category_id': 1,
 'currency': u'USD',
 'end': u'2015-11-30',
 'id': u'frankforte',
 'img_url': u'https://ksr-ugc.imgix.net/projects/2147970/photo-original.jpg?v=1445497820&w=218&h=162&fit=crop&auto=format&q=92&s=2fa5a836f72d6eae333d91f4f62771df',
 'location': u'Los Angeles, CA',
 'pledged': u'435',
 'project_url': u'https://www.kickstarter.com/projects/frankforte/cartoon-limited-edition-silk-screened-prints',
 'title': u'CARTOON Limited Edition Silk Screened Prints',
 'type': 1,
 'website': 1}
2015-10-26 16:29:55 [peewee] DEBUG: ('SELECT "t1"."id", "t1"."second_id", "t1"."title", "t1"."author", "t1"."project_url", "t1"."img_url", "t1"."location", "t1"."end", "t1"."pledged", "t1"."goal", "t1"."currency", "t1"."date_modified", "t1"."active", "t1"."website", "t1"."type", "t1"."category_id" FROM "app_project" AS t1 WHERE ("t1"."second_id" = %s) LIMIT 1', [u'1142346127'])
2015-10-26 16:29:56 [peewee] DEBUG: ('INSERT INTO "app_project" ("second_id", "title", "author", "project_url", "img_url", "location", "end", "pledged", "goal", "currency", "date_modified", "active", "website", "type", "category_id") VALUES (%s, %s, %s, %s, %s, %s, %s, %s, %s, %s, %s, %s, %s, %s, %s) RETURNING "id"', [u'1142346127', u'Periodic Table of Drugs', u'Jan Britz', u'https://www.kickstarter.com/projects/1142346127/periodic-table-of-drugs', u'https://ksr-ugc.imgix.net/projects/2151744/photo-original.jpg?v=1445708469&w=218&h=162&fit=crop&auto=format&q=92&s=f00b6d4d771a896a92a073f3bce5245d', u'Berlin, Germany', u'2015-11-23', 0, 0, u'EUR', datetime.datetime(2015, 10, 26, 16, 29, 56, 770526), 1, 1, 1, 1])
2015-10-26 16:29:57 [scrapy] DEBUG: Scraped from <200 https://www.kickstarter.com/discover/categories/art?sort=newest>
{'author': u'Jan Britz',
 'category_id': 1,
 'currency': u'EUR',
 'end': u'2015-11-23',
 'id': u'1142346127',
 'img_url': u'https://ksr-ugc.imgix.net/projects/2151744/photo-original.jpg?v=1445708469&w=218&h=162&fit=crop&auto=format&q=92&s=f00b6d4d771a896a92a073f3bce5245d',
 'location': u'Berlin, Germany',
 'pledged': u'000',
 'project_url': u'https://www.kickstarter.com/projects/1142346127/periodic-table-of-drugs',
 'title': u'Periodic Table of Drugs',
 'type': 1,
 'website': 1}
2015-10-26 16:29:57 [peewee] DEBUG: ('SELECT "t1"."id", "t1"."second_id", "t1"."title", "t1"."author", "t1"."project_url", "t1"."img_url", "t1"."location", "t1"."end", "t1"."pledged", "t1"."goal", "t1"."currency", "t1"."date_modified", "t1"."active", "t1"."website", "t1"."type", "t1"."category_id" FROM "app_project" AS t1 WHERE ("t1"."second_id" = %s) LIMIT 1', [u'823891284'])
2015-10-26 16:29:58 [peewee] DEBUG: ('INSERT INTO "app_project" ("second_id", "title", "author", "project_url", "img_url", "location", "end", "pledged", "goal", "currency", "date_modified", "active", "website", "type", "category_id") VALUES (%s, %s, %s, %s, %s, %s, %s, %s, %s, %s, %s, %s, %s, %s, %s) RETURNING "id"', [u'823891284', u'Restoration of a 1934 Packard 1108 -7 passenger classic Car', u'Gary Marchetti', u'https://www.kickstarter.com/projects/823891284/restoration-of-a-1934-packard-1108-7-passenger-cla', u'https://ksr-ugc.imgix.net/projects/2145640/photo-original.jpg?v=1445382462&w=218&h=162&fit=crop&auto=format&q=92&s=62f194d198c770a650a8d4aff6922396', u'Vista, CA', u'2015-12-23', 10000, 0, u'USD', datetime.datetime(2015, 10, 26, 16, 29, 58, 235929), 1, 1, 1, 1])
2015-10-26 16:29:58 [scrapy] DEBUG: Scraped from <200 https://www.kickstarter.com/discover/categories/art?sort=newest>
{'author': u'Gary Marchetti',
 'category_id': 1,
 'currency': u'USD',
 'end': u'2015-12-23',
 'id': u'823891284',
 'img_url': u'https://ksr-ugc.imgix.net/projects/2145640/photo-original.jpg?v=1445382462&w=218&h=162&fit=crop&auto=format&q=92&s=62f194d198c770a650a8d4aff6922396',
 'location': u'Vista, CA',
 'pledged': u'10000',
 'project_url': u'https://www.kickstarter.com/projects/823891284/restoration-of-a-1934-packard-1108-7-passenger-cla',
 'title': u'Restoration of a 1934 Packard 1108 -7 passenger classic Car',
 'type': 1,
 'website': 1}
2015-10-26 16:29:58 [peewee] DEBUG: ('SELECT "t1"."id", "t1"."second_id", "t1"."title", "t1"."author", "t1"."project_url", "t1"."img_url", "t1"."location", "t1"."end", "t1"."pledged", "t1"."goal", "t1"."currency", "t1"."date_modified", "t1"."active", "t1"."website", "t1"."type", "t1"."category_id" FROM "app_project" AS t1 WHERE ("t1"."second_id" = %s) LIMIT 1', [u'ebonypinkmakeup'])
2015-10-26 16:29:59 [peewee] DEBUG: ('INSERT INTO "app_project" ("second_id", "title", "author", "project_url", "img_url", "location", "end", "pledged", "goal", "currency", "date_modified", "active", "website", "type", "category_id") VALUES (%s, %s, %s, %s, %s, %s, %s, %s, %s, %s, %s, %s, %s, %s, %s) RETURNING "id"', [u'ebonypinkmakeup', u'EbonyPink Ltd - The Cosmetics Range', u'Clarissa Jordan', u'https://www.kickstarter.com/projects/ebonypinkmakeup/ebonypink-ltd-the-cosmetics-range', u'https://ksr-ugc.imgix.net/projects/2146403/photo-original.png?v=1445856919&w=218&h=162&fit=crop&auto=format&q=92&s=57200278b3152e66e685cb468cd77980', u'London, UK', u'2015-11-28', 0, 0, u'GBP', datetime.datetime(2015, 10, 26, 16, 29, 59, 691852), 1, 1, 1, 1])
2015-10-26 16:30:00 [scrapy] DEBUG: Scraped from <200 https://www.kickstarter.com/discover/categories/art?sort=newest>
{'author': u'Clarissa Jordan',
 'category_id': 1,
 'currency': u'GBP',
 'end': u'2015-11-28',
 'id': u'ebonypinkmakeup',
 'img_url': u'https://ksr-ugc.imgix.net/projects/2146403/photo-original.png?v=1445856919&w=218&h=162&fit=crop&auto=format&q=92&s=57200278b3152e66e685cb468cd77980',
 'location': u'London, UK',
 'pledged': u'000',
 'project_url': u'https://www.kickstarter.com/projects/ebonypinkmakeup/ebonypink-ltd-the-cosmetics-range',
 'title': u'EbonyPink Ltd - The Cosmetics Range',
 'type': 1,
 'website': 1}
2015-10-26 16:30:00 [peewee] DEBUG: ('SELECT "t1"."id", "t1"."second_id", "t1"."title", "t1"."author", "t1"."project_url", "t1"."img_url", "t1"."location", "t1"."end", "t1"."pledged", "t1"."goal", "t1"."currency", "t1"."date_modified", "t1"."active", "t1"."website", "t1"."type", "t1"."category_id" FROM "app_project" AS t1 WHERE ("t1"."second_id" = %s) LIMIT 1', [u'kevinjamesshay'])
2015-10-26 16:30:01 [peewee] DEBUG: ('INSERT INTO "app_project" ("second_id", "title", "author", "project_url", "img_url", "location", "end", "pledged", "goal", "currency", "date_modified", "active", "website", "type", "category_id") VALUES (%s, %s, %s, %s, %s, %s, %s, %s, %s, %s, %s, %s, %s, %s, %s) RETURNING "id"', [u'kevinjamesshay', u"Let's Stop Trashing the World", u'Kevin James Shay', u'https://www.kickstarter.com/projects/kevinjamesshay/lets-stop-trashing-the-world', u'https://ksr-ugc.imgix.net/projects/2148829/photo-original.jpg?v=1445545304&w=218&h=162&fit=crop&auto=format&q=92&s=bdd1454bdeec46c35bf40be9d71c9287', u'Damascus, MD', u'2015-11-23', 2500, 0, u'USD', datetime.datetime(2015, 10, 26, 16, 30, 1, 116213), 1, 1, 1, 1])
2015-10-26 16:30:01 [scrapy] DEBUG: Scraped from <200 https://www.kickstarter.com/discover/categories/art?sort=newest>
{'author': u'Kevin James Shay',
 'category_id': 1,
 'currency': u'USD',
 'end': u'2015-11-23',
 'id': u'kevinjamesshay',
 'img_url': u'https://ksr-ugc.imgix.net/projects/2148829/photo-original.jpg?v=1445545304&w=218&h=162&fit=crop&auto=format&q=92&s=bdd1454bdeec46c35bf40be9d71c9287',
 'location': u'Damascus, MD',
 'pledged': u'2500',
 'project_url': u'https://www.kickstarter.com/projects/kevinjamesshay/lets-stop-trashing-the-world',
 'title': u"Let's Stop Trashing the World",
 'type': 1,
 'website': 1}
2015-10-26 16:30:01 [peewee] DEBUG: ('SELECT "t1"."id", "t1"."second_id", "t1"."title", "t1"."author", "t1"."project_url", "t1"."img_url", "t1"."location", "t1"."end", "t1"."pledged", "t1"."goal", "t1"."currency", "t1"."date_modified", "t1"."active", "t1"."website", "t1"."type", "t1"."category_id" FROM "app_project" AS t1 WHERE ("t1"."second_id" = %s) LIMIT 1', [u'79774768'])
2015-10-26 16:30:02 [peewee] DEBUG: ('INSERT INTO "app_project" ("second_id", "title", "author", "project_url", "img_url", "location", "end", "pledged", "goal", "currency", "date_modified", "active", "website", "type", "category_id") VALUES (%s, %s, %s, %s, %s, %s, %s, %s, %s, %s, %s, %s, %s, %s, %s) RETURNING "id"', [u'79774768', u'Autumn Ink Tattoo & Piercing shop and art gallery', u'Wolfgang Robinson', u'https://www.kickstarter.com/projects/79774768/autumn-ink-tattoo-and-piercing-shop-and-art-galler', u'https://ksr-ugc.imgix.net/projects/1408778/photo-original.jpg?v=1441659543&w=218&h=162&fit=crop&auto=format&q=92&s=eb1b47baa00d2b583e6cbd6203b2a008', u'Rancho Cordova, CA', u'2015-11-22', 500, 0, u'USD', datetime.datetime(2015, 10, 26, 16, 30, 2, 559004), 1, 1, 1, 1])
2015-10-26 16:30:02 [scrapy] DEBUG: Scraped from <200 https://www.kickstarter.com/discover/categories/art?sort=newest>
{'author': u'Wolfgang Robinson',
 'category_id': 1,
 'currency': u'USD',
 'end': u'2015-11-22',
 'id': u'79774768',
 'img_url': u'https://ksr-ugc.imgix.net/projects/1408778/photo-original.jpg?v=1441659543&w=218&h=162&fit=crop&auto=format&q=92&s=eb1b47baa00d2b583e6cbd6203b2a008',
 'location': u'Rancho Cordova, CA',
 'pledged': u'500',
 'project_url': u'https://www.kickstarter.com/projects/79774768/autumn-ink-tattoo-and-piercing-shop-and-art-galler',
 'title': u'Autumn Ink Tattoo & Piercing shop and art gallery',
 'type': 1,
 'website': 1}
2015-10-26 16:30:02 [peewee] DEBUG: ('SELECT "t1"."id", "t1"."second_id", "t1"."title", "t1"."author", "t1"."project_url", "t1"."img_url", "t1"."location", "t1"."end", "t1"."pledged", "t1"."goal", "t1"."currency", "t1"."date_modified", "t1"."active", "t1"."website", "t1"."type", "t1"."category_id" FROM "app_project" AS t1 WHERE ("t1"."second_id" = %s) LIMIT 1', [u'497680493'])
2015-10-26 16:30:03 [peewee] DEBUG: ('INSERT INTO "app_project" ("second_id", "title", "author", "project_url", "img_url", "location", "end", "pledged", "goal", "currency", "date_modified", "active", "website", "type", "category_id") VALUES (%s, %s, %s, %s, %s, %s, %s, %s, %s, %s, %s, %s, %s, %s, %s) RETURNING "id"', [u'497680493', u'Buffalo Niagara Hall of Fame', u'Buffalo Niagara Hall of Fame', u'https://www.kickstarter.com/projects/497680493/buffalo-niagara-hall-of-fame', u'https://ksr-ugc.imgix.net/projects/2096937/photo-original.jpg?v=1445350664&w=218&h=162&fit=crop&auto=format&q=92&s=a09fdc7fa90c2a43dfa0d45713cb7853', u'Buffalo, NY', u'2015-12-22', 725, 0, u'USD', datetime.datetime(2015, 10, 26, 16, 30, 3, 994697), 1, 1, 1, 1])
2015-10-26 16:30:04 [scrapy] DEBUG: Scraped from <200 https://www.kickstarter.com/discover/categories/art?sort=newest>
{'author': u'Buffalo Niagara Hall of Fame',
 'category_id': 1,
 'currency': u'USD',
 'end': u'2015-12-22',
 'id': u'497680493',
 'img_url': u'https://ksr-ugc.imgix.net/projects/2096937/photo-original.jpg?v=1445350664&w=218&h=162&fit=crop&auto=format&q=92&s=a09fdc7fa90c2a43dfa0d45713cb7853',
 'location': u'Buffalo, NY',
 'pledged': u'725',
 'project_url': u'https://www.kickstarter.com/projects/497680493/buffalo-niagara-hall-of-fame',
 'title': u'Buffalo Niagara Hall of Fame',
 'type': 1,
 'website': 1}
2015-10-26 16:30:04 [scrapy] INFO: Closing spider (finished)
2015-10-26 16:30:04 [scrapy] INFO: Stored jsonlines feed (20 items) in: file:///Users/marko/PythonProjects/cfservis/items/cfservis/kickstarter_getter/57e048bd7bf611e5ac627831c1c9baf0.jl
2015-10-26 16:30:04 [scrapy] INFO: Dumping Scrapy stats:
{'downloader/request_bytes': 252,
 'downloader/request_count': 1,
 'downloader/request_method_count/GET': 1,
 'downloader/response_bytes': 81880,
 'downloader/response_count': 1,
 'downloader/response_status_count/200': 1,
 'finish_reason': 'finished',
 'finish_time': datetime.datetime(2015, 10, 26, 15, 30, 4, 362972),
 'item_scraped_count': 20,
 'log_count/DEBUG': 62,
 'log_count/INFO': 8,
 'response_received_count': 1,
 'scheduler/dequeued': 1,
 'scheduler/dequeued/memory': 1,
 'scheduler/enqueued': 1,
 'scheduler/enqueued/memory': 1,
 'start_time': datetime.datetime(2015, 10, 26, 15, 29, 30, 747353)}
2015-10-26 16:30:04 [scrapy] INFO: Spider closed (finished)
