2015-10-23 10:31:23 [scrapy] INFO: Scrapy 1.0.3 started (bot: cfservis)
2015-10-23 10:31:23 [scrapy] INFO: Optional features available: ssl, http11
2015-10-23 10:31:23 [scrapy] INFO: Overridden settings: {'NEWSPIDER_MODULE': 'cfservis.spiders', 'SPIDER_MODULES': ['cfservis.spiders'], 'FEED_URI': 'file:///Users/marko/PythonProjects/cfservis/items/cfservis/kickstarter_getter/702fa842796011e5a4737831c1c9baf0.jl', 'LOG_FILE': 'logs/cfservis/kickstarter_getter/702fa842796011e5a4737831c1c9baf0.log', 'BOT_NAME': 'cfservis'}
2015-10-23 10:31:23 [scrapy] INFO: Enabled extensions: CloseSpider, FeedExporter, TelnetConsole, LogStats, CoreStats, SpiderState
2015-10-23 10:31:23 [scrapy] INFO: Enabled downloader middlewares: HttpAuthMiddleware, DownloadTimeoutMiddleware, UserAgentMiddleware, RetryMiddleware, DefaultHeadersMiddleware, MetaRefreshMiddleware, HttpCompressionMiddleware, RedirectMiddleware, CookiesMiddleware, ChunkedTransferMiddleware, DownloaderStats
2015-10-23 10:31:23 [scrapy] INFO: Enabled spider middlewares: HttpErrorMiddleware, OffsiteMiddleware, RefererMiddleware, UrlLengthMiddleware, DepthMiddleware
2015-10-23 10:31:23 [scrapy] INFO: Enabled item pipelines: MySQLStorePipeline
2015-10-23 10:31:23 [scrapy] INFO: Spider opened
2015-10-23 10:31:23 [scrapy] INFO: Crawled 0 pages (at 0 pages/min), scraped 0 items (at 0 items/min)
2015-10-23 10:31:23 [scrapy] DEBUG: Telnet console listening on 127.0.0.1:6024
2015-10-23 10:31:24 [scrapy] DEBUG: Crawled (200) <GET https://www.kickstarter.com/discover/categories/technology?sort=newest> (referer: None)
2015-10-23 10:31:24 [peewee] DEBUG: ('SELECT `t1`.`id`, `t1`.`second_id`, `t1`.`title`, `t1`.`author`, `t1`.`project_url`, `t1`.`img_url`, `t1`.`location`, `t1`.`end`, `t1`.`pledged`, `t1`.`goal`, `t1`.`currency`, `t1`.`date_modified`, `t1`.`active`, `t1`.`website`, `t1`.`type`, `t1`.`category_id` FROM `app_project` AS t1 WHERE (`t1`.`second_id` = %s) LIMIT 1', [u'1465755961'])
2015-10-23 10:31:24 [peewee] DEBUG: ('INSERT INTO `app_project` (`second_id`, `title`, `author`, `project_url`, `img_url`, `location`, `end`, `pledged`, `goal`, `currency`, `date_modified`, `active`, `website`, `type`, `category_id`) VALUES (%s, %s, %s, %s, %s, %s, %s, %s, %s, %s, %s, %s, %s, %s, %s)', [u'1465755961', u'waste water energy', u'Urs Studer Rabtherm AG', u'https://www.kickstarter.com/projects/1465755961/waste-water-energy', u'https://ksr-ugc.imgix.net/projects/2139979/photo-original.png?v=1445247468&w=218&h=162&fit=crop&auto=format&q=92&s=b4594d8c4aece2340c9a693fc2706c1f', u'Zurich, Switzerland', u'2015-11-22', 0, 0, u'CHF', datetime.datetime(2015, 10, 23, 10, 31, 24, 565825), 1, 1, 1, 11])
2015-10-23 10:31:24 [scrapy] DEBUG: Scraped from <200 https://www.kickstarter.com/discover/categories/technology?sort=newest>
{'author': u'Urs Studer Rabtherm AG',
 'category_id': 11,
 'currency': u'CHF',
 'end': u'2015-11-22',
 'id': u'1465755961',
 'img_url': u'https://ksr-ugc.imgix.net/projects/2139979/photo-original.png?v=1445247468&w=218&h=162&fit=crop&auto=format&q=92&s=b4594d8c4aece2340c9a693fc2706c1f',
 'location': u'Zurich, Switzerland',
 'pledged': u'000',
 'project_url': u'https://www.kickstarter.com/projects/1465755961/waste-water-energy',
 'title': u'waste water energy',
 'type': 1,
 'website': 1}
2015-10-23 10:31:24 [peewee] DEBUG: ('SELECT `t1`.`id`, `t1`.`second_id`, `t1`.`title`, `t1`.`author`, `t1`.`project_url`, `t1`.`img_url`, `t1`.`location`, `t1`.`end`, `t1`.`pledged`, `t1`.`goal`, `t1`.`currency`, `t1`.`date_modified`, `t1`.`active`, `t1`.`website`, `t1`.`type`, `t1`.`category_id` FROM `app_project` AS t1 WHERE (`t1`.`second_id` = %s) LIMIT 1', [u'1883233288'])
2015-10-23 10:31:24 [peewee] DEBUG: ('INSERT INTO `app_project` (`second_id`, `title`, `author`, `project_url`, `img_url`, `location`, `end`, `pledged`, `goal`, `currency`, `date_modified`, `active`, `website`, `type`, `category_id`) VALUES (%s, %s, %s, %s, %s, %s, %s, %s, %s, %s, %s, %s, %s, %s, %s)', [u'1883233288', u'UsefulStatus - social network in moment in time', u'Andris Smits', u'https://www.kickstarter.com/projects/1883233288/usefulstatus-social-network-in-moment-in-time', u'https://ksr-ugc.imgix.net/projects/2146201/photo-original.jpg?v=1445505370&w=218&h=162&fit=crop&auto=format&q=92&s=0cbc1bb32bff631b3bc45a7342f48972', u'London, UK', u'2015-11-22', 0, 0, u'GBP', datetime.datetime(2015, 10, 23, 10, 31, 24, 573330), 1, 1, 1, 11])
2015-10-23 10:31:24 [scrapy] DEBUG: Scraped from <200 https://www.kickstarter.com/discover/categories/technology?sort=newest>
{'author': u'Andris Smits',
 'category_id': 11,
 'currency': u'GBP',
 'end': u'2015-11-22',
 'id': u'1883233288',
 'img_url': u'https://ksr-ugc.imgix.net/projects/2146201/photo-original.jpg?v=1445505370&w=218&h=162&fit=crop&auto=format&q=92&s=0cbc1bb32bff631b3bc45a7342f48972',
 'location': u'London, UK',
 'pledged': u'000',
 'project_url': u'https://www.kickstarter.com/projects/1883233288/usefulstatus-social-network-in-moment-in-time',
 'title': u'UsefulStatus - social network in moment in time',
 'type': 1,
 'website': 1}
2015-10-23 10:31:24 [peewee] DEBUG: ('SELECT `t1`.`id`, `t1`.`second_id`, `t1`.`title`, `t1`.`author`, `t1`.`project_url`, `t1`.`img_url`, `t1`.`location`, `t1`.`end`, `t1`.`pledged`, `t1`.`goal`, `t1`.`currency`, `t1`.`date_modified`, `t1`.`active`, `t1`.`website`, `t1`.`type`, `t1`.`category_id` FROM `app_project` AS t1 WHERE (`t1`.`second_id` = %s) LIMIT 1', [u'prasadpillai'])
2015-10-23 10:31:24 [peewee] DEBUG: ('INSERT INTO `app_project` (`second_id`, `title`, `author`, `project_url`, `img_url`, `location`, `end`, `pledged`, `goal`, `currency`, `date_modified`, `active`, `website`, `type`, `category_id`) VALUES (%s, %s, %s, %s, %s, %s, %s, %s, %s, %s, %s, %s, %s, %s, %s)', [u'prasadpillai', u"Raksha SafeDrive - India's first Smart Road Safety Platform", u'Prasad Pillai', u'https://www.kickstarter.com/projects/prasadpillai/raksha-safedrive-indias-first-smart-road-safety-pl', u'https://ksr-ugc.imgix.net/projects/2074933/photo-original.png?v=1444919538&w=218&h=162&fit=crop&auto=format&q=92&s=3a2a92727840f13dbe8a6592882f3c2b', u'Seattle, WA', u'2015-12-07', 0, 0, u'USD', datetime.datetime(2015, 10, 23, 10, 31, 24, 580195), 1, 1, 1, 11])
2015-10-23 10:31:24 [scrapy] DEBUG: Scraped from <200 https://www.kickstarter.com/discover/categories/technology?sort=newest>
{'author': u'Prasad Pillai',
 'category_id': 11,
 'currency': u'USD',
 'end': u'2015-12-07',
 'id': u'prasadpillai',
 'img_url': u'https://ksr-ugc.imgix.net/projects/2074933/photo-original.png?v=1444919538&w=218&h=162&fit=crop&auto=format&q=92&s=3a2a92727840f13dbe8a6592882f3c2b',
 'location': u'Seattle, WA',
 'pledged': u'000',
 'project_url': u'https://www.kickstarter.com/projects/prasadpillai/raksha-safedrive-indias-first-smart-road-safety-pl',
 'title': u"Raksha SafeDrive - India's first Smart Road Safety Platform",
 'type': 1,
 'website': 1}
2015-10-23 10:31:24 [peewee] DEBUG: ('SELECT `t1`.`id`, `t1`.`second_id`, `t1`.`title`, `t1`.`author`, `t1`.`project_url`, `t1`.`img_url`, `t1`.`location`, `t1`.`end`, `t1`.`pledged`, `t1`.`goal`, `t1`.`currency`, `t1`.`date_modified`, `t1`.`active`, `t1`.`website`, `t1`.`type`, `t1`.`category_id` FROM `app_project` AS t1 WHERE (`t1`.`second_id` = %s) LIMIT 1', [u'1428793446'])
2015-10-23 10:31:24 [peewee] DEBUG: ('INSERT INTO `app_project` (`second_id`, `title`, `author`, `project_url`, `img_url`, `location`, `end`, `pledged`, `goal`, `currency`, `date_modified`, `active`, `website`, `type`, `category_id`) VALUES (%s, %s, %s, %s, %s, %s, %s, %s, %s, %s, %s, %s, %s, %s, %s)', [u'1428793446', u'Maker Wallet : An RFID wallet for designers and 3D printers', u'Maker', u'https://www.kickstarter.com/projects/1428793446/maker-wallet-an-rfid-wallet-for-designers-and-3d-p', u'https://ksr-ugc.imgix.net/projects/2101779/photo-original.jpg?v=1443148259&w=218&h=162&fit=crop&auto=format&q=92&s=b94712624167ce190cd63ed230c3f068', u'Brisbane, AU', u'2015-11-22', 9600, 0, u'AUD', datetime.datetime(2015, 10, 23, 10, 31, 24, 588313), 1, 1, 1, 11])
2015-10-23 10:31:24 [scrapy] DEBUG: Scraped from <200 https://www.kickstarter.com/discover/categories/technology?sort=newest>
{'author': u'Maker',
 'category_id': 11,
 'currency': u'AUD',
 'end': u'2015-11-22',
 'id': u'1428793446',
 'img_url': u'https://ksr-ugc.imgix.net/projects/2101779/photo-original.jpg?v=1443148259&w=218&h=162&fit=crop&auto=format&q=92&s=b94712624167ce190cd63ed230c3f068',
 'location': u'Brisbane, AU',
 'pledged': u'9600',
 'project_url': u'https://www.kickstarter.com/projects/1428793446/maker-wallet-an-rfid-wallet-for-designers-and-3d-p',
 'title': u'Maker Wallet : An RFID wallet for designers and 3D printers',
 'type': 1,
 'website': 1}
2015-10-23 10:31:24 [peewee] DEBUG: ('SELECT `t1`.`id`, `t1`.`second_id`, `t1`.`title`, `t1`.`author`, `t1`.`project_url`, `t1`.`img_url`, `t1`.`location`, `t1`.`end`, `t1`.`pledged`, `t1`.`goal`, `t1`.`currency`, `t1`.`date_modified`, `t1`.`active`, `t1`.`website`, `t1`.`type`, `t1`.`category_id` FROM `app_project` AS t1 WHERE (`t1`.`second_id` = %s) LIMIT 1', [u'582239728'])
2015-10-23 10:31:24 [peewee] DEBUG: ('INSERT INTO `app_project` (`second_id`, `title`, `author`, `project_url`, `img_url`, `location`, `end`, `pledged`, `goal`, `currency`, `date_modified`, `active`, `website`, `type`, `category_id`) VALUES (%s, %s, %s, %s, %s, %s, %s, %s, %s, %s, %s, %s, %s, %s, %s)', [u'582239728', u'Gratis Online Kassensystem (Office1440)', u'Lukas', u'https://www.kickstarter.com/projects/582239728/gratis-online-kassensystem-office1440', u'https://ksr-ugc.imgix.net/projects/2146111/photo-original.png?v=1445407910&w=218&h=162&fit=crop&auto=format&q=92&s=ab0ad20dc1cfa997e76c2f35f4c1c0f8', u'Basel, Switzerland', u'2015-12-22', 500, 0, u'CHF', datetime.datetime(2015, 10, 23, 10, 31, 24, 595470), 1, 1, 1, 11])
2015-10-23 10:31:24 [scrapy] DEBUG: Scraped from <200 https://www.kickstarter.com/discover/categories/technology?sort=newest>
{'author': u'Lukas',
 'category_id': 11,
 'currency': u'CHF',
 'end': u'2015-12-22',
 'id': u'582239728',
 'img_url': u'https://ksr-ugc.imgix.net/projects/2146111/photo-original.png?v=1445407910&w=218&h=162&fit=crop&auto=format&q=92&s=ab0ad20dc1cfa997e76c2f35f4c1c0f8',
 'location': u'Basel, Switzerland',
 'pledged': u'500',
 'project_url': u'https://www.kickstarter.com/projects/582239728/gratis-online-kassensystem-office1440',
 'title': u'Gratis Online Kassensystem (Office1440)',
 'type': 1,
 'website': 1}
2015-10-23 10:31:24 [peewee] DEBUG: ('SELECT `t1`.`id`, `t1`.`second_id`, `t1`.`title`, `t1`.`author`, `t1`.`project_url`, `t1`.`img_url`, `t1`.`location`, `t1`.`end`, `t1`.`pledged`, `t1`.`goal`, `t1`.`currency`, `t1`.`date_modified`, `t1`.`active`, `t1`.`website`, `t1`.`type`, `t1`.`category_id` FROM `app_project` AS t1 WHERE (`t1`.`second_id` = %s) LIMIT 1', [u'1262004239'])
2015-10-23 10:31:24 [peewee] DEBUG: ('INSERT INTO `app_project` (`second_id`, `title`, `author`, `project_url`, `img_url`, `location`, `end`, `pledged`, `goal`, `currency`, `date_modified`, `active`, `website`, `type`, `category_id`) VALUES (%s, %s, %s, %s, %s, %s, %s, %s, %s, %s, %s, %s, %s, %s, %s)', [u'1262004239', u'Motorized Barstool Stakebed', u'Oscar Martinez', u'https://www.kickstarter.com/projects/1262004239/motorized-barstool-stakebed', u'https://ksr-ugc.imgix.net/projects/2134848/photo-original.jpg?v=1444865981&w=218&h=162&fit=crop&auto=format&q=92&s=3fa6a52776684d45c0fa5226740667f7', u'El Paso, TX', u'2015-12-21', 0, 0, u'USD', datetime.datetime(2015, 10, 23, 10, 31, 24, 602331), 1, 1, 1, 11])
2015-10-23 10:31:24 [scrapy] DEBUG: Scraped from <200 https://www.kickstarter.com/discover/categories/technology?sort=newest>
{'author': u'Oscar Martinez',
 'category_id': 11,
 'currency': u'USD',
 'end': u'2015-12-21',
 'id': u'1262004239',
 'img_url': u'https://ksr-ugc.imgix.net/projects/2134848/photo-original.jpg?v=1444865981&w=218&h=162&fit=crop&auto=format&q=92&s=3fa6a52776684d45c0fa5226740667f7',
 'location': u'El Paso, TX',
 'pledged': u'000',
 'project_url': u'https://www.kickstarter.com/projects/1262004239/motorized-barstool-stakebed',
 'title': u'Motorized Barstool Stakebed',
 'type': 1,
 'website': 1}
2015-10-23 10:31:24 [peewee] DEBUG: ('SELECT `t1`.`id`, `t1`.`second_id`, `t1`.`title`, `t1`.`author`, `t1`.`project_url`, `t1`.`img_url`, `t1`.`location`, `t1`.`end`, `t1`.`pledged`, `t1`.`goal`, `t1`.`currency`, `t1`.`date_modified`, `t1`.`active`, `t1`.`website`, `t1`.`type`, `t1`.`category_id` FROM `app_project` AS t1 WHERE (`t1`.`second_id` = %s) LIMIT 1', [u'137596013'])
2015-10-23 10:31:24 [peewee] DEBUG: ('INSERT INTO `app_project` (`second_id`, `title`, `author`, `project_url`, `img_url`, `location`, `end`, `pledged`, `goal`, `currency`, `date_modified`, `active`, `website`, `type`, `category_id`) VALUES (%s, %s, %s, %s, %s, %s, %s, %s, %s, %s, %s, %s, %s, %s, %s)', [u'137596013', u'PhoneDrone Ethos - A whole new dimension for your smartphone', u'xCraft', u'https://www.kickstarter.com/projects/137596013/phonedrone-ethos-a-whole-new-dimension-for-your-sm', u'https://ksr-ugc.imgix.net/projects/2143665/photo-original.jpg?v=1445324506&w=218&h=162&fit=crop&auto=format&q=92&s=0f0c8c7b837e0df7d2720e49a067887e', u'Sandpoint, ID', u'2015-11-30', 29847, 0, u'USD', datetime.datetime(2015, 10, 23, 10, 31, 24, 609599), 1, 1, 1, 11])
2015-10-23 10:31:24 [scrapy] DEBUG: Scraped from <200 https://www.kickstarter.com/discover/categories/technology?sort=newest>
{'author': u'xCraft',
 'category_id': 11,
 'currency': u'USD',
 'end': u'2015-11-30',
 'id': u'137596013',
 'img_url': u'https://ksr-ugc.imgix.net/projects/2143665/photo-original.jpg?v=1445324506&w=218&h=162&fit=crop&auto=format&q=92&s=0f0c8c7b837e0df7d2720e49a067887e',
 'location': u'Sandpoint, ID',
 'pledged': u'29847',
 'project_url': u'https://www.kickstarter.com/projects/137596013/phonedrone-ethos-a-whole-new-dimension-for-your-sm',
 'title': u'PhoneDrone Ethos - A whole new dimension for your smartphone',
 'type': 1,
 'website': 1}
2015-10-23 10:31:24 [peewee] DEBUG: ('SELECT `t1`.`id`, `t1`.`second_id`, `t1`.`title`, `t1`.`author`, `t1`.`project_url`, `t1`.`img_url`, `t1`.`location`, `t1`.`end`, `t1`.`pledged`, `t1`.`goal`, `t1`.`currency`, `t1`.`date_modified`, `t1`.`active`, `t1`.`website`, `t1`.`type`, `t1`.`category_id` FROM `app_project` AS t1 WHERE (`t1`.`second_id` = %s) LIMIT 1', [u'428596285'])
2015-10-23 10:31:24 [peewee] DEBUG: ('INSERT INTO `app_project` (`second_id`, `title`, `author`, `project_url`, `img_url`, `location`, `end`, `pledged`, `goal`, `currency`, `date_modified`, `active`, `website`, `type`, `category_id`) VALUES (%s, %s, %s, %s, %s, %s, %s, %s, %s, %s, %s, %s, %s, %s, %s)', [u'428596285', u'No Guardian Left Behind', u'Elliott Quick', u'https://www.kickstarter.com/projects/428596285/no-guardian-left-behind', u'https://ksr-ugc.imgix.net/projects/2143406/photo-original.jpg?v=1445280655&w=218&h=162&fit=crop&auto=format&q=92&s=c1bc9a0fc9ba545c3f7a78ada215a13d', u'Grand Rapids, MI', u'2015-11-21', 0, 0, u'USD', datetime.datetime(2015, 10, 23, 10, 31, 24, 616484), 1, 1, 1, 11])
2015-10-23 10:31:24 [scrapy] DEBUG: Scraped from <200 https://www.kickstarter.com/discover/categories/technology?sort=newest>
{'author': u'Elliott Quick',
 'category_id': 11,
 'currency': u'USD',
 'end': u'2015-11-21',
 'id': u'428596285',
 'img_url': u'https://ksr-ugc.imgix.net/projects/2143406/photo-original.jpg?v=1445280655&w=218&h=162&fit=crop&auto=format&q=92&s=c1bc9a0fc9ba545c3f7a78ada215a13d',
 'location': u'Grand Rapids, MI',
 'pledged': u'000',
 'project_url': u'https://www.kickstarter.com/projects/428596285/no-guardian-left-behind',
 'title': u'No Guardian Left Behind',
 'type': 1,
 'website': 1}
2015-10-23 10:31:24 [peewee] DEBUG: ('SELECT `t1`.`id`, `t1`.`second_id`, `t1`.`title`, `t1`.`author`, `t1`.`project_url`, `t1`.`img_url`, `t1`.`location`, `t1`.`end`, `t1`.`pledged`, `t1`.`goal`, `t1`.`currency`, `t1`.`date_modified`, `t1`.`active`, `t1`.`website`, `t1`.`type`, `t1`.`category_id` FROM `app_project` AS t1 WHERE (`t1`.`second_id` = %s) LIMIT 1', [u'988151236'])
2015-10-23 10:31:24 [peewee] DEBUG: ('INSERT INTO `app_project` (`second_id`, `title`, `author`, `project_url`, `img_url`, `location`, `end`, `pledged`, `goal`, `currency`, `date_modified`, `active`, `website`, `type`, `category_id`) VALUES (%s, %s, %s, %s, %s, %s, %s, %s, %s, %s, %s, %s, %s, %s, %s)', [u'988151236', u'SocialPanda', u'Gilberto Ibarra', u'https://www.kickstarter.com/projects/988151236/socialpanda', u'https://ksr-ugc.imgix.net/projects/2084702/photo-original.png?v=1442355131&w=218&h=162&fit=crop&auto=format&q=92&s=d18dbe14811585a9245e114e2de2bfbc', u'Miami, FL', u'2015-11-21', 0, 0, u'USD', datetime.datetime(2015, 10, 23, 10, 31, 24, 623694), 1, 1, 1, 11])
2015-10-23 10:31:24 [scrapy] DEBUG: Scraped from <200 https://www.kickstarter.com/discover/categories/technology?sort=newest>
{'author': u'Gilberto Ibarra',
 'category_id': 11,
 'currency': u'USD',
 'end': u'2015-11-21',
 'id': u'988151236',
 'img_url': u'https://ksr-ugc.imgix.net/projects/2084702/photo-original.png?v=1442355131&w=218&h=162&fit=crop&auto=format&q=92&s=d18dbe14811585a9245e114e2de2bfbc',
 'location': u'Miami, FL',
 'pledged': u'000',
 'project_url': u'https://www.kickstarter.com/projects/988151236/socialpanda',
 'title': u'SocialPanda',
 'type': 1,
 'website': 1}
2015-10-23 10:31:24 [peewee] DEBUG: ('SELECT `t1`.`id`, `t1`.`second_id`, `t1`.`title`, `t1`.`author`, `t1`.`project_url`, `t1`.`img_url`, `t1`.`location`, `t1`.`end`, `t1`.`pledged`, `t1`.`goal`, `t1`.`currency`, `t1`.`date_modified`, `t1`.`active`, `t1`.`website`, `t1`.`type`, `t1`.`category_id` FROM `app_project` AS t1 WHERE (`t1`.`second_id` = %s) LIMIT 1', [u'fractalgear'])
2015-10-23 10:31:24 [peewee] DEBUG: ('INSERT INTO `app_project` (`second_id`, `title`, `author`, `project_url`, `img_url`, `location`, `end`, `pledged`, `goal`, `currency`, `date_modified`, `active`, `website`, `type`, `category_id`) VALUES (%s, %s, %s, %s, %s, %s, %s, %s, %s, %s, %s, %s, %s, %s, %s)', [u'fractalgear', u'Fractal Gears - A Revolutionary Idea', u'Formatics Manufacturing Inc.', u'https://www.kickstarter.com/projects/fractalgears/fractal-gears-a-revolutionary-idea', u'https://ksr-ugc.imgix.net/projects/2142775/photo-original.jpg?v=1445474964&w=218&h=162&fit=crop&auto=format&q=92&s=2f8df8e0d707c3f02d4994f4d278bebc', u'Minneapolis, MN', u'2015-12-21', 0, 0, u'USD', datetime.datetime(2015, 10, 23, 10, 31, 24, 630792), 1, 1, 1, 11])
2015-10-23 10:31:24 [scrapy] DEBUG: Scraped from <200 https://www.kickstarter.com/discover/categories/technology?sort=newest>
{'author': u'Formatics Manufacturing Inc.',
 'category_id': 11,
 'currency': u'USD',
 'end': u'2015-12-21',
 'id': u'fractalgear',
 'img_url': u'https://ksr-ugc.imgix.net/projects/2142775/photo-original.jpg?v=1445474964&w=218&h=162&fit=crop&auto=format&q=92&s=2f8df8e0d707c3f02d4994f4d278bebc',
 'location': u'Minneapolis, MN',
 'pledged': u'000',
 'project_url': u'https://www.kickstarter.com/projects/fractalgears/fractal-gears-a-revolutionary-idea',
 'title': u'Fractal Gears - A Revolutionary Idea',
 'type': 1,
 'website': 1}
2015-10-23 10:31:24 [peewee] DEBUG: ('SELECT `t1`.`id`, `t1`.`second_id`, `t1`.`title`, `t1`.`author`, `t1`.`project_url`, `t1`.`img_url`, `t1`.`location`, `t1`.`end`, `t1`.`pledged`, `t1`.`goal`, `t1`.`currency`, `t1`.`date_modified`, `t1`.`active`, `t1`.`website`, `t1`.`type`, `t1`.`category_id` FROM `app_project` AS t1 WHERE (`t1`.`second_id` = %s) LIMIT 1', [u'scalpelknife'])
2015-10-23 10:31:24 [peewee] DEBUG: ('INSERT INTO `app_project` (`second_id`, `title`, `author`, `project_url`, `img_url`, `location`, `end`, `pledged`, `goal`, `currency`, `date_modified`, `active`, `website`, `type`, `category_id`) VALUES (%s, %s, %s, %s, %s, %s, %s, %s, %s, %s, %s, %s, %s, %s, %s)', [u'scalpelknife', u'Retractable Scalpel Pocket Knife', u'Reeder Products, Inc.', u'https://www.kickstarter.com/projects/scalpelknife/retractable-scalpel-pocket-knife', u'https://ksr-ugc.imgix.net/projects/2121731/photo-original.jpg?v=1445549788&w=218&h=162&fit=crop&auto=format&q=92&s=a23381b794b4374ba11e67c70f2820be', u'Carrollton, TX', u'2015-11-21', 200, 0, u'USD', datetime.datetime(2015, 10, 23, 10, 31, 24, 637816), 1, 1, 1, 11])
2015-10-23 10:31:24 [scrapy] DEBUG: Scraped from <200 https://www.kickstarter.com/discover/categories/technology?sort=newest>
{'author': u'Reeder Products, Inc.',
 'category_id': 11,
 'currency': u'USD',
 'end': u'2015-11-21',
 'id': u'scalpelknife',
 'img_url': u'https://ksr-ugc.imgix.net/projects/2121731/photo-original.jpg?v=1445549788&w=218&h=162&fit=crop&auto=format&q=92&s=a23381b794b4374ba11e67c70f2820be',
 'location': u'Carrollton, TX',
 'pledged': u'200',
 'project_url': u'https://www.kickstarter.com/projects/scalpelknife/retractable-scalpel-pocket-knife',
 'title': u'Retractable Scalpel Pocket Knife',
 'type': 1,
 'website': 1}
2015-10-23 10:31:24 [peewee] DEBUG: ('SELECT `t1`.`id`, `t1`.`second_id`, `t1`.`title`, `t1`.`author`, `t1`.`project_url`, `t1`.`img_url`, `t1`.`location`, `t1`.`end`, `t1`.`pledged`, `t1`.`goal`, `t1`.`currency`, `t1`.`date_modified`, `t1`.`active`, `t1`.`website`, `t1`.`type`, `t1`.`category_id` FROM `app_project` AS t1 WHERE (`t1`.`second_id` = %s) LIMIT 1', [u'ericmoore'])
2015-10-23 10:31:24 [peewee] DEBUG: ('INSERT INTO `app_project` (`second_id`, `title`, `author`, `project_url`, `img_url`, `location`, `end`, `pledged`, `goal`, `currency`, `date_modified`, `active`, `website`, `type`, `category_id`) VALUES (%s, %s, %s, %s, %s, %s, %s, %s, %s, %s, %s, %s, %s, %s, %s)', [u'ericmoore', u'Easy Application Submitter', u'Eric Michael Moore', u'https://www.kickstarter.com/projects/ericmoore/easy-application-submitter', u'https://ksr-ugc.imgix.net/projects/767883/photo-original.jpg?v=1445441768&w=218&h=162&fit=crop&auto=format&q=92&s=6a8fb8ea6f902d6a067986384b600dd2', u'Detroit, MI', u'2015-11-21', 0, 0, u'USD', datetime.datetime(2015, 10, 23, 10, 31, 24, 644955), 1, 1, 1, 11])
2015-10-23 10:31:24 [scrapy] DEBUG: Scraped from <200 https://www.kickstarter.com/discover/categories/technology?sort=newest>
{'author': u'Eric Michael Moore',
 'category_id': 11,
 'currency': u'USD',
 'end': u'2015-11-21',
 'id': u'ericmoore',
 'img_url': u'https://ksr-ugc.imgix.net/projects/767883/photo-original.jpg?v=1445441768&w=218&h=162&fit=crop&auto=format&q=92&s=6a8fb8ea6f902d6a067986384b600dd2',
 'location': u'Detroit, MI',
 'pledged': u'000',
 'project_url': u'https://www.kickstarter.com/projects/ericmoore/easy-application-submitter',
 'title': u'Easy Application Submitter',
 'type': 1,
 'website': 1}
2015-10-23 10:31:24 [peewee] DEBUG: ('SELECT `t1`.`id`, `t1`.`second_id`, `t1`.`title`, `t1`.`author`, `t1`.`project_url`, `t1`.`img_url`, `t1`.`location`, `t1`.`end`, `t1`.`pledged`, `t1`.`goal`, `t1`.`currency`, `t1`.`date_modified`, `t1`.`active`, `t1`.`website`, `t1`.`type`, `t1`.`category_id` FROM `app_project` AS t1 WHERE (`t1`.`second_id` = %s) LIMIT 1', [u'2035152529'])
2015-10-23 10:31:24 [peewee] DEBUG: ('INSERT INTO `app_project` (`second_id`, `title`, `author`, `project_url`, `img_url`, `location`, `end`, `pledged`, `goal`, `currency`, `date_modified`, `active`, `website`, `type`, `category_id`) VALUES (%s, %s, %s, %s, %s, %s, %s, %s, %s, %s, %s, %s, %s, %s, %s)', [u'2035152529', u'GIMBAL 2.0', u'LUKARI INC.', u'https://www.kickstarter.com/projects/2035152529/gimbal-20', u'https://ksr-ugc.imgix.net/projects/2121281/photo-original.png?v=1444152012&w=218&h=162&fit=crop&auto=format&q=92&s=9350fd50efe558ab5d2e51ef8a68a765', u'Atlanta, GA', u'2015-12-21', 301, 0, u'USD', datetime.datetime(2015, 10, 23, 10, 31, 24, 651847), 1, 1, 1, 11])
2015-10-23 10:31:24 [scrapy] DEBUG: Scraped from <200 https://www.kickstarter.com/discover/categories/technology?sort=newest>
{'author': u'LUKARI INC.',
 'category_id': 11,
 'currency': u'USD',
 'end': u'2015-12-21',
 'id': u'2035152529',
 'img_url': u'https://ksr-ugc.imgix.net/projects/2121281/photo-original.png?v=1444152012&w=218&h=162&fit=crop&auto=format&q=92&s=9350fd50efe558ab5d2e51ef8a68a765',
 'location': u'Atlanta, GA',
 'pledged': u'301',
 'project_url': u'https://www.kickstarter.com/projects/2035152529/gimbal-20',
 'title': u'GIMBAL 2.0',
 'type': 1,
 'website': 1}
2015-10-23 10:31:24 [peewee] DEBUG: ('SELECT `t1`.`id`, `t1`.`second_id`, `t1`.`title`, `t1`.`author`, `t1`.`project_url`, `t1`.`img_url`, `t1`.`location`, `t1`.`end`, `t1`.`pledged`, `t1`.`goal`, `t1`.`currency`, `t1`.`date_modified`, `t1`.`active`, `t1`.`website`, `t1`.`type`, `t1`.`category_id` FROM `app_project` AS t1 WHERE (`t1`.`second_id` = %s) LIMIT 1', [u'1345495007'])
2015-10-23 10:31:24 [peewee] DEBUG: ('INSERT INTO `app_project` (`second_id`, `title`, `author`, `project_url`, `img_url`, `location`, `end`, `pledged`, `goal`, `currency`, `date_modified`, `active`, `website`, `type`, `category_id`) VALUES (%s, %s, %s, %s, %s, %s, %s, %s, %s, %s, %s, %s, %s, %s, %s)', [u'1345495007', u'Feed Africa - Excess food sharing platform!', u'Feed Africa Organization', u'https://www.kickstarter.com/projects/1345495007/feed-africa-excess-food-sharing-platform', u'https://ksr-ugc.imgix.net/projects/2145624/photo-original.png?v=1445385931&w=218&h=162&fit=crop&auto=format&q=92&s=01d0e833de4ecd1542f036bb0bb7eb0d', u'Lexington, KY', u'2015-11-05', 0, 0, u'USD', datetime.datetime(2015, 10, 23, 10, 31, 24, 659520), 1, 1, 1, 11])
2015-10-23 10:31:24 [scrapy] DEBUG: Scraped from <200 https://www.kickstarter.com/discover/categories/technology?sort=newest>
{'author': u'Feed Africa Organization',
 'category_id': 11,
 'currency': u'USD',
 'end': u'2015-11-05',
 'id': u'1345495007',
 'img_url': u'https://ksr-ugc.imgix.net/projects/2145624/photo-original.png?v=1445385931&w=218&h=162&fit=crop&auto=format&q=92&s=01d0e833de4ecd1542f036bb0bb7eb0d',
 'location': u'Lexington, KY',
 'pledged': u'000',
 'project_url': u'https://www.kickstarter.com/projects/1345495007/feed-africa-excess-food-sharing-platform',
 'title': u'Feed Africa - Excess food sharing platform!',
 'type': 1,
 'website': 1}
2015-10-23 10:31:24 [peewee] DEBUG: ('SELECT `t1`.`id`, `t1`.`second_id`, `t1`.`title`, `t1`.`author`, `t1`.`project_url`, `t1`.`img_url`, `t1`.`location`, `t1`.`end`, `t1`.`pledged`, `t1`.`goal`, `t1`.`currency`, `t1`.`date_modified`, `t1`.`active`, `t1`.`website`, `t1`.`type`, `t1`.`category_id` FROM `app_project` AS t1 WHERE (`t1`.`second_id` = %s) LIMIT 1', [u'703911217'])
2015-10-23 10:31:24 [peewee] DEBUG: ('INSERT INTO `app_project` (`second_id`, `title`, `author`, `project_url`, `img_url`, `location`, `end`, `pledged`, `goal`, `currency`, `date_modified`, `active`, `website`, `type`, `category_id`) VALUES (%s, %s, %s, %s, %s, %s, %s, %s, %s, %s, %s, %s, %s, %s, %s)', [u'703911217', u'Go Walks', u'Ellie', u'https://www.kickstarter.com/projects/703911217/go-walks', u'https://ksr-ugc.imgix.net/projects/2147940/photo-original.jpg?v=1445496545&w=218&h=162&fit=crop&auto=format&q=92&s=b052ca3cb85011236277552e629f134e', u'Melbourne, AU', u'2015-11-21', 0, 0, u'AUD', datetime.datetime(2015, 10, 23, 10, 31, 24, 666448), 1, 1, 1, 11])
2015-10-23 10:31:24 [scrapy] DEBUG: Scraped from <200 https://www.kickstarter.com/discover/categories/technology?sort=newest>
{'author': u'Ellie',
 'category_id': 11,
 'currency': u'AUD',
 'end': u'2015-11-21',
 'id': u'703911217',
 'img_url': u'https://ksr-ugc.imgix.net/projects/2147940/photo-original.jpg?v=1445496545&w=218&h=162&fit=crop&auto=format&q=92&s=b052ca3cb85011236277552e629f134e',
 'location': u'Melbourne, AU',
 'pledged': u'000',
 'project_url': u'https://www.kickstarter.com/projects/703911217/go-walks',
 'title': u'Go Walks',
 'type': 1,
 'website': 1}
2015-10-23 10:31:24 [peewee] DEBUG: ('SELECT `t1`.`id`, `t1`.`second_id`, `t1`.`title`, `t1`.`author`, `t1`.`project_url`, `t1`.`img_url`, `t1`.`location`, `t1`.`end`, `t1`.`pledged`, `t1`.`goal`, `t1`.`currency`, `t1`.`date_modified`, `t1`.`active`, `t1`.`website`, `t1`.`type`, `t1`.`category_id` FROM `app_project` AS t1 WHERE (`t1`.`second_id` = %s) LIMIT 1', [u'1240702073'])
2015-10-23 10:31:24 [peewee] DEBUG: ('INSERT INTO `app_project` (`second_id`, `title`, `author`, `project_url`, `img_url`, `location`, `end`, `pledged`, `goal`, `currency`, `date_modified`, `active`, `website`, `type`, `category_id`) VALUES (%s, %s, %s, %s, %s, %s, %s, %s, %s, %s, %s, %s, %s, %s, %s)', [u'1240702073', u'GR Bottle .      Stay Healthy and Travel Smart', u'Austin McCrary', u'https://www.kickstarter.com/projects/1240702073/gr-bottle-stay-healthy-and-travel-smart', u'https://ksr-ugc.imgix.net/projects/2055724/photo-original.jpg?v=1443460392&w=218&h=162&fit=crop&auto=format&q=92&s=6ad6218b7a126397090356029197a996', u'Colleyville, TX', u'2015-11-21', 586, 0, u'USD', datetime.datetime(2015, 10, 23, 10, 31, 24, 673482), 1, 1, 1, 11])
2015-10-23 10:31:24 [scrapy] DEBUG: Scraped from <200 https://www.kickstarter.com/discover/categories/technology?sort=newest>
{'author': u'Austin McCrary',
 'category_id': 11,
 'currency': u'USD',
 'end': u'2015-11-21',
 'id': u'1240702073',
 'img_url': u'https://ksr-ugc.imgix.net/projects/2055724/photo-original.jpg?v=1443460392&w=218&h=162&fit=crop&auto=format&q=92&s=6ad6218b7a126397090356029197a996',
 'location': u'Colleyville, TX',
 'pledged': u'586',
 'project_url': u'https://www.kickstarter.com/projects/1240702073/gr-bottle-stay-healthy-and-travel-smart',
 'title': u'GR Bottle .      Stay Healthy and Travel Smart',
 'type': 1,
 'website': 1}
2015-10-23 10:31:24 [peewee] DEBUG: ('SELECT `t1`.`id`, `t1`.`second_id`, `t1`.`title`, `t1`.`author`, `t1`.`project_url`, `t1`.`img_url`, `t1`.`location`, `t1`.`end`, `t1`.`pledged`, `t1`.`goal`, `t1`.`currency`, `t1`.`date_modified`, `t1`.`active`, `t1`.`website`, `t1`.`type`, `t1`.`category_id` FROM `app_project` AS t1 WHERE (`t1`.`second_id` = %s) LIMIT 1', [u'214746537'])
2015-10-23 10:31:24 [peewee] DEBUG: ('INSERT INTO `app_project` (`second_id`, `title`, `author`, `project_url`, `img_url`, `location`, `end`, `pledged`, `goal`, `currency`, `date_modified`, `active`, `website`, `type`, `category_id`) VALUES (%s, %s, %s, %s, %s, %s, %s, %s, %s, %s, %s, %s, %s, %s, %s)', [u'214746537', u'Her', u'Maurizio Cibelli', u'https://www.kickstarter.com/projects/214746537/her', u'https://ksr-ugc.imgix.net/projects/2124513/photo-original.png?v=1444373716&w=218&h=162&fit=crop&auto=format&q=92&s=5ddb468aab41ae206dabd57f39582c50', u'Salerno, Italy', u'2015-12-06', 322, 0, u'EUR', datetime.datetime(2015, 10, 23, 10, 31, 24, 680788), 1, 1, 1, 11])
2015-10-23 10:31:24 [scrapy] DEBUG: Scraped from <200 https://www.kickstarter.com/discover/categories/technology?sort=newest>
{'author': u'Maurizio Cibelli',
 'category_id': 11,
 'currency': u'EUR',
 'end': u'2015-12-06',
 'id': u'214746537',
 'img_url': u'https://ksr-ugc.imgix.net/projects/2124513/photo-original.png?v=1444373716&w=218&h=162&fit=crop&auto=format&q=92&s=5ddb468aab41ae206dabd57f39582c50',
 'location': u'Salerno, Italy',
 'pledged': u'322',
 'project_url': u'https://www.kickstarter.com/projects/214746537/her',
 'title': u'Her',
 'type': 1,
 'website': 1}
2015-10-23 10:31:24 [peewee] DEBUG: ('SELECT `t1`.`id`, `t1`.`second_id`, `t1`.`title`, `t1`.`author`, `t1`.`project_url`, `t1`.`img_url`, `t1`.`location`, `t1`.`end`, `t1`.`pledged`, `t1`.`goal`, `t1`.`currency`, `t1`.`date_modified`, `t1`.`active`, `t1`.`website`, `t1`.`type`, `t1`.`category_id` FROM `app_project` AS t1 WHERE (`t1`.`second_id` = %s) LIMIT 1', [u'peterdew'])
2015-10-23 10:31:24 [peewee] DEBUG: ('INSERT INTO `app_project` (`second_id`, `title`, `author`, `project_url`, `img_url`, `location`, `end`, `pledged`, `goal`, `currency`, `date_modified`, `active`, `website`, `type`, `category_id`) VALUES (%s, %s, %s, %s, %s, %s, %s, %s, %s, %s, %s, %s, %s, %s, %s)', [u'peterdew', u'Deb8able.net - factchecking the world', u'Peter de Witte', u'https://www.kickstarter.com/projects/peterdew/deb8ablenet-factchecking-the-world', u'https://ksr-ugc.imgix.net/projects/947702/photo-original.jpg?v=1444846712&w=218&h=162&fit=crop&auto=format&q=92&s=476cc78f14e0fbf8cb6619458364036a', u'Veenendaal, Netherlands', u'2015-11-21', 230, 0, u'EUR', datetime.datetime(2015, 10, 23, 10, 31, 24, 688232), 1, 1, 1, 11])
2015-10-23 10:31:24 [scrapy] DEBUG: Scraped from <200 https://www.kickstarter.com/discover/categories/technology?sort=newest>
{'author': u'Peter de Witte',
 'category_id': 11,
 'currency': u'EUR',
 'end': u'2015-11-21',
 'id': u'peterdew',
 'img_url': u'https://ksr-ugc.imgix.net/projects/947702/photo-original.jpg?v=1444846712&w=218&h=162&fit=crop&auto=format&q=92&s=476cc78f14e0fbf8cb6619458364036a',
 'location': u'Veenendaal, Netherlands',
 'pledged': u'230',
 'project_url': u'https://www.kickstarter.com/projects/peterdew/deb8ablenet-factchecking-the-world',
 'title': u'Deb8able.net - factchecking the world',
 'type': 1,
 'website': 1}
2015-10-23 10:31:24 [peewee] DEBUG: ('SELECT `t1`.`id`, `t1`.`second_id`, `t1`.`title`, `t1`.`author`, `t1`.`project_url`, `t1`.`img_url`, `t1`.`location`, `t1`.`end`, `t1`.`pledged`, `t1`.`goal`, `t1`.`currency`, `t1`.`date_modified`, `t1`.`active`, `t1`.`website`, `t1`.`type`, `t1`.`category_id` FROM `app_project` AS t1 WHERE (`t1`.`second_id` = %s) LIMIT 1', [u'1258338574'])
2015-10-23 10:31:24 [peewee] DEBUG: ('INSERT INTO `app_project` (`second_id`, `title`, `author`, `project_url`, `img_url`, `location`, `end`, `pledged`, `goal`, `currency`, `date_modified`, `active`, `website`, `type`, `category_id`) VALUES (%s, %s, %s, %s, %s, %s, %s, %s, %s, %s, %s, %s, %s, %s, %s)', [u'1258338574', u'Debateball Free Mobile App in IOS and Android', u'Donna Schillinger', u'https://www.kickstarter.com/projects/1258338574/debateball-free-mobile-app-in-ios-and-android', u'https://ksr-ugc.imgix.net/projects/762391/photo-original.jpg?v=1444864149&w=218&h=162&fit=crop&auto=format&q=92&s=995180dc87e05f16b380af07e77f8d21', u'Rogers, AR', u'2015-11-21', 0, 0, u'USD', datetime.datetime(2015, 10, 23, 10, 31, 24, 695579), 1, 1, 1, 11])
2015-10-23 10:31:24 [scrapy] DEBUG: Scraped from <200 https://www.kickstarter.com/discover/categories/technology?sort=newest>
{'author': u'Donna Schillinger',
 'category_id': 11,
 'currency': u'USD',
 'end': u'2015-11-21',
 'id': u'1258338574',
 'img_url': u'https://ksr-ugc.imgix.net/projects/762391/photo-original.jpg?v=1444864149&w=218&h=162&fit=crop&auto=format&q=92&s=995180dc87e05f16b380af07e77f8d21',
 'location': u'Rogers, AR',
 'pledged': u'000',
 'project_url': u'https://www.kickstarter.com/projects/1258338574/debateball-free-mobile-app-in-ios-and-android',
 'title': u'Debateball Free Mobile App in IOS and Android',
 'type': 1,
 'website': 1}
2015-10-23 10:31:24 [peewee] DEBUG: ('SELECT `t1`.`id`, `t1`.`second_id`, `t1`.`title`, `t1`.`author`, `t1`.`project_url`, `t1`.`img_url`, `t1`.`location`, `t1`.`end`, `t1`.`pledged`, `t1`.`goal`, `t1`.`currency`, `t1`.`date_modified`, `t1`.`active`, `t1`.`website`, `t1`.`type`, `t1`.`category_id` FROM `app_project` AS t1 WHERE (`t1`.`second_id` = %s) LIMIT 1', [u'1132091687'])
2015-10-23 10:31:24 [peewee] DEBUG: ('INSERT INTO `app_project` (`second_id`, `title`, `author`, `project_url`, `img_url`, `location`, `end`, `pledged`, `goal`, `currency`, `date_modified`, `active`, `website`, `type`, `category_id`) VALUES (%s, %s, %s, %s, %s, %s, %s, %s, %s, %s, %s, %s, %s, %s, %s)', [u'1132091687', u'Commission Free Limo & Ride Bookings. Save Extra 20-30% more', u'Ayhan Koroglu', u'https://www.kickstarter.com/projects/1132091687/commission-free-limo-and-ride-bookings-save-extra', u'https://ksr-ugc.imgix.net/projects/2071776/photo-original.png?v=1441767700&w=218&h=162&fit=crop&auto=format&q=92&s=497ed2eb7c5cd612f7e664a764be0cbd', u'New York, NY', u'2015-12-21', 0, 0, u'USD', datetime.datetime(2015, 10, 23, 10, 31, 24, 703417), 1, 1, 1, 11])
2015-10-23 10:31:24 [scrapy] DEBUG: Scraped from <200 https://www.kickstarter.com/discover/categories/technology?sort=newest>
{'author': u'Ayhan Koroglu',
 'category_id': 11,
 'currency': u'USD',
 'end': u'2015-12-21',
 'id': u'1132091687',
 'img_url': u'https://ksr-ugc.imgix.net/projects/2071776/photo-original.png?v=1441767700&w=218&h=162&fit=crop&auto=format&q=92&s=497ed2eb7c5cd612f7e664a764be0cbd',
 'location': u'New York, NY',
 'pledged': u'000',
 'project_url': u'https://www.kickstarter.com/projects/1132091687/commission-free-limo-and-ride-bookings-save-extra',
 'title': u'Commission Free Limo & Ride Bookings. Save Extra 20-30% more',
 'type': 1,
 'website': 1}
2015-10-23 10:31:24 [scrapy] INFO: Closing spider (finished)
2015-10-23 10:31:24 [scrapy] INFO: Stored jsonlines feed (20 items) in: file:///Users/marko/PythonProjects/cfservis/items/cfservis/kickstarter_getter/702fa842796011e5a4737831c1c9baf0.jl
2015-10-23 10:31:24 [scrapy] INFO: Dumping Scrapy stats:
{'downloader/request_bytes': 259,
 'downloader/request_count': 1,
 'downloader/request_method_count/GET': 1,
 'downloader/response_bytes': 81297,
 'downloader/response_count': 1,
 'downloader/response_status_count/200': 1,
 'finish_reason': 'finished',
 'finish_time': datetime.datetime(2015, 10, 23, 8, 31, 24, 708151),
 'item_scraped_count': 20,
 'log_count/DEBUG': 62,
 'log_count/INFO': 8,
 'response_received_count': 1,
 'scheduler/dequeued': 1,
 'scheduler/dequeued/memory': 1,
 'scheduler/enqueued': 1,
 'scheduler/enqueued/memory': 1,
 'start_time': datetime.datetime(2015, 10, 23, 8, 31, 23, 361269)}
2015-10-23 10:31:24 [scrapy] INFO: Spider closed (finished)
