2015-09-22 16:01:43 [scrapy] INFO: Scrapy 1.0.3 started (bot: cfservis)
2015-09-22 16:01:43 [scrapy] INFO: Optional features available: ssl, http11
2015-09-22 16:01:43 [scrapy] INFO: Overridden settings: {'NEWSPIDER_MODULE': 'cfservis.spiders', 'SPIDER_MODULES': ['cfservis.spiders'], 'FEED_URI': 'file:///Users/marko/PythonProjects/cfaproject/cfservis/items/cfservis/kickstarter_getter/72fc200a613211e580367831c1c9baf0.jl', 'LOG_FILE': 'logs/cfservis/kickstarter_getter/72fc200a613211e580367831c1c9baf0.log', 'BOT_NAME': 'cfservis'}
2015-09-22 16:01:43 [scrapy] INFO: Enabled extensions: CloseSpider, FeedExporter, TelnetConsole, LogStats, CoreStats, SpiderState
2015-09-22 16:01:43 [scrapy] INFO: Enabled downloader middlewares: HttpAuthMiddleware, DownloadTimeoutMiddleware, UserAgentMiddleware, RetryMiddleware, DefaultHeadersMiddleware, MetaRefreshMiddleware, HttpCompressionMiddleware, RedirectMiddleware, CookiesMiddleware, ChunkedTransferMiddleware, DownloaderStats
2015-09-22 16:01:43 [scrapy] INFO: Enabled spider middlewares: HttpErrorMiddleware, OffsiteMiddleware, RefererMiddleware, UrlLengthMiddleware, DepthMiddleware
2015-09-22 16:01:43 [scrapy] INFO: Enabled item pipelines: MySQLStorePipeline
2015-09-22 16:01:43 [scrapy] INFO: Spider opened
2015-09-22 16:01:43 [scrapy] INFO: Crawled 0 pages (at 0 pages/min), scraped 0 items (at 0 items/min)
2015-09-22 16:01:43 [scrapy] DEBUG: Telnet console listening on 127.0.0.1:6023
2015-09-22 16:01:44 [scrapy] DEBUG: Crawled (200) <GET https://www.kickstarter.com/discover/categories/art?sort=newest> (referer: None)
2015-09-22 16:01:44 [scrapy] DEBUG: Scraped from <200 https://www.kickstarter.com/discover/categories/art?sort=newest>
{'author': u'Shayne Vervoort',
 'category_id': 1,
 'currency': u'EUR',
 'end': u'2015-10-22',
 'id': u'persona-art-project',
 'img_url': u'https://ksr-ugc.imgix.net/projects/1780927/photo-original.jpg?v=1442746591&w=218&h=162&fit=crop&auto=format&q=92&s=455ed2406fb0c97b07862f3ff4a13cc9',
 'location': u'Cape Town, South Africa',
 'pledged': u'6000',
 'project_url': u'/projects/persona-art-project/persona-art-project-building-an-art-brand',
 'title': u'Persona Art Project: Building an Art Brand',
 'type': 1,
 'website': 1}
2015-09-22 16:01:44 [scrapy] DEBUG: Scraped from <200 https://www.kickstarter.com/discover/categories/art?sort=newest>
{'author': u'jorge prieto catoira',
 'category_id': 1,
 'currency': u'EUR',
 'end': u'2015-10-22',
 'id': u'1427256046',
 'img_url': u'https://ksr-ugc.imgix.net/projects/2084276/photo-original.jpg?v=1442336321&w=218&h=162&fit=crop&auto=format&q=92&s=f9d283872ce3b88a19207ed3a3c84e14',
 'location': u'Madrid, Spain',
 'pledged': u'000',
 'project_url': u'/projects/1427256046/warblade-studio',
 'title': u'Warblade Studio',
 'type': 1,
 'website': 1}
2015-09-22 16:01:44 [scrapy] DEBUG: Scraped from <200 https://www.kickstarter.com/discover/categories/art?sort=newest>
{'author': u'Matthew Szidik',
 'category_id': 1,
 'currency': u'USD',
 'end': u'2015-10-21',
 'id': u'1239678792',
 'img_url': u'https://ksr-ugc.imgix.net/projects/2089936/photo-original.JPG?v=1442578938&w=218&h=162&fit=crop&auto=format&q=92&s=3dc91244f8b59ad545ba7b9faba0ce10',
 'location': u'Atlanta, GA',
 'pledged': u'000',
 'project_url': u'/projects/1239678792/eyeum',
 'title': u'Eyeum',
 'type': 1,
 'website': 1}
2015-09-22 16:01:44 [scrapy] DEBUG: Scraped from <200 https://www.kickstarter.com/discover/categories/art?sort=newest>
{'author': u'Fearless Observer',
 'category_id': 1,
 'currency': u'USD',
 'end': u'2015-10-21',
 'id': u'1577892094',
 'img_url': u'https://ksr-ugc.imgix.net/projects/2084930/photo-original.jpg?v=1442358105&w=218&h=162&fit=crop&auto=format&q=92&s=22ec6827c3505e37ca33172cae404745',
 'location': u'Pullman, WA',
 'pledged': u'000',
 'project_url': u'/projects/1577892094/stoner-art',
 'title': u'Stoner Art',
 'type': 1,
 'website': 1}
2015-09-22 16:01:44 [scrapy] DEBUG: Scraped from <200 https://www.kickstarter.com/discover/categories/art?sort=newest>
{'author': u'Jack Rice',
 'category_id': 1,
 'currency': u'GBP',
 'end': u'2015-09-25',
 'id': u'963686948',
 'img_url': u'https://ksr-ugc.imgix.net/projects/2095343/photo-original.jpg?v=1442859509&w=218&h=162&fit=crop&auto=format&q=92&s=97b28d42c72b85b0345d875114b6b7c7',
 'location': u'London, UK',
 'pledged': u'3500',
 'project_url': u'/projects/963686948/we-are-all-very-anxious',
 'title': u'WE ARE ALL VERY ANXIOUS',
 'type': 1,
 'website': 1}
2015-09-22 16:01:44 [scrapy] DEBUG: Scraped from <200 https://www.kickstarter.com/discover/categories/art?sort=newest>
{'author': u'PARRA Marianic',
 'category_id': 1,
 'currency': u'EUR',
 'end': u'2015-10-24',
 'id': u'426035322',
 'img_url': u'https://ksr-ugc.imgix.net/projects/2093088/photo-original.JPG?v=1442757753&w=218&h=162&fit=crop&auto=format&q=92&s=4267a77f4e03eccad7e8e546a6fccc93',
 'location': u'New York, NY',
 'pledged': u'000',
 'project_url': u'/projects/426035322/variations',
 'title': u'VARIATIONS',
 'type': 1,
 'website': 1}
2015-09-22 16:01:44 [scrapy] DEBUG: Scraped from <200 https://www.kickstarter.com/discover/categories/art?sort=newest>
{'author': u'Nicholas  P Tsolakis',
 'category_id': 1,
 'currency': u'USD',
 'end': u'2015-09-27',
 'id': u'1550653147',
 'img_url': u'https://ksr-ugc.imgix.net/projects/1842432/photo-original.jpg?v=1430853631&w=218&h=162&fit=crop&auto=format&q=92&s=fdfb17c3657d9709fdad7ef6e57fa1f9',
 'location': u'Fort Myers, FL',
 'pledged': u'000',
 'project_url': u'/projects/1550653147/entertainment-career-directory-social-media-networ',
 'title': u'Entertainment/Career Directory - Social Media Network',
 'type': 1,
 'website': 1}
2015-09-22 16:01:44 [scrapy] DEBUG: Scraped from <200 https://www.kickstarter.com/discover/categories/art?sort=newest>
{'author': u'Postcards For Peace CIC',
 'category_id': 1,
 'currency': u'GBP',
 'end': u'2015-11-05',
 'id': u'1764433762',
 'img_url': u'https://ksr-ugc.imgix.net/projects/2084081/photo-original.png?v=1442863875&w=218&h=162&fit=crop&auto=format&q=92&s=5b4fe9c66c1f1727e7d90856c7a71872',
 'location': u'Peacehaven, UK',
 'pledged': u'000',
 'project_url': u'/projects/1764433762/postcard-exchange-project-for-schools',
 'title': u'Postcard Exchange Project For Schools',
 'type': 1,
 'website': 1}
2015-09-22 16:01:44 [scrapy] DEBUG: Scraped from <200 https://www.kickstarter.com/discover/categories/art?sort=newest>
{'author': u'Martin Kuhn',
 'category_id': 1,
 'currency': u'EUR',
 'end': u'2015-10-31',
 'id': u'1694758448',
 'img_url': u'https://ksr-ugc.imgix.net/projects/1967897/photo-original.jpg?v=1442758062&w=218&h=162&fit=crop&auto=format&q=92&s=2c5e2632ad4f2a8ab5501eb0c489b5a5',
 'location': u'Wittlich, Germany',
 'pledged': u'000',
 'project_url': u'/projects/1694758448/oil-paintings-by-martin-kuhn',
 'title': u'Oil paintings by Martin Kuhn',
 'type': 1,
 'website': 1}
2015-09-22 16:01:44 [scrapy] DEBUG: Scraped from <200 https://www.kickstarter.com/discover/categories/art?sort=newest>
{'author': u'stephen paul',
 'category_id': 1,
 'currency': u'EUR',
 'end': u'2015-10-17',
 'id': u'1892654423',
 'img_url': u'https://ksr-ugc.imgix.net/projects/2070195/photo-original.jpg?v=1442297953&w=218&h=162&fit=crop&auto=format&q=92&s=90103e9f3f7fceeefaeca158ebd0974e',
 'location': u'Auvergne, France',
 'pledged': u'000',
 'project_url': u'/projects/1892654423/the-little-world-project',
 'title': u'The Little World Project',
 'type': 1,
 'website': 1}
2015-09-22 16:01:45 [scrapy] DEBUG: Scraped from <200 https://www.kickstarter.com/discover/categories/art?sort=newest>
{'author': u'Roseane Rocha',
 'category_id': 1,
 'currency': u'GBP',
 'end': u'2015-10-21',
 'id': u'flowersforlife',
 'img_url': u'https://ksr-ugc.imgix.net/projects/2094619/photo-original.JPG?v=1442833695&w=218&h=162&fit=crop&auto=format&q=92&s=8788b1676d365f113a4e7dddb882714d',
 'location': u'London, UK',
 'pledged': u'000',
 'project_url': u'/projects/flowersforlife/flowers-for-life',
 'title': u'Flowers For Life',
 'type': 1,
 'website': 1}
2015-09-22 16:01:45 [scrapy] DEBUG: Scraped from <200 https://www.kickstarter.com/discover/categories/art?sort=newest>
{'author': u'Michelle Romo',
 'category_id': 1,
 'currency': u'USD',
 'end': u'2015-10-21',
 'id': u'1719455003',
 'img_url': u'https://ksr-ugc.imgix.net/projects/1998861/photo-original.jpg?v=1442648852&w=218&h=162&fit=crop&auto=format&q=92&s=8c1fd0cc42f3eb4314256580d69569a8',
 'location': u'Chicago, IL',
 'pledged': u'2388',
 'project_url': u'/projects/1719455003/3-pins-3-prints-3-stickers-1-magic-world',
 'title': u'3 Pins + 3 Prints + 3 Stickers = 1 Magic World!',
 'type': 1,
 'website': 1}
2015-09-22 16:01:45 [scrapy] DEBUG: Scraped from <200 https://www.kickstarter.com/discover/categories/art?sort=newest>
{'author': u'mark lewis',
 'category_id': 1,
 'currency': u'GBP',
 'end': u'2015-11-05',
 'id': u'1117316075',
 'img_url': u'https://ksr-ugc.imgix.net/projects/2091483/photo-original.jpg?v=1442659888&w=218&h=162&fit=crop&auto=format&q=92&s=5068e20ebaa6eef2bdf9ed8d6964bb5f',
 'location': u'Upminster, UK',
 'pledged': u'000',
 'project_url': u'/projects/1117316075/hand-drawn-video-game-t-shirts-hand-drawn-manga-t',
 'title': u'Hand-drawn video game T-shirts/ hand drawn manga t-shirts',
 'type': 1,
 'website': 1}
2015-09-22 16:01:45 [scrapy] DEBUG: Scraped from <200 https://www.kickstarter.com/discover/categories/art?sort=newest>
{'author': u'Scott Blake',
 'category_id': 1,
 'currency': u'USD',
 'end': u'2015-10-18',
 'id': u'1787495310',
 'img_url': u'https://ksr-ugc.imgix.net/projects/2089940/photo-original.jpg?v=1442581273&w=218&h=162&fit=crop&auto=format&q=92&s=8f422642d651578e228bf0b57c5ac7a8',
 'location': u'Carmel, IN',
 'pledged': u'000',
 'project_url': u'/projects/1787495310/valorous-mirroring-itunes-offering-4k-and-hd-digit',
 'title': u'Valorous - Mirroring iTunes Offering 4K and HD Digital Art',
 'type': 1,
 'website': 1}
2015-09-22 16:01:45 [scrapy] DEBUG: Scraped from <200 https://www.kickstarter.com/discover/categories/art?sort=newest>
{'author': u'David LaRocca',
 'category_id': 1,
 'currency': u'USD',
 'end': u'2015-10-21',
 'id': u'160004733',
 'img_url': u'https://ksr-ugc.imgix.net/projects/2074249/photo-original.jpg?v=1442549410&w=218&h=162&fit=crop&auto=format&q=92&s=9619781e6035f562ef09b87d7e12bd9f',
 'location': u'Birmingham, AL',
 'pledged': u'394',
 'project_url': u'/projects/160004733/david-larocca-star-spawn',
 'title': u'David LaRocca: Star Spawn',
 'type': 1,
 'website': 1}
2015-09-22 16:01:45 [scrapy] DEBUG: Scraped from <200 https://www.kickstarter.com/discover/categories/art?sort=newest>
{'author': u'Brian',
 'category_id': 1,
 'currency': u'USD',
 'end': u'2015-11-20',
 'id': u'1863056927',
 'img_url': u'https://ksr-ugc.imgix.net/projects/2085782/photo-original.jpeg?v=1442406446&w=218&h=162&fit=crop&auto=format&q=92&s=c1efac705d8f563a3d7bf096302ff53d',
 'location': u'San Antonio, TX',
 'pledged': u'000',
 'project_url': u'/projects/1863056927/customized-xbox-controllers-for-the-8-pokemon-eeve',
 'title': u'Customized Xbox Controllers for the 8 Pokemon Eeveelutions',
 'type': 1,
 'website': 1}
2015-09-22 16:01:45 [scrapy] DEBUG: Scraped from <200 https://www.kickstarter.com/discover/categories/art?sort=newest>
{'author': u'Paal Myrvold',
 'category_id': 1,
 'currency': u'NOK',
 'end': u'2015-10-23',
 'id': u'983841670',
 'img_url': u'https://ksr-ugc.imgix.net/projects/1950177/photo-original.jpg?v=1436798559&w=218&h=162&fit=crop&auto=format&q=92&s=ec45d0cd1cb68a27e658c8e8b3d187d2',
 'location': u'Stavanger, Norway',
 'pledged': u'1080',
 'project_url': u'/projects/983841670/uma-a-photographic-tribute-to-the-iron-horse-of-as',
 'title': u'UMA - a photographic tribute to the iron horse of Asia',
 'type': 1,
 'website': 1}
2015-09-22 16:01:45 [scrapy] DEBUG: Scraped from <200 https://www.kickstarter.com/discover/categories/art?sort=newest>
{'author': u'WILLIAM STEWART',
 'category_id': 1,
 'currency': u'USD',
 'end': u'2015-10-19',
 'id': u'1416393039',
 'img_url': u'https://ksr-ugc.imgix.net/projects/2079001/photo-original.jpg?v=1442116440&w=218&h=162&fit=crop&auto=format&q=92&s=23ad3d50323862d19abf0ddcdb88c5da',
 'location': u'Cincinnati, OH',
 'pledged': u'000',
 'project_url': u'/projects/1416393039/pin-up-fantasy-art-portfolio-print-1-by-william-st',
 'title': u'Pin Up Fantasy Art Portfolio   Print 1    by William Stewart',
 'type': 1,
 'website': 1}
2015-09-22 16:01:45 [scrapy] DEBUG: Scraped from <200 https://www.kickstarter.com/discover/categories/art?sort=newest>
{'author': u'Matt & Daniel DeLay Music-Drawing-Essays',
 'category_id': 1,
 'currency': u'USD',
 'end': u'2015-10-31',
 'id': u'292611138',
 'img_url': u'https://ksr-ugc.imgix.net/projects/2069047/photo-original.jpg?v=1442874433&w=218&h=162&fit=crop&auto=format&q=92&s=6d085ecfc1641f8702ddd0647e6d7da6',
 'location': u'Ames, IA',
 'pledged': u'000',
 'project_url': u'/projects/292611138/father-and-son-music-drawing-writing',
 'title': u'Father & Son: music ~ drawing ~ writing',
 'type': 1,
 'website': 1}
2015-09-22 16:01:45 [scrapy] DEBUG: Scraped from <200 https://www.kickstarter.com/discover/categories/art?sort=newest>
{'author': u'Rusty Rich',
 'category_id': 1,
 'currency': u'USD',
 'end': u'2015-10-23',
 'id': u'2087319017',
 'img_url': u'https://ksr-ugc.imgix.net/projects/2093954/photo-original.jpg?v=1442793550&w=218&h=162&fit=crop&auto=format&q=92&s=bc76b1bd2d41e56fa584aa9c5c977686',
 'location': u'St. Petersburg, FL',
 'pledged': u'000',
 'project_url': u'/projects/2087319017/spread-god',
 'title': u'Spread God',
 'type': 1,
 'website': 1}
2015-09-22 16:01:45 [scrapy] INFO: Closing spider (finished)
2015-09-22 16:01:45 [scrapy] INFO: Stored jsonlines feed (20 items) in: file:///Users/marko/PythonProjects/cfaproject/cfservis/items/cfservis/kickstarter_getter/72fc200a613211e580367831c1c9baf0.jl
2015-09-22 16:01:45 [scrapy] INFO: Dumping Scrapy stats:
{'downloader/request_bytes': 252,
 'downloader/request_count': 1,
 'downloader/request_method_count/GET': 1,
 'downloader/response_bytes': 80031,
 'downloader/response_count': 1,
 'downloader/response_status_count/200': 1,
 'finish_reason': 'finished',
 'finish_time': datetime.datetime(2015, 9, 22, 14, 1, 45, 74407),
 'item_scraped_count': 20,
 'log_count/DEBUG': 22,
 'log_count/INFO': 8,
 'response_received_count': 1,
 'scheduler/dequeued': 1,
 'scheduler/dequeued/memory': 1,
 'scheduler/enqueued': 1,
 'scheduler/enqueued/memory': 1,
 'start_time': datetime.datetime(2015, 9, 22, 14, 1, 43, 390759)}
2015-09-22 16:01:45 [scrapy] INFO: Spider closed (finished)
