2015-10-23 10:31:53 [scrapy] INFO: Scrapy 1.0.3 started (bot: cfservis)
2015-10-23 10:31:53 [scrapy] INFO: Optional features available: ssl, http11
2015-10-23 10:31:53 [scrapy] INFO: Overridden settings: {'NEWSPIDER_MODULE': 'cfservis.spiders', 'SPIDER_MODULES': ['cfservis.spiders'], 'FEED_URI': 'file:///Users/marko/PythonProjects/cfservis/items/cfservis/kickstarter_getter/777f97d7796011e5a2437831c1c9baf0.jl', 'LOG_FILE': 'logs/cfservis/kickstarter_getter/777f97d7796011e5a2437831c1c9baf0.log', 'BOT_NAME': 'cfservis'}
2015-10-23 10:31:53 [scrapy] INFO: Enabled extensions: CloseSpider, FeedExporter, TelnetConsole, LogStats, CoreStats, SpiderState
2015-10-23 10:31:53 [scrapy] INFO: Enabled downloader middlewares: HttpAuthMiddleware, DownloadTimeoutMiddleware, UserAgentMiddleware, RetryMiddleware, DefaultHeadersMiddleware, MetaRefreshMiddleware, HttpCompressionMiddleware, RedirectMiddleware, CookiesMiddleware, ChunkedTransferMiddleware, DownloaderStats
2015-10-23 10:31:53 [scrapy] INFO: Enabled spider middlewares: HttpErrorMiddleware, OffsiteMiddleware, RefererMiddleware, UrlLengthMiddleware, DepthMiddleware
2015-10-23 10:31:53 [scrapy] INFO: Enabled item pipelines: MySQLStorePipeline
2015-10-23 10:31:53 [scrapy] INFO: Spider opened
2015-10-23 10:31:53 [scrapy] INFO: Crawled 0 pages (at 0 pages/min), scraped 0 items (at 0 items/min)
2015-10-23 10:31:53 [scrapy] DEBUG: Telnet console listening on 127.0.0.1:6023
2015-10-23 10:31:54 [scrapy] DEBUG: Crawled (200) <GET https://www.kickstarter.com/discover/categories/food?sort=newest> (referer: None)
2015-10-23 10:31:54 [peewee] DEBUG: ('SELECT `t1`.`id`, `t1`.`second_id`, `t1`.`title`, `t1`.`author`, `t1`.`project_url`, `t1`.`img_url`, `t1`.`location`, `t1`.`end`, `t1`.`pledged`, `t1`.`goal`, `t1`.`currency`, `t1`.`date_modified`, `t1`.`active`, `t1`.`website`, `t1`.`type`, `t1`.`category_id` FROM `app_project` AS t1 WHERE (`t1`.`second_id` = %s) LIMIT 1', [u'annavailcheese'])
2015-10-23 10:31:54 [peewee] DEBUG: ('INSERT INTO `app_project` (`second_id`, `title`, `author`, `project_url`, `img_url`, `location`, `end`, `pledged`, `goal`, `currency`, `date_modified`, `active`, `website`, `type`, `category_id`) VALUES (%s, %s, %s, %s, %s, %s, %s, %s, %s, %s, %s, %s, %s, %s, %s)', [u'annavailcheese', u'A Savory Slice of Joy:             Help AnnaVail Cheese Grow', u'Ann Kurronen', u'https://www.kickstarter.com/projects/annavailcheese/a-savory-slice-of-joy-help-annavail-cheese-grow', u'https://ksr-ugc.imgix.net/projects/1977749/photo-original.jpg?v=1445576688&w=218&h=162&fit=crop&auto=format&q=92&s=d172b56e39511a8bf1ab1132efa48ebe', u'Eagle, CO', u'2015-11-22', 2500, 0, u'USD', datetime.datetime(2015, 10, 23, 10, 31, 54, 820001), 1, 1, 1, 8])
2015-10-23 10:31:54 [scrapy] DEBUG: Scraped from <200 https://www.kickstarter.com/discover/categories/food?sort=newest>
{'author': u'Ann Kurronen',
 'category_id': 8,
 'currency': u'USD',
 'end': u'2015-11-22',
 'id': u'annavailcheese',
 'img_url': u'https://ksr-ugc.imgix.net/projects/1977749/photo-original.jpg?v=1445576688&w=218&h=162&fit=crop&auto=format&q=92&s=d172b56e39511a8bf1ab1132efa48ebe',
 'location': u'Eagle, CO',
 'pledged': u'2500',
 'project_url': u'https://www.kickstarter.com/projects/annavailcheese/a-savory-slice-of-joy-help-annavail-cheese-grow',
 'title': u'A Savory Slice of Joy:             Help AnnaVail Cheese Grow',
 'type': 1,
 'website': 1}
2015-10-23 10:31:54 [peewee] DEBUG: ('SELECT `t1`.`id`, `t1`.`second_id`, `t1`.`title`, `t1`.`author`, `t1`.`project_url`, `t1`.`img_url`, `t1`.`location`, `t1`.`end`, `t1`.`pledged`, `t1`.`goal`, `t1`.`currency`, `t1`.`date_modified`, `t1`.`active`, `t1`.`website`, `t1`.`type`, `t1`.`category_id` FROM `app_project` AS t1 WHERE (`t1`.`second_id` = %s) LIMIT 1', [u'657052892'])
2015-10-23 10:31:54 [peewee] DEBUG: ('INSERT INTO `app_project` (`second_id`, `title`, `author`, `project_url`, `img_url`, `location`, `end`, `pledged`, `goal`, `currency`, `date_modified`, `active`, `website`, `type`, `category_id`) VALUES (%s, %s, %s, %s, %s, %s, %s, %s, %s, %s, %s, %s, %s, %s, %s)', [u'657052892', u'Spoon Me', u'Kaj Ask', u'https://www.kickstarter.com/projects/657052892/spoon-me', u'https://ksr-ugc.imgix.net/projects/2149146/photo-original.jpg?v=1445554514&w=218&h=162&fit=crop&auto=format&q=92&s=9b69fe69a11b7b85e9c6225244faf297', u'Trondheim, Norway', u'2015-11-21', 0, 0, u'NOK', datetime.datetime(2015, 10, 23, 10, 31, 54, 828420), 1, 1, 1, 8])
2015-10-23 10:31:54 [scrapy] DEBUG: Scraped from <200 https://www.kickstarter.com/discover/categories/food?sort=newest>
{'author': u'Kaj Ask',
 'category_id': 8,
 'currency': u'NOK',
 'end': u'2015-11-21',
 'id': u'657052892',
 'img_url': u'https://ksr-ugc.imgix.net/projects/2149146/photo-original.jpg?v=1445554514&w=218&h=162&fit=crop&auto=format&q=92&s=9b69fe69a11b7b85e9c6225244faf297',
 'location': u'Trondheim, Norway',
 'pledged': u'000',
 'project_url': u'https://www.kickstarter.com/projects/657052892/spoon-me',
 'title': u'Spoon Me',
 'type': 1,
 'website': 1}
2015-10-23 10:31:54 [peewee] DEBUG: ('SELECT `t1`.`id`, `t1`.`second_id`, `t1`.`title`, `t1`.`author`, `t1`.`project_url`, `t1`.`img_url`, `t1`.`location`, `t1`.`end`, `t1`.`pledged`, `t1`.`goal`, `t1`.`currency`, `t1`.`date_modified`, `t1`.`active`, `t1`.`website`, `t1`.`type`, `t1`.`category_id` FROM `app_project` AS t1 WHERE (`t1`.`second_id` = %s) LIMIT 1', [u'200140728'])
2015-10-23 10:31:54 [peewee] DEBUG: ('INSERT INTO `app_project` (`second_id`, `title`, `author`, `project_url`, `img_url`, `location`, `end`, `pledged`, `goal`, `currency`, `date_modified`, `active`, `website`, `type`, `category_id`) VALUES (%s, %s, %s, %s, %s, %s, %s, %s, %s, %s, %s, %s, %s, %s, %s)', [u'200140728', u'WhichCraft Tavern (llc)', u'Ezra & Laura Stevens', u'https://www.kickstarter.com/projects/200140728/whichcraft-tavern-llc', u'https://ksr-ugc.imgix.net/projects/2137661/photo-original.png?v=1444951781&w=218&h=162&fit=crop&auto=format&q=92&s=13a4b7ae0b3e04da5c1fd6cd2d0584ff', u'Panama City, FL', u'2015-11-21', 0, 0, u'USD', datetime.datetime(2015, 10, 23, 10, 31, 54, 835226), 1, 1, 1, 8])
2015-10-23 10:31:54 [scrapy] DEBUG: Scraped from <200 https://www.kickstarter.com/discover/categories/food?sort=newest>
{'author': u'Ezra & Laura Stevens',
 'category_id': 8,
 'currency': u'USD',
 'end': u'2015-11-21',
 'id': u'200140728',
 'img_url': u'https://ksr-ugc.imgix.net/projects/2137661/photo-original.png?v=1444951781&w=218&h=162&fit=crop&auto=format&q=92&s=13a4b7ae0b3e04da5c1fd6cd2d0584ff',
 'location': u'Panama City, FL',
 'pledged': u'000',
 'project_url': u'https://www.kickstarter.com/projects/200140728/whichcraft-tavern-llc',
 'title': u'WhichCraft Tavern (llc)',
 'type': 1,
 'website': 1}
2015-10-23 10:31:54 [peewee] DEBUG: ('SELECT `t1`.`id`, `t1`.`second_id`, `t1`.`title`, `t1`.`author`, `t1`.`project_url`, `t1`.`img_url`, `t1`.`location`, `t1`.`end`, `t1`.`pledged`, `t1`.`goal`, `t1`.`currency`, `t1`.`date_modified`, `t1`.`active`, `t1`.`website`, `t1`.`type`, `t1`.`category_id` FROM `app_project` AS t1 WHERE (`t1`.`second_id` = %s) LIMIT 1', [u'1848522057'])
2015-10-23 10:31:54 [peewee] DEBUG: ('INSERT INTO `app_project` (`second_id`, `title`, `author`, `project_url`, `img_url`, `location`, `end`, `pledged`, `goal`, `currency`, `date_modified`, `active`, `website`, `type`, `category_id`) VALUES (%s, %s, %s, %s, %s, %s, %s, %s, %s, %s, %s, %s, %s, %s, %s)', [u'1848522057', u'Bridging the Gap Between the Youth & the Elderly', u'A.S.T.O.S.M.', u'https://www.kickstarter.com/projects/1848522057/bridging-the-gap-between-the-youth-and-the-elderly', u'https://ksr-ugc.imgix.net/projects/2145044/photo-original.jpg?v=1445365771&w=218&h=162&fit=crop&auto=format&q=92&s=9b7d3cf89ade5e8539fed4c886707b76', u'Santee, SC', u'2015-12-21', 0, 0, u'USD', datetime.datetime(2015, 10, 23, 10, 31, 54, 842077), 1, 1, 1, 8])
2015-10-23 10:31:54 [scrapy] DEBUG: Scraped from <200 https://www.kickstarter.com/discover/categories/food?sort=newest>
{'author': u'A.S.T.O.S.M.',
 'category_id': 8,
 'currency': u'USD',
 'end': u'2015-12-21',
 'id': u'1848522057',
 'img_url': u'https://ksr-ugc.imgix.net/projects/2145044/photo-original.jpg?v=1445365771&w=218&h=162&fit=crop&auto=format&q=92&s=9b7d3cf89ade5e8539fed4c886707b76',
 'location': u'Santee, SC',
 'pledged': u'000',
 'project_url': u'https://www.kickstarter.com/projects/1848522057/bridging-the-gap-between-the-youth-and-the-elderly',
 'title': u'Bridging the Gap Between the Youth & the Elderly',
 'type': 1,
 'website': 1}
2015-10-23 10:31:54 [peewee] DEBUG: ('SELECT `t1`.`id`, `t1`.`second_id`, `t1`.`title`, `t1`.`author`, `t1`.`project_url`, `t1`.`img_url`, `t1`.`location`, `t1`.`end`, `t1`.`pledged`, `t1`.`goal`, `t1`.`currency`, `t1`.`date_modified`, `t1`.`active`, `t1`.`website`, `t1`.`type`, `t1`.`category_id` FROM `app_project` AS t1 WHERE (`t1`.`second_id` = %s) LIMIT 1', [u'1525273843'])
2015-10-23 10:31:54 [peewee] DEBUG: ('INSERT INTO `app_project` (`second_id`, `title`, `author`, `project_url`, `img_url`, `location`, `end`, `pledged`, `goal`, `currency`, `date_modified`, `active`, `website`, `type`, `category_id`) VALUES (%s, %s, %s, %s, %s, %s, %s, %s, %s, %s, %s, %s, %s, %s, %s)', [u'1525273843', u"Charlotte's Kitchen (2.0)", u'william', u'https://www.kickstarter.com/projects/1525273843/charlottes-kitchen-20', u'https://ksr-ugc.imgix.net/projects/2140409/photo-original.jpg?v=1445118310&w=218&h=162&fit=crop&auto=format&q=92&s=32662491e46ddd3e79c11f9da5981e2f', u'Placerville, CA', u'2015-11-21', 0, 0, u'USD', datetime.datetime(2015, 10, 23, 10, 31, 54, 850958), 1, 1, 1, 8])
2015-10-23 10:31:54 [scrapy] DEBUG: Scraped from <200 https://www.kickstarter.com/discover/categories/food?sort=newest>
{'author': u'william',
 'category_id': 8,
 'currency': u'USD',
 'end': u'2015-11-21',
 'id': u'1525273843',
 'img_url': u'https://ksr-ugc.imgix.net/projects/2140409/photo-original.jpg?v=1445118310&w=218&h=162&fit=crop&auto=format&q=92&s=32662491e46ddd3e79c11f9da5981e2f',
 'location': u'Placerville, CA',
 'pledged': u'000',
 'project_url': u'https://www.kickstarter.com/projects/1525273843/charlottes-kitchen-20',
 'title': u"Charlotte's Kitchen (2.0)",
 'type': 1,
 'website': 1}
2015-10-23 10:31:54 [peewee] DEBUG: ('SELECT `t1`.`id`, `t1`.`second_id`, `t1`.`title`, `t1`.`author`, `t1`.`project_url`, `t1`.`img_url`, `t1`.`location`, `t1`.`end`, `t1`.`pledged`, `t1`.`goal`, `t1`.`currency`, `t1`.`date_modified`, `t1`.`active`, `t1`.`website`, `t1`.`type`, `t1`.`category_id` FROM `app_project` AS t1 WHERE (`t1`.`second_id` = %s) LIMIT 1', [u'761824661'])
2015-10-23 10:31:54 [peewee] DEBUG: ('INSERT INTO `app_project` (`second_id`, `title`, `author`, `project_url`, `img_url`, `location`, `end`, `pledged`, `goal`, `currency`, `date_modified`, `active`, `website`, `type`, `category_id`) VALUES (%s, %s, %s, %s, %s, %s, %s, %s, %s, %s, %s, %s, %s, %s, %s)', [u'761824661', u'For the Love of GUMBO', u'Robert Benford', u'https://www.kickstarter.com/projects/761824661/for-the-love-of-gumbo', u'https://ksr-ugc.imgix.net/projects/2123514/photo-original.jpg?v=1444244673&w=218&h=162&fit=crop&auto=format&q=92&s=1665eaeaa9fcad6d7d7cc17ca8fd7ee0', u'Washington, DC', u'2015-11-21', 0, 0, u'USD', datetime.datetime(2015, 10, 23, 10, 31, 54, 859325), 1, 1, 1, 8])
2015-10-23 10:31:54 [scrapy] DEBUG: Scraped from <200 https://www.kickstarter.com/discover/categories/food?sort=newest>
{'author': u'Robert Benford',
 'category_id': 8,
 'currency': u'USD',
 'end': u'2015-11-21',
 'id': u'761824661',
 'img_url': u'https://ksr-ugc.imgix.net/projects/2123514/photo-original.jpg?v=1444244673&w=218&h=162&fit=crop&auto=format&q=92&s=1665eaeaa9fcad6d7d7cc17ca8fd7ee0',
 'location': u'Washington, DC',
 'pledged': u'000',
 'project_url': u'https://www.kickstarter.com/projects/761824661/for-the-love-of-gumbo',
 'title': u'For the Love of GUMBO',
 'type': 1,
 'website': 1}
2015-10-23 10:31:54 [peewee] DEBUG: ('SELECT `t1`.`id`, `t1`.`second_id`, `t1`.`title`, `t1`.`author`, `t1`.`project_url`, `t1`.`img_url`, `t1`.`location`, `t1`.`end`, `t1`.`pledged`, `t1`.`goal`, `t1`.`currency`, `t1`.`date_modified`, `t1`.`active`, `t1`.`website`, `t1`.`type`, `t1`.`category_id` FROM `app_project` AS t1 WHERE (`t1`.`second_id` = %s) LIMIT 1', [u'341589324'])
2015-10-23 10:31:54 [peewee] DEBUG: ('INSERT INTO `app_project` (`second_id`, `title`, `author`, `project_url`, `img_url`, `location`, `end`, `pledged`, `goal`, `currency`, `date_modified`, `active`, `website`, `type`, `category_id`) VALUES (%s, %s, %s, %s, %s, %s, %s, %s, %s, %s, %s, %s, %s, %s, %s)', [u'341589324', u'Gourmet Fudge Packaging System', u"Sterling's Fudge", u'https://www.kickstarter.com/projects/341589324/gourmet-fudge-packaging-system', u'https://ksr-ugc.imgix.net/projects/2143156/photo-original.JPG?v=1445454640&w=218&h=162&fit=crop&auto=format&q=92&s=4ed99f09e1e64f957d17db18c68683bd', u'Hephzibah, GA', u'2015-11-21', 110, 0, u'USD', datetime.datetime(2015, 10, 23, 10, 31, 54, 866358), 1, 1, 1, 8])
2015-10-23 10:31:54 [scrapy] DEBUG: Scraped from <200 https://www.kickstarter.com/discover/categories/food?sort=newest>
{'author': u"Sterling's Fudge",
 'category_id': 8,
 'currency': u'USD',
 'end': u'2015-11-21',
 'id': u'341589324',
 'img_url': u'https://ksr-ugc.imgix.net/projects/2143156/photo-original.JPG?v=1445454640&w=218&h=162&fit=crop&auto=format&q=92&s=4ed99f09e1e64f957d17db18c68683bd',
 'location': u'Hephzibah, GA',
 'pledged': u'110',
 'project_url': u'https://www.kickstarter.com/projects/341589324/gourmet-fudge-packaging-system',
 'title': u'Gourmet Fudge Packaging System',
 'type': 1,
 'website': 1}
2015-10-23 10:31:54 [peewee] DEBUG: ('SELECT `t1`.`id`, `t1`.`second_id`, `t1`.`title`, `t1`.`author`, `t1`.`project_url`, `t1`.`img_url`, `t1`.`location`, `t1`.`end`, `t1`.`pledged`, `t1`.`goal`, `t1`.`currency`, `t1`.`date_modified`, `t1`.`active`, `t1`.`website`, `t1`.`type`, `t1`.`category_id` FROM `app_project` AS t1 WHERE (`t1`.`second_id` = %s) LIMIT 1', [u'1006510310'])
2015-10-23 10:31:54 [peewee] DEBUG: ('INSERT INTO `app_project` (`second_id`, `title`, `author`, `project_url`, `img_url`, `location`, `end`, `pledged`, `goal`, `currency`, `date_modified`, `active`, `website`, `type`, `category_id`) VALUES (%s, %s, %s, %s, %s, %s, %s, %s, %s, %s, %s, %s, %s, %s, %s)', [u'1006510310', u'Transitional Espresso: West End Blend Community Coffee Shop', u'Dorothy Owsley', u'https://www.kickstarter.com/projects/1006510310/transitional-espresso-west-end-blend-community-cof', u'https://ksr-ugc.imgix.net/projects/2123097/photo-original.gif?v=1444938408&w=218&h=162&fit=crop&auto=format&frame=1&q=92&s=8da2d1b7be0823e137a03f4857ac56ce', u'Roanoke, VA', u'2015-11-21', 150, 0, u'USD', datetime.datetime(2015, 10, 23, 10, 31, 54, 873259), 1, 1, 1, 8])
2015-10-23 10:31:54 [scrapy] DEBUG: Scraped from <200 https://www.kickstarter.com/discover/categories/food?sort=newest>
{'author': u'Dorothy Owsley',
 'category_id': 8,
 'currency': u'USD',
 'end': u'2015-11-21',
 'id': u'1006510310',
 'img_url': u'https://ksr-ugc.imgix.net/projects/2123097/photo-original.gif?v=1444938408&w=218&h=162&fit=crop&auto=format&frame=1&q=92&s=8da2d1b7be0823e137a03f4857ac56ce',
 'location': u'Roanoke, VA',
 'pledged': u'150',
 'project_url': u'https://www.kickstarter.com/projects/1006510310/transitional-espresso-west-end-blend-community-cof',
 'title': u'Transitional Espresso: West End Blend Community Coffee Shop',
 'type': 1,
 'website': 1}
2015-10-23 10:31:54 [peewee] DEBUG: ('SELECT `t1`.`id`, `t1`.`second_id`, `t1`.`title`, `t1`.`author`, `t1`.`project_url`, `t1`.`img_url`, `t1`.`location`, `t1`.`end`, `t1`.`pledged`, `t1`.`goal`, `t1`.`currency`, `t1`.`date_modified`, `t1`.`active`, `t1`.`website`, `t1`.`type`, `t1`.`category_id` FROM `app_project` AS t1 WHERE (`t1`.`second_id` = %s) LIMIT 1', [u'1357945991'])
2015-10-23 10:31:54 [peewee] DEBUG: ('INSERT INTO `app_project` (`second_id`, `title`, `author`, `project_url`, `img_url`, `location`, `end`, `pledged`, `goal`, `currency`, `date_modified`, `active`, `website`, `type`, `category_id`) VALUES (%s, %s, %s, %s, %s, %s, %s, %s, %s, %s, %s, %s, %s, %s, %s)', [u'1357945991', u'Da Fat Boyz BBQ at Depoe Bay', u'John Bagorio', u'https://www.kickstarter.com/projects/1357945991/da-fat-boyz-bbq-at-depoe-bay', u'https://ksr-ugc.imgix.net/projects/448544/photo-original.jpg?v=1397809142&w=218&h=162&fit=crop&auto=format&q=92&s=3d96b34b02d1807ecd250a0cbb343714', u'Depoe Bay, OR', u'2015-11-21', 4000, 0, u'USD', datetime.datetime(2015, 10, 23, 10, 31, 54, 880851), 1, 1, 1, 8])
2015-10-23 10:31:54 [scrapy] DEBUG: Scraped from <200 https://www.kickstarter.com/discover/categories/food?sort=newest>
{'author': u'John Bagorio',
 'category_id': 8,
 'currency': u'USD',
 'end': u'2015-11-21',
 'id': u'1357945991',
 'img_url': u'https://ksr-ugc.imgix.net/projects/448544/photo-original.jpg?v=1397809142&w=218&h=162&fit=crop&auto=format&q=92&s=3d96b34b02d1807ecd250a0cbb343714',
 'location': u'Depoe Bay, OR',
 'pledged': u'4000',
 'project_url': u'https://www.kickstarter.com/projects/1357945991/da-fat-boyz-bbq-at-depoe-bay',
 'title': u'Da Fat Boyz BBQ at Depoe Bay',
 'type': 1,
 'website': 1}
2015-10-23 10:31:54 [peewee] DEBUG: ('SELECT `t1`.`id`, `t1`.`second_id`, `t1`.`title`, `t1`.`author`, `t1`.`project_url`, `t1`.`img_url`, `t1`.`location`, `t1`.`end`, `t1`.`pledged`, `t1`.`goal`, `t1`.`currency`, `t1`.`date_modified`, `t1`.`active`, `t1`.`website`, `t1`.`type`, `t1`.`category_id` FROM `app_project` AS t1 WHERE (`t1`.`second_id` = %s) LIMIT 1', [u'1065372952'])
2015-10-23 10:31:54 [peewee] DEBUG: ('INSERT INTO `app_project` (`second_id`, `title`, `author`, `project_url`, `img_url`, `location`, `end`, `pledged`, `goal`, `currency`, `date_modified`, `active`, `website`, `type`, `category_id`) VALUES (%s, %s, %s, %s, %s, %s, %s, %s, %s, %s, %s, %s, %s, %s, %s)', [u'1065372952', u'WOOD FIRED OVEN FOR OUR GROWING COMMUNITY', u'Associazione Arci Miele', u'https://www.kickstarter.com/projects/1065372952/wood-fired-oven-for-our-growing-community', u'https://ksr-ugc.imgix.net/projects/2147298/photo-original.bmp?v=1445462491&w=218&h=162&fit=crop&auto=format&q=92&s=37d7bba240bea71176b5d507d128a597', u'Lecce, Italy', u'2015-11-21', 2000, 0, u'EUR', datetime.datetime(2015, 10, 23, 10, 31, 54, 888134), 1, 1, 1, 8])
2015-10-23 10:31:54 [scrapy] DEBUG: Scraped from <200 https://www.kickstarter.com/discover/categories/food?sort=newest>
{'author': u'Associazione Arci Miele',
 'category_id': 8,
 'currency': u'EUR',
 'end': u'2015-11-21',
 'id': u'1065372952',
 'img_url': u'https://ksr-ugc.imgix.net/projects/2147298/photo-original.bmp?v=1445462491&w=218&h=162&fit=crop&auto=format&q=92&s=37d7bba240bea71176b5d507d128a597',
 'location': u'Lecce, Italy',
 'pledged': u'2000',
 'project_url': u'https://www.kickstarter.com/projects/1065372952/wood-fired-oven-for-our-growing-community',
 'title': u'WOOD FIRED OVEN FOR OUR GROWING COMMUNITY',
 'type': 1,
 'website': 1}
2015-10-23 10:31:54 [peewee] DEBUG: ('SELECT `t1`.`id`, `t1`.`second_id`, `t1`.`title`, `t1`.`author`, `t1`.`project_url`, `t1`.`img_url`, `t1`.`location`, `t1`.`end`, `t1`.`pledged`, `t1`.`goal`, `t1`.`currency`, `t1`.`date_modified`, `t1`.`active`, `t1`.`website`, `t1`.`type`, `t1`.`category_id` FROM `app_project` AS t1 WHERE (`t1`.`second_id` = %s) LIMIT 1', [u'leigh-chantelle'])
2015-10-23 10:31:54 [peewee] DEBUG: ('INSERT INTO `app_project` (`second_id`, `title`, `author`, `project_url`, `img_url`, `location`, `end`, `pledged`, `goal`, `currency`, `date_modified`, `active`, `website`, `type`, `category_id`) VALUES (%s, %s, %s, %s, %s, %s, %s, %s, %s, %s, %s, %s, %s, %s, %s)', [u'leigh-chantelle', u'Vegan Athletes Book - Expert Tips, Interviews & More!', u'Leigh-Chantelle', u'https://www.kickstarter.com/projects/leigh-chantelle/vegan-athletes-book-expert-tips-interviews-and-mor', u'https://ksr-ugc.imgix.net/projects/2139353/photo-original.jpg?v=1445503076&w=218&h=162&fit=crop&auto=format&q=92&s=99c43724face765237f74c7982132e2a', u'Brisbane, AU', u'2015-11-21', 110, 0, u'AUD', datetime.datetime(2015, 10, 23, 10, 31, 54, 895002), 1, 1, 1, 8])
2015-10-23 10:31:54 [scrapy] DEBUG: Scraped from <200 https://www.kickstarter.com/discover/categories/food?sort=newest>
{'author': u'Leigh-Chantelle',
 'category_id': 8,
 'currency': u'AUD',
 'end': u'2015-11-21',
 'id': u'leigh-chantelle',
 'img_url': u'https://ksr-ugc.imgix.net/projects/2139353/photo-original.jpg?v=1445503076&w=218&h=162&fit=crop&auto=format&q=92&s=99c43724face765237f74c7982132e2a',
 'location': u'Brisbane, AU',
 'pledged': u'110',
 'project_url': u'https://www.kickstarter.com/projects/leigh-chantelle/vegan-athletes-book-expert-tips-interviews-and-mor',
 'title': u'Vegan Athletes Book - Expert Tips, Interviews & More!',
 'type': 1,
 'website': 1}
2015-10-23 10:31:54 [peewee] DEBUG: ('SELECT `t1`.`id`, `t1`.`second_id`, `t1`.`title`, `t1`.`author`, `t1`.`project_url`, `t1`.`img_url`, `t1`.`location`, `t1`.`end`, `t1`.`pledged`, `t1`.`goal`, `t1`.`currency`, `t1`.`date_modified`, `t1`.`active`, `t1`.`website`, `t1`.`type`, `t1`.`category_id` FROM `app_project` AS t1 WHERE (`t1`.`second_id` = %s) LIMIT 1', [u'1485839072'])
2015-10-23 10:31:54 [peewee] DEBUG: ('INSERT INTO `app_project` (`second_id`, `title`, `author`, `project_url`, `img_url`, `location`, `end`, `pledged`, `goal`, `currency`, `date_modified`, `active`, `website`, `type`, `category_id`) VALUES (%s, %s, %s, %s, %s, %s, %s, %s, %s, %s, %s, %s, %s, %s, %s)', [u'1485839072', u'Deez Nuts?', u'Caleb Lawler', u'https://www.kickstarter.com/projects/1485839072/deez-nuts-0', u'https://ksr-ugc.imgix.net/projects/2148551/photo-original.jpg?v=1445530522&w=218&h=162&fit=crop&auto=format&q=92&s=561a2b898596c4186db6d21b34c94e4e', u'Huntsville, AL', u'2015-11-21', 0, 0, u'USD', datetime.datetime(2015, 10, 23, 10, 31, 54, 902117), 1, 1, 1, 8])
2015-10-23 10:31:54 [scrapy] DEBUG: Scraped from <200 https://www.kickstarter.com/discover/categories/food?sort=newest>
{'author': u'Caleb Lawler',
 'category_id': 8,
 'currency': u'USD',
 'end': u'2015-11-21',
 'id': u'1485839072',
 'img_url': u'https://ksr-ugc.imgix.net/projects/2148551/photo-original.jpg?v=1445530522&w=218&h=162&fit=crop&auto=format&q=92&s=561a2b898596c4186db6d21b34c94e4e',
 'location': u'Huntsville, AL',
 'pledged': u'000',
 'project_url': u'https://www.kickstarter.com/projects/1485839072/deez-nuts-0',
 'title': u'Deez Nuts?',
 'type': 1,
 'website': 1}
2015-10-23 10:31:54 [peewee] DEBUG: ('SELECT `t1`.`id`, `t1`.`second_id`, `t1`.`title`, `t1`.`author`, `t1`.`project_url`, `t1`.`img_url`, `t1`.`location`, `t1`.`end`, `t1`.`pledged`, `t1`.`goal`, `t1`.`currency`, `t1`.`date_modified`, `t1`.`active`, `t1`.`website`, `t1`.`type`, `t1`.`category_id` FROM `app_project` AS t1 WHERE (`t1`.`second_id` = %s) LIMIT 1', [u'160770508'])
2015-10-23 10:31:54 [peewee] DEBUG: ('INSERT INTO `app_project` (`second_id`, `title`, `author`, `project_url`, `img_url`, `location`, `end`, `pledged`, `goal`, `currency`, `date_modified`, `active`, `website`, `type`, `category_id`) VALUES (%s, %s, %s, %s, %s, %s, %s, %s, %s, %s, %s, %s, %s, %s, %s)', [u'160770508', u'Cheezy Steaks', u'Bob Fair', u'https://www.kickstarter.com/projects/160770508/cheezy-steaks', u'https://ksr-ugc.imgix.net/projects/2094178/photo-original.jpg?v=1444505713&w=218&h=162&fit=crop&auto=format&q=92&s=d54e95f9ab95a2d038823edd53320643', u'Sevierville, TN', u'2015-11-20', 2500, 0, u'USD', datetime.datetime(2015, 10, 23, 10, 31, 54, 909106), 1, 1, 1, 8])
2015-10-23 10:31:54 [scrapy] DEBUG: Scraped from <200 https://www.kickstarter.com/discover/categories/food?sort=newest>
{'author': u'Bob Fair',
 'category_id': 8,
 'currency': u'USD',
 'end': u'2015-11-20',
 'id': u'160770508',
 'img_url': u'https://ksr-ugc.imgix.net/projects/2094178/photo-original.jpg?v=1444505713&w=218&h=162&fit=crop&auto=format&q=92&s=d54e95f9ab95a2d038823edd53320643',
 'location': u'Sevierville, TN',
 'pledged': u'2500',
 'project_url': u'https://www.kickstarter.com/projects/160770508/cheezy-steaks',
 'title': u'Cheezy Steaks',
 'type': 1,
 'website': 1}
2015-10-23 10:31:54 [peewee] DEBUG: ('SELECT `t1`.`id`, `t1`.`second_id`, `t1`.`title`, `t1`.`author`, `t1`.`project_url`, `t1`.`img_url`, `t1`.`location`, `t1`.`end`, `t1`.`pledged`, `t1`.`goal`, `t1`.`currency`, `t1`.`date_modified`, `t1`.`active`, `t1`.`website`, `t1`.`type`, `t1`.`category_id` FROM `app_project` AS t1 WHERE (`t1`.`second_id` = %s) LIMIT 1', [u'188786131'])
2015-10-23 10:31:54 [peewee] DEBUG: ('INSERT INTO `app_project` (`second_id`, `title`, `author`, `project_url`, `img_url`, `location`, `end`, `pledged`, `goal`, `currency`, `date_modified`, `active`, `website`, `type`, `category_id`) VALUES (%s, %s, %s, %s, %s, %s, %s, %s, %s, %s, %s, %s, %s, %s, %s)', [u'188786131', u'Class Craft Creations', u'CommDown', u'https://www.kickstarter.com/projects/188786131/class-craft-creations', u'https://ksr-ugc.imgix.net/projects/2113466/photo-original.png?v=1445451853&w=218&h=162&fit=crop&auto=format&q=92&s=5e8d242b683d44517f146b54af665793', u'Edwardsville, IL', u'2015-11-05', 7500, 0, u'USD', datetime.datetime(2015, 10, 23, 10, 31, 54, 915943), 1, 1, 1, 8])
2015-10-23 10:31:54 [scrapy] DEBUG: Scraped from <200 https://www.kickstarter.com/discover/categories/food?sort=newest>
{'author': u'CommDown',
 'category_id': 8,
 'currency': u'USD',
 'end': u'2015-11-05',
 'id': u'188786131',
 'img_url': u'https://ksr-ugc.imgix.net/projects/2113466/photo-original.png?v=1445451853&w=218&h=162&fit=crop&auto=format&q=92&s=5e8d242b683d44517f146b54af665793',
 'location': u'Edwardsville, IL',
 'pledged': u'7500',
 'project_url': u'https://www.kickstarter.com/projects/188786131/class-craft-creations',
 'title': u'Class Craft Creations',
 'type': 1,
 'website': 1}
2015-10-23 10:31:54 [peewee] DEBUG: ('SELECT `t1`.`id`, `t1`.`second_id`, `t1`.`title`, `t1`.`author`, `t1`.`project_url`, `t1`.`img_url`, `t1`.`location`, `t1`.`end`, `t1`.`pledged`, `t1`.`goal`, `t1`.`currency`, `t1`.`date_modified`, `t1`.`active`, `t1`.`website`, `t1`.`type`, `t1`.`category_id` FROM `app_project` AS t1 WHERE (`t1`.`second_id` = %s) LIMIT 1', [u'1553327896'])
2015-10-23 10:31:54 [peewee] DEBUG: ('INSERT INTO `app_project` (`second_id`, `title`, `author`, `project_url`, `img_url`, `location`, `end`, `pledged`, `goal`, `currency`, `date_modified`, `active`, `website`, `type`, `category_id`) VALUES (%s, %s, %s, %s, %s, %s, %s, %s, %s, %s, %s, %s, %s, %s, %s)', [u'1553327896', u'MeChef \\u2013 The benefits of Mediterranean cuisine', u'Michel Basaldella', u'https://www.kickstarter.com/projects/1553327896/mechef-the-benefits-of-mediterranean-cuisine', u'https://ksr-ugc.imgix.net/projects/2134595/photo-original.png?v=1445248016&w=218&h=162&fit=crop&auto=format&q=92&s=56ada500fa5ee6d04857ba9c7bba629c', u'Paris, France', u'2015-12-13', 0, 0, u'EUR', datetime.datetime(2015, 10, 23, 10, 31, 54, 922814), 1, 1, 1, 8])
2015-10-23 10:31:54 [scrapy] DEBUG: Scraped from <200 https://www.kickstarter.com/discover/categories/food?sort=newest>
{'author': u'Michel Basaldella',
 'category_id': 8,
 'currency': u'EUR',
 'end': u'2015-12-13',
 'id': u'1553327896',
 'img_url': u'https://ksr-ugc.imgix.net/projects/2134595/photo-original.png?v=1445248016&w=218&h=162&fit=crop&auto=format&q=92&s=56ada500fa5ee6d04857ba9c7bba629c',
 'location': u'Paris, France',
 'pledged': u'000',
 'project_url': u'https://www.kickstarter.com/projects/1553327896/mechef-the-benefits-of-mediterranean-cuisine',
 'title': u'MeChef \\u2013 The benefits of Mediterranean cuisine',
 'type': 1,
 'website': 1}
2015-10-23 10:31:54 [peewee] DEBUG: ('SELECT `t1`.`id`, `t1`.`second_id`, `t1`.`title`, `t1`.`author`, `t1`.`project_url`, `t1`.`img_url`, `t1`.`location`, `t1`.`end`, `t1`.`pledged`, `t1`.`goal`, `t1`.`currency`, `t1`.`date_modified`, `t1`.`active`, `t1`.`website`, `t1`.`type`, `t1`.`category_id` FROM `app_project` AS t1 WHERE (`t1`.`second_id` = %s) LIMIT 1', [u'889232150'])
2015-10-23 10:31:54 [peewee] DEBUG: ('INSERT INTO `app_project` (`second_id`, `title`, `author`, `project_url`, `img_url`, `location`, `end`, `pledged`, `goal`, `currency`, `date_modified`, `active`, `website`, `type`, `category_id`) VALUES (%s, %s, %s, %s, %s, %s, %s, %s, %s, %s, %s, %s, %s, %s, %s)', [u'889232150', u'iChoc', u'aaron Prinz', u'https://www.kickstarter.com/projects/889232150/ichoc', u'https://ksr-ugc.imgix.net/projects/2142735/photo-original.jpg?v=1445527155&w=218&h=162&fit=crop&auto=format&q=92&s=e3af4da7f284a68bb19d7efb208bdf79', u'Konstanz, Germany', u'2015-11-22', 0, 0, u'EUR', datetime.datetime(2015, 10, 23, 10, 31, 54, 930264), 1, 1, 1, 8])
2015-10-23 10:31:54 [scrapy] DEBUG: Scraped from <200 https://www.kickstarter.com/discover/categories/food?sort=newest>
{'author': u'aaron Prinz',
 'category_id': 8,
 'currency': u'EUR',
 'end': u'2015-11-22',
 'id': u'889232150',
 'img_url': u'https://ksr-ugc.imgix.net/projects/2142735/photo-original.jpg?v=1445527155&w=218&h=162&fit=crop&auto=format&q=92&s=e3af4da7f284a68bb19d7efb208bdf79',
 'location': u'Konstanz, Germany',
 'pledged': u'000',
 'project_url': u'https://www.kickstarter.com/projects/889232150/ichoc',
 'title': u'iChoc',
 'type': 1,
 'website': 1}
2015-10-23 10:31:54 [peewee] DEBUG: ('SELECT `t1`.`id`, `t1`.`second_id`, `t1`.`title`, `t1`.`author`, `t1`.`project_url`, `t1`.`img_url`, `t1`.`location`, `t1`.`end`, `t1`.`pledged`, `t1`.`goal`, `t1`.`currency`, `t1`.`date_modified`, `t1`.`active`, `t1`.`website`, `t1`.`type`, `t1`.`category_id` FROM `app_project` AS t1 WHERE (`t1`.`second_id` = %s) LIMIT 1', [u'bugbite'])
2015-10-23 10:31:54 [peewee] DEBUG: ('INSERT INTO `app_project` (`second_id`, `title`, `author`, `project_url`, `img_url`, `location`, `end`, `pledged`, `goal`, `currency`, `date_modified`, `active`, `website`, `type`, `category_id`) VALUES (%s, %s, %s, %s, %s, %s, %s, %s, %s, %s, %s, %s, %s, %s, %s)', [u'bugbite', u'BugBites: Dog Treats Made from Cricket Flour', u'BugBites', u'https://www.kickstarter.com/projects/bugbites/bugbites-dog-treats-made-from-cricket-flour', u'https://ksr-ugc.imgix.net/projects/2137756/photo-original.png?v=1445305945&w=218&h=162&fit=crop&auto=format&q=92&s=bf8044af4dcda4c4c462fe7e07161a67', u'Montreal, Canada', u'2015-11-21', 5035, 0, u'CAD', datetime.datetime(2015, 10, 23, 10, 31, 54, 937125), 1, 1, 1, 8])
2015-10-23 10:31:54 [scrapy] DEBUG: Scraped from <200 https://www.kickstarter.com/discover/categories/food?sort=newest>
{'author': u'BugBites',
 'category_id': 8,
 'currency': u'CAD',
 'end': u'2015-11-21',
 'id': u'bugbite',
 'img_url': u'https://ksr-ugc.imgix.net/projects/2137756/photo-original.png?v=1445305945&w=218&h=162&fit=crop&auto=format&q=92&s=bf8044af4dcda4c4c462fe7e07161a67',
 'location': u'Montreal, Canada',
 'pledged': u'5035',
 'project_url': u'https://www.kickstarter.com/projects/bugbites/bugbites-dog-treats-made-from-cricket-flour',
 'title': u'BugBites: Dog Treats Made from Cricket Flour',
 'type': 1,
 'website': 1}
2015-10-23 10:31:54 [peewee] DEBUG: ('SELECT `t1`.`id`, `t1`.`second_id`, `t1`.`title`, `t1`.`author`, `t1`.`project_url`, `t1`.`img_url`, `t1`.`location`, `t1`.`end`, `t1`.`pledged`, `t1`.`goal`, `t1`.`currency`, `t1`.`date_modified`, `t1`.`active`, `t1`.`website`, `t1`.`type`, `t1`.`category_id` FROM `app_project` AS t1 WHERE (`t1`.`second_id` = %s) LIMIT 1', [u'1576994638'])
2015-10-23 10:31:54 [peewee] DEBUG: ('INSERT INTO `app_project` (`second_id`, `title`, `author`, `project_url`, `img_url`, `location`, `end`, `pledged`, `goal`, `currency`, `date_modified`, `active`, `website`, `type`, `category_id`) VALUES (%s, %s, %s, %s, %s, %s, %s, %s, %s, %s, %s, %s, %s, %s, %s)', [u'1576994638', u'EAT-IN', u'Slow Food Youth Network Bergen', u'https://www.kickstarter.com/projects/1576994638/eat-in', u'https://ksr-ugc.imgix.net/projects/2138893/photo-original.png?v=1445026230&w=218&h=162&fit=crop&auto=format&q=92&s=dcdfa6ba3f2e67db778b0496350e02c3', u'Bergen, Norway', u'2015-11-01', 0, 0, u'NOK', datetime.datetime(2015, 10, 23, 10, 31, 54, 943954), 1, 1, 1, 8])
2015-10-23 10:31:54 [scrapy] DEBUG: Scraped from <200 https://www.kickstarter.com/discover/categories/food?sort=newest>
{'author': u'Slow Food Youth Network Bergen',
 'category_id': 8,
 'currency': u'NOK',
 'end': u'2015-11-01',
 'id': u'1576994638',
 'img_url': u'https://ksr-ugc.imgix.net/projects/2138893/photo-original.png?v=1445026230&w=218&h=162&fit=crop&auto=format&q=92&s=dcdfa6ba3f2e67db778b0496350e02c3',
 'location': u'Bergen, Norway',
 'pledged': u'000',
 'project_url': u'https://www.kickstarter.com/projects/1576994638/eat-in',
 'title': u'EAT-IN',
 'type': 1,
 'website': 1}
2015-10-23 10:31:54 [peewee] DEBUG: ('SELECT `t1`.`id`, `t1`.`second_id`, `t1`.`title`, `t1`.`author`, `t1`.`project_url`, `t1`.`img_url`, `t1`.`location`, `t1`.`end`, `t1`.`pledged`, `t1`.`goal`, `t1`.`currency`, `t1`.`date_modified`, `t1`.`active`, `t1`.`website`, `t1`.`type`, `t1`.`category_id` FROM `app_project` AS t1 WHERE (`t1`.`second_id` = %s) LIMIT 1', [u'1374759290'])
2015-10-23 10:31:54 [peewee] DEBUG: ('INSERT INTO `app_project` (`second_id`, `title`, `author`, `project_url`, `img_url`, `location`, `end`, `pledged`, `goal`, `currency`, `date_modified`, `active`, `website`, `type`, `category_id`) VALUES (%s, %s, %s, %s, %s, %s, %s, %s, %s, %s, %s, %s, %s, %s, %s)', [u'1374759290', u'MEATBALL REPUBLIC: HOME IS WHERE THE MEATBALL IS', u'Joe Fontana', u'https://www.kickstarter.com/projects/1374759290/meatball-republic-home-is-where-the-meatball-is', u'https://ksr-ugc.imgix.net/projects/2128631/photo-original.jpg?v=1445471988&w=218&h=162&fit=crop&auto=format&q=92&s=bcdc2193122147a2d5014a22899d5afb', u'Oceanside, CA', u'2015-11-20', 1475, 0, u'USD', datetime.datetime(2015, 10, 23, 10, 31, 54, 950971), 1, 1, 1, 8])
2015-10-23 10:31:54 [scrapy] DEBUG: Scraped from <200 https://www.kickstarter.com/discover/categories/food?sort=newest>
{'author': u'Joe Fontana',
 'category_id': 8,
 'currency': u'USD',
 'end': u'2015-11-20',
 'id': u'1374759290',
 'img_url': u'https://ksr-ugc.imgix.net/projects/2128631/photo-original.jpg?v=1445471988&w=218&h=162&fit=crop&auto=format&q=92&s=bcdc2193122147a2d5014a22899d5afb',
 'location': u'Oceanside, CA',
 'pledged': u'1475',
 'project_url': u'https://www.kickstarter.com/projects/1374759290/meatball-republic-home-is-where-the-meatball-is',
 'title': u'MEATBALL REPUBLIC: HOME IS WHERE THE MEATBALL IS',
 'type': 1,
 'website': 1}
2015-10-23 10:31:54 [peewee] DEBUG: ('SELECT `t1`.`id`, `t1`.`second_id`, `t1`.`title`, `t1`.`author`, `t1`.`project_url`, `t1`.`img_url`, `t1`.`location`, `t1`.`end`, `t1`.`pledged`, `t1`.`goal`, `t1`.`currency`, `t1`.`date_modified`, `t1`.`active`, `t1`.`website`, `t1`.`type`, `t1`.`category_id` FROM `app_project` AS t1 WHERE (`t1`.`second_id` = %s) LIMIT 1', [u'1235741680'])
2015-10-23 10:31:54 [peewee] DEBUG: ('INSERT INTO `app_project` (`second_id`, `title`, `author`, `project_url`, `img_url`, `location`, `end`, `pledged`, `goal`, `currency`, `date_modified`, `active`, `website`, `type`, `category_id`) VALUES (%s, %s, %s, %s, %s, %s, %s, %s, %s, %s, %s, %s, %s, %s, %s)', [u'1235741680', u'Rat Hole Brewing', u'Rat Hole Brewing', u'https://www.kickstarter.com/projects/1235741680/rat-hole-brewing', u'https://ksr-ugc.imgix.net/projects/1663647/photo-original.jpg?v=1423774574&w=218&h=162&fit=crop&auto=format&q=92&s=78a7374563ff7bf8eb42a64a4fddbb47', u'Bend, OR', u'2015-11-20', 1000, 0, u'USD', datetime.datetime(2015, 10, 23, 10, 31, 54, 957928), 1, 1, 1, 8])
2015-10-23 10:31:54 [scrapy] DEBUG: Scraped from <200 https://www.kickstarter.com/discover/categories/food?sort=newest>
{'author': u'Rat Hole Brewing',
 'category_id': 8,
 'currency': u'USD',
 'end': u'2015-11-20',
 'id': u'1235741680',
 'img_url': u'https://ksr-ugc.imgix.net/projects/1663647/photo-original.jpg?v=1423774574&w=218&h=162&fit=crop&auto=format&q=92&s=78a7374563ff7bf8eb42a64a4fddbb47',
 'location': u'Bend, OR',
 'pledged': u'1000',
 'project_url': u'https://www.kickstarter.com/projects/1235741680/rat-hole-brewing',
 'title': u'Rat Hole Brewing',
 'type': 1,
 'website': 1}
2015-10-23 10:31:54 [scrapy] INFO: Closing spider (finished)
2015-10-23 10:31:54 [scrapy] INFO: Stored jsonlines feed (20 items) in: file:///Users/marko/PythonProjects/cfservis/items/cfservis/kickstarter_getter/777f97d7796011e5a2437831c1c9baf0.jl
2015-10-23 10:31:54 [scrapy] INFO: Dumping Scrapy stats:
{'downloader/request_bytes': 253,
 'downloader/request_count': 1,
 'downloader/request_method_count/GET': 1,
 'downloader/response_bytes': 82063,
 'downloader/response_count': 1,
 'downloader/response_status_count/200': 1,
 'finish_reason': 'finished',
 'finish_time': datetime.datetime(2015, 10, 23, 8, 31, 54, 961935),
 'item_scraped_count': 20,
 'log_count/DEBUG': 62,
 'log_count/INFO': 8,
 'response_received_count': 1,
 'scheduler/dequeued': 1,
 'scheduler/dequeued/memory': 1,
 'scheduler/enqueued': 1,
 'scheduler/enqueued/memory': 1,
 'start_time': datetime.datetime(2015, 10, 23, 8, 31, 53, 370337)}
2015-10-23 10:31:54 [scrapy] INFO: Spider closed (finished)
