2015-10-23 10:31:58 [scrapy] INFO: Scrapy 1.0.3 started (bot: cfservis)
2015-10-23 10:31:58 [scrapy] INFO: Optional features available: ssl, http11
2015-10-23 10:31:58 [scrapy] INFO: Overridden settings: {'NEWSPIDER_MODULE': 'cfservis.spiders', 'SPIDER_MODULES': ['cfservis.spiders'], 'FEED_URI': 'file:///Users/marko/PythonProjects/cfservis/items/cfservis/kickstarter_getter/7e324e35796011e5838d7831c1c9baf0.jl', 'LOG_FILE': 'logs/cfservis/kickstarter_getter/7e324e35796011e5838d7831c1c9baf0.log', 'BOT_NAME': 'cfservis'}
2015-10-23 10:31:58 [scrapy] INFO: Enabled extensions: CloseSpider, FeedExporter, TelnetConsole, LogStats, CoreStats, SpiderState
2015-10-23 10:31:58 [scrapy] INFO: Enabled downloader middlewares: HttpAuthMiddleware, DownloadTimeoutMiddleware, UserAgentMiddleware, RetryMiddleware, DefaultHeadersMiddleware, MetaRefreshMiddleware, HttpCompressionMiddleware, RedirectMiddleware, CookiesMiddleware, ChunkedTransferMiddleware, DownloaderStats
2015-10-23 10:31:58 [scrapy] INFO: Enabled spider middlewares: HttpErrorMiddleware, OffsiteMiddleware, RefererMiddleware, UrlLengthMiddleware, DepthMiddleware
2015-10-23 10:31:58 [scrapy] INFO: Enabled item pipelines: MySQLStorePipeline
2015-10-23 10:31:58 [scrapy] INFO: Spider opened
2015-10-23 10:31:58 [scrapy] INFO: Crawled 0 pages (at 0 pages/min), scraped 0 items (at 0 items/min)
2015-10-23 10:31:58 [scrapy] DEBUG: Telnet console listening on 127.0.0.1:6023
2015-10-23 10:31:59 [scrapy] DEBUG: Crawled (200) <GET https://www.kickstarter.com/discover/categories/design?sort=newest> (referer: None)
2015-10-23 10:31:59 [peewee] DEBUG: ('SELECT `t1`.`id`, `t1`.`second_id`, `t1`.`title`, `t1`.`author`, `t1`.`project_url`, `t1`.`img_url`, `t1`.`location`, `t1`.`end`, `t1`.`pledged`, `t1`.`goal`, `t1`.`currency`, `t1`.`date_modified`, `t1`.`active`, `t1`.`website`, `t1`.`type`, `t1`.`category_id` FROM `app_project` AS t1 WHERE (`t1`.`second_id` = %s) LIMIT 1', [u'1721161646'])
2015-10-23 10:31:59 [peewee] DEBUG: ('INSERT INTO `app_project` (`second_id`, `title`, `author`, `project_url`, `img_url`, `location`, `end`, `pledged`, `goal`, `currency`, `date_modified`, `active`, `website`, `type`, `category_id`) VALUES (%s, %s, %s, %s, %s, %s, %s, %s, %s, %s, %s, %s, %s, %s, %s)', [u'1721161646', u"Skylarc's Woodland Collection", u'Sarah Louise Clare', u'https://www.kickstarter.com/projects/1721161646/skylarcs-woodland-collection', u'https://ksr-ugc.imgix.net/projects/2083584/photo-original.jpg?v=1442566554&w=218&h=162&fit=crop&auto=format&q=92&s=002f412ba05022e1982c6c8090678b0c', u'Barnard Castle, UK', u'2015-11-17', 0, 0, u'GBP', datetime.datetime(2015, 10, 23, 10, 31, 59, 594226), 1, 1, 1, 4])
2015-10-23 10:31:59 [scrapy] DEBUG: Scraped from <200 https://www.kickstarter.com/discover/categories/design?sort=newest>
{'author': u'Sarah Louise Clare',
 'category_id': 4,
 'currency': u'GBP',
 'end': u'2015-11-17',
 'id': u'1721161646',
 'img_url': u'https://ksr-ugc.imgix.net/projects/2083584/photo-original.jpg?v=1442566554&w=218&h=162&fit=crop&auto=format&q=92&s=002f412ba05022e1982c6c8090678b0c',
 'location': u'Barnard Castle, UK',
 'pledged': u'000',
 'project_url': u'https://www.kickstarter.com/projects/1721161646/skylarcs-woodland-collection',
 'title': u"Skylarc's Woodland Collection",
 'type': 1,
 'website': 1}
2015-10-23 10:31:59 [peewee] DEBUG: ('SELECT `t1`.`id`, `t1`.`second_id`, `t1`.`title`, `t1`.`author`, `t1`.`project_url`, `t1`.`img_url`, `t1`.`location`, `t1`.`end`, `t1`.`pledged`, `t1`.`goal`, `t1`.`currency`, `t1`.`date_modified`, `t1`.`active`, `t1`.`website`, `t1`.`type`, `t1`.`category_id` FROM `app_project` AS t1 WHERE (`t1`.`second_id` = %s) LIMIT 1', [u'1784270956'])
2015-10-23 10:31:59 [peewee] DEBUG: ('INSERT INTO `app_project` (`second_id`, `title`, `author`, `project_url`, `img_url`, `location`, `end`, `pledged`, `goal`, `currency`, `date_modified`, `active`, `website`, `type`, `category_id`) VALUES (%s, %s, %s, %s, %s, %s, %s, %s, %s, %s, %s, %s, %s, %s, %s)', [u'1784270956', u"Pets' Friends Jewelry Company", u'Alina Burleyson', u'https://www.kickstarter.com/projects/1784270956/pets-friends-jewelry-company', u'https://ksr-ugc.imgix.net/projects/2133144/photo-original.jpg?v=1445210921&w=218&h=162&fit=crop&auto=format&q=92&s=efd243f23bc65b8b0f8f000756b5c2e4', u'Murfreesboro, TN', u'2015-11-21', 0, 0, u'USD', datetime.datetime(2015, 10, 23, 10, 31, 59, 604272), 1, 1, 1, 4])
2015-10-23 10:31:59 [scrapy] DEBUG: Scraped from <200 https://www.kickstarter.com/discover/categories/design?sort=newest>
{'author': u'Alina Burleyson',
 'category_id': 4,
 'currency': u'USD',
 'end': u'2015-11-21',
 'id': u'1784270956',
 'img_url': u'https://ksr-ugc.imgix.net/projects/2133144/photo-original.jpg?v=1445210921&w=218&h=162&fit=crop&auto=format&q=92&s=efd243f23bc65b8b0f8f000756b5c2e4',
 'location': u'Murfreesboro, TN',
 'pledged': u'000',
 'project_url': u'https://www.kickstarter.com/projects/1784270956/pets-friends-jewelry-company',
 'title': u"Pets' Friends Jewelry Company",
 'type': 1,
 'website': 1}
2015-10-23 10:31:59 [peewee] DEBUG: ('SELECT `t1`.`id`, `t1`.`second_id`, `t1`.`title`, `t1`.`author`, `t1`.`project_url`, `t1`.`img_url`, `t1`.`location`, `t1`.`end`, `t1`.`pledged`, `t1`.`goal`, `t1`.`currency`, `t1`.`date_modified`, `t1`.`active`, `t1`.`website`, `t1`.`type`, `t1`.`category_id` FROM `app_project` AS t1 WHERE (`t1`.`second_id` = %s) LIMIT 1', [u'venque'])
2015-10-23 10:31:59 [peewee] DEBUG: ('INSERT INTO `app_project` (`second_id`, `title`, `author`, `project_url`, `img_url`, `location`, `end`, `pledged`, `goal`, `currency`, `date_modified`, `active`, `website`, `type`, `category_id`) VALUES (%s, %s, %s, %s, %s, %s, %s, %s, %s, %s, %s, %s, %s, %s, %s)', [u'venque', u'VENQUE - The Future of Duffle + Backpack 2in1', u'VENQUE', u'https://www.kickstarter.com/projects/venque/venque-the-future-of-duffle-backpack-2in1', u'https://ksr-ugc.imgix.net/projects/2143105/photo-original.jpg?v=1445388609&w=218&h=162&fit=crop&auto=format&q=92&s=5d1fefac91cce51d39125d9851db0ef1', u'Toronto, Canada', u'2015-11-28', 12690, 0, u'CAD', datetime.datetime(2015, 10, 23, 10, 31, 59, 612490), 1, 1, 1, 4])
2015-10-23 10:31:59 [scrapy] DEBUG: Scraped from <200 https://www.kickstarter.com/discover/categories/design?sort=newest>
{'author': u'VENQUE',
 'category_id': 4,
 'currency': u'CAD',
 'end': u'2015-11-28',
 'id': u'venque',
 'img_url': u'https://ksr-ugc.imgix.net/projects/2143105/photo-original.jpg?v=1445388609&w=218&h=162&fit=crop&auto=format&q=92&s=5d1fefac91cce51d39125d9851db0ef1',
 'location': u'Toronto, Canada',
 'pledged': u'12690',
 'project_url': u'https://www.kickstarter.com/projects/venque/venque-the-future-of-duffle-backpack-2in1',
 'title': u'VENQUE - The Future of Duffle + Backpack 2in1',
 'type': 1,
 'website': 1}
2015-10-23 10:31:59 [peewee] DEBUG: ('SELECT `t1`.`id`, `t1`.`second_id`, `t1`.`title`, `t1`.`author`, `t1`.`project_url`, `t1`.`img_url`, `t1`.`location`, `t1`.`end`, `t1`.`pledged`, `t1`.`goal`, `t1`.`currency`, `t1`.`date_modified`, `t1`.`active`, `t1`.`website`, `t1`.`type`, `t1`.`category_id` FROM `app_project` AS t1 WHERE (`t1`.`second_id` = %s) LIMIT 1', [u'3direction'])
2015-10-23 10:31:59 [peewee] DEBUG: ('INSERT INTO `app_project` (`second_id`, `title`, `author`, `project_url`, `img_url`, `location`, `end`, `pledged`, `goal`, `currency`, `date_modified`, `active`, `website`, `type`, `category_id`) VALUES (%s, %s, %s, %s, %s, %s, %s, %s, %s, %s, %s, %s, %s, %s, %s)', [u'3direction', u'Light up kits for LEGO 10249 - Winter Toy Shop', u'3direction', u'https://www.kickstarter.com/projects/3direction/light-up-kits-for-lego-10249-winter-toy-shop', u'https://ksr-ugc.imgix.net/projects/2146998/photo-original.jpg?v=1445451728&w=218&h=162&fit=crop&auto=format&q=92&s=36d8e21df0a592a3e7ecacedd562a656', u'New York, NY', u'2015-11-04', 8000, 0, u'USD', datetime.datetime(2015, 10, 23, 10, 31, 59, 620953), 1, 1, 1, 4])
2015-10-23 10:31:59 [scrapy] DEBUG: Scraped from <200 https://www.kickstarter.com/discover/categories/design?sort=newest>
{'author': u'3direction',
 'category_id': 4,
 'currency': u'USD',
 'end': u'2015-11-04',
 'id': u'3direction',
 'img_url': u'https://ksr-ugc.imgix.net/projects/2146998/photo-original.jpg?v=1445451728&w=218&h=162&fit=crop&auto=format&q=92&s=36d8e21df0a592a3e7ecacedd562a656',
 'location': u'New York, NY',
 'pledged': u'8000',
 'project_url': u'https://www.kickstarter.com/projects/3direction/light-up-kits-for-lego-10249-winter-toy-shop',
 'title': u'Light up kits for LEGO 10249 - Winter Toy Shop',
 'type': 1,
 'website': 1}
2015-10-23 10:31:59 [peewee] DEBUG: ('SELECT `t1`.`id`, `t1`.`second_id`, `t1`.`title`, `t1`.`author`, `t1`.`project_url`, `t1`.`img_url`, `t1`.`location`, `t1`.`end`, `t1`.`pledged`, `t1`.`goal`, `t1`.`currency`, `t1`.`date_modified`, `t1`.`active`, `t1`.`website`, `t1`.`type`, `t1`.`category_id` FROM `app_project` AS t1 WHERE (`t1`.`second_id` = %s) LIMIT 1', [u'1118451702'])
2015-10-23 10:31:59 [peewee] DEBUG: ('INSERT INTO `app_project` (`second_id`, `title`, `author`, `project_url`, `img_url`, `location`, `end`, `pledged`, `goal`, `currency`, `date_modified`, `active`, `website`, `type`, `category_id`) VALUES (%s, %s, %s, %s, %s, %s, %s, %s, %s, %s, %s, %s, %s, %s, %s)', [u'1118451702', u'Tutoriel complet Aquarium Juwel 450 vision ultra plant\\xe9', u'Langlais', u'https://www.kickstarter.com/projects/1118451702/tutoriel-complet-aquarium-juwel-450-vision-ultra-p', u'https://ksr-ugc.imgix.net/projects/2145596/photo-original.PNG?v=1445379975&w=218&h=162&fit=crop&auto=format&q=92&s=00315deddf0e66eeaee33ca80908d45b', u'Le Kremlin-Bic\\xeatre, France', u'2015-12-21', 0, 0, u'EUR', datetime.datetime(2015, 10, 23, 10, 31, 59, 628180), 1, 1, 1, 4])
2015-10-23 10:31:59 [scrapy] DEBUG: Scraped from <200 https://www.kickstarter.com/discover/categories/design?sort=newest>
{'author': u'Langlais',
 'category_id': 4,
 'currency': u'EUR',
 'end': u'2015-12-21',
 'id': u'1118451702',
 'img_url': u'https://ksr-ugc.imgix.net/projects/2145596/photo-original.PNG?v=1445379975&w=218&h=162&fit=crop&auto=format&q=92&s=00315deddf0e66eeaee33ca80908d45b',
 'location': u'Le Kremlin-Bic\\xeatre, France',
 'pledged': u'000',
 'project_url': u'https://www.kickstarter.com/projects/1118451702/tutoriel-complet-aquarium-juwel-450-vision-ultra-p',
 'title': u'Tutoriel complet Aquarium Juwel 450 vision ultra plant\\xe9',
 'type': 1,
 'website': 1}
2015-10-23 10:31:59 [peewee] DEBUG: ('SELECT `t1`.`id`, `t1`.`second_id`, `t1`.`title`, `t1`.`author`, `t1`.`project_url`, `t1`.`img_url`, `t1`.`location`, `t1`.`end`, `t1`.`pledged`, `t1`.`goal`, `t1`.`currency`, `t1`.`date_modified`, `t1`.`active`, `t1`.`website`, `t1`.`type`, `t1`.`category_id` FROM `app_project` AS t1 WHERE (`t1`.`second_id` = %s) LIMIT 1', [u'1980211618'])
2015-10-23 10:31:59 [peewee] DEBUG: ('INSERT INTO `app_project` (`second_id`, `title`, `author`, `project_url`, `img_url`, `location`, `end`, `pledged`, `goal`, `currency`, `date_modified`, `active`, `website`, `type`, `category_id`) VALUES (%s, %s, %s, %s, %s, %s, %s, %s, %s, %s, %s, %s, %s, %s, %s)', [u'1980211618', u'A Visual History of Firearms', u'Alex Fernbach', u'https://www.kickstarter.com/projects/1980211618/a-visual-history-of-firearms', u'https://ksr-ugc.imgix.net/projects/2012749/photo-original.jpg?v=1445019116&w=218&h=162&fit=crop&auto=format&q=92&s=0e032d5e32c6174cb42739d7c6fd3ec4', u'Brooklyn, NY', u'2015-11-21', 216, 0, u'USD', datetime.datetime(2015, 10, 23, 10, 31, 59, 636643), 1, 1, 1, 4])
2015-10-23 10:31:59 [scrapy] DEBUG: Scraped from <200 https://www.kickstarter.com/discover/categories/design?sort=newest>
{'author': u'Alex Fernbach',
 'category_id': 4,
 'currency': u'USD',
 'end': u'2015-11-21',
 'id': u'1980211618',
 'img_url': u'https://ksr-ugc.imgix.net/projects/2012749/photo-original.jpg?v=1445019116&w=218&h=162&fit=crop&auto=format&q=92&s=0e032d5e32c6174cb42739d7c6fd3ec4',
 'location': u'Brooklyn, NY',
 'pledged': u'216',
 'project_url': u'https://www.kickstarter.com/projects/1980211618/a-visual-history-of-firearms',
 'title': u'A Visual History of Firearms',
 'type': 1,
 'website': 1}
2015-10-23 10:31:59 [peewee] DEBUG: ('SELECT `t1`.`id`, `t1`.`second_id`, `t1`.`title`, `t1`.`author`, `t1`.`project_url`, `t1`.`img_url`, `t1`.`location`, `t1`.`end`, `t1`.`pledged`, `t1`.`goal`, `t1`.`currency`, `t1`.`date_modified`, `t1`.`active`, `t1`.`website`, `t1`.`type`, `t1`.`category_id` FROM `app_project` AS t1 WHERE (`t1`.`second_id` = %s) LIMIT 1', [u'771918627'])
2015-10-23 10:31:59 [peewee] DEBUG: ('INSERT INTO `app_project` (`second_id`, `title`, `author`, `project_url`, `img_url`, `location`, `end`, `pledged`, `goal`, `currency`, `date_modified`, `active`, `website`, `type`, `category_id`) VALUES (%s, %s, %s, %s, %s, %s, %s, %s, %s, %s, %s, %s, %s, %s, %s)', [u'771918627', u'Italian countryside tree houses', u'Niccolo Puzzanghera', u'https://www.kickstarter.com/projects/771918627/italian-countryside-tree-houses', u'https://ksr-ugc.imgix.net/projects/2141904/photo-original.jpg?v=1445202780&w=218&h=162&fit=crop&auto=format&q=92&s=78926ef0f9a7e85d43138ba84f569484', u'Florence, Italy', u'2015-12-18', 0, 0, u'EUR', datetime.datetime(2015, 10, 23, 10, 31, 59, 644673), 1, 1, 1, 4])
2015-10-23 10:31:59 [scrapy] DEBUG: Scraped from <200 https://www.kickstarter.com/discover/categories/design?sort=newest>
{'author': u'Niccolo Puzzanghera',
 'category_id': 4,
 'currency': u'EUR',
 'end': u'2015-12-18',
 'id': u'771918627',
 'img_url': u'https://ksr-ugc.imgix.net/projects/2141904/photo-original.jpg?v=1445202780&w=218&h=162&fit=crop&auto=format&q=92&s=78926ef0f9a7e85d43138ba84f569484',
 'location': u'Florence, Italy',
 'pledged': u'000',
 'project_url': u'https://www.kickstarter.com/projects/771918627/italian-countryside-tree-houses',
 'title': u'Italian countryside tree houses',
 'type': 1,
 'website': 1}
2015-10-23 10:31:59 [peewee] DEBUG: ('SELECT `t1`.`id`, `t1`.`second_id`, `t1`.`title`, `t1`.`author`, `t1`.`project_url`, `t1`.`img_url`, `t1`.`location`, `t1`.`end`, `t1`.`pledged`, `t1`.`goal`, `t1`.`currency`, `t1`.`date_modified`, `t1`.`active`, `t1`.`website`, `t1`.`type`, `t1`.`category_id` FROM `app_project` AS t1 WHERE (`t1`.`second_id` = %s) LIMIT 1', [u'1930097708'])
2015-10-23 10:31:59 [peewee] DEBUG: ('INSERT INTO `app_project` (`second_id`, `title`, `author`, `project_url`, `img_url`, `location`, `end`, `pledged`, `goal`, `currency`, `date_modified`, `active`, `website`, `type`, `category_id`) VALUES (%s, %s, %s, %s, %s, %s, %s, %s, %s, %s, %s, %s, %s, %s, %s)', [u'1930097708', u'Sippy, Espresso maker on the go', u'FD-UK', u'https://www.kickstarter.com/projects/1930097708/sippy-espresso-maker-on-the-go-0', u'https://ksr-ugc.imgix.net/projects/2139866/photo-original.jpg?v=1445545684&w=218&h=162&fit=crop&auto=format&q=92&s=1368097bc856bb5071b1e1cbc810fe38', u'Greater London, UK', u'2015-12-21', 3130, 0, u'GBP', datetime.datetime(2015, 10, 23, 10, 31, 59, 653219), 1, 1, 1, 4])
2015-10-23 10:31:59 [scrapy] DEBUG: Scraped from <200 https://www.kickstarter.com/discover/categories/design?sort=newest>
{'author': u'FD-UK',
 'category_id': 4,
 'currency': u'GBP',
 'end': u'2015-12-21',
 'id': u'1930097708',
 'img_url': u'https://ksr-ugc.imgix.net/projects/2139866/photo-original.jpg?v=1445545684&w=218&h=162&fit=crop&auto=format&q=92&s=1368097bc856bb5071b1e1cbc810fe38',
 'location': u'Greater London, UK',
 'pledged': u'3130',
 'project_url': u'https://www.kickstarter.com/projects/1930097708/sippy-espresso-maker-on-the-go-0',
 'title': u'Sippy, Espresso maker on the go',
 'type': 1,
 'website': 1}
2015-10-23 10:31:59 [peewee] DEBUG: ('SELECT `t1`.`id`, `t1`.`second_id`, `t1`.`title`, `t1`.`author`, `t1`.`project_url`, `t1`.`img_url`, `t1`.`location`, `t1`.`end`, `t1`.`pledged`, `t1`.`goal`, `t1`.`currency`, `t1`.`date_modified`, `t1`.`active`, `t1`.`website`, `t1`.`type`, `t1`.`category_id` FROM `app_project` AS t1 WHERE (`t1`.`second_id` = %s) LIMIT 1', [u'900871023'])
2015-10-23 10:31:59 [peewee] DEBUG: ('INSERT INTO `app_project` (`second_id`, `title`, `author`, `project_url`, `img_url`, `location`, `end`, `pledged`, `goal`, `currency`, `date_modified`, `active`, `website`, `type`, `category_id`) VALUES (%s, %s, %s, %s, %s, %s, %s, %s, %s, %s, %s, %s, %s, %s, %s)', [u'900871023', u'LandWrap : A Recycled Fabric Planter', u'Charles Anderson + Nicole Ives', u'https://www.kickstarter.com/projects/900871023/landwrap-a-recycled-fabric-planter', u'https://ksr-ugc.imgix.net/projects/2050783/photo-original.png?v=1441476427&w=218&h=162&fit=crop&auto=format&q=92&s=d75f90bdd29f5bbd78305e5c2d7eb7df', u'Los Angeles, CA', u'2015-11-12', 140, 0, u'USD', datetime.datetime(2015, 10, 23, 10, 31, 59, 660571), 1, 1, 1, 4])
2015-10-23 10:31:59 [scrapy] DEBUG: Scraped from <200 https://www.kickstarter.com/discover/categories/design?sort=newest>
{'author': u'Charles Anderson + Nicole Ives',
 'category_id': 4,
 'currency': u'USD',
 'end': u'2015-11-12',
 'id': u'900871023',
 'img_url': u'https://ksr-ugc.imgix.net/projects/2050783/photo-original.png?v=1441476427&w=218&h=162&fit=crop&auto=format&q=92&s=d75f90bdd29f5bbd78305e5c2d7eb7df',
 'location': u'Los Angeles, CA',
 'pledged': u'140',
 'project_url': u'https://www.kickstarter.com/projects/900871023/landwrap-a-recycled-fabric-planter',
 'title': u'LandWrap : A Recycled Fabric Planter',
 'type': 1,
 'website': 1}
2015-10-23 10:31:59 [peewee] DEBUG: ('SELECT `t1`.`id`, `t1`.`second_id`, `t1`.`title`, `t1`.`author`, `t1`.`project_url`, `t1`.`img_url`, `t1`.`location`, `t1`.`end`, `t1`.`pledged`, `t1`.`goal`, `t1`.`currency`, `t1`.`date_modified`, `t1`.`active`, `t1`.`website`, `t1`.`type`, `t1`.`category_id` FROM `app_project` AS t1 WHERE (`t1`.`second_id` = %s) LIMIT 1', [u'336837899'])
2015-10-23 10:31:59 [peewee] DEBUG: ('INSERT INTO `app_project` (`second_id`, `title`, `author`, `project_url`, `img_url`, `location`, `end`, `pledged`, `goal`, `currency`, `date_modified`, `active`, `website`, `type`, `category_id`) VALUES (%s, %s, %s, %s, %s, %s, %s, %s, %s, %s, %s, %s, %s, %s, %s)', [u'336837899', u'My Doo the Entrepreneurs Journal', u'Bosco Gomez', u'https://www.kickstarter.com/projects/336837899/my-doo-the-entrepreneurs-journal', u'https://ksr-ugc.imgix.net/projects/2124023/photo-original.jpg?v=1445463095&w=218&h=162&fit=crop&auto=format&q=92&s=c7ffb1e4aedb06f66a1a97513b7bf6d5', u'Austin, TX', u'2015-11-26', 170, 0, u'USD', datetime.datetime(2015, 10, 23, 10, 31, 59, 669594), 1, 1, 1, 4])
2015-10-23 10:31:59 [scrapy] DEBUG: Scraped from <200 https://www.kickstarter.com/discover/categories/design?sort=newest>
{'author': u'Bosco Gomez',
 'category_id': 4,
 'currency': u'USD',
 'end': u'2015-11-26',
 'id': u'336837899',
 'img_url': u'https://ksr-ugc.imgix.net/projects/2124023/photo-original.jpg?v=1445463095&w=218&h=162&fit=crop&auto=format&q=92&s=c7ffb1e4aedb06f66a1a97513b7bf6d5',
 'location': u'Austin, TX',
 'pledged': u'170',
 'project_url': u'https://www.kickstarter.com/projects/336837899/my-doo-the-entrepreneurs-journal',
 'title': u'My Doo the Entrepreneurs Journal',
 'type': 1,
 'website': 1}
2015-10-23 10:31:59 [peewee] DEBUG: ('SELECT `t1`.`id`, `t1`.`second_id`, `t1`.`title`, `t1`.`author`, `t1`.`project_url`, `t1`.`img_url`, `t1`.`location`, `t1`.`end`, `t1`.`pledged`, `t1`.`goal`, `t1`.`currency`, `t1`.`date_modified`, `t1`.`active`, `t1`.`website`, `t1`.`type`, `t1`.`category_id` FROM `app_project` AS t1 WHERE (`t1`.`second_id` = %s) LIMIT 1', [u'jptac'])
2015-10-23 10:31:59 [peewee] DEBUG: ('INSERT INTO `app_project` (`second_id`, `title`, `author`, `project_url`, `img_url`, `location`, `end`, `pledged`, `goal`, `currency`, `date_modified`, `active`, `website`, `type`, `category_id`) VALUES (%s, %s, %s, %s, %s, %s, %s, %s, %s, %s, %s, %s, %s, %s, %s)', [u'jptac', u'The Tactful (Tactical) Pen & Tool: A Unique EDC For Life', u'JP', u'https://www.kickstarter.com/projects/jptac/the-tactful-tactical-pen-and-tool-a-unique-edc-for', u'https://ksr-ugc.imgix.net/projects/2146804/photo-original.jpg?v=1445445250&w=218&h=162&fit=crop&auto=format&q=92&s=c52674dcd395e1bd8ce211b1b453e44a', u'Sacramento, CA', u'2015-12-11', 1770, 0, u'USD', datetime.datetime(2015, 10, 23, 10, 31, 59, 677716), 1, 1, 1, 4])
2015-10-23 10:31:59 [scrapy] DEBUG: Scraped from <200 https://www.kickstarter.com/discover/categories/design?sort=newest>
{'author': u'JP',
 'category_id': 4,
 'currency': u'USD',
 'end': u'2015-12-11',
 'id': u'jptac',
 'img_url': u'https://ksr-ugc.imgix.net/projects/2146804/photo-original.jpg?v=1445445250&w=218&h=162&fit=crop&auto=format&q=92&s=c52674dcd395e1bd8ce211b1b453e44a',
 'location': u'Sacramento, CA',
 'pledged': u'1770',
 'project_url': u'https://www.kickstarter.com/projects/jptac/the-tactful-tactical-pen-and-tool-a-unique-edc-for',
 'title': u'The Tactful (Tactical) Pen & Tool: A Unique EDC For Life',
 'type': 1,
 'website': 1}
2015-10-23 10:31:59 [peewee] DEBUG: ('SELECT `t1`.`id`, `t1`.`second_id`, `t1`.`title`, `t1`.`author`, `t1`.`project_url`, `t1`.`img_url`, `t1`.`location`, `t1`.`end`, `t1`.`pledged`, `t1`.`goal`, `t1`.`currency`, `t1`.`date_modified`, `t1`.`active`, `t1`.`website`, `t1`.`type`, `t1`.`category_id` FROM `app_project` AS t1 WHERE (`t1`.`second_id` = %s) LIMIT 1', [u'658791315'])
2015-10-23 10:31:59 [peewee] DEBUG: ('INSERT INTO `app_project` (`second_id`, `title`, `author`, `project_url`, `img_url`, `location`, `end`, `pledged`, `goal`, `currency`, `date_modified`, `active`, `website`, `type`, `category_id`) VALUES (%s, %s, %s, %s, %s, %s, %s, %s, %s, %s, %s, %s, %s, %s, %s)', [u'658791315', u'The Cord Master', u'The Cord Master, LLC', u'https://www.kickstarter.com/projects/658791315/the-cord-master', u'https://ksr-ugc.imgix.net/projects/1290732/photo-original.jpg?v=1439486350&w=218&h=162&fit=crop&auto=format&q=92&s=f28f6d77500784fd8fcb88c4dfb938ba', u'Minneapolis, MN', u'2015-11-26', 155, 0, u'USD', datetime.datetime(2015, 10, 23, 10, 31, 59, 685658), 1, 1, 1, 4])
2015-10-23 10:31:59 [scrapy] DEBUG: Scraped from <200 https://www.kickstarter.com/discover/categories/design?sort=newest>
{'author': u'The Cord Master, LLC',
 'category_id': 4,
 'currency': u'USD',
 'end': u'2015-11-26',
 'id': u'658791315',
 'img_url': u'https://ksr-ugc.imgix.net/projects/1290732/photo-original.jpg?v=1439486350&w=218&h=162&fit=crop&auto=format&q=92&s=f28f6d77500784fd8fcb88c4dfb938ba',
 'location': u'Minneapolis, MN',
 'pledged': u'155',
 'project_url': u'https://www.kickstarter.com/projects/658791315/the-cord-master',
 'title': u'The Cord Master',
 'type': 1,
 'website': 1}
2015-10-23 10:31:59 [peewee] DEBUG: ('SELECT `t1`.`id`, `t1`.`second_id`, `t1`.`title`, `t1`.`author`, `t1`.`project_url`, `t1`.`img_url`, `t1`.`location`, `t1`.`end`, `t1`.`pledged`, `t1`.`goal`, `t1`.`currency`, `t1`.`date_modified`, `t1`.`active`, `t1`.`website`, `t1`.`type`, `t1`.`category_id` FROM `app_project` AS t1 WHERE (`t1`.`second_id` = %s) LIMIT 1', [u'peternbiddle'])
2015-10-23 10:31:59 [peewee] DEBUG: ('INSERT INTO `app_project` (`second_id`, `title`, `author`, `project_url`, `img_url`, `location`, `end`, `pledged`, `goal`, `currency`, `date_modified`, `active`, `website`, `type`, `category_id`) VALUES (%s, %s, %s, %s, %s, %s, %s, %s, %s, %s, %s, %s, %s, %s, %s)', [u'peternbiddle', u'FROST Axe (First Responder On Scene Tools)', u'Peter N. Biddle', u'https://www.kickstarter.com/projects/peternbiddle/frost-axe-first-responder-on-scene-tools', u'https://ksr-ugc.imgix.net/projects/2058133/photo-original.jpg?v=1445313020&w=218&h=162&fit=crop&auto=format&q=92&s=2629bd1ee817a62f21d5fd2df179fefb', u'Seattle, WA', u'2015-11-21', 3955, 0, u'USD', datetime.datetime(2015, 10, 23, 10, 31, 59, 693880), 1, 1, 1, 4])
2015-10-23 10:31:59 [scrapy] DEBUG: Scraped from <200 https://www.kickstarter.com/discover/categories/design?sort=newest>
{'author': u'Peter N. Biddle',
 'category_id': 4,
 'currency': u'USD',
 'end': u'2015-11-21',
 'id': u'peternbiddle',
 'img_url': u'https://ksr-ugc.imgix.net/projects/2058133/photo-original.jpg?v=1445313020&w=218&h=162&fit=crop&auto=format&q=92&s=2629bd1ee817a62f21d5fd2df179fefb',
 'location': u'Seattle, WA',
 'pledged': u'3955',
 'project_url': u'https://www.kickstarter.com/projects/peternbiddle/frost-axe-first-responder-on-scene-tools',
 'title': u'FROST Axe (First Responder On Scene Tools)',
 'type': 1,
 'website': 1}
2015-10-23 10:31:59 [peewee] DEBUG: ('SELECT `t1`.`id`, `t1`.`second_id`, `t1`.`title`, `t1`.`author`, `t1`.`project_url`, `t1`.`img_url`, `t1`.`location`, `t1`.`end`, `t1`.`pledged`, `t1`.`goal`, `t1`.`currency`, `t1`.`date_modified`, `t1`.`active`, `t1`.`website`, `t1`.`type`, `t1`.`category_id` FROM `app_project` AS t1 WHERE (`t1`.`second_id` = %s) LIMIT 1', [u'1183644800'])
2015-10-23 10:31:59 [peewee] DEBUG: ('INSERT INTO `app_project` (`second_id`, `title`, `author`, `project_url`, `img_url`, `location`, `end`, `pledged`, `goal`, `currency`, `date_modified`, `active`, `website`, `type`, `category_id`) VALUES (%s, %s, %s, %s, %s, %s, %s, %s, %s, %s, %s, %s, %s, %s, %s)', [u'1183644800', u'Quarter - Connecting iPad Pro and Apple Pencil seamlessly', u'Jason Lim', u'https://www.kickstarter.com/projects/1183644800/quarter-connecting-ipad-pro-and-apple-pencil-seaml', u'https://ksr-ugc.imgix.net/projects/2126942/photo-original.png?v=1445511166&w=218&h=162&fit=crop&auto=format&q=92&s=d2645599c9e68d07f28df210ec21c628', u'Manchester, UK', u'2015-11-21', 586, 0, u'GBP', datetime.datetime(2015, 10, 23, 10, 31, 59, 701509), 1, 1, 1, 4])
2015-10-23 10:31:59 [scrapy] DEBUG: Scraped from <200 https://www.kickstarter.com/discover/categories/design?sort=newest>
{'author': u'Jason Lim',
 'category_id': 4,
 'currency': u'GBP',
 'end': u'2015-11-21',
 'id': u'1183644800',
 'img_url': u'https://ksr-ugc.imgix.net/projects/2126942/photo-original.png?v=1445511166&w=218&h=162&fit=crop&auto=format&q=92&s=d2645599c9e68d07f28df210ec21c628',
 'location': u'Manchester, UK',
 'pledged': u'586',
 'project_url': u'https://www.kickstarter.com/projects/1183644800/quarter-connecting-ipad-pro-and-apple-pencil-seaml',
 'title': u'Quarter - Connecting iPad Pro and Apple Pencil seamlessly',
 'type': 1,
 'website': 1}
2015-10-23 10:31:59 [peewee] DEBUG: ('SELECT `t1`.`id`, `t1`.`second_id`, `t1`.`title`, `t1`.`author`, `t1`.`project_url`, `t1`.`img_url`, `t1`.`location`, `t1`.`end`, `t1`.`pledged`, `t1`.`goal`, `t1`.`currency`, `t1`.`date_modified`, `t1`.`active`, `t1`.`website`, `t1`.`type`, `t1`.`category_id` FROM `app_project` AS t1 WHERE (`t1`.`second_id` = %s) LIMIT 1', [u'1108368148'])
2015-10-23 10:31:59 [peewee] DEBUG: ('INSERT INTO `app_project` (`second_id`, `title`, `author`, `project_url`, `img_url`, `location`, `end`, `pledged`, `goal`, `currency`, `date_modified`, `active`, `website`, `type`, `category_id`) VALUES (%s, %s, %s, %s, %s, %s, %s, %s, %s, %s, %s, %s, %s, %s, %s)', [u'1108368148', u'KEYMIX - titanium multi-tool', u'IURII', u'https://www.kickstarter.com/projects/1108368148/keymix-titanium-multi-tool', u'https://ksr-ugc.imgix.net/projects/2143289/photo-original.jpg?v=1445558750&w=218&h=162&fit=crop&auto=format&q=92&s=d60600c6a9d826d5399cbfce85d6c8b5', u'Chicago, IL', u'2015-12-02', 203, 0, u'USD', datetime.datetime(2015, 10, 23, 10, 31, 59, 708568), 1, 1, 1, 4])
2015-10-23 10:31:59 [scrapy] DEBUG: Scraped from <200 https://www.kickstarter.com/discover/categories/design?sort=newest>
{'author': u'IURII',
 'category_id': 4,
 'currency': u'USD',
 'end': u'2015-12-02',
 'id': u'1108368148',
 'img_url': u'https://ksr-ugc.imgix.net/projects/2143289/photo-original.jpg?v=1445558750&w=218&h=162&fit=crop&auto=format&q=92&s=d60600c6a9d826d5399cbfce85d6c8b5',
 'location': u'Chicago, IL',
 'pledged': u'203',
 'project_url': u'https://www.kickstarter.com/projects/1108368148/keymix-titanium-multi-tool',
 'title': u'KEYMIX - titanium multi-tool',
 'type': 1,
 'website': 1}
2015-10-23 10:31:59 [peewee] DEBUG: ('SELECT `t1`.`id`, `t1`.`second_id`, `t1`.`title`, `t1`.`author`, `t1`.`project_url`, `t1`.`img_url`, `t1`.`location`, `t1`.`end`, `t1`.`pledged`, `t1`.`goal`, `t1`.`currency`, `t1`.`date_modified`, `t1`.`active`, `t1`.`website`, `t1`.`type`, `t1`.`category_id` FROM `app_project` AS t1 WHERE (`t1`.`second_id` = %s) LIMIT 1', [u'1249636230'])
2015-10-23 10:31:59 [peewee] DEBUG: ('INSERT INTO `app_project` (`second_id`, `title`, `author`, `project_url`, `img_url`, `location`, `end`, `pledged`, `goal`, `currency`, `date_modified`, `active`, `website`, `type`, `category_id`) VALUES (%s, %s, %s, %s, %s, %s, %s, %s, %s, %s, %s, %s, %s, %s, %s)', [u'1249636230', u'Myrins - Keep Your Memories in the Objects Around You', u'Myrin', u'https://www.kickstarter.com/projects/1249636230/myrins-keep-your-memories-in-the-objects-around-yo', u'https://ksr-ugc.imgix.net/projects/2064480/photo-original.jpg?v=1441428953&w=218&h=162&fit=crop&auto=format&q=92&s=e33236db5c3a1b64c482b2f4732d3e1e', u'Auckland, NZ', u'2015-11-30', 579, 0, u'NZD', datetime.datetime(2015, 10, 23, 10, 31, 59, 716674), 1, 1, 1, 4])
2015-10-23 10:31:59 [scrapy] DEBUG: Scraped from <200 https://www.kickstarter.com/discover/categories/design?sort=newest>
{'author': u'Myrin',
 'category_id': 4,
 'currency': u'NZD',
 'end': u'2015-11-30',
 'id': u'1249636230',
 'img_url': u'https://ksr-ugc.imgix.net/projects/2064480/photo-original.jpg?v=1441428953&w=218&h=162&fit=crop&auto=format&q=92&s=e33236db5c3a1b64c482b2f4732d3e1e',
 'location': u'Auckland, NZ',
 'pledged': u'579',
 'project_url': u'https://www.kickstarter.com/projects/1249636230/myrins-keep-your-memories-in-the-objects-around-yo',
 'title': u'Myrins - Keep Your Memories in the Objects Around You',
 'type': 1,
 'website': 1}
2015-10-23 10:31:59 [peewee] DEBUG: ('SELECT `t1`.`id`, `t1`.`second_id`, `t1`.`title`, `t1`.`author`, `t1`.`project_url`, `t1`.`img_url`, `t1`.`location`, `t1`.`end`, `t1`.`pledged`, `t1`.`goal`, `t1`.`currency`, `t1`.`date_modified`, `t1`.`active`, `t1`.`website`, `t1`.`type`, `t1`.`category_id` FROM `app_project` AS t1 WHERE (`t1`.`second_id` = %s) LIMIT 1', [u'1120597243'])
2015-10-23 10:31:59 [peewee] DEBUG: ('INSERT INTO `app_project` (`second_id`, `title`, `author`, `project_url`, `img_url`, `location`, `end`, `pledged`, `goal`, `currency`, `date_modified`, `active`, `website`, `type`, `category_id`) VALUES (%s, %s, %s, %s, %s, %s, %s, %s, %s, %s, %s, %s, %s, %s, %s)', [u'1120597243', u'Restoration of MLK Bronze Statue in Roanoke Rapids, NC', u'Samirea Godley', u'https://www.kickstarter.com/projects/1120597243/restoration-of-mlk-bronze-statue-in-roanoke-rapids', u'https://ksr-ugc.imgix.net/projects/2133202/photo-original.png?v=1445289891&w=218&h=162&fit=crop&auto=format&q=92&s=7b859d065f9ede07b8087cbec831428a', u'Roanoke Rapids, NC', u'2015-11-22', 0, 0, u'USD', datetime.datetime(2015, 10, 23, 10, 31, 59, 724848), 1, 1, 1, 4])
2015-10-23 10:31:59 [scrapy] DEBUG: Scraped from <200 https://www.kickstarter.com/discover/categories/design?sort=newest>
{'author': u'Samirea Godley',
 'category_id': 4,
 'currency': u'USD',
 'end': u'2015-11-22',
 'id': u'1120597243',
 'img_url': u'https://ksr-ugc.imgix.net/projects/2133202/photo-original.png?v=1445289891&w=218&h=162&fit=crop&auto=format&q=92&s=7b859d065f9ede07b8087cbec831428a',
 'location': u'Roanoke Rapids, NC',
 'pledged': u'000',
 'project_url': u'https://www.kickstarter.com/projects/1120597243/restoration-of-mlk-bronze-statue-in-roanoke-rapids',
 'title': u'Restoration of MLK Bronze Statue in Roanoke Rapids, NC',
 'type': 1,
 'website': 1}
2015-10-23 10:31:59 [peewee] DEBUG: ('SELECT `t1`.`id`, `t1`.`second_id`, `t1`.`title`, `t1`.`author`, `t1`.`project_url`, `t1`.`img_url`, `t1`.`location`, `t1`.`end`, `t1`.`pledged`, `t1`.`goal`, `t1`.`currency`, `t1`.`date_modified`, `t1`.`active`, `t1`.`website`, `t1`.`type`, `t1`.`category_id` FROM `app_project` AS t1 WHERE (`t1`.`second_id` = %s) LIMIT 1', [u'1218010463'])
2015-10-23 10:31:59 [peewee] DEBUG: ('INSERT INTO `app_project` (`second_id`, `title`, `author`, `project_url`, `img_url`, `location`, `end`, `pledged`, `goal`, `currency`, `date_modified`, `active`, `website`, `type`, `category_id`) VALUES (%s, %s, %s, %s, %s, %s, %s, %s, %s, %s, %s, %s, %s, %s, %s)', [u'1218010463', u'Von Selfie Elfies', u'W. Meininger', u'https://www.kickstarter.com/projects/1218010463/von-selfie-elfies', u'https://ksr-ugc.imgix.net/projects/2075069/photo-original.jpg?v=1442348199&w=218&h=162&fit=crop&auto=format&q=92&s=14b933154ad3486600776f588335008e', u'San Jose, CA', u'2015-11-21', 7000, 0, u'USD', datetime.datetime(2015, 10, 23, 10, 31, 59, 732265), 1, 1, 1, 4])
2015-10-23 10:31:59 [scrapy] DEBUG: Scraped from <200 https://www.kickstarter.com/discover/categories/design?sort=newest>
{'author': u'W. Meininger',
 'category_id': 4,
 'currency': u'USD',
 'end': u'2015-11-21',
 'id': u'1218010463',
 'img_url': u'https://ksr-ugc.imgix.net/projects/2075069/photo-original.jpg?v=1442348199&w=218&h=162&fit=crop&auto=format&q=92&s=14b933154ad3486600776f588335008e',
 'location': u'San Jose, CA',
 'pledged': u'7000',
 'project_url': u'https://www.kickstarter.com/projects/1218010463/von-selfie-elfies',
 'title': u'Von Selfie Elfies',
 'type': 1,
 'website': 1}
2015-10-23 10:31:59 [peewee] DEBUG: ('SELECT `t1`.`id`, `t1`.`second_id`, `t1`.`title`, `t1`.`author`, `t1`.`project_url`, `t1`.`img_url`, `t1`.`location`, `t1`.`end`, `t1`.`pledged`, `t1`.`goal`, `t1`.`currency`, `t1`.`date_modified`, `t1`.`active`, `t1`.`website`, `t1`.`type`, `t1`.`category_id` FROM `app_project` AS t1 WHERE (`t1`.`second_id` = %s) LIMIT 1', [u'1595132603'])
2015-10-23 10:31:59 [peewee] DEBUG: ('INSERT INTO `app_project` (`second_id`, `title`, `author`, `project_url`, `img_url`, `location`, `end`, `pledged`, `goal`, `currency`, `date_modified`, `active`, `website`, `type`, `category_id`) VALUES (%s, %s, %s, %s, %s, %s, %s, %s, %s, %s, %s, %s, %s, %s, %s)', [u'1595132603', u'Copper Flask', u'Liam Tower', u'https://www.kickstarter.com/projects/1595132603/copper-flask', u'https://ksr-ugc.imgix.net/projects/2146756/photo-original.JPG?v=1445444084&w=218&h=162&fit=crop&auto=format&q=92&s=d4ee2fca92daf70bb8645c60c600bd03', u'Berkshire, VT', u'2015-11-21', 0, 0, u'USD', datetime.datetime(2015, 10, 23, 10, 31, 59, 739028), 1, 1, 1, 4])
2015-10-23 10:31:59 [scrapy] DEBUG: Scraped from <200 https://www.kickstarter.com/discover/categories/design?sort=newest>
{'author': u'Liam Tower',
 'category_id': 4,
 'currency': u'USD',
 'end': u'2015-11-21',
 'id': u'1595132603',
 'img_url': u'https://ksr-ugc.imgix.net/projects/2146756/photo-original.JPG?v=1445444084&w=218&h=162&fit=crop&auto=format&q=92&s=d4ee2fca92daf70bb8645c60c600bd03',
 'location': u'Berkshire, VT',
 'pledged': u'000',
 'project_url': u'https://www.kickstarter.com/projects/1595132603/copper-flask',
 'title': u'Copper Flask',
 'type': 1,
 'website': 1}
2015-10-23 10:31:59 [peewee] DEBUG: ('SELECT `t1`.`id`, `t1`.`second_id`, `t1`.`title`, `t1`.`author`, `t1`.`project_url`, `t1`.`img_url`, `t1`.`location`, `t1`.`end`, `t1`.`pledged`, `t1`.`goal`, `t1`.`currency`, `t1`.`date_modified`, `t1`.`active`, `t1`.`website`, `t1`.`type`, `t1`.`category_id` FROM `app_project` AS t1 WHERE (`t1`.`second_id` = %s) LIMIT 1', [u'1350202033'])
2015-10-23 10:31:59 [peewee] DEBUG: ('INSERT INTO `app_project` (`second_id`, `title`, `author`, `project_url`, `img_url`, `location`, `end`, `pledged`, `goal`, `currency`, `date_modified`, `active`, `website`, `type`, `category_id`) VALUES (%s, %s, %s, %s, %s, %s, %s, %s, %s, %s, %s, %s, %s, %s, %s)', [u'1350202033', u'Blade Life Extender - BLE Shave Cream', u'Marty Bassett', u'https://www.kickstarter.com/projects/1350202033/blade-life-extender-ble-shave-cream', u'https://ksr-ugc.imgix.net/projects/2119144/photo-original.jpg?v=1444161942&w=218&h=162&fit=crop&auto=format&q=92&s=a8dfe5e908080e7493f92d59da9c01c9', u'Windsor, CO', u'2015-12-01', 0, 0, u'USD', datetime.datetime(2015, 10, 23, 10, 31, 59, 746610), 1, 1, 1, 4])
2015-10-23 10:31:59 [scrapy] DEBUG: Scraped from <200 https://www.kickstarter.com/discover/categories/design?sort=newest>
{'author': u'Marty Bassett',
 'category_id': 4,
 'currency': u'USD',
 'end': u'2015-12-01',
 'id': u'1350202033',
 'img_url': u'https://ksr-ugc.imgix.net/projects/2119144/photo-original.jpg?v=1444161942&w=218&h=162&fit=crop&auto=format&q=92&s=a8dfe5e908080e7493f92d59da9c01c9',
 'location': u'Windsor, CO',
 'pledged': u'000',
 'project_url': u'https://www.kickstarter.com/projects/1350202033/blade-life-extender-ble-shave-cream',
 'title': u'Blade Life Extender - BLE Shave Cream',
 'type': 1,
 'website': 1}
2015-10-23 10:31:59 [scrapy] INFO: Closing spider (finished)
2015-10-23 10:31:59 [scrapy] INFO: Stored jsonlines feed (20 items) in: file:///Users/marko/PythonProjects/cfservis/items/cfservis/kickstarter_getter/7e324e35796011e5838d7831c1c9baf0.jl
2015-10-23 10:31:59 [scrapy] INFO: Dumping Scrapy stats:
{'downloader/request_bytes': 255,
 'downloader/request_count': 1,
 'downloader/request_method_count/GET': 1,
 'downloader/response_bytes': 82696,
 'downloader/response_count': 1,
 'downloader/response_status_count/200': 1,
 'finish_reason': 'finished',
 'finish_time': datetime.datetime(2015, 10, 23, 8, 31, 59, 750974),
 'item_scraped_count': 20,
 'log_count/DEBUG': 62,
 'log_count/INFO': 8,
 'response_received_count': 1,
 'scheduler/dequeued': 1,
 'scheduler/dequeued/memory': 1,
 'scheduler/enqueued': 1,
 'scheduler/enqueued/memory': 1,
 'start_time': datetime.datetime(2015, 10, 23, 8, 31, 58, 381620)}
2015-10-23 10:31:59 [scrapy] INFO: Spider closed (finished)
