2015-09-22 16:02:03 [scrapy] INFO: Scrapy 1.0.3 started (bot: cfservis)
2015-09-22 16:02:03 [scrapy] INFO: Optional features available: ssl, http11
2015-09-22 16:02:03 [scrapy] INFO: Overridden settings: {'NEWSPIDER_MODULE': 'cfservis.spiders', 'SPIDER_MODULES': ['cfservis.spiders'], 'FEED_URI': 'file:///Users/marko/PythonProjects/cfaproject/cfservis/items/cfservis/kickstarter_getter/7e55f6cf613211e5b3f67831c1c9baf0.jl', 'LOG_FILE': 'logs/cfservis/kickstarter_getter/7e55f6cf613211e5b3f67831c1c9baf0.log', 'BOT_NAME': 'cfservis'}
2015-09-22 16:02:03 [scrapy] INFO: Enabled extensions: CloseSpider, FeedExporter, TelnetConsole, LogStats, CoreStats, SpiderState
2015-09-22 16:02:03 [scrapy] INFO: Enabled downloader middlewares: HttpAuthMiddleware, DownloadTimeoutMiddleware, UserAgentMiddleware, RetryMiddleware, DefaultHeadersMiddleware, MetaRefreshMiddleware, HttpCompressionMiddleware, RedirectMiddleware, CookiesMiddleware, ChunkedTransferMiddleware, DownloaderStats
2015-09-22 16:02:03 [scrapy] INFO: Enabled spider middlewares: HttpErrorMiddleware, OffsiteMiddleware, RefererMiddleware, UrlLengthMiddleware, DepthMiddleware
2015-09-22 16:02:03 [scrapy] INFO: Enabled item pipelines: MySQLStorePipeline
2015-09-22 16:02:03 [scrapy] INFO: Spider opened
2015-09-22 16:02:03 [scrapy] INFO: Crawled 0 pages (at 0 pages/min), scraped 0 items (at 0 items/min)
2015-09-22 16:02:03 [scrapy] DEBUG: Telnet console listening on 127.0.0.1:6023
2015-09-22 16:02:04 [scrapy] DEBUG: Crawled (200) <GET https://www.kickstarter.com/discover/categories/comics?sort=newest> (referer: None)
2015-09-22 16:02:04 [scrapy] DEBUG: Scraped from <200 https://www.kickstarter.com/discover/categories/comics?sort=newest>
{'author': u'Hellbound Media',
 'category_id': 2,
 'currency': u'GBP',
 'end': u'2015-10-22',
 'id': u'hellboundmedia',
 'img_url': u'https://ksr-ugc.imgix.net/projects/1850907/photo-original.jpg?v=1431258191&w=218&h=162&fit=crop&auto=format&q=92&s=ac0d574a244757497f0104e3136866f4',
 'location': u'Bristol, UK',
 'pledged': u'105',
 'project_url': u'/projects/hellboundmedia/mandy-book-of-monsters-comic-anthology',
 'title': u'Mandy: Book of Monsters - comic anthology',
 'type': 1,
 'website': 1}
2015-09-22 16:02:04 [scrapy] DEBUG: Scraped from <200 https://www.kickstarter.com/discover/categories/comics?sort=newest>
{'author': u'Loring Laven',
 'category_id': 2,
 'currency': u'USD',
 'end': u'2015-10-26',
 'id': u'386442457',
 'img_url': u'https://ksr-ugc.imgix.net/projects/2096104/photo-original.jpg?v=1442883597&w=218&h=162&fit=crop&auto=format&q=92&s=5473780421e72cb9e5277cd84882e6d4',
 'location': u'Albuquerque, NM',
 'pledged': u'000',
 'project_url': u'/projects/386442457/lobo-the-deadliest-assassin',
 'title': u'Lobo, the Deadliest Assassin',
 'type': 1,
 'website': 1}
2015-09-22 16:02:04 [scrapy] DEBUG: Scraped from <200 https://www.kickstarter.com/discover/categories/comics?sort=newest>
{'author': u'Robert B Simonton Jr',
 'category_id': 2,
 'currency': u'USD',
 'end': u'2015-10-21',
 'id': u'1757474469',
 'img_url': u'https://ksr-ugc.imgix.net/projects/2093128/photo-original.jpeg?v=1442760153&w=218&h=162&fit=crop&auto=format&q=92&s=8de0bf38af4eff47cddb44e69dd0cf8c',
 'location': u'Los Angeles, CA',
 'pledged': u'000',
 'project_url': u'/projects/1757474469/help-me-bring-a-former-wwe-diva-to-wondercon',
 'title': u'Help me bring a former WWE Diva to Wondercon',
 'type': 1,
 'website': 1}
2015-09-22 16:02:04 [scrapy] DEBUG: Scraped from <200 https://www.kickstarter.com/discover/categories/comics?sort=newest>
{'author': u'Katie (Cat) Myers',
 'category_id': 2,
 'currency': u'USD',
 'end': u'2015-10-30',
 'id': u'danieledim',
 'img_url': u'https://ksr-ugc.imgix.net/projects/1945288/photo-original.jpg?v=1440629391&w=218&h=162&fit=crop&auto=format&q=92&s=3e3140755c1af707f3ee8d600c147389',
 'location': u'Denver, CO',
 'pledged': u'1300',
 'project_url': u'/projects/danieledim/jamie-and-daniele-dim-vol-i',
 'title': u'Jamie & Daniele DIM :: Vol. I',
 'type': 1,
 'website': 1}
2015-09-22 16:02:04 [scrapy] DEBUG: Scraped from <200 https://www.kickstarter.com/discover/categories/comics?sort=newest>
{'author': u'mohamed kamara,Damel Delacruz',
 'category_id': 2,
 'currency': u'USD',
 'end': u'2015-11-20',
 'id': u'1602856046',
 'img_url': u'https://ksr-ugc.imgix.net/projects/2093835/photo-original.jpg?v=1442792140&w=218&h=162&fit=crop&auto=format&q=92&s=f3d65fd40f79b594bb409e04ec772558',
 'location': u'Providence, RI',
 'pledged': u'000',
 'project_url': u'/projects/1602856046/md-manga',
 'title': u'MD MANGA',
 'type': 1,
 'website': 1}
2015-09-22 16:02:04 [scrapy] DEBUG: Scraped from <200 https://www.kickstarter.com/discover/categories/comics?sort=newest>
{'author': u'Brandon Bitros',
 'category_id': 2,
 'currency': u'USD',
 'end': u'2015-11-20',
 'id': u'929108310',
 'img_url': u'https://ksr-ugc.imgix.net/projects/2093793/photo-original.jpg?v=1442786067&w=218&h=162&fit=crop&auto=format&q=92&s=75750c55982ff106e01a1907026868fb',
 'location': u'Philadelphia, PA',
 'pledged': u'7500',
 'project_url': u'/projects/929108310/james-vs-the-new-world-order-issue-1-2',
 'title': u'James vs The New World Order issue 1 + 2',
 'type': 1,
 'website': 1}
2015-09-22 16:02:04 [scrapy] DEBUG: Scraped from <200 https://www.kickstarter.com/discover/categories/comics?sort=newest>
{'author': u'Square City Comics',
 'category_id': 2,
 'currency': u'USD',
 'end': u'2015-10-21',
 'id': u'squarecitycomic',
 'img_url': u'https://ksr-ugc.imgix.net/projects/2039488/photo-original.jpg?v=1442448104&w=218&h=162&fit=crop&auto=format&q=92&s=40bc7c122e3f8e4cb297e4dac751b5ac',
 'location': u'Washington, DC',
 'pledged': u'345',
 'project_url': u'/projects/squarecitycomics/the-cure-a-square-city-comics-anthology',
 'title': u'The Cure - A Square City Comics Anthology',
 'type': 1,
 'website': 1}
2015-09-22 16:02:04 [scrapy] DEBUG: Scraped from <200 https://www.kickstarter.com/discover/categories/comics?sort=newest>
{'author': u'Raymond Ayala',
 'category_id': 2,
 'currency': u'USD',
 'end': u'2015-10-31',
 'id': u'rayayala',
 'img_url': u'https://ksr-ugc.imgix.net/projects/2039287/photo-original.png?v=1441413712&w=218&h=162&fit=crop&auto=format&q=92&s=6867b874d82dddcb057d3ef2978d1a28',
 'location': u'Brooklyn, NY',
 'pledged': u'177',
 'project_url': u'/projects/rayayala/kid-impact',
 'title': u'Kid Impact: Refugee Hero and Champion of Peace Day',
 'type': 1,
 'website': 1}
2015-09-22 16:02:04 [scrapy] DEBUG: Scraped from <200 https://www.kickstarter.com/discover/categories/comics?sort=newest>
{'author': u'Paul Voodini',
 'category_id': 2,
 'currency': u'GBP',
 'end': u'2015-10-21',
 'id': u'415194828',
 'img_url': u'https://ksr-ugc.imgix.net/projects/2075888/photo-original.jpg?v=1441971290&w=218&h=162&fit=crop&auto=format&q=92&s=46ab232f1485765737fa666a967d63b2',
 'location': u'Sheffield, UK',
 'pledged': u'8600',
 'project_url': u'/projects/415194828/the-clockwork-oranges-new-york-1899',
 'title': u'The Clockwork Oranges: New York 1899',
 'type': 1,
 'website': 1}
2015-09-22 16:02:04 [scrapy] DEBUG: Scraped from <200 https://www.kickstarter.com/discover/categories/comics?sort=newest>
{'author': u'Garth Graham',
 'category_id': 2,
 'currency': u'USD',
 'end': u'2015-10-21',
 'id': u'496629008',
 'img_url': u'https://ksr-ugc.imgix.net/projects/2060564/photo-original.jpg?v=1441231985&w=218&h=162&fit=crop&auto=format&q=92&s=1c4457eb5e6d42b1c8a564839fd94e77',
 'location': u'Stafford, VA',
 'pledged': u'14752',
 'project_url': u'/projects/496629008/star-power-and-the-search-for-black-hole-bill',
 'title': u'Star Power and the Search for Black Hole Bill',
 'type': 1,
 'website': 1}
2015-09-22 16:02:04 [scrapy] DEBUG: Scraped from <200 https://www.kickstarter.com/discover/categories/comics?sort=newest>
{'author': u'David Wilson',
 'category_id': 2,
 'currency': u'USD',
 'end': u'2015-10-06',
 'id': u'636362888',
 'img_url': u'https://ksr-ugc.imgix.net/projects/2092426/photo-original.jpg?v=1442714697&w=218&h=162&fit=crop&auto=format&q=92&s=7fffa6e8098177ecf6a0de8dc1dd7471',
 'location': u'Fontana, CA',
 'pledged': u'000',
 'project_url': u'/projects/636362888/project-rock',
 'title': u'Project Rock',
 'type': 1,
 'website': 1}
2015-09-22 16:02:04 [scrapy] DEBUG: Scraped from <200 https://www.kickstarter.com/discover/categories/comics?sort=newest>
{'author': u'Evolutionary Comics',
 'category_id': 2,
 'currency': u'USD',
 'end': u'2015-10-20',
 'id': u'1655558466',
 'img_url': u'https://ksr-ugc.imgix.net/projects/2075917/photo-original.jpg?v=1441972346&w=218&h=162&fit=crop&auto=format&q=92&s=22b3e966a03a61a802e182516d237982',
 'location': u'Las Vegas, NV',
 'pledged': u'2440',
 'project_url': u'/projects/1655558466/dark-ones-survival-kit-art-of-greg-williams-hardco',
 'title': u"DARK ONE'S SURVIVAL KIT: ART of GREG WILLIAMS HARDCOVER",
 'type': 1,
 'website': 1}
2015-09-22 16:02:04 [scrapy] DEBUG: Scraped from <200 https://www.kickstarter.com/discover/categories/comics?sort=newest>
{'author': u'Master Plot Comics',
 'category_id': 2,
 'currency': u'USD',
 'end': u'2015-10-03',
 'id': u'mpcomic',
 'img_url': u'https://ksr-ugc.imgix.net/projects/2084536/photo-original.jpg?v=1442628466&w=218&h=162&fit=crop&auto=format&q=92&s=b74bd3c708e8157f7004d28b0ebd9236',
 'location': u'Yukon, OK',
 'pledged': u'1250',
 'project_url': u'/projects/mpcomics/bullets-and-angels-rosary-issue-3',
 'title': u'Bullets & Angels: Rosary -- Issue #3',
 'type': 1,
 'website': 1}
2015-09-22 16:02:04 [scrapy] DEBUG: Scraped from <200 https://www.kickstarter.com/discover/categories/comics?sort=newest>
{'author': u'Blue Inferno',
 'category_id': 2,
 'currency': u'USD',
 'end': u'2015-10-19',
 'id': u'590208544',
 'img_url': u'https://ksr-ugc.imgix.net/projects/2067442/photo-original.jpg?v=1441589888&w=218&h=162&fit=crop&auto=format&q=92&s=323cbd1ea125583d9a237727d46e5360',
 'location': u'Houston, TX',
 'pledged': u'227',
 'project_url': u'/projects/590208544/frontier-graveyard-the-burning-men-chapter-one',
 'title': u'Frontier Graveyard: The Burning Men - Chapter One',
 'type': 1,
 'website': 1}
2015-09-22 16:02:04 [scrapy] DEBUG: Scraped from <200 https://www.kickstarter.com/discover/categories/comics?sort=newest>
{'author': u'New Rule',
 'category_id': 2,
 'currency': u'GBP',
 'end': u'2015-10-19',
 'id': u'944374287',
 'img_url': u'https://ksr-ugc.imgix.net/projects/2082545/photo-original.png?v=1442267187&w=218&h=162&fit=crop&auto=format&q=92&s=31a11f53cef4ee975909565715fc2269',
 'location': u'London, UK',
 'pledged': u'744',
 'project_url': u'/projects/944374287/121-gigawatts-back-to-the-future-tribute-exhibitio',
 'title': u'1.21 GIGAWATTS: Back To The Future Tribute Exhibition',
 'type': 1,
 'website': 1}
2015-09-22 16:02:04 [scrapy] DEBUG: Scraped from <200 https://www.kickstarter.com/discover/categories/comics?sort=newest>
{'author': u'Mohamed Ibrahim',
 'category_id': 2,
 'currency': u'USD',
 'end': u'2015-10-18',
 'id': u'854990238',
 'img_url': u'https://ksr-ugc.imgix.net/projects/2006495/photo-original.png?v=1438473739&w=218&h=162&fit=crop&auto=format&q=92&s=bec9c848ad9851cc388d10193d9baee5',
 'location': u'Detroit, MI',
 'pledged': u'000',
 'project_url': u'/projects/854990238/muhammad-by-mohamed-comic-book',
 'title': u'Muhammad by Mohamed Comic Book!',
 'type': 1,
 'website': 1}
2015-09-22 16:02:04 [scrapy] DEBUG: Scraped from <200 https://www.kickstarter.com/discover/categories/comics?sort=newest>
{'author': u'Gentlemen Pickle',
 'category_id': 2,
 'currency': u'USD',
 'end': u'2015-10-18',
 'id': u'749504272',
 'img_url': u'https://ksr-ugc.imgix.net/projects/2083568/photo-original.jpg?v=1442377661&w=218&h=162&fit=crop&auto=format&q=92&s=14a229337edfb1eb3b79cad745f9ce66',
 'location': u'Albany, NY',
 'pledged': u'309',
 'project_url': u'/projects/749504272/prat',
 'title': u'Prat',
 'type': 1,
 'website': 1}
2015-09-22 16:02:04 [scrapy] DEBUG: Scraped from <200 https://www.kickstarter.com/discover/categories/comics?sort=newest>
{'author': u'Fil Romero',
 'category_id': 2,
 'currency': u'USD',
 'end': u'2015-10-18',
 'id': u'1703003617',
 'img_url': u'https://ksr-ugc.imgix.net/projects/2076826/photo-original.png?v=1442016063&w=218&h=162&fit=crop&auto=format&q=92&s=94022e6823e43754b0b41d947ca07297',
 'location': u'Flat Rock, MI',
 'pledged': u'242',
 'project_url': u'/projects/1703003617/chameleon-charm-issue-2',
 'title': u'Chameleon Charm: Issue 2',
 'type': 1,
 'website': 1}
2015-09-22 16:02:04 [scrapy] DEBUG: Scraped from <200 https://www.kickstarter.com/discover/categories/comics?sort=newest>
{'author': u'Andrew Tribble',
 'category_id': 2,
 'currency': u'USD',
 'end': u'2015-10-18',
 'id': u'468268728',
 'img_url': u'https://ksr-ugc.imgix.net/projects/2075954/photo-original.jpg?v=1442361673&w=218&h=162&fit=crop&auto=format&q=92&s=084957e3c8e643ff4c608be111de9554',
 'location': u'Burlington, VT',
 'pledged': u'000',
 'project_url': u'/projects/468268728/the-hunted-1',
 'title': u'The Hunted',
 'type': 1,
 'website': 1}
2015-09-22 16:02:04 [scrapy] DEBUG: Scraped from <200 https://www.kickstarter.com/discover/categories/comics?sort=newest>
{'author': u'Spencer Desmond',
 'category_id': 2,
 'currency': u'USD',
 'end': u'2015-10-20',
 'id': u'726851780',
 'img_url': u'https://ksr-ugc.imgix.net/projects/1947247/photo-original.jpg?v=1442462880&w=218&h=162&fit=crop&auto=format&q=92&s=64d40d20909b4bd09461471dc208ca63',
 'location': u'Vernon, CT',
 'pledged': u'3922',
 'project_url': u'/projects/726851780/cocaine-disco-1',
 'title': u'Cocaine Disco #1',
 'type': 1,
 'website': 1}
2015-09-22 16:02:04 [scrapy] INFO: Closing spider (finished)
2015-09-22 16:02:04 [scrapy] INFO: Stored jsonlines feed (20 items) in: file:///Users/marko/PythonProjects/cfaproject/cfservis/items/cfservis/kickstarter_getter/7e55f6cf613211e5b3f67831c1c9baf0.jl
2015-09-22 16:02:04 [scrapy] INFO: Dumping Scrapy stats:
{'downloader/request_bytes': 255,
 'downloader/request_count': 1,
 'downloader/request_method_count/GET': 1,
 'downloader/response_bytes': 80048,
 'downloader/response_count': 1,
 'downloader/response_status_count/200': 1,
 'finish_reason': 'finished',
 'finish_time': datetime.datetime(2015, 9, 22, 14, 2, 4, 545669),
 'item_scraped_count': 20,
 'log_count/DEBUG': 22,
 'log_count/INFO': 8,
 'response_received_count': 1,
 'scheduler/dequeued': 1,
 'scheduler/dequeued/memory': 1,
 'scheduler/enqueued': 1,
 'scheduler/enqueued/memory': 1,
 'start_time': datetime.datetime(2015, 9, 22, 14, 2, 3, 300474)}
2015-09-22 16:02:04 [scrapy] INFO: Spider closed (finished)
