2015-10-23 11:36:48 [scrapy] INFO: Scrapy 1.0.3 started (bot: cfservis)
2015-10-23 11:36:48 [scrapy] INFO: Optional features available: ssl, http11
2015-10-23 11:36:48 [scrapy] INFO: Overridden settings: {'NEWSPIDER_MODULE': 'cfservis.spiders', 'SPIDER_MODULES': ['cfservis.spiders'], 'FEED_URI': 'file:///Users/marko/PythonProjects/cfservis/items/cfservis/kickstarter_getter/8b6899ee796911e5979d7831c1c9baf0.jl', 'LOG_FILE': 'logs/cfservis/kickstarter_getter/8b6899ee796911e5979d7831c1c9baf0.log', 'BOT_NAME': 'cfservis'}
2015-10-23 11:36:48 [scrapy] INFO: Enabled extensions: CloseSpider, FeedExporter, TelnetConsole, LogStats, CoreStats, SpiderState
2015-10-23 11:36:48 [scrapy] INFO: Enabled downloader middlewares: HttpAuthMiddleware, DownloadTimeoutMiddleware, UserAgentMiddleware, RetryMiddleware, DefaultHeadersMiddleware, MetaRefreshMiddleware, HttpCompressionMiddleware, RedirectMiddleware, CookiesMiddleware, ChunkedTransferMiddleware, DownloaderStats
2015-10-23 11:36:48 [scrapy] INFO: Enabled spider middlewares: HttpErrorMiddleware, OffsiteMiddleware, RefererMiddleware, UrlLengthMiddleware, DepthMiddleware
2015-10-23 11:36:48 [scrapy] INFO: Enabled item pipelines: MySQLStorePipeline
2015-10-23 11:36:48 [scrapy] INFO: Spider opened
2015-10-23 11:36:48 [scrapy] INFO: Crawled 0 pages (at 0 pages/min), scraped 0 items (at 0 items/min)
2015-10-23 11:36:48 [scrapy] DEBUG: Telnet console listening on 127.0.0.1:6024
2015-10-23 11:36:49 [scrapy] DEBUG: Crawled (200) <GET https://www.kickstarter.com/discover/categories/photography?sort=newest> (referer: None)
2015-10-23 11:36:49 [peewee] DEBUG: ('SELECT `t1`.`id`, `t1`.`second_id`, `t1`.`title`, `t1`.`author`, `t1`.`project_url`, `t1`.`img_url`, `t1`.`location`, `t1`.`end`, `t1`.`pledged`, `t1`.`goal`, `t1`.`currency`, `t1`.`date_modified`, `t1`.`active`, `t1`.`website`, `t1`.`type`, `t1`.`category_id` FROM `app_project` AS t1 WHERE (`t1`.`second_id` = %s) LIMIT 1', [u'165650500'])
2015-10-23 11:36:49 [peewee] DEBUG: ('INSERT INTO `app_project` (`second_id`, `title`, `author`, `project_url`, `img_url`, `location`, `end`, `pledged`, `goal`, `currency`, `date_modified`, `active`, `website`, `type`, `category_id`) VALUES (%s, %s, %s, %s, %s, %s, %s, %s, %s, %s, %s, %s, %s, %s, %s)', [u'165650500', u"Photographing Scotland's Corbett Peaks", u'James McGettigan', u'https://www.kickstarter.com/projects/165650500/photographing-scotlands-corbett-peaks', u'https://ksr-ugc.imgix.net/projects/2146608/photo-original.jpg?v=1445441167&w=218&h=162&fit=crop&auto=format&q=92&s=ba2f42bd97a878e7ad35d18ee7a020a5', u'Stirling, UK', u'2015-11-21', 0, 0, u'GBP', datetime.datetime(2015, 10, 23, 11, 36, 49, 961267), 1, 1, 1, 9])
2015-10-23 11:36:49 [scrapy] DEBUG: Scraped from <200 https://www.kickstarter.com/discover/categories/photography?sort=newest>
{'author': u'James McGettigan',
 'category_id': 9,
 'currency': u'GBP',
 'end': u'2015-11-21',
 'id': u'165650500',
 'img_url': u'https://ksr-ugc.imgix.net/projects/2146608/photo-original.jpg?v=1445441167&w=218&h=162&fit=crop&auto=format&q=92&s=ba2f42bd97a878e7ad35d18ee7a020a5',
 'location': u'Stirling, UK',
 'pledged': u'000',
 'project_url': u'https://www.kickstarter.com/projects/165650500/photographing-scotlands-corbett-peaks',
 'title': u"Photographing Scotland's Corbett Peaks",
 'type': 1,
 'website': 1}
2015-10-23 11:36:49 [peewee] DEBUG: ('SELECT `t1`.`id`, `t1`.`second_id`, `t1`.`title`, `t1`.`author`, `t1`.`project_url`, `t1`.`img_url`, `t1`.`location`, `t1`.`end`, `t1`.`pledged`, `t1`.`goal`, `t1`.`currency`, `t1`.`date_modified`, `t1`.`active`, `t1`.`website`, `t1`.`type`, `t1`.`category_id` FROM `app_project` AS t1 WHERE (`t1`.`second_id` = %s) LIMIT 1', [u'1511474414'])
2015-10-23 11:36:49 [peewee] DEBUG: ('INSERT INTO `app_project` (`second_id`, `title`, `author`, `project_url`, `img_url`, `location`, `end`, `pledged`, `goal`, `currency`, `date_modified`, `active`, `website`, `type`, `category_id`) VALUES (%s, %s, %s, %s, %s, %s, %s, %s, %s, %s, %s, %s, %s, %s, %s)', [u'1511474414', u'I have a passion, A vision and I need help.', u'Ricky', u'https://www.kickstarter.com/projects/1511474414/i-have-a-passion-a-vision-and-i-need-help', u'https://ksr-ugc.imgix.net/projects/2147838/photo-original.jpg?v=1445486601&w=218&h=162&fit=crop&auto=format&q=92&s=54ed16ffda6f35f7c2fe372d577c0dfe', u'Huntington Beach, CA', u'2015-11-16', 0, 0, u'USD', datetime.datetime(2015, 10, 23, 11, 36, 49, 972339), 1, 1, 1, 9])
2015-10-23 11:36:49 [scrapy] DEBUG: Scraped from <200 https://www.kickstarter.com/discover/categories/photography?sort=newest>
{'author': u'Ricky',
 'category_id': 9,
 'currency': u'USD',
 'end': u'2015-11-16',
 'id': u'1511474414',
 'img_url': u'https://ksr-ugc.imgix.net/projects/2147838/photo-original.jpg?v=1445486601&w=218&h=162&fit=crop&auto=format&q=92&s=54ed16ffda6f35f7c2fe372d577c0dfe',
 'location': u'Huntington Beach, CA',
 'pledged': u'000',
 'project_url': u'https://www.kickstarter.com/projects/1511474414/i-have-a-passion-a-vision-and-i-need-help',
 'title': u'I have a passion, A vision and I need help.',
 'type': 1,
 'website': 1}
2015-10-23 11:36:49 [peewee] DEBUG: ('SELECT `t1`.`id`, `t1`.`second_id`, `t1`.`title`, `t1`.`author`, `t1`.`project_url`, `t1`.`img_url`, `t1`.`location`, `t1`.`end`, `t1`.`pledged`, `t1`.`goal`, `t1`.`currency`, `t1`.`date_modified`, `t1`.`active`, `t1`.`website`, `t1`.`type`, `t1`.`category_id` FROM `app_project` AS t1 WHERE (`t1`.`second_id` = %s) LIMIT 1', [u'robfinch'])
2015-10-23 11:36:49 [peewee] DEBUG: ('INSERT INTO `app_project` (`second_id`, `title`, `author`, `project_url`, `img_url`, `location`, `end`, `pledged`, `goal`, `currency`, `date_modified`, `active`, `website`, `type`, `category_id`) VALUES (%s, %s, %s, %s, %s, %s, %s, %s, %s, %s, %s, %s, %s, %s, %s)', [u'robfinch', u'Help build my business!', u'Robert Finch', u'https://www.kickstarter.com/projects/robfinch/help-build-my-business', u'https://ksr-ugc.imgix.net/projects/2147715/photo-original.jpeg?v=1445479081&w=218&h=162&fit=crop&auto=format&q=92&s=639d19a06c4042c125852bd6087f3a69', u'San Francisco, CA', u'2015-12-20', 0, 0, u'USD', datetime.datetime(2015, 10, 23, 11, 36, 49, 981283), 1, 1, 1, 9])
2015-10-23 11:36:49 [scrapy] DEBUG: Scraped from <200 https://www.kickstarter.com/discover/categories/photography?sort=newest>
{'author': u'Robert Finch',
 'category_id': 9,
 'currency': u'USD',
 'end': u'2015-12-20',
 'id': u'robfinch',
 'img_url': u'https://ksr-ugc.imgix.net/projects/2147715/photo-original.jpeg?v=1445479081&w=218&h=162&fit=crop&auto=format&q=92&s=639d19a06c4042c125852bd6087f3a69',
 'location': u'San Francisco, CA',
 'pledged': u'000',
 'project_url': u'https://www.kickstarter.com/projects/robfinch/help-build-my-business',
 'title': u'Help build my business!',
 'type': 1,
 'website': 1}
2015-10-23 11:36:49 [peewee] DEBUG: ('SELECT `t1`.`id`, `t1`.`second_id`, `t1`.`title`, `t1`.`author`, `t1`.`project_url`, `t1`.`img_url`, `t1`.`location`, `t1`.`end`, `t1`.`pledged`, `t1`.`goal`, `t1`.`currency`, `t1`.`date_modified`, `t1`.`active`, `t1`.`website`, `t1`.`type`, `t1`.`category_id` FROM `app_project` AS t1 WHERE (`t1`.`second_id` = %s) LIMIT 1', [u'1992769709'])
2015-10-23 11:36:49 [peewee] DEBUG: ('INSERT INTO `app_project` (`second_id`, `title`, `author`, `project_url`, `img_url`, `location`, `end`, `pledged`, `goal`, `currency`, `date_modified`, `active`, `website`, `type`, `category_id`) VALUES (%s, %s, %s, %s, %s, %s, %s, %s, %s, %s, %s, %s, %s, %s, %s)', [u'1992769709', u'A Studio to Progress my Art', u'Phil Smith', u'https://www.kickstarter.com/projects/1992769709/studio-to-progress-my-art', u'https://ksr-ugc.imgix.net/projects/2146192/photo-original.jpg?v=1445414323&w=218&h=162&fit=crop&auto=format&q=92&s=b6d118466a86e39836dcdd987e4cea0b', u'Dorset, UK', u'2015-12-20', 100, 0, u'GBP', datetime.datetime(2015, 10, 23, 11, 36, 49, 990591), 1, 1, 1, 9])
2015-10-23 11:36:49 [scrapy] DEBUG: Scraped from <200 https://www.kickstarter.com/discover/categories/photography?sort=newest>
{'author': u'Phil Smith',
 'category_id': 9,
 'currency': u'GBP',
 'end': u'2015-12-20',
 'id': u'1992769709',
 'img_url': u'https://ksr-ugc.imgix.net/projects/2146192/photo-original.jpg?v=1445414323&w=218&h=162&fit=crop&auto=format&q=92&s=b6d118466a86e39836dcdd987e4cea0b',
 'location': u'Dorset, UK',
 'pledged': u'100',
 'project_url': u'https://www.kickstarter.com/projects/1992769709/studio-to-progress-my-art',
 'title': u'A Studio to Progress my Art',
 'type': 1,
 'website': 1}
2015-10-23 11:36:49 [peewee] DEBUG: ('SELECT `t1`.`id`, `t1`.`second_id`, `t1`.`title`, `t1`.`author`, `t1`.`project_url`, `t1`.`img_url`, `t1`.`location`, `t1`.`end`, `t1`.`pledged`, `t1`.`goal`, `t1`.`currency`, `t1`.`date_modified`, `t1`.`active`, `t1`.`website`, `t1`.`type`, `t1`.`category_id` FROM `app_project` AS t1 WHERE (`t1`.`second_id` = %s) LIMIT 1', [u'301438280'])
2015-10-23 11:36:49 [peewee] DEBUG: ('INSERT INTO `app_project` (`second_id`, `title`, `author`, `project_url`, `img_url`, `location`, `end`, `pledged`, `goal`, `currency`, `date_modified`, `active`, `website`, `type`, `category_id`) VALUES (%s, %s, %s, %s, %s, %s, %s, %s, %s, %s, %s, %s, %s, %s, %s)', [u'301438280', u'Light Curves - Art Nude Photography', u'Leeon Pezok', u'https://www.kickstarter.com/projects/301438280/light-curves', u'https://ksr-ugc.imgix.net/projects/2136038/photo-original.jpg?v=1444967206&w=218&h=162&fit=crop&auto=format&q=92&s=514ad45b7c299f60bb22d2e5fc0d5d3a', u'Philadelphia, PA', u'2015-12-20', 0, 0, u'USD', datetime.datetime(2015, 10, 23, 11, 36, 49, 997617), 1, 1, 1, 9])
2015-10-23 11:36:49 [scrapy] DEBUG: Scraped from <200 https://www.kickstarter.com/discover/categories/photography?sort=newest>
{'author': u'Leeon Pezok',
 'category_id': 9,
 'currency': u'USD',
 'end': u'2015-12-20',
 'id': u'301438280',
 'img_url': u'https://ksr-ugc.imgix.net/projects/2136038/photo-original.jpg?v=1444967206&w=218&h=162&fit=crop&auto=format&q=92&s=514ad45b7c299f60bb22d2e5fc0d5d3a',
 'location': u'Philadelphia, PA',
 'pledged': u'000',
 'project_url': u'https://www.kickstarter.com/projects/301438280/light-curves',
 'title': u'Light Curves - Art Nude Photography',
 'type': 1,
 'website': 1}
2015-10-23 11:36:50 [peewee] DEBUG: ('SELECT `t1`.`id`, `t1`.`second_id`, `t1`.`title`, `t1`.`author`, `t1`.`project_url`, `t1`.`img_url`, `t1`.`location`, `t1`.`end`, `t1`.`pledged`, `t1`.`goal`, `t1`.`currency`, `t1`.`date_modified`, `t1`.`active`, `t1`.`website`, `t1`.`type`, `t1`.`category_id` FROM `app_project` AS t1 WHERE (`t1`.`second_id` = %s) LIMIT 1', [u'224135665'])
2015-10-23 11:36:50 [peewee] DEBUG: ('INSERT INTO `app_project` (`second_id`, `title`, `author`, `project_url`, `img_url`, `location`, `end`, `pledged`, `goal`, `currency`, `date_modified`, `active`, `website`, `type`, `category_id`) VALUES (%s, %s, %s, %s, %s, %s, %s, %s, %s, %s, %s, %s, %s, %s, %s)', [u'224135665', u'Hard Sun Lonely Sky Photobook', u'Tim Palman', u'https://www.kickstarter.com/projects/224135665/hard-sun-lonely-sky-photobook', u'https://ksr-ugc.imgix.net/projects/2138497/photo-original.jpg?v=1445004689&w=218&h=162&fit=crop&auto=format&q=92&s=c9acc73956e17a084c84be03601fd368', u'Perth, AU', u'2015-11-10', 10000, 0, u'AUD', datetime.datetime(2015, 10, 23, 11, 36, 50, 6949), 1, 1, 1, 9])
2015-10-23 11:36:50 [scrapy] DEBUG: Scraped from <200 https://www.kickstarter.com/discover/categories/photography?sort=newest>
{'author': u'Tim Palman',
 'category_id': 9,
 'currency': u'AUD',
 'end': u'2015-11-10',
 'id': u'224135665',
 'img_url': u'https://ksr-ugc.imgix.net/projects/2138497/photo-original.jpg?v=1445004689&w=218&h=162&fit=crop&auto=format&q=92&s=c9acc73956e17a084c84be03601fd368',
 'location': u'Perth, AU',
 'pledged': u'10000',
 'project_url': u'https://www.kickstarter.com/projects/224135665/hard-sun-lonely-sky-photobook',
 'title': u'Hard Sun Lonely Sky Photobook',
 'type': 1,
 'website': 1}
2015-10-23 11:36:50 [peewee] DEBUG: ('SELECT `t1`.`id`, `t1`.`second_id`, `t1`.`title`, `t1`.`author`, `t1`.`project_url`, `t1`.`img_url`, `t1`.`location`, `t1`.`end`, `t1`.`pledged`, `t1`.`goal`, `t1`.`currency`, `t1`.`date_modified`, `t1`.`active`, `t1`.`website`, `t1`.`type`, `t1`.`category_id` FROM `app_project` AS t1 WHERE (`t1`.`second_id` = %s) LIMIT 1', [u'120742266'])
2015-10-23 11:36:50 [peewee] DEBUG: ('INSERT INTO `app_project` (`second_id`, `title`, `author`, `project_url`, `img_url`, `location`, `end`, `pledged`, `goal`, `currency`, `date_modified`, `active`, `website`, `type`, `category_id`) VALUES (%s, %s, %s, %s, %s, %s, %s, %s, %s, %s, %s, %s, %s, %s, %s)', [u'120742266', u'Numbers of New York', u'Will Sharon', u'https://www.kickstarter.com/projects/120742266/numbers-of-new-york', u'https://ksr-ugc.imgix.net/projects/2127991/photo-original.jpg?v=1444482255&w=218&h=162&fit=crop&auto=format&q=92&s=861e5da24240e1b27d1e5cfb4ee27d3c', u'New York, NY', u'2015-11-11', 2400, 0, u'USD', datetime.datetime(2015, 10, 23, 11, 36, 50, 14164), 1, 1, 1, 9])
2015-10-23 11:36:50 [scrapy] DEBUG: Scraped from <200 https://www.kickstarter.com/discover/categories/photography?sort=newest>
{'author': u'Will Sharon',
 'category_id': 9,
 'currency': u'USD',
 'end': u'2015-11-11',
 'id': u'120742266',
 'img_url': u'https://ksr-ugc.imgix.net/projects/2127991/photo-original.jpg?v=1444482255&w=218&h=162&fit=crop&auto=format&q=92&s=861e5da24240e1b27d1e5cfb4ee27d3c',
 'location': u'New York, NY',
 'pledged': u'2400',
 'project_url': u'https://www.kickstarter.com/projects/120742266/numbers-of-new-york',
 'title': u'Numbers of New York',
 'type': 1,
 'website': 1}
2015-10-23 11:36:50 [peewee] DEBUG: ('SELECT `t1`.`id`, `t1`.`second_id`, `t1`.`title`, `t1`.`author`, `t1`.`project_url`, `t1`.`img_url`, `t1`.`location`, `t1`.`end`, `t1`.`pledged`, `t1`.`goal`, `t1`.`currency`, `t1`.`date_modified`, `t1`.`active`, `t1`.`website`, `t1`.`type`, `t1`.`category_id` FROM `app_project` AS t1 WHERE (`t1`.`second_id` = %s) LIMIT 1', [u'carolineschiff'])
2015-10-23 11:36:50 [peewee] DEBUG: ('INSERT INTO `app_project` (`second_id`, `title`, `author`, `project_url`, `img_url`, `location`, `end`, `pledged`, `goal`, `currency`, `date_modified`, `active`, `website`, `type`, `category_id`) VALUES (%s, %s, %s, %s, %s, %s, %s, %s, %s, %s, %s, %s, %s, %s, %s)', [u'carolineschiff', u'SanctuaryStories: A Photo Project to End Factory Farming', u'Caroline Schiff', u'https://www.kickstarter.com/projects/carolineschiff/sanctuarystories-a-photo-project-to-end-factory-fa', u'https://ksr-ugc.imgix.net/projects/2036828/photo-original.jpg?v=1440001805&w=218&h=162&fit=crop&auto=format&q=92&s=cd7f072d7725e5ea6cfa89ee8a379c3c', u'San Francisco, CA', u'2015-11-10', 1115, 0, u'USD', datetime.datetime(2015, 10, 23, 11, 36, 50, 20968), 1, 1, 1, 9])
2015-10-23 11:36:50 [scrapy] DEBUG: Scraped from <200 https://www.kickstarter.com/discover/categories/photography?sort=newest>
{'author': u'Caroline Schiff',
 'category_id': 9,
 'currency': u'USD',
 'end': u'2015-11-10',
 'id': u'carolineschiff',
 'img_url': u'https://ksr-ugc.imgix.net/projects/2036828/photo-original.jpg?v=1440001805&w=218&h=162&fit=crop&auto=format&q=92&s=cd7f072d7725e5ea6cfa89ee8a379c3c',
 'location': u'San Francisco, CA',
 'pledged': u'1115',
 'project_url': u'https://www.kickstarter.com/projects/carolineschiff/sanctuarystories-a-photo-project-to-end-factory-fa',
 'title': u'SanctuaryStories: A Photo Project to End Factory Farming',
 'type': 1,
 'website': 1}
2015-10-23 11:36:50 [peewee] DEBUG: ('SELECT `t1`.`id`, `t1`.`second_id`, `t1`.`title`, `t1`.`author`, `t1`.`project_url`, `t1`.`img_url`, `t1`.`location`, `t1`.`end`, `t1`.`pledged`, `t1`.`goal`, `t1`.`currency`, `t1`.`date_modified`, `t1`.`active`, `t1`.`website`, `t1`.`type`, `t1`.`category_id` FROM `app_project` AS t1 WHERE (`t1`.`second_id` = %s) LIMIT 1', [u'calamitaproject'])
2015-10-23 11:36:50 [peewee] DEBUG: ('INSERT INTO `app_project` (`second_id`, `title`, `author`, `project_url`, `img_url`, `location`, `end`, `pledged`, `goal`, `currency`, `date_modified`, `active`, `website`, `type`, `category_id`) VALUES (%s, %s, %s, %s, %s, %s, %s, %s, %s, %s, %s, %s, %s, %s, %s)', [u'calamitaproject', u'CALAMITA/\\xc0 project', u'CALAMITA/\\xc0 Gianpaolo Arena Marina Caneve', u'https://www.kickstarter.com/projects/calamitaproject/calamita-a-project', u'https://ksr-ugc.imgix.net/projects/2128014/photo-original.jpg?v=1444482542&w=218&h=162&fit=crop&auto=format&q=92&s=8238f4dc74e28634c328aa46cd6885ac', u'Vajont, Italy', u'2015-12-20', 805, 0, u'EUR', datetime.datetime(2015, 10, 23, 11, 36, 50, 27914), 1, 1, 1, 9])
2015-10-23 11:36:50 [scrapy] DEBUG: Scraped from <200 https://www.kickstarter.com/discover/categories/photography?sort=newest>
{'author': u'CALAMITA/\\xc0 Gianpaolo Arena Marina Caneve',
 'category_id': 9,
 'currency': u'EUR',
 'end': u'2015-12-20',
 'id': u'calamitaproject',
 'img_url': u'https://ksr-ugc.imgix.net/projects/2128014/photo-original.jpg?v=1444482542&w=218&h=162&fit=crop&auto=format&q=92&s=8238f4dc74e28634c328aa46cd6885ac',
 'location': u'Vajont, Italy',
 'pledged': u'805',
 'project_url': u'https://www.kickstarter.com/projects/calamitaproject/calamita-a-project',
 'title': u'CALAMITA/\\xc0 project',
 'type': 1,
 'website': 1}
2015-10-23 11:36:50 [peewee] DEBUG: ('SELECT `t1`.`id`, `t1`.`second_id`, `t1`.`title`, `t1`.`author`, `t1`.`project_url`, `t1`.`img_url`, `t1`.`location`, `t1`.`end`, `t1`.`pledged`, `t1`.`goal`, `t1`.`currency`, `t1`.`date_modified`, `t1`.`active`, `t1`.`website`, `t1`.`type`, `t1`.`category_id` FROM `app_project` AS t1 WHERE (`t1`.`second_id` = %s) LIMIT 1', [u'cheynewall'])
2015-10-23 11:36:50 [peewee] DEBUG: ('INSERT INTO `app_project` (`second_id`, `title`, `author`, `project_url`, `img_url`, `location`, `end`, `pledged`, `goal`, `currency`, `date_modified`, `active`, `website`, `type`, `category_id`) VALUES (%s, %s, %s, %s, %s, %s, %s, %s, %s, %s, %s, %s, %s, %s, %s)', [u'cheynewall', u'Miles From Los Angeles - A Photo Book of the Western U.S.', u'Cheyne Walls', u'https://www.kickstarter.com/projects/cheynewalls/miles-from-los-angeles-a-photo-book-of-the-western', u'https://ksr-ugc.imgix.net/projects/2125715/photo-original.jpg?v=1445363697&w=218&h=162&fit=crop&auto=format&q=92&s=d2e6586e9eed8ae429fde4ab735a8307', u'Laguna Beach, CA', u'2015-12-04', 2130, 0, u'USD', datetime.datetime(2015, 10, 23, 11, 36, 50, 36071), 1, 1, 1, 9])
2015-10-23 11:36:50 [scrapy] DEBUG: Scraped from <200 https://www.kickstarter.com/discover/categories/photography?sort=newest>
{'author': u'Cheyne Walls',
 'category_id': 9,
 'currency': u'USD',
 'end': u'2015-12-04',
 'id': u'cheynewall',
 'img_url': u'https://ksr-ugc.imgix.net/projects/2125715/photo-original.jpg?v=1445363697&w=218&h=162&fit=crop&auto=format&q=92&s=d2e6586e9eed8ae429fde4ab735a8307',
 'location': u'Laguna Beach, CA',
 'pledged': u'2130',
 'project_url': u'https://www.kickstarter.com/projects/cheynewalls/miles-from-los-angeles-a-photo-book-of-the-western',
 'title': u'Miles From Los Angeles - A Photo Book of the Western U.S.',
 'type': 1,
 'website': 1}
2015-10-23 11:36:50 [peewee] DEBUG: ('SELECT `t1`.`id`, `t1`.`second_id`, `t1`.`title`, `t1`.`author`, `t1`.`project_url`, `t1`.`img_url`, `t1`.`location`, `t1`.`end`, `t1`.`pledged`, `t1`.`goal`, `t1`.`currency`, `t1`.`date_modified`, `t1`.`active`, `t1`.`website`, `t1`.`type`, `t1`.`category_id` FROM `app_project` AS t1 WHERE (`t1`.`second_id` = %s) LIMIT 1', [u'1032069757'])
2015-10-23 11:36:50 [peewee] DEBUG: ('INSERT INTO `app_project` (`second_id`, `title`, `author`, `project_url`, `img_url`, `location`, `end`, `pledged`, `goal`, `currency`, `date_modified`, `active`, `website`, `type`, `category_id`) VALUES (%s, %s, %s, %s, %s, %s, %s, %s, %s, %s, %s, %s, %s, %s, %s)', [u'1032069757', u'Rescue Dog Calendar', u'Kailee Mandel', u'https://www.kickstarter.com/projects/1032069757/rescue-dog-calendar', u'https://ksr-ugc.imgix.net/projects/2138875/photo-original.jpg?v=1445021059&w=218&h=162&fit=crop&auto=format&q=92&s=1916aec98cfc57223a772baf70466d42', u'Toronto, Canada', u'2015-11-19', 761, 0, u'CAD', datetime.datetime(2015, 10, 23, 11, 36, 50, 44212), 1, 1, 1, 9])
2015-10-23 11:36:50 [scrapy] DEBUG: Scraped from <200 https://www.kickstarter.com/discover/categories/photography?sort=newest>
{'author': u'Kailee Mandel',
 'category_id': 9,
 'currency': u'CAD',
 'end': u'2015-11-19',
 'id': u'1032069757',
 'img_url': u'https://ksr-ugc.imgix.net/projects/2138875/photo-original.jpg?v=1445021059&w=218&h=162&fit=crop&auto=format&q=92&s=1916aec98cfc57223a772baf70466d42',
 'location': u'Toronto, Canada',
 'pledged': u'761',
 'project_url': u'https://www.kickstarter.com/projects/1032069757/rescue-dog-calendar',
 'title': u'Rescue Dog Calendar',
 'type': 1,
 'website': 1}
2015-10-23 11:36:50 [peewee] DEBUG: ('SELECT `t1`.`id`, `t1`.`second_id`, `t1`.`title`, `t1`.`author`, `t1`.`project_url`, `t1`.`img_url`, `t1`.`location`, `t1`.`end`, `t1`.`pledged`, `t1`.`goal`, `t1`.`currency`, `t1`.`date_modified`, `t1`.`active`, `t1`.`website`, `t1`.`type`, `t1`.`category_id` FROM `app_project` AS t1 WHERE (`t1`.`second_id` = %s) LIMIT 1', [u'575377120'])
2015-10-23 11:36:50 [peewee] DEBUG: ('INSERT INTO `app_project` (`second_id`, `title`, `author`, `project_url`, `img_url`, `location`, `end`, `pledged`, `goal`, `currency`, `date_modified`, `active`, `website`, `type`, `category_id`) VALUES (%s, %s, %s, %s, %s, %s, %s, %s, %s, %s, %s, %s, %s, %s, %s)', [u'575377120', u'The Silence Shoot', u'Matthew Pruitt', u'https://www.kickstarter.com/projects/575377120/the-silence-shoot', u'https://ksr-ugc.imgix.net/projects/2131728/photo-original.jpg?v=1444701448&w=218&h=162&fit=crop&auto=format&q=92&s=7c93c8d48e4af580a854d08c3ad25f73', u'Lansing, MI', u'2015-12-17', 2500, 0, u'USD', datetime.datetime(2015, 10, 23, 11, 36, 50, 51368), 1, 1, 1, 9])
2015-10-23 11:36:50 [scrapy] DEBUG: Scraped from <200 https://www.kickstarter.com/discover/categories/photography?sort=newest>
{'author': u'Matthew Pruitt',
 'category_id': 9,
 'currency': u'USD',
 'end': u'2015-12-17',
 'id': u'575377120',
 'img_url': u'https://ksr-ugc.imgix.net/projects/2131728/photo-original.jpg?v=1444701448&w=218&h=162&fit=crop&auto=format&q=92&s=7c93c8d48e4af580a854d08c3ad25f73',
 'location': u'Lansing, MI',
 'pledged': u'2500',
 'project_url': u'https://www.kickstarter.com/projects/575377120/the-silence-shoot',
 'title': u'The Silence Shoot',
 'type': 1,
 'website': 1}
2015-10-23 11:36:50 [peewee] DEBUG: ('SELECT `t1`.`id`, `t1`.`second_id`, `t1`.`title`, `t1`.`author`, `t1`.`project_url`, `t1`.`img_url`, `t1`.`location`, `t1`.`end`, `t1`.`pledged`, `t1`.`goal`, `t1`.`currency`, `t1`.`date_modified`, `t1`.`active`, `t1`.`website`, `t1`.`type`, `t1`.`category_id` FROM `app_project` AS t1 WHERE (`t1`.`second_id` = %s) LIMIT 1', [u'1337138292'])
2015-10-23 11:36:50 [peewee] DEBUG: ('INSERT INTO `app_project` (`second_id`, `title`, `author`, `project_url`, `img_url`, `location`, `end`, `pledged`, `goal`, `currency`, `date_modified`, `active`, `website`, `type`, `category_id`) VALUES (%s, %s, %s, %s, %s, %s, %s, %s, %s, %s, %s, %s, %s, %s, %s)', [u'1337138292', u'Splattered on Main Street', u'Brianna Stoddard', u'https://www.kickstarter.com/projects/1337138292/splattered-on-main-street', u'https://ksr-ugc.imgix.net/projects/2141117/photo-original.jpg?v=1445174273&w=218&h=162&fit=crop&auto=format&q=92&s=0faa47c650800f8988d59ade1b58430e', u'Brockway, PA', u'2015-10-31', 0, 0, u'USD', datetime.datetime(2015, 10, 23, 11, 36, 50, 58876), 1, 1, 1, 9])
2015-10-23 11:36:50 [scrapy] DEBUG: Scraped from <200 https://www.kickstarter.com/discover/categories/photography?sort=newest>
{'author': u'Brianna Stoddard',
 'category_id': 9,
 'currency': u'USD',
 'end': u'2015-10-31',
 'id': u'1337138292',
 'img_url': u'https://ksr-ugc.imgix.net/projects/2141117/photo-original.jpg?v=1445174273&w=218&h=162&fit=crop&auto=format&q=92&s=0faa47c650800f8988d59ade1b58430e',
 'location': u'Brockway, PA',
 'pledged': u'000',
 'project_url': u'https://www.kickstarter.com/projects/1337138292/splattered-on-main-street',
 'title': u'Splattered on Main Street',
 'type': 1,
 'website': 1}
2015-10-23 11:36:50 [peewee] DEBUG: ('SELECT `t1`.`id`, `t1`.`second_id`, `t1`.`title`, `t1`.`author`, `t1`.`project_url`, `t1`.`img_url`, `t1`.`location`, `t1`.`end`, `t1`.`pledged`, `t1`.`goal`, `t1`.`currency`, `t1`.`date_modified`, `t1`.`active`, `t1`.`website`, `t1`.`type`, `t1`.`category_id` FROM `app_project` AS t1 WHERE (`t1`.`second_id` = %s) LIMIT 1', [u'1892748085'])
2015-10-23 11:36:50 [peewee] DEBUG: ('INSERT INTO `app_project` (`second_id`, `title`, `author`, `project_url`, `img_url`, `location`, `end`, `pledged`, `goal`, `currency`, `date_modified`, `active`, `website`, `type`, `category_id`) VALUES (%s, %s, %s, %s, %s, %s, %s, %s, %s, %s, %s, %s, %s, %s, %s)', [u'1892748085', u'Hidden Face', u'Cao \\u0110i\\u1ec1n', u'https://www.kickstarter.com/projects/1892748085/hidden-face', u'https://ksr-ugc.imgix.net/projects/2142008/photo-original.jpg?v=1445207567&w=218&h=162&fit=crop&auto=format&q=92&s=4f1b7170eb3909b1718570edfea31751', u'Paris, France', u'2015-12-08', 0, 0, u'USD', datetime.datetime(2015, 10, 23, 11, 36, 50, 66096), 1, 1, 1, 9])
2015-10-23 11:36:50 [scrapy] DEBUG: Scraped from <200 https://www.kickstarter.com/discover/categories/photography?sort=newest>
{'author': u'Cao \\u0110i\\u1ec1n',
 'category_id': 9,
 'currency': u'USD',
 'end': u'2015-12-08',
 'id': u'1892748085',
 'img_url': u'https://ksr-ugc.imgix.net/projects/2142008/photo-original.jpg?v=1445207567&w=218&h=162&fit=crop&auto=format&q=92&s=4f1b7170eb3909b1718570edfea31751',
 'location': u'Paris, France',
 'pledged': u'000',
 'project_url': u'https://www.kickstarter.com/projects/1892748085/hidden-face',
 'title': u'Hidden Face',
 'type': 1,
 'website': 1}
2015-10-23 11:36:50 [peewee] DEBUG: ('SELECT `t1`.`id`, `t1`.`second_id`, `t1`.`title`, `t1`.`author`, `t1`.`project_url`, `t1`.`img_url`, `t1`.`location`, `t1`.`end`, `t1`.`pledged`, `t1`.`goal`, `t1`.`currency`, `t1`.`date_modified`, `t1`.`active`, `t1`.`website`, `t1`.`type`, `t1`.`category_id` FROM `app_project` AS t1 WHERE (`t1`.`second_id` = %s) LIMIT 1', [u'80857009'])
2015-10-23 11:36:50 [peewee] DEBUG: ('INSERT INTO `app_project` (`second_id`, `title`, `author`, `project_url`, `img_url`, `location`, `end`, `pledged`, `goal`, `currency`, `date_modified`, `active`, `website`, `type`, `category_id`) VALUES (%s, %s, %s, %s, %s, %s, %s, %s, %s, %s, %s, %s, %s, %s, %s)', [u'80857009', u'Wallstrides', u'Erik van Ingen', u'https://www.kickstarter.com/projects/80857009/wallstrides', u'https://ksr-ugc.imgix.net/projects/2116610/photo-original.jpg?v=1444587626&w=218&h=162&fit=crop&auto=format&q=92&s=f394550eaa83dbdc8e5280b8e1b79ae7', u'New York, NY', u'2015-11-02', 302, 0, u'USD', datetime.datetime(2015, 10, 23, 11, 36, 50, 73004), 1, 1, 1, 9])
2015-10-23 11:36:50 [scrapy] DEBUG: Scraped from <200 https://www.kickstarter.com/discover/categories/photography?sort=newest>
{'author': u'Erik van Ingen',
 'category_id': 9,
 'currency': u'USD',
 'end': u'2015-11-02',
 'id': u'80857009',
 'img_url': u'https://ksr-ugc.imgix.net/projects/2116610/photo-original.jpg?v=1444587626&w=218&h=162&fit=crop&auto=format&q=92&s=f394550eaa83dbdc8e5280b8e1b79ae7',
 'location': u'New York, NY',
 'pledged': u'302',
 'project_url': u'https://www.kickstarter.com/projects/80857009/wallstrides',
 'title': u'Wallstrides',
 'type': 1,
 'website': 1}
2015-10-23 11:36:50 [peewee] DEBUG: ('SELECT `t1`.`id`, `t1`.`second_id`, `t1`.`title`, `t1`.`author`, `t1`.`project_url`, `t1`.`img_url`, `t1`.`location`, `t1`.`end`, `t1`.`pledged`, `t1`.`goal`, `t1`.`currency`, `t1`.`date_modified`, `t1`.`active`, `t1`.`website`, `t1`.`type`, `t1`.`category_id` FROM `app_project` AS t1 WHERE (`t1`.`second_id` = %s) LIMIT 1', [u'570734658'])
2015-10-23 11:36:50 [peewee] DEBUG: ('INSERT INTO `app_project` (`second_id`, `title`, `author`, `project_url`, `img_url`, `location`, `end`, `pledged`, `goal`, `currency`, `date_modified`, `active`, `website`, `type`, `category_id`) VALUES (%s, %s, %s, %s, %s, %s, %s, %s, %s, %s, %s, %s, %s, %s, %s)', [u'570734658', u'Hidden Mother', u'Laura Larson', u'https://www.kickstarter.com/projects/570734658/hidden-mother', u'https://ksr-ugc.imgix.net/projects/2107567/photo-original.jpg?v=1443466227&w=218&h=162&fit=crop&auto=format&q=92&s=61718d593c68587b8d2e45c5f9788b61', u'Athens, OH', u'2015-11-18', 5511, 0, u'USD', datetime.datetime(2015, 10, 23, 11, 36, 50, 80159), 1, 1, 1, 9])
2015-10-23 11:36:50 [scrapy] DEBUG: Scraped from <200 https://www.kickstarter.com/discover/categories/photography?sort=newest>
{'author': u'Laura Larson',
 'category_id': 9,
 'currency': u'USD',
 'end': u'2015-11-18',
 'id': u'570734658',
 'img_url': u'https://ksr-ugc.imgix.net/projects/2107567/photo-original.jpg?v=1443466227&w=218&h=162&fit=crop&auto=format&q=92&s=61718d593c68587b8d2e45c5f9788b61',
 'location': u'Athens, OH',
 'pledged': u'5511',
 'project_url': u'https://www.kickstarter.com/projects/570734658/hidden-mother',
 'title': u'Hidden Mother',
 'type': 1,
 'website': 1}
2015-10-23 11:36:50 [peewee] DEBUG: ('SELECT `t1`.`id`, `t1`.`second_id`, `t1`.`title`, `t1`.`author`, `t1`.`project_url`, `t1`.`img_url`, `t1`.`location`, `t1`.`end`, `t1`.`pledged`, `t1`.`goal`, `t1`.`currency`, `t1`.`date_modified`, `t1`.`active`, `t1`.`website`, `t1`.`type`, `t1`.`category_id` FROM `app_project` AS t1 WHERE (`t1`.`second_id` = %s) LIMIT 1', [u'1784657596'])
2015-10-23 11:36:50 [peewee] DEBUG: ('INSERT INTO `app_project` (`second_id`, `title`, `author`, `project_url`, `img_url`, `location`, `end`, `pledged`, `goal`, `currency`, `date_modified`, `active`, `website`, `type`, `category_id`) VALUES (%s, %s, %s, %s, %s, %s, %s, %s, %s, %s, %s, %s, %s, %s, %s)', [u'1784657596', u"Faces of Alzheimer's", u'Carolyn Cann and Sophan Theam', u'https://www.kickstarter.com/projects/1784657596/faces-of-alzheimers', u'https://ksr-ugc.imgix.net/projects/2067455/photo-original.jpg?v=1444748948&w=218&h=162&fit=crop&auto=format&q=92&s=eaaca14352ae7209e0a62a2bee44fbf4', u'Tampa, FL', u'2015-11-17', 1350, 0, u'USD', datetime.datetime(2015, 10, 23, 11, 36, 50, 87559), 1, 1, 1, 9])
2015-10-23 11:36:50 [scrapy] DEBUG: Scraped from <200 https://www.kickstarter.com/discover/categories/photography?sort=newest>
{'author': u'Carolyn Cann and Sophan Theam',
 'category_id': 9,
 'currency': u'USD',
 'end': u'2015-11-17',
 'id': u'1784657596',
 'img_url': u'https://ksr-ugc.imgix.net/projects/2067455/photo-original.jpg?v=1444748948&w=218&h=162&fit=crop&auto=format&q=92&s=eaaca14352ae7209e0a62a2bee44fbf4',
 'location': u'Tampa, FL',
 'pledged': u'1350',
 'project_url': u'https://www.kickstarter.com/projects/1784657596/faces-of-alzheimers',
 'title': u"Faces of Alzheimer's",
 'type': 1,
 'website': 1}
2015-10-23 11:36:50 [peewee] DEBUG: ('SELECT `t1`.`id`, `t1`.`second_id`, `t1`.`title`, `t1`.`author`, `t1`.`project_url`, `t1`.`img_url`, `t1`.`location`, `t1`.`end`, `t1`.`pledged`, `t1`.`goal`, `t1`.`currency`, `t1`.`date_modified`, `t1`.`active`, `t1`.`website`, `t1`.`type`, `t1`.`category_id` FROM `app_project` AS t1 WHERE (`t1`.`second_id` = %s) LIMIT 1', [u'922267901'])
2015-10-23 11:36:50 [peewee] DEBUG: ('INSERT INTO `app_project` (`second_id`, `title`, `author`, `project_url`, `img_url`, `location`, `end`, `pledged`, `goal`, `currency`, `date_modified`, `active`, `website`, `type`, `category_id`) VALUES (%s, %s, %s, %s, %s, %s, %s, %s, %s, %s, %s, %s, %s, %s, %s)', [u'922267901', u'Route 66 - Photography Book', u'Ferran Badia', u'https://www.kickstarter.com/projects/922267901/route-66-photography-book', u'https://ksr-ugc.imgix.net/projects/2142177/photo-original.jpg?v=1445292781&w=218&h=162&fit=crop&auto=format&q=92&s=bcd5365ed8a28cd056993c067f4ea9aa', u'Barcelona, Spain', u'2015-11-17', 0, 0, u'EUR', datetime.datetime(2015, 10, 23, 11, 36, 50, 94949), 1, 1, 1, 9])
2015-10-23 11:36:50 [scrapy] DEBUG: Scraped from <200 https://www.kickstarter.com/discover/categories/photography?sort=newest>
{'author': u'Ferran Badia',
 'category_id': 9,
 'currency': u'EUR',
 'end': u'2015-11-17',
 'id': u'922267901',
 'img_url': u'https://ksr-ugc.imgix.net/projects/2142177/photo-original.jpg?v=1445292781&w=218&h=162&fit=crop&auto=format&q=92&s=bcd5365ed8a28cd056993c067f4ea9aa',
 'location': u'Barcelona, Spain',
 'pledged': u'000',
 'project_url': u'https://www.kickstarter.com/projects/922267901/route-66-photography-book',
 'title': u'Route 66 - Photography Book',
 'type': 1,
 'website': 1}
2015-10-23 11:36:50 [peewee] DEBUG: ('SELECT `t1`.`id`, `t1`.`second_id`, `t1`.`title`, `t1`.`author`, `t1`.`project_url`, `t1`.`img_url`, `t1`.`location`, `t1`.`end`, `t1`.`pledged`, `t1`.`goal`, `t1`.`currency`, `t1`.`date_modified`, `t1`.`active`, `t1`.`website`, `t1`.`type`, `t1`.`category_id` FROM `app_project` AS t1 WHERE (`t1`.`second_id` = %s) LIMIT 1', [u'961889799'])
2015-10-23 11:36:50 [peewee] DEBUG: ('INSERT INTO `app_project` (`second_id`, `title`, `author`, `project_url`, `img_url`, `location`, `end`, `pledged`, `goal`, `currency`, `date_modified`, `active`, `website`, `type`, `category_id`) VALUES (%s, %s, %s, %s, %s, %s, %s, %s, %s, %s, %s, %s, %s, %s, %s)', [u'961889799', u"Sata's Spooky Postcards", u'Sata Bear', u'https://www.kickstarter.com/projects/961889799/satas-spooky-postcards', u'https://ksr-ugc.imgix.net/projects/2141825/photo-original.JPG?v=1445201319&w=218&h=162&fit=crop&auto=format&q=92&s=6c1d11afa349de563f2a13789d544bf2', u'South Tucson, Tucson, AZ', u'2015-10-25', 2900, 0, u'USD', datetime.datetime(2015, 10, 23, 11, 36, 50, 102609), 1, 1, 1, 9])
2015-10-23 11:36:50 [scrapy] DEBUG: Scraped from <200 https://www.kickstarter.com/discover/categories/photography?sort=newest>
{'author': u'Sata Bear',
 'category_id': 9,
 'currency': u'USD',
 'end': u'2015-10-25',
 'id': u'961889799',
 'img_url': u'https://ksr-ugc.imgix.net/projects/2141825/photo-original.JPG?v=1445201319&w=218&h=162&fit=crop&auto=format&q=92&s=6c1d11afa349de563f2a13789d544bf2',
 'location': u'South Tucson, Tucson, AZ',
 'pledged': u'2900',
 'project_url': u'https://www.kickstarter.com/projects/961889799/satas-spooky-postcards',
 'title': u"Sata's Spooky Postcards",
 'type': 1,
 'website': 1}
2015-10-23 11:36:50 [peewee] DEBUG: ('SELECT `t1`.`id`, `t1`.`second_id`, `t1`.`title`, `t1`.`author`, `t1`.`project_url`, `t1`.`img_url`, `t1`.`location`, `t1`.`end`, `t1`.`pledged`, `t1`.`goal`, `t1`.`currency`, `t1`.`date_modified`, `t1`.`active`, `t1`.`website`, `t1`.`type`, `t1`.`category_id` FROM `app_project` AS t1 WHERE (`t1`.`second_id` = %s) LIMIT 1', [u'1696400271'])
2015-10-23 11:36:50 [peewee] DEBUG: ('INSERT INTO `app_project` (`second_id`, `title`, `author`, `project_url`, `img_url`, `location`, `end`, `pledged`, `goal`, `currency`, `date_modified`, `active`, `website`, `type`, `category_id`) VALUES (%s, %s, %s, %s, %s, %s, %s, %s, %s, %s, %s, %s, %s, %s, %s)', [u'1696400271', u'Der Mensch und seine Sicht der Dinge', u'Sanja Brosig', u'https://www.kickstarter.com/projects/1696400271/der-mensch-und-seine-sicht-der-dinge', u'https://ksr-ugc.imgix.net/projects/2129698/photo-original.jpg?v=1444587773&w=218&h=162&fit=crop&auto=format&q=92&s=e93107199b183bdb754f6d7f157c4eb9', u'Munich, Germany', u'2015-12-01', 7500, 0, u'EUR', datetime.datetime(2015, 10, 23, 11, 36, 50, 109740), 1, 1, 1, 9])
2015-10-23 11:36:50 [scrapy] DEBUG: Scraped from <200 https://www.kickstarter.com/discover/categories/photography?sort=newest>
{'author': u'Sanja Brosig',
 'category_id': 9,
 'currency': u'EUR',
 'end': u'2015-12-01',
 'id': u'1696400271',
 'img_url': u'https://ksr-ugc.imgix.net/projects/2129698/photo-original.jpg?v=1444587773&w=218&h=162&fit=crop&auto=format&q=92&s=e93107199b183bdb754f6d7f157c4eb9',
 'location': u'Munich, Germany',
 'pledged': u'7500',
 'project_url': u'https://www.kickstarter.com/projects/1696400271/der-mensch-und-seine-sicht-der-dinge',
 'title': u'Der Mensch und seine Sicht der Dinge',
 'type': 1,
 'website': 1}
2015-10-23 11:36:50 [scrapy] INFO: Closing spider (finished)
2015-10-23 11:36:50 [scrapy] INFO: Stored jsonlines feed (20 items) in: file:///Users/marko/PythonProjects/cfservis/items/cfservis/kickstarter_getter/8b6899ee796911e5979d7831c1c9baf0.jl
2015-10-23 11:36:50 [scrapy] INFO: Dumping Scrapy stats:
{'downloader/request_bytes': 260,
 'downloader/request_count': 1,
 'downloader/request_method_count/GET': 1,
 'downloader/response_bytes': 81747,
 'downloader/response_count': 1,
 'downloader/response_status_count/200': 1,
 'finish_reason': 'finished',
 'finish_time': datetime.datetime(2015, 10, 23, 9, 36, 50, 114004),
 'item_scraped_count': 20,
 'log_count/DEBUG': 62,
 'log_count/INFO': 8,
 'response_received_count': 1,
 'scheduler/dequeued': 1,
 'scheduler/dequeued/memory': 1,
 'scheduler/enqueued': 1,
 'scheduler/enqueued/memory': 1,
 'start_time': datetime.datetime(2015, 10, 23, 9, 36, 48, 429520)}
2015-10-23 11:36:50 [scrapy] INFO: Spider closed (finished)
