2015-10-23 17:14:23 [scrapy] INFO: Scrapy 1.0.3 started (bot: cfservis)
2015-10-23 17:14:23 [scrapy] INFO: Optional features available: ssl, http11
2015-10-23 17:14:23 [scrapy] INFO: Overridden settings: {'NEWSPIDER_MODULE': 'cfservis.spiders', 'SPIDER_MODULES': ['cfservis.spiders'], 'FEED_URI': 'file:///Users/marko/PythonProjects/cfservis/items/cfservis/kickstarter_getter/b77952a6799811e5bb4a7831c1c9baf0.jl', 'LOG_FILE': 'logs/cfservis/kickstarter_getter/b77952a6799811e5bb4a7831c1c9baf0.log', 'BOT_NAME': 'cfservis'}
2015-10-23 17:14:23 [scrapy] INFO: Enabled extensions: CloseSpider, FeedExporter, TelnetConsole, LogStats, CoreStats, SpiderState
2015-10-23 17:14:23 [scrapy] INFO: Enabled downloader middlewares: HttpAuthMiddleware, DownloadTimeoutMiddleware, UserAgentMiddleware, RetryMiddleware, DefaultHeadersMiddleware, MetaRefreshMiddleware, HttpCompressionMiddleware, RedirectMiddleware, CookiesMiddleware, ChunkedTransferMiddleware, DownloaderStats
2015-10-23 17:14:23 [scrapy] INFO: Enabled spider middlewares: HttpErrorMiddleware, OffsiteMiddleware, RefererMiddleware, UrlLengthMiddleware, DepthMiddleware
2015-10-23 17:14:23 [scrapy] INFO: Enabled item pipelines: MySQLStorePipeline
2015-10-23 17:14:23 [scrapy] INFO: Spider opened
2015-10-23 17:14:23 [scrapy] INFO: Crawled 0 pages (at 0 pages/min), scraped 0 items (at 0 items/min)
2015-10-23 17:14:23 [scrapy] DEBUG: Telnet console listening on 127.0.0.1:6023
2015-10-23 17:14:24 [scrapy] DEBUG: Crawled (200) <GET https://www.kickstarter.com/discover/categories/food?sort=newest> (referer: None)
2015-10-23 17:14:24 [peewee] DEBUG: ('SELECT `t1`.`id`, `t1`.`second_id`, `t1`.`title`, `t1`.`author`, `t1`.`project_url`, `t1`.`img_url`, `t1`.`location`, `t1`.`end`, `t1`.`pledged`, `t1`.`goal`, `t1`.`currency`, `t1`.`date_modified`, `t1`.`active`, `t1`.`website`, `t1`.`type`, `t1`.`category_id` FROM `app_project` AS t1 WHERE (`t1`.`second_id` = %s) LIMIT 1', [u'715668651'])
2015-10-23 17:14:24 [peewee] DEBUG: ('INSERT INTO `app_project` (`second_id`, `title`, `author`, `project_url`, `img_url`, `location`, `end`, `pledged`, `goal`, `currency`, `date_modified`, `active`, `website`, `type`, `category_id`) VALUES (%s, %s, %s, %s, %s, %s, %s, %s, %s, %s, %s, %s, %s, %s, %s)', [u'715668651', u'Vanity Farm, Beauty & Health Grown', u'Amanda Culley-Carr', u'https://www.kickstarter.com/projects/715668651/vanity-farm-beauty-and-health-grown', u'https://ksr-ugc.imgix.net/projects/2130445/photo-original.jpg?v=1444624231&w=218&h=162&fit=crop&auto=format&q=92&s=1329eea039fffeed1ed6ddfa189265e1', u'Fort Collins, CO', u'2015-11-22', 0, 0, u'USD', datetime.datetime(2015, 10, 23, 17, 14, 24, 610774), 1, 1, 1, 8])
2015-10-23 17:14:24 [scrapy] DEBUG: Scraped from <200 https://www.kickstarter.com/discover/categories/food?sort=newest>
{'author': u'Amanda Culley-Carr',
 'category_id': 8,
 'currency': u'USD',
 'end': u'2015-11-22',
 'id': u'715668651',
 'img_url': u'https://ksr-ugc.imgix.net/projects/2130445/photo-original.jpg?v=1444624231&w=218&h=162&fit=crop&auto=format&q=92&s=1329eea039fffeed1ed6ddfa189265e1',
 'location': u'Fort Collins, CO',
 'pledged': u'000',
 'project_url': u'https://www.kickstarter.com/projects/715668651/vanity-farm-beauty-and-health-grown',
 'title': u'Vanity Farm, Beauty & Health Grown',
 'type': 1,
 'website': 1}
2015-10-23 17:14:24 [peewee] DEBUG: ('SELECT `t1`.`id`, `t1`.`second_id`, `t1`.`title`, `t1`.`author`, `t1`.`project_url`, `t1`.`img_url`, `t1`.`location`, `t1`.`end`, `t1`.`pledged`, `t1`.`goal`, `t1`.`currency`, `t1`.`date_modified`, `t1`.`active`, `t1`.`website`, `t1`.`type`, `t1`.`category_id` FROM `app_project` AS t1 WHERE (`t1`.`second_id` = %s) LIMIT 1', [u'602263177'])
2015-10-23 17:14:24 [peewee] DEBUG: ('INSERT INTO `app_project` (`second_id`, `title`, `author`, `project_url`, `img_url`, `location`, `end`, `pledged`, `goal`, `currency`, `date_modified`, `active`, `website`, `type`, `category_id`) VALUES (%s, %s, %s, %s, %s, %s, %s, %s, %s, %s, %s, %s, %s, %s, %s)', [u'602263177', u'Cooking and language', u'Raffaella', u'https://www.kickstarter.com/projects/602263177/cooking-and-language', u'https://ksr-ugc.imgix.net/projects/2145512/photo-original.jpg?v=1445376510&w=218&h=162&fit=crop&auto=format&q=92&s=e7f96e2b09b4d36e1c9c1d1bd0f4fa3b', u'Greater London, UK', u'2015-11-22', 0, 0, u'GBP', datetime.datetime(2015, 10, 23, 17, 14, 24, 646918), 1, 1, 1, 8])
2015-10-23 17:14:24 [scrapy] DEBUG: Scraped from <200 https://www.kickstarter.com/discover/categories/food?sort=newest>
{'author': u'Raffaella',
 'category_id': 8,
 'currency': u'GBP',
 'end': u'2015-11-22',
 'id': u'602263177',
 'img_url': u'https://ksr-ugc.imgix.net/projects/2145512/photo-original.jpg?v=1445376510&w=218&h=162&fit=crop&auto=format&q=92&s=e7f96e2b09b4d36e1c9c1d1bd0f4fa3b',
 'location': u'Greater London, UK',
 'pledged': u'000',
 'project_url': u'https://www.kickstarter.com/projects/602263177/cooking-and-language',
 'title': u'Cooking and language',
 'type': 1,
 'website': 1}
2015-10-23 17:14:24 [peewee] DEBUG: ('SELECT `t1`.`id`, `t1`.`second_id`, `t1`.`title`, `t1`.`author`, `t1`.`project_url`, `t1`.`img_url`, `t1`.`location`, `t1`.`end`, `t1`.`pledged`, `t1`.`goal`, `t1`.`currency`, `t1`.`date_modified`, `t1`.`active`, `t1`.`website`, `t1`.`type`, `t1`.`category_id` FROM `app_project` AS t1 WHERE (`t1`.`second_id` = %s) LIMIT 1', [u'1693006649'])
2015-10-23 17:14:24 [peewee] DEBUG: ('INSERT INTO `app_project` (`second_id`, `title`, `author`, `project_url`, `img_url`, `location`, `end`, `pledged`, `goal`, `currency`, `date_modified`, `active`, `website`, `type`, `category_id`) VALUES (%s, %s, %s, %s, %s, %s, %s, %s, %s, %s, %s, %s, %s, %s, %s)', [u'1693006649', u'Round Table Hops: Where Beer Grows', u'Ben Vaughn', u'https://www.kickstarter.com/projects/1693006649/round-table-hops-where-beer-grows', u'https://ksr-ugc.imgix.net/projects/2131336/photo-original.jpg?v=1445361136&w=218&h=162&fit=crop&auto=format&q=92&s=4095f5ee7469d5d5bd4a13f7275af3a3', u'Minneapolis, MN', u'2015-11-29', 160, 0, u'USD', datetime.datetime(2015, 10, 23, 17, 14, 24, 669496), 1, 1, 1, 8])
2015-10-23 17:14:24 [scrapy] DEBUG: Scraped from <200 https://www.kickstarter.com/discover/categories/food?sort=newest>
{'author': u'Ben Vaughn',
 'category_id': 8,
 'currency': u'USD',
 'end': u'2015-11-29',
 'id': u'1693006649',
 'img_url': u'https://ksr-ugc.imgix.net/projects/2131336/photo-original.jpg?v=1445361136&w=218&h=162&fit=crop&auto=format&q=92&s=4095f5ee7469d5d5bd4a13f7275af3a3',
 'location': u'Minneapolis, MN',
 'pledged': u'160',
 'project_url': u'https://www.kickstarter.com/projects/1693006649/round-table-hops-where-beer-grows',
 'title': u'Round Table Hops: Where Beer Grows',
 'type': 1,
 'website': 1}
2015-10-23 17:14:24 [peewee] DEBUG: ('SELECT `t1`.`id`, `t1`.`second_id`, `t1`.`title`, `t1`.`author`, `t1`.`project_url`, `t1`.`img_url`, `t1`.`location`, `t1`.`end`, `t1`.`pledged`, `t1`.`goal`, `t1`.`currency`, `t1`.`date_modified`, `t1`.`active`, `t1`.`website`, `t1`.`type`, `t1`.`category_id` FROM `app_project` AS t1 WHERE (`t1`.`second_id` = %s) LIMIT 1', [u'annavailcheese'])
2015-10-23 17:14:24 [scrapy] DEBUG: Scraped from <200 https://www.kickstarter.com/discover/categories/food?sort=newest>
{'author': u'Ann Kurronen',
 'category_id': 8,
 'currency': u'USD',
 'end': u'2015-11-22',
 'id': u'annavailcheese',
 'img_url': u'https://ksr-ugc.imgix.net/projects/1977749/photo-original.jpg?v=1445576688&w=218&h=162&fit=crop&auto=format&q=92&s=d172b56e39511a8bf1ab1132efa48ebe',
 'location': u'Eagle, CO',
 'pledged': u'7500',
 'project_url': u'https://www.kickstarter.com/projects/annavailcheese/a-savory-slice-of-joy-help-annavail-cheese-grow',
 'title': u'A Savory Slice of Joy:             Help AnnaVail Cheese Grow',
 'type': 1,
 'website': 1}
2015-10-23 17:14:24 [peewee] DEBUG: ('SELECT `t1`.`id`, `t1`.`second_id`, `t1`.`title`, `t1`.`author`, `t1`.`project_url`, `t1`.`img_url`, `t1`.`location`, `t1`.`end`, `t1`.`pledged`, `t1`.`goal`, `t1`.`currency`, `t1`.`date_modified`, `t1`.`active`, `t1`.`website`, `t1`.`type`, `t1`.`category_id` FROM `app_project` AS t1 WHERE (`t1`.`second_id` = %s) LIMIT 1', [u'657052892'])
2015-10-23 17:14:24 [scrapy] DEBUG: Scraped from <200 https://www.kickstarter.com/discover/categories/food?sort=newest>
{'author': u'Kaj Ask',
 'category_id': 8,
 'currency': u'NOK',
 'end': u'2015-11-21',
 'id': u'657052892',
 'img_url': u'https://ksr-ugc.imgix.net/projects/2149146/photo-original.jpg?v=1445554514&w=218&h=162&fit=crop&auto=format&q=92&s=9b69fe69a11b7b85e9c6225244faf297',
 'location': u'Trondheim, Norway',
 'pledged': u'000',
 'project_url': u'https://www.kickstarter.com/projects/657052892/spoon-me',
 'title': u'Spoon Me',
 'type': 1,
 'website': 1}
2015-10-23 17:14:24 [peewee] DEBUG: ('SELECT `t1`.`id`, `t1`.`second_id`, `t1`.`title`, `t1`.`author`, `t1`.`project_url`, `t1`.`img_url`, `t1`.`location`, `t1`.`end`, `t1`.`pledged`, `t1`.`goal`, `t1`.`currency`, `t1`.`date_modified`, `t1`.`active`, `t1`.`website`, `t1`.`type`, `t1`.`category_id` FROM `app_project` AS t1 WHERE (`t1`.`second_id` = %s) LIMIT 1', [u'200140728'])
2015-10-23 17:14:24 [scrapy] DEBUG: Scraped from <200 https://www.kickstarter.com/discover/categories/food?sort=newest>
{'author': u'Ezra & Laura Stevens',
 'category_id': 8,
 'currency': u'USD',
 'end': u'2015-11-21',
 'id': u'200140728',
 'img_url': u'https://ksr-ugc.imgix.net/projects/2137661/photo-original.png?v=1444951781&w=218&h=162&fit=crop&auto=format&q=92&s=13a4b7ae0b3e04da5c1fd6cd2d0584ff',
 'location': u'Panama City, FL',
 'pledged': u'000',
 'project_url': u'https://www.kickstarter.com/projects/200140728/whichcraft-tavern-llc',
 'title': u'WhichCraft Tavern (llc)',
 'type': 1,
 'website': 1}
2015-10-23 17:14:24 [peewee] DEBUG: ('SELECT `t1`.`id`, `t1`.`second_id`, `t1`.`title`, `t1`.`author`, `t1`.`project_url`, `t1`.`img_url`, `t1`.`location`, `t1`.`end`, `t1`.`pledged`, `t1`.`goal`, `t1`.`currency`, `t1`.`date_modified`, `t1`.`active`, `t1`.`website`, `t1`.`type`, `t1`.`category_id` FROM `app_project` AS t1 WHERE (`t1`.`second_id` = %s) LIMIT 1', [u'1848522057'])
2015-10-23 17:14:24 [scrapy] DEBUG: Scraped from <200 https://www.kickstarter.com/discover/categories/food?sort=newest>
{'author': u'A.S.T.O.S.M.',
 'category_id': 8,
 'currency': u'USD',
 'end': u'2015-12-21',
 'id': u'1848522057',
 'img_url': u'https://ksr-ugc.imgix.net/projects/2145044/photo-original.jpg?v=1445365771&w=218&h=162&fit=crop&auto=format&q=92&s=9b7d3cf89ade5e8539fed4c886707b76',
 'location': u'Santee, SC',
 'pledged': u'000',
 'project_url': u'https://www.kickstarter.com/projects/1848522057/bridging-the-gap-between-the-youth-and-the-elderly',
 'title': u'Bridging the Gap Between the Youth & the Elderly',
 'type': 1,
 'website': 1}
2015-10-23 17:14:24 [peewee] DEBUG: ('SELECT `t1`.`id`, `t1`.`second_id`, `t1`.`title`, `t1`.`author`, `t1`.`project_url`, `t1`.`img_url`, `t1`.`location`, `t1`.`end`, `t1`.`pledged`, `t1`.`goal`, `t1`.`currency`, `t1`.`date_modified`, `t1`.`active`, `t1`.`website`, `t1`.`type`, `t1`.`category_id` FROM `app_project` AS t1 WHERE (`t1`.`second_id` = %s) LIMIT 1', [u'1525273843'])
2015-10-23 17:14:24 [scrapy] DEBUG: Scraped from <200 https://www.kickstarter.com/discover/categories/food?sort=newest>
{'author': u'william',
 'category_id': 8,
 'currency': u'USD',
 'end': u'2015-11-21',
 'id': u'1525273843',
 'img_url': u'https://ksr-ugc.imgix.net/projects/2140409/photo-original.jpg?v=1445118310&w=218&h=162&fit=crop&auto=format&q=92&s=32662491e46ddd3e79c11f9da5981e2f',
 'location': u'Placerville, CA',
 'pledged': u'000',
 'project_url': u'https://www.kickstarter.com/projects/1525273843/charlottes-kitchen-20',
 'title': u"Charlotte's Kitchen (2.0)",
 'type': 1,
 'website': 1}
2015-10-23 17:14:24 [peewee] DEBUG: ('SELECT `t1`.`id`, `t1`.`second_id`, `t1`.`title`, `t1`.`author`, `t1`.`project_url`, `t1`.`img_url`, `t1`.`location`, `t1`.`end`, `t1`.`pledged`, `t1`.`goal`, `t1`.`currency`, `t1`.`date_modified`, `t1`.`active`, `t1`.`website`, `t1`.`type`, `t1`.`category_id` FROM `app_project` AS t1 WHERE (`t1`.`second_id` = %s) LIMIT 1', [u'761824661'])
2015-10-23 17:14:24 [scrapy] DEBUG: Scraped from <200 https://www.kickstarter.com/discover/categories/food?sort=newest>
{'author': u'Robert Benford',
 'category_id': 8,
 'currency': u'USD',
 'end': u'2015-11-21',
 'id': u'761824661',
 'img_url': u'https://ksr-ugc.imgix.net/projects/2123514/photo-original.jpg?v=1444244673&w=218&h=162&fit=crop&auto=format&q=92&s=1665eaeaa9fcad6d7d7cc17ca8fd7ee0',
 'location': u'Washington, DC',
 'pledged': u'000',
 'project_url': u'https://www.kickstarter.com/projects/761824661/for-the-love-of-gumbo',
 'title': u'For the Love of GUMBO',
 'type': 1,
 'website': 1}
2015-10-23 17:14:24 [peewee] DEBUG: ('SELECT `t1`.`id`, `t1`.`second_id`, `t1`.`title`, `t1`.`author`, `t1`.`project_url`, `t1`.`img_url`, `t1`.`location`, `t1`.`end`, `t1`.`pledged`, `t1`.`goal`, `t1`.`currency`, `t1`.`date_modified`, `t1`.`active`, `t1`.`website`, `t1`.`type`, `t1`.`category_id` FROM `app_project` AS t1 WHERE (`t1`.`second_id` = %s) LIMIT 1', [u'341589324'])
2015-10-23 17:14:24 [scrapy] DEBUG: Scraped from <200 https://www.kickstarter.com/discover/categories/food?sort=newest>
{'author': u"Sterling's Fudge",
 'category_id': 8,
 'currency': u'USD',
 'end': u'2015-11-21',
 'id': u'341589324',
 'img_url': u'https://ksr-ugc.imgix.net/projects/2143156/photo-original.JPG?v=1445454640&w=218&h=162&fit=crop&auto=format&q=92&s=4ed99f09e1e64f957d17db18c68683bd',
 'location': u'Hephzibah, GA',
 'pledged': u'110',
 'project_url': u'https://www.kickstarter.com/projects/341589324/gourmet-fudge-packaging-system',
 'title': u'Gourmet Fudge Packaging System',
 'type': 1,
 'website': 1}
2015-10-23 17:14:24 [peewee] DEBUG: ('SELECT `t1`.`id`, `t1`.`second_id`, `t1`.`title`, `t1`.`author`, `t1`.`project_url`, `t1`.`img_url`, `t1`.`location`, `t1`.`end`, `t1`.`pledged`, `t1`.`goal`, `t1`.`currency`, `t1`.`date_modified`, `t1`.`active`, `t1`.`website`, `t1`.`type`, `t1`.`category_id` FROM `app_project` AS t1 WHERE (`t1`.`second_id` = %s) LIMIT 1', [u'1006510310'])
2015-10-23 17:14:24 [scrapy] DEBUG: Scraped from <200 https://www.kickstarter.com/discover/categories/food?sort=newest>
{'author': u'Dorothy Owsley',
 'category_id': 8,
 'currency': u'USD',
 'end': u'2015-11-21',
 'id': u'1006510310',
 'img_url': u'https://ksr-ugc.imgix.net/projects/2123097/photo-original.gif?v=1444938408&w=218&h=162&fit=crop&auto=format&frame=1&q=92&s=8da2d1b7be0823e137a03f4857ac56ce',
 'location': u'Roanoke, VA',
 'pledged': u'200',
 'project_url': u'https://www.kickstarter.com/projects/1006510310/transitional-espresso-west-end-blend-community-cof',
 'title': u'Transitional Espresso: West End Blend Community Coffee Shop',
 'type': 1,
 'website': 1}
2015-10-23 17:14:24 [peewee] DEBUG: ('SELECT `t1`.`id`, `t1`.`second_id`, `t1`.`title`, `t1`.`author`, `t1`.`project_url`, `t1`.`img_url`, `t1`.`location`, `t1`.`end`, `t1`.`pledged`, `t1`.`goal`, `t1`.`currency`, `t1`.`date_modified`, `t1`.`active`, `t1`.`website`, `t1`.`type`, `t1`.`category_id` FROM `app_project` AS t1 WHERE (`t1`.`second_id` = %s) LIMIT 1', [u'1357945991'])
2015-10-23 17:14:24 [scrapy] DEBUG: Scraped from <200 https://www.kickstarter.com/discover/categories/food?sort=newest>
{'author': u'John Bagorio',
 'category_id': 8,
 'currency': u'USD',
 'end': u'2015-11-21',
 'id': u'1357945991',
 'img_url': u'https://ksr-ugc.imgix.net/projects/448544/photo-original.jpg?v=1397809142&w=218&h=162&fit=crop&auto=format&q=92&s=3d96b34b02d1807ecd250a0cbb343714',
 'location': u'Depoe Bay, OR',
 'pledged': u'4000',
 'project_url': u'https://www.kickstarter.com/projects/1357945991/da-fat-boyz-bbq-at-depoe-bay',
 'title': u'Da Fat Boyz BBQ at Depoe Bay',
 'type': 1,
 'website': 1}
2015-10-23 17:14:24 [peewee] DEBUG: ('SELECT `t1`.`id`, `t1`.`second_id`, `t1`.`title`, `t1`.`author`, `t1`.`project_url`, `t1`.`img_url`, `t1`.`location`, `t1`.`end`, `t1`.`pledged`, `t1`.`goal`, `t1`.`currency`, `t1`.`date_modified`, `t1`.`active`, `t1`.`website`, `t1`.`type`, `t1`.`category_id` FROM `app_project` AS t1 WHERE (`t1`.`second_id` = %s) LIMIT 1', [u'1065372952'])
2015-10-23 17:14:24 [scrapy] DEBUG: Scraped from <200 https://www.kickstarter.com/discover/categories/food?sort=newest>
{'author': u'Associazione Arci Miele',
 'category_id': 8,
 'currency': u'EUR',
 'end': u'2015-11-21',
 'id': u'1065372952',
 'img_url': u'https://ksr-ugc.imgix.net/projects/2147298/photo-original.bmp?v=1445462491&w=218&h=162&fit=crop&auto=format&q=92&s=37d7bba240bea71176b5d507d128a597',
 'location': u'Lecce, Italy',
 'pledged': u'2000',
 'project_url': u'https://www.kickstarter.com/projects/1065372952/wood-fired-oven-for-our-growing-community',
 'title': u'WOOD FIRED OVEN FOR OUR GROWING COMMUNITY',
 'type': 1,
 'website': 1}
2015-10-23 17:14:24 [peewee] DEBUG: ('SELECT `t1`.`id`, `t1`.`second_id`, `t1`.`title`, `t1`.`author`, `t1`.`project_url`, `t1`.`img_url`, `t1`.`location`, `t1`.`end`, `t1`.`pledged`, `t1`.`goal`, `t1`.`currency`, `t1`.`date_modified`, `t1`.`active`, `t1`.`website`, `t1`.`type`, `t1`.`category_id` FROM `app_project` AS t1 WHERE (`t1`.`second_id` = %s) LIMIT 1', [u'leigh-chantelle'])
2015-10-23 17:14:24 [scrapy] DEBUG: Scraped from <200 https://www.kickstarter.com/discover/categories/food?sort=newest>
{'author': u'Leigh-Chantelle',
 'category_id': 8,
 'currency': u'AUD',
 'end': u'2015-11-21',
 'id': u'leigh-chantelle',
 'img_url': u'https://ksr-ugc.imgix.net/projects/2139353/photo-original.jpg?v=1445503076&w=218&h=162&fit=crop&auto=format&q=92&s=99c43724face765237f74c7982132e2a',
 'location': u'Brisbane, AU',
 'pledged': u'138',
 'project_url': u'https://www.kickstarter.com/projects/leigh-chantelle/vegan-athletes-book-expert-tips-interviews-and-mor',
 'title': u'Vegan Athletes Book - Expert Tips, Interviews & More!',
 'type': 1,
 'website': 1}
2015-10-23 17:14:24 [peewee] DEBUG: ('SELECT `t1`.`id`, `t1`.`second_id`, `t1`.`title`, `t1`.`author`, `t1`.`project_url`, `t1`.`img_url`, `t1`.`location`, `t1`.`end`, `t1`.`pledged`, `t1`.`goal`, `t1`.`currency`, `t1`.`date_modified`, `t1`.`active`, `t1`.`website`, `t1`.`type`, `t1`.`category_id` FROM `app_project` AS t1 WHERE (`t1`.`second_id` = %s) LIMIT 1', [u'1485839072'])
2015-10-23 17:14:24 [scrapy] DEBUG: Scraped from <200 https://www.kickstarter.com/discover/categories/food?sort=newest>
{'author': u'Caleb Lawler',
 'category_id': 8,
 'currency': u'USD',
 'end': u'2015-11-21',
 'id': u'1485839072',
 'img_url': u'https://ksr-ugc.imgix.net/projects/2148551/photo-original.jpg?v=1445530522&w=218&h=162&fit=crop&auto=format&q=92&s=561a2b898596c4186db6d21b34c94e4e',
 'location': u'Huntsville, AL',
 'pledged': u'000',
 'project_url': u'https://www.kickstarter.com/projects/1485839072/deez-nuts-0',
 'title': u'Deez Nuts?',
 'type': 1,
 'website': 1}
2015-10-23 17:14:24 [peewee] DEBUG: ('SELECT `t1`.`id`, `t1`.`second_id`, `t1`.`title`, `t1`.`author`, `t1`.`project_url`, `t1`.`img_url`, `t1`.`location`, `t1`.`end`, `t1`.`pledged`, `t1`.`goal`, `t1`.`currency`, `t1`.`date_modified`, `t1`.`active`, `t1`.`website`, `t1`.`type`, `t1`.`category_id` FROM `app_project` AS t1 WHERE (`t1`.`second_id` = %s) LIMIT 1', [u'160770508'])
2015-10-23 17:14:24 [scrapy] DEBUG: Scraped from <200 https://www.kickstarter.com/discover/categories/food?sort=newest>
{'author': u'Bob Fair',
 'category_id': 8,
 'currency': u'USD',
 'end': u'2015-11-20',
 'id': u'160770508',
 'img_url': u'https://ksr-ugc.imgix.net/projects/2094178/photo-original.jpg?v=1444505713&w=218&h=162&fit=crop&auto=format&q=92&s=d54e95f9ab95a2d038823edd53320643',
 'location': u'Sevierville, TN',
 'pledged': u'2500',
 'project_url': u'https://www.kickstarter.com/projects/160770508/cheezy-steaks',
 'title': u'Cheezy Steaks',
 'type': 1,
 'website': 1}
2015-10-23 17:14:24 [peewee] DEBUG: ('SELECT `t1`.`id`, `t1`.`second_id`, `t1`.`title`, `t1`.`author`, `t1`.`project_url`, `t1`.`img_url`, `t1`.`location`, `t1`.`end`, `t1`.`pledged`, `t1`.`goal`, `t1`.`currency`, `t1`.`date_modified`, `t1`.`active`, `t1`.`website`, `t1`.`type`, `t1`.`category_id` FROM `app_project` AS t1 WHERE (`t1`.`second_id` = %s) LIMIT 1', [u'188786131'])
2015-10-23 17:14:24 [scrapy] DEBUG: Scraped from <200 https://www.kickstarter.com/discover/categories/food?sort=newest>
{'author': u'CommDown',
 'category_id': 8,
 'currency': u'USD',
 'end': u'2015-11-05',
 'id': u'188786131',
 'img_url': u'https://ksr-ugc.imgix.net/projects/2113466/photo-original.png?v=1445451853&w=218&h=162&fit=crop&auto=format&q=92&s=5e8d242b683d44517f146b54af665793',
 'location': u'Edwardsville, IL',
 'pledged': u'7500',
 'project_url': u'https://www.kickstarter.com/projects/188786131/class-craft-creations',
 'title': u'Class Craft Creations',
 'type': 1,
 'website': 1}
2015-10-23 17:14:24 [peewee] DEBUG: ('SELECT `t1`.`id`, `t1`.`second_id`, `t1`.`title`, `t1`.`author`, `t1`.`project_url`, `t1`.`img_url`, `t1`.`location`, `t1`.`end`, `t1`.`pledged`, `t1`.`goal`, `t1`.`currency`, `t1`.`date_modified`, `t1`.`active`, `t1`.`website`, `t1`.`type`, `t1`.`category_id` FROM `app_project` AS t1 WHERE (`t1`.`second_id` = %s) LIMIT 1', [u'1553327896'])
2015-10-23 17:14:24 [scrapy] DEBUG: Scraped from <200 https://www.kickstarter.com/discover/categories/food?sort=newest>
{'author': u'Michel Basaldella',
 'category_id': 8,
 'currency': u'EUR',
 'end': u'2015-12-13',
 'id': u'1553327896',
 'img_url': u'https://ksr-ugc.imgix.net/projects/2134595/photo-original.png?v=1445248016&w=218&h=162&fit=crop&auto=format&q=92&s=56ada500fa5ee6d04857ba9c7bba629c',
 'location': u'Paris, France',
 'pledged': u'000',
 'project_url': u'https://www.kickstarter.com/projects/1553327896/mechef-the-benefits-of-mediterranean-cuisine',
 'title': u'MeChef \\u2013 The benefits of Mediterranean cuisine',
 'type': 1,
 'website': 1}
2015-10-23 17:14:24 [peewee] DEBUG: ('SELECT `t1`.`id`, `t1`.`second_id`, `t1`.`title`, `t1`.`author`, `t1`.`project_url`, `t1`.`img_url`, `t1`.`location`, `t1`.`end`, `t1`.`pledged`, `t1`.`goal`, `t1`.`currency`, `t1`.`date_modified`, `t1`.`active`, `t1`.`website`, `t1`.`type`, `t1`.`category_id` FROM `app_project` AS t1 WHERE (`t1`.`second_id` = %s) LIMIT 1', [u'889232150'])
2015-10-23 17:14:24 [scrapy] DEBUG: Scraped from <200 https://www.kickstarter.com/discover/categories/food?sort=newest>
{'author': u'aaron Prinz',
 'category_id': 8,
 'currency': u'EUR',
 'end': u'2015-11-22',
 'id': u'889232150',
 'img_url': u'https://ksr-ugc.imgix.net/projects/2142735/photo-original.jpg?v=1445527155&w=218&h=162&fit=crop&auto=format&q=92&s=e3af4da7f284a68bb19d7efb208bdf79',
 'location': u'Konstanz, Germany',
 'pledged': u'000',
 'project_url': u'https://www.kickstarter.com/projects/889232150/ichoc',
 'title': u'iChoc',
 'type': 1,
 'website': 1}
2015-10-23 17:14:24 [peewee] DEBUG: ('SELECT `t1`.`id`, `t1`.`second_id`, `t1`.`title`, `t1`.`author`, `t1`.`project_url`, `t1`.`img_url`, `t1`.`location`, `t1`.`end`, `t1`.`pledged`, `t1`.`goal`, `t1`.`currency`, `t1`.`date_modified`, `t1`.`active`, `t1`.`website`, `t1`.`type`, `t1`.`category_id` FROM `app_project` AS t1 WHERE (`t1`.`second_id` = %s) LIMIT 1', [u'bugbite'])
2015-10-23 17:14:24 [scrapy] DEBUG: Scraped from <200 https://www.kickstarter.com/discover/categories/food?sort=newest>
{'author': u'BugBites',
 'category_id': 8,
 'currency': u'CAD',
 'end': u'2015-11-21',
 'id': u'bugbite',
 'img_url': u'https://ksr-ugc.imgix.net/projects/2137756/photo-original.png?v=1445305945&w=218&h=162&fit=crop&auto=format&q=92&s=bf8044af4dcda4c4c462fe7e07161a67',
 'location': u'Montreal, Canada',
 'pledged': u'5200',
 'project_url': u'https://www.kickstarter.com/projects/bugbites/bugbites-dog-treats-made-from-cricket-flour',
 'title': u'BugBites: Dog Treats Made from Cricket Flour',
 'type': 1,
 'website': 1}
2015-10-23 17:14:24 [scrapy] INFO: Closing spider (finished)
2015-10-23 17:14:24 [scrapy] INFO: Stored jsonlines feed (20 items) in: file:///Users/marko/PythonProjects/cfservis/items/cfservis/kickstarter_getter/b77952a6799811e5bb4a7831c1c9baf0.jl
2015-10-23 17:14:24 [scrapy] INFO: Dumping Scrapy stats:
{'downloader/request_bytes': 253,
 'downloader/request_count': 1,
 'downloader/request_method_count/GET': 1,
 'downloader/response_bytes': 82326,
 'downloader/response_count': 1,
 'downloader/response_status_count/200': 1,
 'finish_reason': 'finished',
 'finish_time': datetime.datetime(2015, 10, 23, 15, 14, 24, 771298),
 'item_scraped_count': 20,
 'log_count/DEBUG': 45,
 'log_count/INFO': 8,
 'response_received_count': 1,
 'scheduler/dequeued': 1,
 'scheduler/dequeued/memory': 1,
 'scheduler/enqueued': 1,
 'scheduler/enqueued/memory': 1,
 'start_time': datetime.datetime(2015, 10, 23, 15, 14, 23, 453130)}
2015-10-23 17:14:24 [scrapy] INFO: Spider closed (finished)
