2015-10-23 15:55:33 [scrapy] INFO: Scrapy 1.0.3 started (bot: cfservis)
2015-10-23 15:55:33 [scrapy] INFO: Optional features available: ssl, http11
2015-10-23 15:55:33 [scrapy] INFO: Overridden settings: {'NEWSPIDER_MODULE': 'cfservis.spiders', 'SPIDER_MODULES': ['cfservis.spiders'], 'FEED_URI': 'file:///Users/marko/PythonProjects/cfservis/items/cfservis/kickstarter_getter/b9f1197a798d11e59dc07831c1c9baf0.jl', 'LOG_FILE': 'logs/cfservis/kickstarter_getter/b9f1197a798d11e59dc07831c1c9baf0.log', 'BOT_NAME': 'cfservis'}
2015-10-23 15:55:33 [scrapy] INFO: Enabled extensions: CloseSpider, FeedExporter, TelnetConsole, LogStats, CoreStats, SpiderState
2015-10-23 15:55:33 [scrapy] INFO: Enabled downloader middlewares: HttpAuthMiddleware, DownloadTimeoutMiddleware, UserAgentMiddleware, RetryMiddleware, DefaultHeadersMiddleware, MetaRefreshMiddleware, HttpCompressionMiddleware, RedirectMiddleware, CookiesMiddleware, ChunkedTransferMiddleware, DownloaderStats
2015-10-23 15:55:33 [scrapy] INFO: Enabled spider middlewares: HttpErrorMiddleware, OffsiteMiddleware, RefererMiddleware, UrlLengthMiddleware, DepthMiddleware
2015-10-23 15:55:33 [scrapy] INFO: Enabled item pipelines: MySQLStorePipeline
2015-10-23 15:55:33 [scrapy] INFO: Spider opened
2015-10-23 15:55:33 [scrapy] INFO: Crawled 0 pages (at 0 pages/min), scraped 0 items (at 0 items/min)
2015-10-23 15:55:33 [scrapy] DEBUG: Telnet console listening on 127.0.0.1:6023
2015-10-23 15:55:34 [scrapy] DEBUG: Crawled (200) <GET https://www.kickstarter.com/discover/categories/art?sort=newest> (referer: None)
2015-10-23 15:55:34 [peewee] DEBUG: ('SELECT `t1`.`id`, `t1`.`second_id`, `t1`.`title`, `t1`.`author`, `t1`.`project_url`, `t1`.`img_url`, `t1`.`location`, `t1`.`end`, `t1`.`pledged`, `t1`.`goal`, `t1`.`currency`, `t1`.`date_modified`, `t1`.`active`, `t1`.`website`, `t1`.`type`, `t1`.`category_id` FROM `app_project` AS t1 WHERE (`t1`.`second_id` = %s) LIMIT 1', [u'1099774097'])
2015-10-23 15:55:34 [scrapy] DEBUG: Scraped from <200 https://www.kickstarter.com/discover/categories/art?sort=newest>
{'author': u'Ashley Chiang',
 'category_id': 1,
 'currency': u'USD',
 'end': u'2015-11-22',
 'id': u'1099774097',
 'img_url': u'https://ksr-ugc.imgix.net/projects/2134238/photo-original.jpg?v=1444965529&w=218&h=162&fit=crop&auto=format&q=92&s=da064cf156b13c6c993f05f9321a4447',
 'location': u'Silver Spring, MD',
 'pledged': u'000',
 'project_url': u'https://www.kickstarter.com/projects/1099774097/paperliberated-behind-the-scenes-video-project',
 'title': u'PaperLiberated - Behind the Scenes Video Project',
 'type': 1,
 'website': 1}
2015-10-23 15:55:34 [peewee] DEBUG: ('SELECT `t1`.`id`, `t1`.`second_id`, `t1`.`title`, `t1`.`author`, `t1`.`project_url`, `t1`.`img_url`, `t1`.`location`, `t1`.`end`, `t1`.`pledged`, `t1`.`goal`, `t1`.`currency`, `t1`.`date_modified`, `t1`.`active`, `t1`.`website`, `t1`.`type`, `t1`.`category_id` FROM `app_project` AS t1 WHERE (`t1`.`second_id` = %s) LIMIT 1', [u'40645775'])
2015-10-23 15:55:34 [scrapy] DEBUG: Scraped from <200 https://www.kickstarter.com/discover/categories/art?sort=newest>
{'author': u'Nick Crist',
 'category_id': 1,
 'currency': u'USD',
 'end': u'2015-11-21',
 'id': u'40645775',
 'img_url': u'https://ksr-ugc.imgix.net/projects/2142333/photo-original.jpg?v=1445223769&w=218&h=162&fit=crop&auto=format&q=92&s=1033386d473fe224bb52d425eea0a210',
 'location': u'Apple Valley, MN',
 'pledged': u'2500',
 'project_url': u'https://www.kickstarter.com/projects/40645775/graphics-tablet-to-create-more-art',
 'title': u'Graphics tablet to create (more) art',
 'type': 1,
 'website': 1}
2015-10-23 15:55:34 [peewee] DEBUG: ('SELECT `t1`.`id`, `t1`.`second_id`, `t1`.`title`, `t1`.`author`, `t1`.`project_url`, `t1`.`img_url`, `t1`.`location`, `t1`.`end`, `t1`.`pledged`, `t1`.`goal`, `t1`.`currency`, `t1`.`date_modified`, `t1`.`active`, `t1`.`website`, `t1`.`type`, `t1`.`category_id` FROM `app_project` AS t1 WHERE (`t1`.`second_id` = %s) LIMIT 1', [u'1230824670'])
2015-10-23 15:55:34 [scrapy] DEBUG: Scraped from <200 https://www.kickstarter.com/discover/categories/art?sort=newest>
{'author': u'Miranda Upton',
 'category_id': 1,
 'currency': u'USD',
 'end': u'2015-11-21',
 'id': u'1230824670',
 'img_url': u'https://ksr-ugc.imgix.net/projects/2144121/photo-original.jpg?v=1445380120&w=218&h=162&fit=crop&auto=format&q=92&s=1b0a3f1439e5227f33a6b839fdef048f',
 'location': u'Oceanside, CA',
 'pledged': u'134',
 'project_url': u'https://www.kickstarter.com/projects/1230824670/cultamethyst',
 'title': u'CultAmethyst',
 'type': 1,
 'website': 1}
2015-10-23 15:55:34 [peewee] DEBUG: ('SELECT `t1`.`id`, `t1`.`second_id`, `t1`.`title`, `t1`.`author`, `t1`.`project_url`, `t1`.`img_url`, `t1`.`location`, `t1`.`end`, `t1`.`pledged`, `t1`.`goal`, `t1`.`currency`, `t1`.`date_modified`, `t1`.`active`, `t1`.`website`, `t1`.`type`, `t1`.`category_id` FROM `app_project` AS t1 WHERE (`t1`.`second_id` = %s) LIMIT 1', [u'1789738217'])
2015-10-23 15:55:34 [scrapy] DEBUG: Scraped from <200 https://www.kickstarter.com/discover/categories/art?sort=newest>
{'author': u'Alisha Gridley',
 'category_id': 1,
 'currency': u'USD',
 'end': u'2015-11-21',
 'id': u'1789738217',
 'img_url': u'https://ksr-ugc.imgix.net/projects/2113547/photo-original.JPG?v=1443735223&w=218&h=162&fit=crop&auto=format&q=92&s=19189cbc165058ace68a6b5bf0280a86',
 'location': u'Wichita, KS',
 'pledged': u'000',
 'project_url': u'https://www.kickstarter.com/projects/1789738217/alishas-pottery-studio',
 'title': u"Alisha's Pottery Studio",
 'type': 1,
 'website': 1}
2015-10-23 15:55:34 [peewee] DEBUG: ('SELECT `t1`.`id`, `t1`.`second_id`, `t1`.`title`, `t1`.`author`, `t1`.`project_url`, `t1`.`img_url`, `t1`.`location`, `t1`.`end`, `t1`.`pledged`, `t1`.`goal`, `t1`.`currency`, `t1`.`date_modified`, `t1`.`active`, `t1`.`website`, `t1`.`type`, `t1`.`category_id` FROM `app_project` AS t1 WHERE (`t1`.`second_id` = %s) LIMIT 1', [u'1263184913'])
2015-10-23 15:55:34 [scrapy] DEBUG: Scraped from <200 https://www.kickstarter.com/discover/categories/art?sort=newest>
{'author': u'Darryll Schiff',
 'category_id': 1,
 'currency': u'USD',
 'end': u'2015-11-20',
 'id': u'1263184913',
 'img_url': u'https://ksr-ugc.imgix.net/projects/2120033/photo-original.jpg?v=1445113833&w=218&h=162&fit=crop&auto=format&q=92&s=d820473186b3200d8e7eb797252189c0',
 'location': u'Chicago, IL',
 'pledged': u'240',
 'project_url': u'https://www.kickstarter.com/projects/1263184913/descending-to-heaven-and-into-the-wabash-arts-corr',
 'title': u'Descending to Heaven: And into the Wabash Arts Corridor',
 'type': 1,
 'website': 1}
2015-10-23 15:55:34 [peewee] DEBUG: ('SELECT `t1`.`id`, `t1`.`second_id`, `t1`.`title`, `t1`.`author`, `t1`.`project_url`, `t1`.`img_url`, `t1`.`location`, `t1`.`end`, `t1`.`pledged`, `t1`.`goal`, `t1`.`currency`, `t1`.`date_modified`, `t1`.`active`, `t1`.`website`, `t1`.`type`, `t1`.`category_id` FROM `app_project` AS t1 WHERE (`t1`.`second_id` = %s) LIMIT 1', [u'1744787028'])
2015-10-23 15:55:34 [scrapy] DEBUG: Scraped from <200 https://www.kickstarter.com/discover/categories/art?sort=newest>
{'author': u'Marina Jade Patrick',
 'category_id': 1,
 'currency': u'USD',
 'end': u'2015-12-21',
 'id': u'1744787028',
 'img_url': u'https://ksr-ugc.imgix.net/projects/2138025/photo-original.jpg?v=1444969495&w=218&h=162&fit=crop&auto=format&q=92&s=b2e203b2feac54df9658fd01af969659',
 'location': u'Washington, DC',
 'pledged': u'000',
 'project_url': u'https://www.kickstarter.com/projects/1744787028/marina-jade-experience-mobile-business-fund',
 'title': u'Marina Jade Experience Mobile Business Fund',
 'type': 1,
 'website': 1}
2015-10-23 15:55:34 [peewee] DEBUG: ('SELECT `t1`.`id`, `t1`.`second_id`, `t1`.`title`, `t1`.`author`, `t1`.`project_url`, `t1`.`img_url`, `t1`.`location`, `t1`.`end`, `t1`.`pledged`, `t1`.`goal`, `t1`.`currency`, `t1`.`date_modified`, `t1`.`active`, `t1`.`website`, `t1`.`type`, `t1`.`category_id` FROM `app_project` AS t1 WHERE (`t1`.`second_id` = %s) LIMIT 1', [u'1729657866'])
2015-10-23 15:55:34 [scrapy] DEBUG: Scraped from <200 https://www.kickstarter.com/discover/categories/art?sort=newest>
{'author': u'Will Loader',
 'category_id': 1,
 'currency': u'GBP',
 'end': u'2015-11-05',
 'id': u'1729657866',
 'img_url': u'https://ksr-ugc.imgix.net/projects/2145106/photo-original.png?v=1445364033&w=218&h=162&fit=crop&auto=format&q=92&s=816e3cb2924f245184c6ca03292bd184',
 'location': u'Sheffield, UK',
 'pledged': u'000',
 'project_url': u'https://www.kickstarter.com/projects/1729657866/international-sound',
 'title': u'International Sound',
 'type': 1,
 'website': 1}
2015-10-23 15:55:34 [peewee] DEBUG: ('SELECT `t1`.`id`, `t1`.`second_id`, `t1`.`title`, `t1`.`author`, `t1`.`project_url`, `t1`.`img_url`, `t1`.`location`, `t1`.`end`, `t1`.`pledged`, `t1`.`goal`, `t1`.`currency`, `t1`.`date_modified`, `t1`.`active`, `t1`.`website`, `t1`.`type`, `t1`.`category_id` FROM `app_project` AS t1 WHERE (`t1`.`second_id` = %s) LIMIT 1', [u'1007775054'])
2015-10-23 15:55:34 [scrapy] DEBUG: Scraped from <200 https://www.kickstarter.com/discover/categories/art?sort=newest>
{'author': u'Stefanie',
 'category_id': 1,
 'currency': u'GBP',
 'end': u'2015-11-21',
 'id': u'1007775054',
 'img_url': u'https://ksr-ugc.imgix.net/projects/2143100/photo-original.JPG?v=1445270966&w=218&h=162&fit=crop&auto=format&q=92&s=0f3427fd92d05afb013034f5504f183f',
 'location': u'Worcester, UK',
 'pledged': u'000',
 'project_url': u'https://www.kickstarter.com/projects/1007775054/the-medical-cabinet',
 'title': u'The Medical Cabinet',
 'type': 1,
 'website': 1}
2015-10-23 15:55:34 [peewee] DEBUG: ('SELECT `t1`.`id`, `t1`.`second_id`, `t1`.`title`, `t1`.`author`, `t1`.`project_url`, `t1`.`img_url`, `t1`.`location`, `t1`.`end`, `t1`.`pledged`, `t1`.`goal`, `t1`.`currency`, `t1`.`date_modified`, `t1`.`active`, `t1`.`website`, `t1`.`type`, `t1`.`category_id` FROM `app_project` AS t1 WHERE (`t1`.`second_id` = %s) LIMIT 1', [u'1707197201'])
2015-10-23 15:55:34 [scrapy] DEBUG: Scraped from <200 https://www.kickstarter.com/discover/categories/art?sort=newest>
{'author': u'Sarah Staunton',
 'category_id': 1,
 'currency': u'AUD',
 'end': u'2015-11-21',
 'id': u'1707197201',
 'img_url': u'https://ksr-ugc.imgix.net/projects/2146255/photo-original.jpg?v=1445422881&w=218&h=162&fit=crop&auto=format&q=92&s=865c96e300cb02057d9711a73d5bbaea',
 'location': u'Bondi Beach, AU',
 'pledged': u'270',
 'project_url': u'https://www.kickstarter.com/projects/1707197201/bodreamia-a-journey-of-silver-linings',
 'title': u'Bodreamia - A Journey of Silver Linings',
 'type': 1,
 'website': 1}
2015-10-23 15:55:34 [peewee] DEBUG: ('SELECT `t1`.`id`, `t1`.`second_id`, `t1`.`title`, `t1`.`author`, `t1`.`project_url`, `t1`.`img_url`, `t1`.`location`, `t1`.`end`, `t1`.`pledged`, `t1`.`goal`, `t1`.`currency`, `t1`.`date_modified`, `t1`.`active`, `t1`.`website`, `t1`.`type`, `t1`.`category_id` FROM `app_project` AS t1 WHERE (`t1`.`second_id` = %s) LIMIT 1', [u'1500111077'])
2015-10-23 15:55:34 [scrapy] DEBUG: Scraped from <200 https://www.kickstarter.com/discover/categories/art?sort=newest>
{'author': u'Nathan Gilbert',
 'category_id': 1,
 'currency': u'CAD',
 'end': u'2015-11-22',
 'id': u'1500111077',
 'img_url': u'https://ksr-ugc.imgix.net/projects/2123151/photo-original.jpg?v=1445523561&w=218&h=162&fit=crop&auto=format&q=92&s=b0af63b6b7b80296594e0c45ed221306',
 'location': u'Miami Beach, FL',
 'pledged': u'1025',
 'project_url': u'https://www.kickstarter.com/projects/1500111077/in-the-air-a-miami-art-basel-exhibition',
 'title': u'In the air / A Miami Art Basel Exhibition',
 'type': 1,
 'website': 1}
2015-10-23 15:55:34 [peewee] DEBUG: ('SELECT `t1`.`id`, `t1`.`second_id`, `t1`.`title`, `t1`.`author`, `t1`.`project_url`, `t1`.`img_url`, `t1`.`location`, `t1`.`end`, `t1`.`pledged`, `t1`.`goal`, `t1`.`currency`, `t1`.`date_modified`, `t1`.`active`, `t1`.`website`, `t1`.`type`, `t1`.`category_id` FROM `app_project` AS t1 WHERE (`t1`.`second_id` = %s) LIMIT 1', [u'docpop'])
2015-10-23 15:55:34 [scrapy] DEBUG: Scraped from <200 https://www.kickstarter.com/discover/categories/art?sort=newest>
{'author': u'Doctor Popular',
 'category_id': 1,
 'currency': u'USD',
 'end': u'2015-11-04',
 'id': u'docpop',
 'img_url': u'https://ksr-ugc.imgix.net/projects/2132041/photo-original.png?v=1444701486&w=218&h=162&fit=crop&auto=format&q=92&s=29a7e73f634eef1d2130d13a92291e67',
 'location': u'San Francisco, CA',
 'pledged': u'761',
 'project_url': u'https://www.kickstarter.com/projects/docpop/the-order-of-the-snail-a-comic-book-about-secret-s',
 'title': u'The Order Of The Snail, a comic book about secret societies',
 'type': 1,
 'website': 1}
2015-10-23 15:55:34 [peewee] DEBUG: ('SELECT `t1`.`id`, `t1`.`second_id`, `t1`.`title`, `t1`.`author`, `t1`.`project_url`, `t1`.`img_url`, `t1`.`location`, `t1`.`end`, `t1`.`pledged`, `t1`.`goal`, `t1`.`currency`, `t1`.`date_modified`, `t1`.`active`, `t1`.`website`, `t1`.`type`, `t1`.`category_id` FROM `app_project` AS t1 WHERE (`t1`.`second_id` = %s) LIMIT 1', [u'1919250590'])
2015-10-23 15:55:34 [scrapy] DEBUG: Scraped from <200 https://www.kickstarter.com/discover/categories/art?sort=newest>
{'author': u'Jeremy Regal',
 'category_id': 1,
 'currency': u'EUR',
 'end': u'2015-10-29',
 'id': u'1919250590',
 'img_url': u'https://ksr-ugc.imgix.net/projects/2107179/photo-original.png?v=1443454008&w=218&h=162&fit=crop&auto=format&q=92&s=3ba0b3bf6dc4b376911c81ee6b1f1adc',
 'location': u'Achern, Germany',
 'pledged': u'000',
 'project_url': u'https://www.kickstarter.com/projects/1919250590/freie-online-kirche-ko-prophecies',
 'title': u'Freie Online Kirche K.O. Prophecies',
 'type': 1,
 'website': 1}
2015-10-23 15:55:34 [peewee] DEBUG: ('SELECT `t1`.`id`, `t1`.`second_id`, `t1`.`title`, `t1`.`author`, `t1`.`project_url`, `t1`.`img_url`, `t1`.`location`, `t1`.`end`, `t1`.`pledged`, `t1`.`goal`, `t1`.`currency`, `t1`.`date_modified`, `t1`.`active`, `t1`.`website`, `t1`.`type`, `t1`.`category_id` FROM `app_project` AS t1 WHERE (`t1`.`second_id` = %s) LIMIT 1', [u'1956766773'])
2015-10-23 15:55:34 [scrapy] DEBUG: Scraped from <200 https://www.kickstarter.com/discover/categories/art?sort=newest>
{'author': u'Nancie W. Gudmestad',
 'category_id': 1,
 'currency': u'USD',
 'end': u'2015-11-30',
 'id': u'1956766773',
 'img_url': u'https://ksr-ugc.imgix.net/projects/2133504/photo-original.jpg?v=1444916988&w=218&h=162&fit=crop&auto=format&q=92&s=5d86f69a946201c9c0c15fc25754f1af',
 'location': u'Gettysburg, PA',
 'pledged': u'725',
 'project_url': u'https://www.kickstarter.com/projects/1956766773/national-soldiers-orphanage-homestead-gettysburg-p',
 'title': u"National Soldiers' Orphanage Homestead, Gettysburg, PA",
 'type': 1,
 'website': 1}
2015-10-23 15:55:34 [peewee] DEBUG: ('SELECT `t1`.`id`, `t1`.`second_id`, `t1`.`title`, `t1`.`author`, `t1`.`project_url`, `t1`.`img_url`, `t1`.`location`, `t1`.`end`, `t1`.`pledged`, `t1`.`goal`, `t1`.`currency`, `t1`.`date_modified`, `t1`.`active`, `t1`.`website`, `t1`.`type`, `t1`.`category_id` FROM `app_project` AS t1 WHERE (`t1`.`second_id` = %s) LIMIT 1', [u'1721574934'])
2015-10-23 15:55:34 [scrapy] DEBUG: Scraped from <200 https://www.kickstarter.com/discover/categories/art?sort=newest>
{'author': u'New Era Detroit',
 'category_id': 1,
 'currency': u'USD',
 'end': u'2015-11-21',
 'id': u'1721574934',
 'img_url': u'https://ksr-ugc.imgix.net/projects/2142398/photo-original.jpg?v=1445230071&w=218&h=162&fit=crop&auto=format&q=92&s=7c5ce2f054cdc0966e8625ba2d28798a',
 'location': u'Detroit, MI',
 'pledged': u'2000',
 'project_url': u'https://www.kickstarter.com/projects/1721574934/black-to-reality-youth-after-school-program-transp',
 'title': u'Black To Reality Youth After School Program (Transportation)',
 'type': 1,
 'website': 1}
2015-10-23 15:55:34 [peewee] DEBUG: ('SELECT `t1`.`id`, `t1`.`second_id`, `t1`.`title`, `t1`.`author`, `t1`.`project_url`, `t1`.`img_url`, `t1`.`location`, `t1`.`end`, `t1`.`pledged`, `t1`.`goal`, `t1`.`currency`, `t1`.`date_modified`, `t1`.`active`, `t1`.`website`, `t1`.`type`, `t1`.`category_id` FROM `app_project` AS t1 WHERE (`t1`.`second_id` = %s) LIMIT 1', [u'456570357'])
2015-10-23 15:55:34 [scrapy] DEBUG: Scraped from <200 https://www.kickstarter.com/discover/categories/art?sort=newest>
{'author': u'Misun Kim',
 'category_id': 1,
 'currency': u'USD',
 'end': u'2015-11-01',
 'id': u'456570357',
 'img_url': u'https://ksr-ugc.imgix.net/projects/1778807/photo-original.jpg?v=1444744565&w=218&h=162&fit=crop&auto=format&q=92&s=4a87a1eb27e6edb54a593df62cb867a6',
 'location': u'Busan, South Korea',
 'pledged': u'3700',
 'project_url': u'https://www.kickstarter.com/projects/456570357/puppy-love-blind-box-series',
 'title': u'PUPPY LOVE! Blind Box Series',
 'type': 1,
 'website': 1}
2015-10-23 15:55:34 [peewee] DEBUG: ('SELECT `t1`.`id`, `t1`.`second_id`, `t1`.`title`, `t1`.`author`, `t1`.`project_url`, `t1`.`img_url`, `t1`.`location`, `t1`.`end`, `t1`.`pledged`, `t1`.`goal`, `t1`.`currency`, `t1`.`date_modified`, `t1`.`active`, `t1`.`website`, `t1`.`type`, `t1`.`category_id` FROM `app_project` AS t1 WHERE (`t1`.`second_id` = %s) LIMIT 1', [u'pierangeloboog'])
2015-10-23 15:55:34 [scrapy] DEBUG: Scraped from <200 https://www.kickstarter.com/discover/categories/art?sort=newest>
{'author': u'Pierangelo Boog',
 'category_id': 1,
 'currency': u'CHF',
 'end': u'2015-11-21',
 'id': u'pierangeloboog',
 'img_url': u'https://ksr-ugc.imgix.net/projects/2130964/photo-original.jpg?v=1445183069&w=218&h=162&fit=crop&auto=format&q=92&s=8d55ba3150f9668b7b2beb2105251881',
 'location': u'Zurich, Switzerland',
 'pledged': u'1457',
 'project_url': u'https://www.kickstarter.com/projects/pierangeloboog/pierangelo-boog-art-book',
 'title': u'Pierangelo Boog Art Book',
 'type': 1,
 'website': 1}
2015-10-23 15:55:34 [peewee] DEBUG: ('SELECT `t1`.`id`, `t1`.`second_id`, `t1`.`title`, `t1`.`author`, `t1`.`project_url`, `t1`.`img_url`, `t1`.`location`, `t1`.`end`, `t1`.`pledged`, `t1`.`goal`, `t1`.`currency`, `t1`.`date_modified`, `t1`.`active`, `t1`.`website`, `t1`.`type`, `t1`.`category_id` FROM `app_project` AS t1 WHERE (`t1`.`second_id` = %s) LIMIT 1', [u'390143584'])
2015-10-23 15:55:34 [scrapy] DEBUG: Scraped from <200 https://www.kickstarter.com/discover/categories/art?sort=newest>
{'author': u'brothers Jack and Jeff Donahue',
 'category_id': 1,
 'currency': u'USD',
 'end': u'2015-11-21',
 'id': u'390143584',
 'img_url': u'https://ksr-ugc.imgix.net/projects/1803197/photo-original.PNG?v=1444266732&w=218&h=162&fit=crop&auto=format&q=92&s=2d60076d098a0daca2a21488a04df28a',
 'location': u'Middleton, WI',
 'pledged': u'5000',
 'project_url': u'https://www.kickstarter.com/projects/390143584/game-time-cheers',
 'title': u'GAME TIME CHEERS',
 'type': 1,
 'website': 1}
2015-10-23 15:55:34 [peewee] DEBUG: ('SELECT `t1`.`id`, `t1`.`second_id`, `t1`.`title`, `t1`.`author`, `t1`.`project_url`, `t1`.`img_url`, `t1`.`location`, `t1`.`end`, `t1`.`pledged`, `t1`.`goal`, `t1`.`currency`, `t1`.`date_modified`, `t1`.`active`, `t1`.`website`, `t1`.`type`, `t1`.`category_id` FROM `app_project` AS t1 WHERE (`t1`.`second_id` = %s) LIMIT 1', [u'2086667325'])
2015-10-23 15:55:34 [scrapy] DEBUG: Scraped from <200 https://www.kickstarter.com/discover/categories/art?sort=newest>
{'author': u'James Sizemore',
 'category_id': 1,
 'currency': u'USD',
 'end': u'2015-11-06',
 'id': u'2086667325',
 'img_url': u'https://ksr-ugc.imgix.net/projects/2145185/photo-original.jpg?v=1445376047&w=218&h=162&fit=crop&auto=format&q=92&s=9ecccb001bc71aa59e140d63469f6d6b',
 'location': u'Atlanta, GA',
 'pledged': u'416',
 'project_url': u'https://www.kickstarter.com/projects/2086667325/the-monsterific-colorween-book',
 'title': u'The Monsterific Colorween Book',
 'type': 1,
 'website': 1}
2015-10-23 15:55:34 [peewee] DEBUG: ('SELECT `t1`.`id`, `t1`.`second_id`, `t1`.`title`, `t1`.`author`, `t1`.`project_url`, `t1`.`img_url`, `t1`.`location`, `t1`.`end`, `t1`.`pledged`, `t1`.`goal`, `t1`.`currency`, `t1`.`date_modified`, `t1`.`active`, `t1`.`website`, `t1`.`type`, `t1`.`category_id` FROM `app_project` AS t1 WHERE (`t1`.`second_id` = %s) LIMIT 1', [u'452842508'])
2015-10-23 15:55:34 [scrapy] DEBUG: Scraped from <200 https://www.kickstarter.com/discover/categories/art?sort=newest>
{'author': u'Eryn',
 'category_id': 1,
 'currency': u'USD',
 'end': u'2015-12-15',
 'id': u'452842508',
 'img_url': u'https://ksr-ugc.imgix.net/projects/2140942/photo-original.png?v=1445159851&w=218&h=162&fit=crop&auto=format&q=92&s=18ada5bc01c9f68e6da0a95edbb84463',
 'location': u'Victoria, TX',
 'pledged': u'000',
 'project_url': u'https://www.kickstarter.com/projects/452842508/will-draw-pretty-pictures-for-food',
 'title': u'Will draw pretty pictures for food!',
 'type': 1,
 'website': 1}
2015-10-23 15:55:34 [peewee] DEBUG: ('SELECT `t1`.`id`, `t1`.`second_id`, `t1`.`title`, `t1`.`author`, `t1`.`project_url`, `t1`.`img_url`, `t1`.`location`, `t1`.`end`, `t1`.`pledged`, `t1`.`goal`, `t1`.`currency`, `t1`.`date_modified`, `t1`.`active`, `t1`.`website`, `t1`.`type`, `t1`.`category_id` FROM `app_project` AS t1 WHERE (`t1`.`second_id` = %s) LIMIT 1', [u'gratefulpeople'])
2015-10-23 15:55:34 [scrapy] DEBUG: Scraped from <200 https://www.kickstarter.com/discover/categories/art?sort=newest>
{'author': u'Teddy Droseros',
 'category_id': 1,
 'currency': u'USD',
 'end': u'2015-11-12',
 'id': u'gratefulpeople',
 'img_url': u'https://ksr-ugc.imgix.net/projects/2101325/photo-original.jpg?v=1444855931&w=218&h=162&fit=crop&auto=format&q=92&s=1be4ce3e23e9d1ce72d2f8c1d5367aec',
 'location': u'Astoria, Queens, NY',
 'pledged': u'590',
 'project_url': u'https://www.kickstarter.com/projects/gratefulpeoples/grateful-peoples-sharing-happiness-and-art',
 'title': u'Grateful Peoples: Sharing Happiness & Art',
 'type': 1,
 'website': 1}
2015-10-23 15:55:34 [scrapy] INFO: Closing spider (finished)
2015-10-23 15:55:34 [scrapy] INFO: Stored jsonlines feed (20 items) in: file:///Users/marko/PythonProjects/cfservis/items/cfservis/kickstarter_getter/b9f1197a798d11e59dc07831c1c9baf0.jl
2015-10-23 15:55:34 [scrapy] INFO: Dumping Scrapy stats:
{'downloader/request_bytes': 252,
 'downloader/request_count': 1,
 'downloader/request_method_count/GET': 1,
 'downloader/response_bytes': 81800,
 'downloader/response_count': 1,
 'downloader/response_status_count/200': 1,
 'finish_reason': 'finished',
 'finish_time': datetime.datetime(2015, 10, 23, 13, 55, 34, 846964),
 'item_scraped_count': 20,
 'log_count/DEBUG': 42,
 'log_count/INFO': 8,
 'response_received_count': 1,
 'scheduler/dequeued': 1,
 'scheduler/dequeued/memory': 1,
 'scheduler/enqueued': 1,
 'scheduler/enqueued/memory': 1,
 'start_time': datetime.datetime(2015, 10, 23, 13, 55, 33, 499595)}
2015-10-23 15:55:34 [scrapy] INFO: Spider closed (finished)
