2015-10-28 15:19:09 [scrapy] INFO: Scrapy 1.0.3 started (bot: cfservis)
2015-10-28 15:19:09 [scrapy] INFO: Optional features available: ssl, http11
2015-10-28 15:19:09 [scrapy] INFO: Overridden settings: {'NEWSPIDER_MODULE': 'cfservis.spiders', 'SPIDER_MODULES': ['cfservis.spiders'], 'FEED_URI': 'file:///Users/marko/PythonProjects/cfservis/items/cfservis/kickstarter_getter/d824c0a17d7e11e5b8287831c1c9baf0.jl', 'LOG_FILE': 'logs/cfservis/kickstarter_getter/d824c0a17d7e11e5b8287831c1c9baf0.log', 'BOT_NAME': 'cfservis'}
2015-10-28 15:19:09 [scrapy] INFO: Enabled extensions: CloseSpider, FeedExporter, TelnetConsole, LogStats, CoreStats, SpiderState
2015-10-28 15:19:09 [scrapy] INFO: Enabled downloader middlewares: HttpAuthMiddleware, DownloadTimeoutMiddleware, UserAgentMiddleware, RetryMiddleware, DefaultHeadersMiddleware, MetaRefreshMiddleware, HttpCompressionMiddleware, RedirectMiddleware, CookiesMiddleware, ChunkedTransferMiddleware, DownloaderStats
2015-10-28 15:19:09 [scrapy] INFO: Enabled spider middlewares: HttpErrorMiddleware, OffsiteMiddleware, RefererMiddleware, UrlLengthMiddleware, DepthMiddleware
2015-10-28 15:19:09 [scrapy] INFO: Enabled item pipelines: MySQLStorePipeline
2015-10-28 15:19:09 [scrapy] INFO: Spider opened
2015-10-28 15:19:09 [scrapy] INFO: Crawled 0 pages (at 0 pages/min), scraped 0 items (at 0 items/min)
2015-10-28 15:19:09 [scrapy] DEBUG: Telnet console listening on 127.0.0.1:6023
2015-10-28 15:19:11 [scrapy] DEBUG: Crawled (200) <GET https://www.kickstarter.com/discover/categories/film%20&%20video?sort=newest> (referer: None)
2015-10-28 15:19:11 [peewee] DEBUG: ('SELECT `t1`.`id`, `t1`.`second_id`, `t1`.`title`, `t1`.`author`, `t1`.`project_url`, `t1`.`img_url`, `t1`.`location`, `t1`.`end`, `t1`.`pledged`, `t1`.`goal`, `t1`.`currency`, `t1`.`date_modified`, `t1`.`active`, `t1`.`website`, `t1`.`type`, `t1`.`category_id` FROM `app_project` AS t1 WHERE (`t1`.`second_id` = %s) LIMIT 1', [u'1849417134'])
2015-10-28 15:19:11 [peewee] DEBUG: ('INSERT INTO `app_project` (`second_id`, `title`, `author`, `project_url`, `img_url`, `location`, `end`, `pledged`, `goal`, `currency`, `date_modified`, `active`, `website`, `type`, `category_id`) VALUES (%s, %s, %s, %s, %s, %s, %s, %s, %s, %s, %s, %s, %s, %s, %s)', [u'1849417134', u'Memphis and the Mountaintop, a documentary', u'Taylor, Reed, and Armentano', u'https://www.kickstarter.com/projects/1849417134/memphis-and-the-mountaintop-a-documentary', u'https://ksr-ugc.imgix.net/projects/1639595/photo-original.jpg?v=1434568013&w=218&h=162&fit=crop&auto=format&q=92&s=fd60ba43383c63ac5751c4f9a8a8ba40', u'Memphis, TN', u'2015-12-12', 0, 0, u'USD', datetime.datetime(2015, 10, 28, 15, 19, 11, 514492), 1, 1, 1, 10])
2015-10-28 15:19:11 [scrapy] DEBUG: Scraped from <200 https://www.kickstarter.com/discover/categories/film%20&%20video?sort=newest>
{'author': u'Taylor, Reed, and Armentano',
 'category_id': 10,
 'currency': u'USD',
 'end': u'2015-12-12',
 'id': u'1849417134',
 'img_url': u'https://ksr-ugc.imgix.net/projects/1639595/photo-original.jpg?v=1434568013&w=218&h=162&fit=crop&auto=format&q=92&s=fd60ba43383c63ac5751c4f9a8a8ba40',
 'location': u'Memphis, TN',
 'pledged': u'0',
 'project_url': u'https://www.kickstarter.com/projects/1849417134/memphis-and-the-mountaintop-a-documentary',
 'title': u'Memphis and the Mountaintop, a documentary',
 'type': 1,
 'website': 1}
2015-10-28 15:19:11 [peewee] DEBUG: ('SELECT `t1`.`id`, `t1`.`second_id`, `t1`.`title`, `t1`.`author`, `t1`.`project_url`, `t1`.`img_url`, `t1`.`location`, `t1`.`end`, `t1`.`pledged`, `t1`.`goal`, `t1`.`currency`, `t1`.`date_modified`, `t1`.`active`, `t1`.`website`, `t1`.`type`, `t1`.`category_id` FROM `app_project` AS t1 WHERE (`t1`.`second_id` = %s) LIMIT 1', [u'531654363'])
2015-10-28 15:19:11 [peewee] DEBUG: ('INSERT INTO `app_project` (`second_id`, `title`, `author`, `project_url`, `img_url`, `location`, `end`, `pledged`, `goal`, `currency`, `date_modified`, `active`, `website`, `type`, `category_id`) VALUES (%s, %s, %s, %s, %s, %s, %s, %s, %s, %s, %s, %s, %s, %s, %s)', [u'531654363', u'I CLIMBED MY MOUNTAIN-SCREENPLAY+BOOK for DOCUMENTARY MOVIE', u'Cherami', u'https://www.kickstarter.com/projects/531654363/i-climbed-my-mountain-screenplay-book-for-document', u'https://ksr-ugc.imgix.net/projects/609556/photo-original.jpg?v=1397826330&w=218&h=162&fit=crop&auto=format&q=92&s=3db10fb514ae91c910977e1d3e8bf84d', u'Dallas, TX', u'2015-11-26', 0, 0, u'USD', datetime.datetime(2015, 10, 28, 15, 19, 11, 548345), 1, 1, 1, 10])
2015-10-28 15:19:11 [scrapy] DEBUG: Scraped from <200 https://www.kickstarter.com/discover/categories/film%20&%20video?sort=newest>
{'author': u'Cherami',
 'category_id': 10,
 'currency': u'USD',
 'end': u'2015-11-26',
 'id': u'531654363',
 'img_url': u'https://ksr-ugc.imgix.net/projects/609556/photo-original.jpg?v=1397826330&w=218&h=162&fit=crop&auto=format&q=92&s=3db10fb514ae91c910977e1d3e8bf84d',
 'location': u'Dallas, TX',
 'pledged': u'0',
 'project_url': u'https://www.kickstarter.com/projects/531654363/i-climbed-my-mountain-screenplay-book-for-document',
 'title': u'I CLIMBED MY MOUNTAIN-SCREENPLAY+BOOK for DOCUMENTARY MOVIE',
 'type': 1,
 'website': 1}
2015-10-28 15:19:11 [peewee] DEBUG: ('SELECT `t1`.`id`, `t1`.`second_id`, `t1`.`title`, `t1`.`author`, `t1`.`project_url`, `t1`.`img_url`, `t1`.`location`, `t1`.`end`, `t1`.`pledged`, `t1`.`goal`, `t1`.`currency`, `t1`.`date_modified`, `t1`.`active`, `t1`.`website`, `t1`.`type`, `t1`.`category_id` FROM `app_project` AS t1 WHERE (`t1`.`second_id` = %s) LIMIT 1', [u'1669818052'])
2015-10-28 15:19:11 [peewee] DEBUG: ('INSERT INTO `app_project` (`second_id`, `title`, `author`, `project_url`, `img_url`, `location`, `end`, `pledged`, `goal`, `currency`, `date_modified`, `active`, `website`, `type`, `category_id`) VALUES (%s, %s, %s, %s, %s, %s, %s, %s, %s, %s, %s, %s, %s, %s, %s)', [u'1669818052', u'Foreign language subtitles w/ nature video backgrounds', u'Elijah Johnson', u'https://www.kickstarter.com/projects/1669818052/foreign-language-subtitles-w-nature-video-backgrou', u'https://ksr-ugc.imgix.net/projects/2157734/photo-original.png?v=1446013258&w=218&h=162&fit=crop&auto=format&q=92&s=f9139a22ab36a96c98cef4a6fee8d773', u'Stamford, CT', u'2015-11-27', 0, 0, u'USD', datetime.datetime(2015, 10, 28, 15, 19, 11, 557010), 1, 1, 1, 10])
2015-10-28 15:19:11 [scrapy] DEBUG: Scraped from <200 https://www.kickstarter.com/discover/categories/film%20&%20video?sort=newest>
{'author': u'Elijah Johnson',
 'category_id': 10,
 'currency': u'USD',
 'end': u'2015-11-27',
 'id': u'1669818052',
 'img_url': u'https://ksr-ugc.imgix.net/projects/2157734/photo-original.png?v=1446013258&w=218&h=162&fit=crop&auto=format&q=92&s=f9139a22ab36a96c98cef4a6fee8d773',
 'location': u'Stamford, CT',
 'pledged': u'0',
 'project_url': u'https://www.kickstarter.com/projects/1669818052/foreign-language-subtitles-w-nature-video-backgrou',
 'title': u'Foreign language subtitles w/ nature video backgrounds',
 'type': 1,
 'website': 1}
2015-10-28 15:19:11 [peewee] DEBUG: ('SELECT `t1`.`id`, `t1`.`second_id`, `t1`.`title`, `t1`.`author`, `t1`.`project_url`, `t1`.`img_url`, `t1`.`location`, `t1`.`end`, `t1`.`pledged`, `t1`.`goal`, `t1`.`currency`, `t1`.`date_modified`, `t1`.`active`, `t1`.`website`, `t1`.`type`, `t1`.`category_id` FROM `app_project` AS t1 WHERE (`t1`.`second_id` = %s) LIMIT 1', [u'meta-human'])
2015-10-28 15:19:11 [peewee] DEBUG: ('INSERT INTO `app_project` (`second_id`, `title`, `author`, `project_url`, `img_url`, `location`, `end`, `pledged`, `goal`, `currency`, `date_modified`, `active`, `website`, `type`, `category_id`) VALUES (%s, %s, %s, %s, %s, %s, %s, %s, %s, %s, %s, %s, %s, %s, %s)', [u'meta-human', u'Origins: A Meta-Human Action Movie', u'Tyric Bacon', u'https://www.kickstarter.com/projects/meta-humans/origins-a-meta-human-action-movie', u'https://ksr-ugc.imgix.net/projects/2157658/photo-original.JPG?v=1446009400&w=218&h=162&fit=crop&auto=format&q=92&s=be3735cdd2f34f72671f09ec6bd31ee3', u'Loganville, GA', u'2015-11-27', 0, 0, u'USD', datetime.datetime(2015, 10, 28, 15, 19, 11, 564735), 1, 1, 1, 10])
2015-10-28 15:19:11 [scrapy] DEBUG: Scraped from <200 https://www.kickstarter.com/discover/categories/film%20&%20video?sort=newest>
{'author': u'Tyric Bacon',
 'category_id': 10,
 'currency': u'USD',
 'end': u'2015-11-27',
 'id': u'meta-human',
 'img_url': u'https://ksr-ugc.imgix.net/projects/2157658/photo-original.JPG?v=1446009400&w=218&h=162&fit=crop&auto=format&q=92&s=be3735cdd2f34f72671f09ec6bd31ee3',
 'location': u'Loganville, GA',
 'pledged': u'0',
 'project_url': u'https://www.kickstarter.com/projects/meta-humans/origins-a-meta-human-action-movie',
 'title': u'Origins: A Meta-Human Action Movie',
 'type': 1,
 'website': 1}
2015-10-28 15:19:11 [peewee] DEBUG: ('SELECT `t1`.`id`, `t1`.`second_id`, `t1`.`title`, `t1`.`author`, `t1`.`project_url`, `t1`.`img_url`, `t1`.`location`, `t1`.`end`, `t1`.`pledged`, `t1`.`goal`, `t1`.`currency`, `t1`.`date_modified`, `t1`.`active`, `t1`.`website`, `t1`.`type`, `t1`.`category_id` FROM `app_project` AS t1 WHERE (`t1`.`second_id` = %s) LIMIT 1', [u'2055042639'])
2015-10-28 15:19:11 [peewee] DEBUG: ('INSERT INTO `app_project` (`second_id`, `title`, `author`, `project_url`, `img_url`, `location`, `end`, `pledged`, `goal`, `currency`, `date_modified`, `active`, `website`, `type`, `category_id`) VALUES (%s, %s, %s, %s, %s, %s, %s, %s, %s, %s, %s, %s, %s, %s, %s)', [u'2055042639', u'Behind The Voice - The Life of a PC Gamer Documentary', u'Jeremy j Filler', u'https://www.kickstarter.com/projects/2055042639/behind-the-voice-the-life-of-a-pc-gamer-documentar', u'https://ksr-ugc.imgix.net/projects/1525709/photo-original.JPG?v=1417914034&w=218&h=162&fit=crop&auto=format&q=92&s=027dbbbe4172af531c6f4b6accd7251e', u'Springfield, IL', u'2015-11-27', 0, 0, u'USD', datetime.datetime(2015, 10, 28, 15, 19, 11, 572861), 1, 1, 1, 10])
2015-10-28 15:19:11 [scrapy] DEBUG: Scraped from <200 https://www.kickstarter.com/discover/categories/film%20&%20video?sort=newest>
{'author': u'Jeremy j Filler',
 'category_id': 10,
 'currency': u'USD',
 'end': u'2015-11-27',
 'id': u'2055042639',
 'img_url': u'https://ksr-ugc.imgix.net/projects/1525709/photo-original.JPG?v=1417914034&w=218&h=162&fit=crop&auto=format&q=92&s=027dbbbe4172af531c6f4b6accd7251e',
 'location': u'Springfield, IL',
 'pledged': u'0',
 'project_url': u'https://www.kickstarter.com/projects/2055042639/behind-the-voice-the-life-of-a-pc-gamer-documentar',
 'title': u'Behind The Voice - The Life of a PC Gamer Documentary',
 'type': 1,
 'website': 1}
2015-10-28 15:19:11 [peewee] DEBUG: ('SELECT `t1`.`id`, `t1`.`second_id`, `t1`.`title`, `t1`.`author`, `t1`.`project_url`, `t1`.`img_url`, `t1`.`location`, `t1`.`end`, `t1`.`pledged`, `t1`.`goal`, `t1`.`currency`, `t1`.`date_modified`, `t1`.`active`, `t1`.`website`, `t1`.`type`, `t1`.`category_id` FROM `app_project` AS t1 WHERE (`t1`.`second_id` = %s) LIMIT 1', [u'862134359'])
2015-10-28 15:19:11 [peewee] DEBUG: ('INSERT INTO `app_project` (`second_id`, `title`, `author`, `project_url`, `img_url`, `location`, `end`, `pledged`, `goal`, `currency`, `date_modified`, `active`, `website`, `type`, `category_id`) VALUES (%s, %s, %s, %s, %s, %s, %s, %s, %s, %s, %s, %s, %s, %s, %s)', [u'862134359', u'KINGS - A short film', u'Hunter Milano', u'https://www.kickstarter.com/projects/862134359/kings-a-short-film', u'https://ksr-ugc.imgix.net/projects/2153778/photo-original.jpg?v=1445908300&w=218&h=162&fit=crop&auto=format&q=92&s=d5c8a806cea79159427ae1e2586663e5', u'Pleasanton, CA', u'2015-11-23', 255, 0, u'USD', datetime.datetime(2015, 10, 28, 15, 19, 11, 581107), 1, 1, 1, 10])
2015-10-28 15:19:11 [scrapy] DEBUG: Scraped from <200 https://www.kickstarter.com/discover/categories/film%20&%20video?sort=newest>
{'author': u'Hunter Milano',
 'category_id': 10,
 'currency': u'USD',
 'end': u'2015-11-23',
 'id': u'862134359',
 'img_url': u'https://ksr-ugc.imgix.net/projects/2153778/photo-original.jpg?v=1445908300&w=218&h=162&fit=crop&auto=format&q=92&s=d5c8a806cea79159427ae1e2586663e5',
 'location': u'Pleasanton, CA',
 'pledged': u'255',
 'project_url': u'https://www.kickstarter.com/projects/862134359/kings-a-short-film',
 'title': u'KINGS - A short film',
 'type': 1,
 'website': 1}
2015-10-28 15:19:11 [peewee] DEBUG: ('SELECT `t1`.`id`, `t1`.`second_id`, `t1`.`title`, `t1`.`author`, `t1`.`project_url`, `t1`.`img_url`, `t1`.`location`, `t1`.`end`, `t1`.`pledged`, `t1`.`goal`, `t1`.`currency`, `t1`.`date_modified`, `t1`.`active`, `t1`.`website`, `t1`.`type`, `t1`.`category_id` FROM `app_project` AS t1 WHERE (`t1`.`second_id` = %s) LIMIT 1', [u'1931560765'])
2015-10-28 15:19:11 [peewee] DEBUG: ('INSERT INTO `app_project` (`second_id`, `title`, `author`, `project_url`, `img_url`, `location`, `end`, `pledged`, `goal`, `currency`, `date_modified`, `active`, `website`, `type`, `category_id`) VALUES (%s, %s, %s, %s, %s, %s, %s, %s, %s, %s, %s, %s, %s, %s, %s)', [u'1931560765', u'Prom King, 2010', u'Christopher Schaap', u'https://www.kickstarter.com/projects/1931560765/prom-king-2010', u'https://ksr-ugc.imgix.net/projects/2154983/photo-original.jpg?v=1445991392&w=218&h=162&fit=crop&auto=format&q=92&s=519f5df14b93dd79d2b97a7d18b3a17e', u'Brooklyn, NY', u'2015-12-07', 1577, 0, u'USD', datetime.datetime(2015, 10, 28, 15, 19, 11, 588804), 1, 1, 1, 10])
2015-10-28 15:19:11 [scrapy] DEBUG: Scraped from <200 https://www.kickstarter.com/discover/categories/film%20&%20video?sort=newest>
{'author': u'Christopher Schaap',
 'category_id': 10,
 'currency': u'USD',
 'end': u'2015-12-07',
 'id': u'1931560765',
 'img_url': u'https://ksr-ugc.imgix.net/projects/2154983/photo-original.jpg?v=1445991392&w=218&h=162&fit=crop&auto=format&q=92&s=519f5df14b93dd79d2b97a7d18b3a17e',
 'location': u'Brooklyn, NY',
 'pledged': u'1577',
 'project_url': u'https://www.kickstarter.com/projects/1931560765/prom-king-2010',
 'title': u'Prom King, 2010',
 'type': 1,
 'website': 1}
2015-10-28 15:19:11 [peewee] DEBUG: ('SELECT `t1`.`id`, `t1`.`second_id`, `t1`.`title`, `t1`.`author`, `t1`.`project_url`, `t1`.`img_url`, `t1`.`location`, `t1`.`end`, `t1`.`pledged`, `t1`.`goal`, `t1`.`currency`, `t1`.`date_modified`, `t1`.`active`, `t1`.`website`, `t1`.`type`, `t1`.`category_id` FROM `app_project` AS t1 WHERE (`t1`.`second_id` = %s) LIMIT 1', [u'lordsofeverything'])
2015-10-28 15:19:11 [peewee] DEBUG: ('INSERT INTO `app_project` (`second_id`, `title`, `author`, `project_url`, `img_url`, `location`, `end`, `pledged`, `goal`, `currency`, `date_modified`, `active`, `website`, `type`, `category_id`) VALUES (%s, %s, %s, %s, %s, %s, %s, %s, %s, %s, %s, %s, %s, %s, %s)', [u'lordsofeverything', u'Monday Flow', u'Jesse Gaut', u'https://www.kickstarter.com/projects/lordsofeverything/monday-flow', u'https://ksr-ugc.imgix.net/projects/2154232/photo-original.jpg?v=1445864111&w=218&h=162&fit=crop&auto=format&q=92&s=8a58df179f0679c6405a2829b96cfd9d', u'Melbourne, AU', u'2015-11-26', 0, 0, u'AUD', datetime.datetime(2015, 10, 28, 15, 19, 11, 596020), 1, 1, 1, 10])
2015-10-28 15:19:11 [scrapy] DEBUG: Scraped from <200 https://www.kickstarter.com/discover/categories/film%20&%20video?sort=newest>
{'author': u'Jesse Gaut',
 'category_id': 10,
 'currency': u'AUD',
 'end': u'2015-11-26',
 'id': u'lordsofeverything',
 'img_url': u'https://ksr-ugc.imgix.net/projects/2154232/photo-original.jpg?v=1445864111&w=218&h=162&fit=crop&auto=format&q=92&s=8a58df179f0679c6405a2829b96cfd9d',
 'location': u'Melbourne, AU',
 'pledged': u'0',
 'project_url': u'https://www.kickstarter.com/projects/lordsofeverything/monday-flow',
 'title': u'Monday Flow',
 'type': 1,
 'website': 1}
2015-10-28 15:19:11 [peewee] DEBUG: ('SELECT `t1`.`id`, `t1`.`second_id`, `t1`.`title`, `t1`.`author`, `t1`.`project_url`, `t1`.`img_url`, `t1`.`location`, `t1`.`end`, `t1`.`pledged`, `t1`.`goal`, `t1`.`currency`, `t1`.`date_modified`, `t1`.`active`, `t1`.`website`, `t1`.`type`, `t1`.`category_id` FROM `app_project` AS t1 WHERE (`t1`.`second_id` = %s) LIMIT 1', [u'217384285'])
2015-10-28 15:19:11 [peewee] DEBUG: ('INSERT INTO `app_project` (`second_id`, `title`, `author`, `project_url`, `img_url`, `location`, `end`, `pledged`, `goal`, `currency`, `date_modified`, `active`, `website`, `type`, `category_id`) VALUES (%s, %s, %s, %s, %s, %s, %s, %s, %s, %s, %s, %s, %s, %s, %s)', [u'217384285', u'Nervosa Documentary', u'Chloe McMahon', u'https://www.kickstarter.com/projects/217384285/nervosa-documentary', u'https://ksr-ugc.imgix.net/projects/2156340/photo-original.jpg?v=1445982445&w=218&h=162&fit=crop&auto=format&q=92&s=38066a36ddb2f0e0af0051cc1201ac20', u'Falmouth, UK', u'2015-11-09', 20, 0, u'GBP', datetime.datetime(2015, 10, 28, 15, 19, 11, 604672), 1, 1, 1, 10])
2015-10-28 15:19:11 [scrapy] DEBUG: Scraped from <200 https://www.kickstarter.com/discover/categories/film%20&%20video?sort=newest>
{'author': u'Chloe McMahon',
 'category_id': 10,
 'currency': u'GBP',
 'end': u'2015-11-09',
 'id': u'217384285',
 'img_url': u'https://ksr-ugc.imgix.net/projects/2156340/photo-original.jpg?v=1445982445&w=218&h=162&fit=crop&auto=format&q=92&s=38066a36ddb2f0e0af0051cc1201ac20',
 'location': u'Falmouth, UK',
 'pledged': u'20',
 'project_url': u'https://www.kickstarter.com/projects/217384285/nervosa-documentary',
 'title': u'Nervosa Documentary',
 'type': 1,
 'website': 1}
2015-10-28 15:19:11 [peewee] DEBUG: ('SELECT `t1`.`id`, `t1`.`second_id`, `t1`.`title`, `t1`.`author`, `t1`.`project_url`, `t1`.`img_url`, `t1`.`location`, `t1`.`end`, `t1`.`pledged`, `t1`.`goal`, `t1`.`currency`, `t1`.`date_modified`, `t1`.`active`, `t1`.`website`, `t1`.`type`, `t1`.`category_id` FROM `app_project` AS t1 WHERE (`t1`.`second_id` = %s) LIMIT 1', [u'1962309516'])
2015-10-28 15:19:11 [peewee] DEBUG: ('INSERT INTO `app_project` (`second_id`, `title`, `author`, `project_url`, `img_url`, `location`, `end`, `pledged`, `goal`, `currency`, `date_modified`, `active`, `website`, `type`, `category_id`) VALUES (%s, %s, %s, %s, %s, %s, %s, %s, %s, %s, %s, %s, %s, %s, %s)', [u'1962309516', u'El viaje de Luc\\xeda', u'Sara Williams', u'https://www.kickstarter.com/projects/1962309516/el-viaje-de-lucia', u'https://ksr-ugc.imgix.net/projects/2153654/photo-original.jpg?v=1445820671&w=218&h=162&fit=crop&auto=format&q=92&s=877df0ded051264a7a08fd2f8d08b196', u'Espa\\xf1a, Spain', u'2015-11-26', 0, 0, u'EUR', datetime.datetime(2015, 10, 28, 15, 19, 11, 613114), 1, 1, 1, 10])
2015-10-28 15:19:11 [scrapy] DEBUG: Scraped from <200 https://www.kickstarter.com/discover/categories/film%20&%20video?sort=newest>
{'author': u'Sara Williams',
 'category_id': 10,
 'currency': u'EUR',
 'end': u'2015-11-26',
 'id': u'1962309516',
 'img_url': u'https://ksr-ugc.imgix.net/projects/2153654/photo-original.jpg?v=1445820671&w=218&h=162&fit=crop&auto=format&q=92&s=877df0ded051264a7a08fd2f8d08b196',
 'location': u'Espa\\xf1a, Spain',
 'pledged': u'0',
 'project_url': u'https://www.kickstarter.com/projects/1962309516/el-viaje-de-lucia',
 'title': u'El viaje de Luc\\xeda',
 'type': 1,
 'website': 1}
2015-10-28 15:19:11 [peewee] DEBUG: ('SELECT `t1`.`id`, `t1`.`second_id`, `t1`.`title`, `t1`.`author`, `t1`.`project_url`, `t1`.`img_url`, `t1`.`location`, `t1`.`end`, `t1`.`pledged`, `t1`.`goal`, `t1`.`currency`, `t1`.`date_modified`, `t1`.`active`, `t1`.`website`, `t1`.`type`, `t1`.`category_id` FROM `app_project` AS t1 WHERE (`t1`.`second_id` = %s) LIMIT 1', [u'145553614'])
2015-10-28 15:19:11 [peewee] DEBUG: ('INSERT INTO `app_project` (`second_id`, `title`, `author`, `project_url`, `img_url`, `location`, `end`, `pledged`, `goal`, `currency`, `date_modified`, `active`, `website`, `type`, `category_id`) VALUES (%s, %s, %s, %s, %s, %s, %s, %s, %s, %s, %s, %s, %s, %s, %s)', [u'145553614', u'Star Trek: Renegades Episodes 2 & 3', u'the Star Trek: Renegades team', u'https://www.kickstarter.com/projects/145553614/star-trek-renegades-episodes-2-and-3', u'https://ksr-ugc.imgix.net/projects/2129563/photo-original.jpg?v=1445392015&w=218&h=162&fit=crop&auto=format&q=92&s=20a7ffd557b7b8bf538a13d8369e77b6', u'Los Angeles, CA', u'2015-12-02', 75161, 0, u'USD', datetime.datetime(2015, 10, 28, 15, 19, 11, 621740), 1, 1, 1, 10])
2015-10-28 15:19:11 [scrapy] DEBUG: Scraped from <200 https://www.kickstarter.com/discover/categories/film%20&%20video?sort=newest>
{'author': u'the Star Trek: Renegades team',
 'category_id': 10,
 'currency': u'USD',
 'end': u'2015-12-02',
 'id': u'145553614',
 'img_url': u'https://ksr-ugc.imgix.net/projects/2129563/photo-original.jpg?v=1445392015&w=218&h=162&fit=crop&auto=format&q=92&s=20a7ffd557b7b8bf538a13d8369e77b6',
 'location': u'Los Angeles, CA',
 'pledged': u'75161',
 'project_url': u'https://www.kickstarter.com/projects/145553614/star-trek-renegades-episodes-2-and-3',
 'title': u'Star Trek: Renegades Episodes 2 & 3',
 'type': 1,
 'website': 1}
2015-10-28 15:19:11 [peewee] DEBUG: ('SELECT `t1`.`id`, `t1`.`second_id`, `t1`.`title`, `t1`.`author`, `t1`.`project_url`, `t1`.`img_url`, `t1`.`location`, `t1`.`end`, `t1`.`pledged`, `t1`.`goal`, `t1`.`currency`, `t1`.`date_modified`, `t1`.`active`, `t1`.`website`, `t1`.`type`, `t1`.`category_id` FROM `app_project` AS t1 WHERE (`t1`.`second_id` = %s) LIMIT 1', [u'974731300'])
2015-10-28 15:19:11 [peewee] DEBUG: ('INSERT INTO `app_project` (`second_id`, `title`, `author`, `project_url`, `img_url`, `location`, `end`, `pledged`, `goal`, `currency`, `date_modified`, `active`, `website`, `type`, `category_id`) VALUES (%s, %s, %s, %s, %s, %s, %s, %s, %s, %s, %s, %s, %s, %s, %s)', [u'974731300', u'Bracelet Music Video', u'Drake Li', u'https://www.kickstarter.com/projects/974731300/bracelet-music-video', u'https://ksr-ugc.imgix.net/projects/2101327/photo-original.jpg?v=1445202661&w=218&h=162&fit=crop&auto=format&q=92&s=cbed6da71c1e714ed28cb893f016dbd9', u'Chicago, IL', u'2015-11-26', 345, 0, u'USD', datetime.datetime(2015, 10, 28, 15, 19, 11, 628939), 1, 1, 1, 10])
2015-10-28 15:19:11 [scrapy] DEBUG: Scraped from <200 https://www.kickstarter.com/discover/categories/film%20&%20video?sort=newest>
{'author': u'Drake Li',
 'category_id': 10,
 'currency': u'USD',
 'end': u'2015-11-26',
 'id': u'974731300',
 'img_url': u'https://ksr-ugc.imgix.net/projects/2101327/photo-original.jpg?v=1445202661&w=218&h=162&fit=crop&auto=format&q=92&s=cbed6da71c1e714ed28cb893f016dbd9',
 'location': u'Chicago, IL',
 'pledged': u'345',
 'project_url': u'https://www.kickstarter.com/projects/974731300/bracelet-music-video',
 'title': u'Bracelet Music Video',
 'type': 1,
 'website': 1}
2015-10-28 15:19:11 [peewee] DEBUG: ('SELECT `t1`.`id`, `t1`.`second_id`, `t1`.`title`, `t1`.`author`, `t1`.`project_url`, `t1`.`img_url`, `t1`.`location`, `t1`.`end`, `t1`.`pledged`, `t1`.`goal`, `t1`.`currency`, `t1`.`date_modified`, `t1`.`active`, `t1`.`website`, `t1`.`type`, `t1`.`category_id` FROM `app_project` AS t1 WHERE (`t1`.`second_id` = %s) LIMIT 1', [u'saffeday'])
2015-10-28 15:19:11 [peewee] DEBUG: ('INSERT INTO `app_project` (`second_id`, `title`, `author`, `project_url`, `img_url`, `location`, `end`, `pledged`, `goal`, `currency`, `date_modified`, `active`, `website`, `type`, `category_id`) VALUES (%s, %s, %s, %s, %s, %s, %s, %s, %s, %s, %s, %s, %s, %s, %s)', [u'saffeday', u'#BeAHero for SAFFE Day', u'SAFFE Day', u'https://www.kickstarter.com/projects/saffeday/beahero-for-saffe-day', u'https://ksr-ugc.imgix.net/projects/2123888/photo-original.JPG?v=1444257533&w=218&h=162&fit=crop&auto=format&q=92&s=b170ce84b118e1c6ac2afe796198ee05', u'Kilgore, TX', u'2015-12-01', 1075, 0, u'USD', datetime.datetime(2015, 10, 28, 15, 19, 11, 636868), 1, 1, 1, 10])
2015-10-28 15:19:11 [scrapy] DEBUG: Scraped from <200 https://www.kickstarter.com/discover/categories/film%20&%20video?sort=newest>
{'author': u'SAFFE Day',
 'category_id': 10,
 'currency': u'USD',
 'end': u'2015-12-01',
 'id': u'saffeday',
 'img_url': u'https://ksr-ugc.imgix.net/projects/2123888/photo-original.JPG?v=1444257533&w=218&h=162&fit=crop&auto=format&q=92&s=b170ce84b118e1c6ac2afe796198ee05',
 'location': u'Kilgore, TX',
 'pledged': u'1075',
 'project_url': u'https://www.kickstarter.com/projects/saffeday/beahero-for-saffe-day',
 'title': u'#BeAHero for SAFFE Day',
 'type': 1,
 'website': 1}
2015-10-28 15:19:11 [peewee] DEBUG: ('SELECT `t1`.`id`, `t1`.`second_id`, `t1`.`title`, `t1`.`author`, `t1`.`project_url`, `t1`.`img_url`, `t1`.`location`, `t1`.`end`, `t1`.`pledged`, `t1`.`goal`, `t1`.`currency`, `t1`.`date_modified`, `t1`.`active`, `t1`.`website`, `t1`.`type`, `t1`.`category_id` FROM `app_project` AS t1 WHERE (`t1`.`second_id` = %s) LIMIT 1', [u'1845704857'])
2015-10-28 15:19:11 [peewee] DEBUG: ('INSERT INTO `app_project` (`second_id`, `title`, `author`, `project_url`, `img_url`, `location`, `end`, `pledged`, `goal`, `currency`, `date_modified`, `active`, `website`, `type`, `category_id`) VALUES (%s, %s, %s, %s, %s, %s, %s, %s, %s, %s, %s, %s, %s, %s, %s)', [u'1845704857', u'The Event', u'Adam Pollard', u'https://www.kickstarter.com/projects/1845704857/the-event', u'https://ksr-ugc.imgix.net/projects/2156003/photo-original.jpg?v=1445956468&w=218&h=162&fit=crop&auto=format&q=92&s=b758c9e0bd0fddd3755d009cc686220b', u'Cornwall and Isles of Scilly, UK', u'2015-11-26', 0, 0, u'GBP', datetime.datetime(2015, 10, 28, 15, 19, 11, 644159), 1, 1, 1, 10])
2015-10-28 15:19:11 [scrapy] DEBUG: Scraped from <200 https://www.kickstarter.com/discover/categories/film%20&%20video?sort=newest>
{'author': u'Adam Pollard',
 'category_id': 10,
 'currency': u'GBP',
 'end': u'2015-11-26',
 'id': u'1845704857',
 'img_url': u'https://ksr-ugc.imgix.net/projects/2156003/photo-original.jpg?v=1445956468&w=218&h=162&fit=crop&auto=format&q=92&s=b758c9e0bd0fddd3755d009cc686220b',
 'location': u'Cornwall and Isles of Scilly, UK',
 'pledged': u'0',
 'project_url': u'https://www.kickstarter.com/projects/1845704857/the-event',
 'title': u'The Event',
 'type': 1,
 'website': 1}
2015-10-28 15:19:11 [peewee] DEBUG: ('SELECT `t1`.`id`, `t1`.`second_id`, `t1`.`title`, `t1`.`author`, `t1`.`project_url`, `t1`.`img_url`, `t1`.`location`, `t1`.`end`, `t1`.`pledged`, `t1`.`goal`, `t1`.`currency`, `t1`.`date_modified`, `t1`.`active`, `t1`.`website`, `t1`.`type`, `t1`.`category_id` FROM `app_project` AS t1 WHERE (`t1`.`second_id` = %s) LIMIT 1', [u'thesub'])
2015-10-28 15:19:11 [peewee] DEBUG: ('INSERT INTO `app_project` (`second_id`, `title`, `author`, `project_url`, `img_url`, `location`, `end`, `pledged`, `goal`, `currency`, `date_modified`, `active`, `website`, `type`, `category_id`) VALUES (%s, %s, %s, %s, %s, %s, %s, %s, %s, %s, %s, %s, %s, %s, %s)', [u'thesub', u'The Sub: a Horror-Comedy Short Film', u'Dan Samiljan', u'https://www.kickstarter.com/projects/thesub/the-sub-a-horror-comedy-short-film', u'https://ksr-ugc.imgix.net/projects/2130211/photo-original.jpg?v=1445538884&w=218&h=162&fit=crop&auto=format&q=92&s=512398cf0ee4f6c5321b242e5468f105', u'Los Angeles, CA', u'2015-11-26', 6470, 0, u'USD', datetime.datetime(2015, 10, 28, 15, 19, 11, 652508), 1, 1, 1, 10])
2015-10-28 15:19:11 [scrapy] DEBUG: Scraped from <200 https://www.kickstarter.com/discover/categories/film%20&%20video?sort=newest>
{'author': u'Dan Samiljan',
 'category_id': 10,
 'currency': u'USD',
 'end': u'2015-11-26',
 'id': u'thesub',
 'img_url': u'https://ksr-ugc.imgix.net/projects/2130211/photo-original.jpg?v=1445538884&w=218&h=162&fit=crop&auto=format&q=92&s=512398cf0ee4f6c5321b242e5468f105',
 'location': u'Los Angeles, CA',
 'pledged': u'6470',
 'project_url': u'https://www.kickstarter.com/projects/thesub/the-sub-a-horror-comedy-short-film',
 'title': u'The Sub: a Horror-Comedy Short Film',
 'type': 1,
 'website': 1}
2015-10-28 15:19:11 [peewee] DEBUG: ('SELECT `t1`.`id`, `t1`.`second_id`, `t1`.`title`, `t1`.`author`, `t1`.`project_url`, `t1`.`img_url`, `t1`.`location`, `t1`.`end`, `t1`.`pledged`, `t1`.`goal`, `t1`.`currency`, `t1`.`date_modified`, `t1`.`active`, `t1`.`website`, `t1`.`type`, `t1`.`category_id` FROM `app_project` AS t1 WHERE (`t1`.`second_id` = %s) LIMIT 1', [u'750283340'])
2015-10-28 15:19:11 [peewee] DEBUG: ('INSERT INTO `app_project` (`second_id`, `title`, `author`, `project_url`, `img_url`, `location`, `end`, `pledged`, `goal`, `currency`, `date_modified`, `active`, `website`, `type`, `category_id`) VALUES (%s, %s, %s, %s, %s, %s, %s, %s, %s, %s, %s, %s, %s, %s, %s)', [u'750283340', u'Weird Booze Weekend: Season 4', u'Derrick Belkin', u'https://www.kickstarter.com/projects/750283340/weird-booze-weekend-season-4', u'https://ksr-ugc.imgix.net/projects/2128018/photo-original.png?v=1444483344&w=218&h=162&fit=crop&auto=format&q=92&s=c1b862cc66d12e3d769d7cbfc5753542', u'Buffalo, NY', u'2015-12-26', 11, 0, u'USD', datetime.datetime(2015, 10, 28, 15, 19, 11, 659919), 1, 1, 1, 10])
2015-10-28 15:19:11 [scrapy] DEBUG: Scraped from <200 https://www.kickstarter.com/discover/categories/film%20&%20video?sort=newest>
{'author': u'Derrick Belkin',
 'category_id': 10,
 'currency': u'USD',
 'end': u'2015-12-26',
 'id': u'750283340',
 'img_url': u'https://ksr-ugc.imgix.net/projects/2128018/photo-original.png?v=1444483344&w=218&h=162&fit=crop&auto=format&q=92&s=c1b862cc66d12e3d769d7cbfc5753542',
 'location': u'Buffalo, NY',
 'pledged': u'11',
 'project_url': u'https://www.kickstarter.com/projects/750283340/weird-booze-weekend-season-4',
 'title': u'Weird Booze Weekend: Season 4',
 'type': 1,
 'website': 1}
2015-10-28 15:19:11 [peewee] DEBUG: ('SELECT `t1`.`id`, `t1`.`second_id`, `t1`.`title`, `t1`.`author`, `t1`.`project_url`, `t1`.`img_url`, `t1`.`location`, `t1`.`end`, `t1`.`pledged`, `t1`.`goal`, `t1`.`currency`, `t1`.`date_modified`, `t1`.`active`, `t1`.`website`, `t1`.`type`, `t1`.`category_id` FROM `app_project` AS t1 WHERE (`t1`.`second_id` = %s) LIMIT 1', [u'jesseblanchard'])
2015-10-28 15:19:11 [peewee] DEBUG: ('INSERT INTO `app_project` (`second_id`, `title`, `author`, `project_url`, `img_url`, `location`, `end`, `pledged`, `goal`, `currency`, `date_modified`, `active`, `website`, `type`, `category_id`) VALUES (%s, %s, %s, %s, %s, %s, %s, %s, %s, %s, %s, %s, %s, %s, %s)', [u'jesseblanchard', u'Frank & Zed: An All Puppet Monster Movie', u'Jesse Blanchard', u'https://www.kickstarter.com/projects/jesseblanchard/frank-and-zed-an-all-puppet-monster-movie', u'https://ksr-ugc.imgix.net/projects/2150397/photo-original.jpg?v=1445655416&w=218&h=162&fit=crop&auto=format&q=92&s=005f169a70008d72e17b2870f9b37d67', u'Portland, OR', u'2015-11-20', 7448, 0, u'USD', datetime.datetime(2015, 10, 28, 15, 19, 11, 667074), 1, 1, 1, 10])
2015-10-28 15:19:11 [scrapy] DEBUG: Scraped from <200 https://www.kickstarter.com/discover/categories/film%20&%20video?sort=newest>
{'author': u'Jesse Blanchard',
 'category_id': 10,
 'currency': u'USD',
 'end': u'2015-11-20',
 'id': u'jesseblanchard',
 'img_url': u'https://ksr-ugc.imgix.net/projects/2150397/photo-original.jpg?v=1445655416&w=218&h=162&fit=crop&auto=format&q=92&s=005f169a70008d72e17b2870f9b37d67',
 'location': u'Portland, OR',
 'pledged': u'7448',
 'project_url': u'https://www.kickstarter.com/projects/jesseblanchard/frank-and-zed-an-all-puppet-monster-movie',
 'title': u'Frank & Zed: An All Puppet Monster Movie',
 'type': 1,
 'website': 1}
2015-10-28 15:19:11 [peewee] DEBUG: ('SELECT `t1`.`id`, `t1`.`second_id`, `t1`.`title`, `t1`.`author`, `t1`.`project_url`, `t1`.`img_url`, `t1`.`location`, `t1`.`end`, `t1`.`pledged`, `t1`.`goal`, `t1`.`currency`, `t1`.`date_modified`, `t1`.`active`, `t1`.`website`, `t1`.`type`, `t1`.`category_id` FROM `app_project` AS t1 WHERE (`t1`.`second_id` = %s) LIMIT 1', [u'1066226221'])
2015-10-28 15:19:11 [peewee] DEBUG: ('INSERT INTO `app_project` (`second_id`, `title`, `author`, `project_url`, `img_url`, `location`, `end`, `pledged`, `goal`, `currency`, `date_modified`, `active`, `website`, `type`, `category_id`) VALUES (%s, %s, %s, %s, %s, %s, %s, %s, %s, %s, %s, %s, %s, %s, %s)', [u'1066226221', u'POWER OF PS1 documentary film & book', u'Jonathan Beales', u'https://www.kickstarter.com/projects/1066226221/power-of-ps1-documentary-film-and-book', u'https://ksr-ugc.imgix.net/projects/907655/photo-original.jpg?v=1445801921&w=218&h=162&fit=crop&auto=format&q=92&s=2c161e7e206cd43c9a176f5ee7f3dd4e', u'London, UK', u'2015-12-01', 907, 0, u'GBP', datetime.datetime(2015, 10, 28, 15, 19, 11, 675360), 1, 1, 1, 10])
2015-10-28 15:19:11 [scrapy] DEBUG: Scraped from <200 https://www.kickstarter.com/discover/categories/film%20&%20video?sort=newest>
{'author': u'Jonathan Beales',
 'category_id': 10,
 'currency': u'GBP',
 'end': u'2015-12-01',
 'id': u'1066226221',
 'img_url': u'https://ksr-ugc.imgix.net/projects/907655/photo-original.jpg?v=1445801921&w=218&h=162&fit=crop&auto=format&q=92&s=2c161e7e206cd43c9a176f5ee7f3dd4e',
 'location': u'London, UK',
 'pledged': u'907',
 'project_url': u'https://www.kickstarter.com/projects/1066226221/power-of-ps1-documentary-film-and-book',
 'title': u'POWER OF PS1 documentary film & book',
 'type': 1,
 'website': 1}
2015-10-28 15:19:11 [peewee] DEBUG: ('SELECT `t1`.`id`, `t1`.`second_id`, `t1`.`title`, `t1`.`author`, `t1`.`project_url`, `t1`.`img_url`, `t1`.`location`, `t1`.`end`, `t1`.`pledged`, `t1`.`goal`, `t1`.`currency`, `t1`.`date_modified`, `t1`.`active`, `t1`.`website`, `t1`.`type`, `t1`.`category_id` FROM `app_project` AS t1 WHERE (`t1`.`second_id` = %s) LIMIT 1', [u'233126048'])
2015-10-28 15:19:11 [peewee] DEBUG: ('INSERT INTO `app_project` (`second_id`, `title`, `author`, `project_url`, `img_url`, `location`, `end`, `pledged`, `goal`, `currency`, `date_modified`, `active`, `website`, `type`, `category_id`) VALUES (%s, %s, %s, %s, %s, %s, %s, %s, %s, %s, %s, %s, %s, %s, %s)', [u'233126048', u'Modern Ruins - a Feature Film in Post-Production', u'Sarah Manschot', u'https://www.kickstarter.com/projects/233126048/modern-ruins-a-feature-film-in-post-production', u'https://ksr-ugc.imgix.net/projects/975231/photo-original.jpg?v=1445215509&w=218&h=162&fit=crop&auto=format&q=92&s=9bf6fcd4ff4033d7031f563fd4a685c5', u'Windsor, Canada', u'2015-11-26', 285, 0, u'CAD', datetime.datetime(2015, 10, 28, 15, 19, 11, 682677), 1, 1, 1, 10])
2015-10-28 15:19:11 [scrapy] DEBUG: Scraped from <200 https://www.kickstarter.com/discover/categories/film%20&%20video?sort=newest>
{'author': u'Sarah Manschot',
 'category_id': 10,
 'currency': u'CAD',
 'end': u'2015-11-26',
 'id': u'233126048',
 'img_url': u'https://ksr-ugc.imgix.net/projects/975231/photo-original.jpg?v=1445215509&w=218&h=162&fit=crop&auto=format&q=92&s=9bf6fcd4ff4033d7031f563fd4a685c5',
 'location': u'Windsor, Canada',
 'pledged': u'285',
 'project_url': u'https://www.kickstarter.com/projects/233126048/modern-ruins-a-feature-film-in-post-production',
 'title': u'Modern Ruins - a Feature Film in Post-Production',
 'type': 1,
 'website': 1}
2015-10-28 15:19:11 [peewee] DEBUG: ('SELECT `t1`.`id`, `t1`.`second_id`, `t1`.`title`, `t1`.`author`, `t1`.`project_url`, `t1`.`img_url`, `t1`.`location`, `t1`.`end`, `t1`.`pledged`, `t1`.`goal`, `t1`.`currency`, `t1`.`date_modified`, `t1`.`active`, `t1`.`website`, `t1`.`type`, `t1`.`category_id` FROM `app_project` AS t1 WHERE (`t1`.`second_id` = %s) LIMIT 1', [u'sandygoldman'])
2015-10-28 15:19:11 [peewee] DEBUG: ('INSERT INTO `app_project` (`second_id`, `title`, `author`, `project_url`, `img_url`, `location`, `end`, `pledged`, `goal`, `currency`, `date_modified`, `active`, `website`, `type`, `category_id`) VALUES (%s, %s, %s, %s, %s, %s, %s, %s, %s, %s, %s, %s, %s, %s, %s)', [u'sandygoldman', u'"America\\\'s Crowdfunding" Reality TV Series', u'Sandy Goldman', u'https://www.kickstarter.com/projects/sandygoldman/americas-crowdfunding-reality-tv-series', u'https://ksr-ugc.imgix.net/projects/505994/photo-original.jpg?v=1414027558&w=218&h=162&fit=crop&auto=format&q=92&s=ff7fea6eaaaf2f7f8363227fa7ca9afa', u'Miami, FL', u'2015-12-01', 0, 0, u'USD', datetime.datetime(2015, 10, 28, 15, 19, 11, 690505), 1, 1, 1, 10])
2015-10-28 15:19:11 [scrapy] DEBUG: Scraped from <200 https://www.kickstarter.com/discover/categories/film%20&%20video?sort=newest>
{'author': u'Sandy Goldman',
 'category_id': 10,
 'currency': u'USD',
 'end': u'2015-12-01',
 'id': u'sandygoldman',
 'img_url': u'https://ksr-ugc.imgix.net/projects/505994/photo-original.jpg?v=1414027558&w=218&h=162&fit=crop&auto=format&q=92&s=ff7fea6eaaaf2f7f8363227fa7ca9afa',
 'location': u'Miami, FL',
 'pledged': u'0',
 'project_url': u'https://www.kickstarter.com/projects/sandygoldman/americas-crowdfunding-reality-tv-series',
 'title': u'"America\\\'s Crowdfunding" Reality TV Series',
 'type': 1,
 'website': 1}
2015-10-28 15:19:11 [scrapy] INFO: Closing spider (finished)
2015-10-28 15:19:11 [scrapy] INFO: Stored jsonlines feed (20 items) in: file:///Users/marko/PythonProjects/cfservis/items/cfservis/kickstarter_getter/d824c0a17d7e11e5b8287831c1c9baf0.jl
2015-10-28 15:19:11 [scrapy] INFO: Dumping Scrapy stats:
{'downloader/request_bytes': 265,
 'downloader/request_count': 1,
 'downloader/request_method_count/GET': 1,
 'downloader/response_bytes': 82987,
 'downloader/response_count': 1,
 'downloader/response_status_count/200': 1,
 'finish_reason': 'finished',
 'finish_time': datetime.datetime(2015, 10, 28, 14, 19, 11, 694713),
 'item_scraped_count': 20,
 'log_count/DEBUG': 62,
 'log_count/INFO': 8,
 'response_received_count': 1,
 'scheduler/dequeued': 1,
 'scheduler/dequeued/memory': 1,
 'scheduler/enqueued': 1,
 'scheduler/enqueued/memory': 1,
 'start_time': datetime.datetime(2015, 10, 28, 14, 19, 9, 507401)}
2015-10-28 15:19:11 [scrapy] INFO: Spider closed (finished)
