2015-10-28 15:21:19 [scrapy] INFO: Scrapy 1.0.3 started (bot: cfservis)
2015-10-28 15:21:19 [scrapy] INFO: Optional features available: ssl, http11
2015-10-28 15:21:19 [scrapy] INFO: Overridden settings: {'NEWSPIDER_MODULE': 'cfservis.spiders', 'SPIDER_MODULES': ['cfservis.spiders'], 'FEED_URI': 'file:///Users/marko/PythonProjects/cfservis/items/cfservis/indiegogo_updater/220fe7d17d7f11e5a9f17831c1c9baf0.jl', 'LOG_FILE': 'logs/cfservis/indiegogo_updater/220fe7d17d7f11e5a9f17831c1c9baf0.log', 'BOT_NAME': 'cfservis'}
2015-10-28 15:21:19 [scrapy] INFO: Enabled extensions: CloseSpider, FeedExporter, TelnetConsole, LogStats, CoreStats, SpiderState
2015-10-28 15:21:19 [scrapy] INFO: Enabled downloader middlewares: HttpAuthMiddleware, DownloadTimeoutMiddleware, UserAgentMiddleware, RetryMiddleware, DefaultHeadersMiddleware, MetaRefreshMiddleware, HttpCompressionMiddleware, RedirectMiddleware, CookiesMiddleware, ChunkedTransferMiddleware, DownloaderStats
2015-10-28 15:21:19 [scrapy] INFO: Enabled spider middlewares: HttpErrorMiddleware, OffsiteMiddleware, RefererMiddleware, UrlLengthMiddleware, DepthMiddleware
2015-10-28 15:21:19 [scrapy] INFO: Enabled item pipelines: MySQLStorePipeline
2015-10-28 15:21:19 [scrapy] INFO: Spider opened
2015-10-28 15:21:19 [scrapy] INFO: Crawled 0 pages (at 0 pages/min), scraped 0 items (at 0 items/min)
2015-10-28 15:21:19 [scrapy] DEBUG: Telnet console listening on 127.0.0.1:6023
2015-10-28 15:21:19 [scrapy] DEBUG: Redirecting (301) to <GET https://www.indiegogo.com/projects/colletta-alimentare-per-i-mici-ospiti-a-milano> from <GET https://www.indiegogo.com/projects/colletta-alimentare-per-i-mici-ospiti-a-milano/pinw?sa=0&sp=0>
2015-10-28 15:21:20 [scrapy] DEBUG: Crawled (200) <GET https://www.indiegogo.com/projects/colletta-alimentare-per-i-mici-ospiti-a-milano> (referer: None)
2015-10-28 15:21:20 [peewee] DEBUG: ('SELECT `t1`.`id`, `t1`.`second_id`, `t1`.`title`, `t1`.`author`, `t1`.`project_url`, `t1`.`img_url`, `t1`.`location`, `t1`.`end`, `t1`.`pledged`, `t1`.`goal`, `t1`.`currency`, `t1`.`date_modified`, `t1`.`active`, `t1`.`website`, `t1`.`type`, `t1`.`category_id` FROM `app_project` AS t1 WHERE (`t1`.`id` = %s) LIMIT 1', [1695])
2015-10-28 15:21:20 [peewee] DEBUG: ('UPDATE `app_project` SET `second_id` = %s, `title` = %s, `author` = %s, `project_url` = %s, `img_url` = %s, `location` = %s, `end` = %s, `pledged` = %s, `goal` = %s, `currency` = %s, `date_modified` = %s, `active` = %s, `website` = %s, `type` = %s, `category_id` = %s WHERE (`app_project`.`id` = %s)', [u'use title', u'Colletta alimentare per i mici ospiti a Milano', u'Michele Mansi', u'https://www.indiegogo.com/projects/colletta-alimentare-per-i-mici-ospiti-a-milano/pinw?sa=0&sp=0', u'https://c1.iggcdn.com/indiegogo-media-prod-cld/image/upload/c_fill,f_auto,h_220,w_220/v1445379743/ztaqqicg57sn9tbrc8mf.jpg', u'Milano Italy', u'2015-11-04', 439, 3000, u'USD', datetime.datetime(2015, 10, 28, 15, 21, 20, 995138), 1, 2, 1, 15, 1695])
2015-10-28 15:21:20 [scrapy] DEBUG: Scraped from <200 https://www.indiegogo.com/projects/colletta-alimentare-per-i-mici-ospiti-a-milano>
{'goal': u'3000', 'id': '1695', 'pledged': u'439'}
2015-10-28 15:21:21 [scrapy] INFO: Closing spider (finished)
2015-10-28 15:21:21 [scrapy] INFO: Stored jsonlines feed (1 items) in: file:///Users/marko/PythonProjects/cfservis/items/cfservis/indiegogo_updater/220fe7d17d7f11e5a9f17831c1c9baf0.jl
2015-10-28 15:21:21 [scrapy] INFO: Dumping Scrapy stats:
{'downloader/request_bytes': 905,
 'downloader/request_count': 2,
 'downloader/request_method_count/GET': 2,
 'downloader/response_bytes': 23607,
 'downloader/response_count': 2,
 'downloader/response_status_count/200': 1,
 'downloader/response_status_count/301': 1,
 'finish_reason': 'finished',
 'finish_time': datetime.datetime(2015, 10, 28, 14, 21, 21, 2104),
 'item_scraped_count': 1,
 'log_count/DEBUG': 6,
 'log_count/INFO': 8,
 'response_received_count': 1,
 'scheduler/dequeued': 2,
 'scheduler/dequeued/memory': 2,
 'scheduler/enqueued': 2,
 'scheduler/enqueued/memory': 2,
 'start_time': datetime.datetime(2015, 10, 28, 14, 21, 19, 509813)}
2015-10-28 15:21:21 [scrapy] INFO: Spider closed (finished)
