2015-10-06 16:30:35 [scrapy] INFO: Scrapy 1.0.3 started (bot: cfservis)
2015-10-06 16:30:35 [scrapy] INFO: Optional features available: ssl, http11
2015-10-06 16:30:35 [scrapy] INFO: Overridden settings: {'NEWSPIDER_MODULE': 'cfservis.spiders', 'SPIDER_MODULES': ['cfservis.spiders'], 'FEED_URI': 'file:///Users/marko/PythonProjects/cfservis/items/cfservis/indiegogo_updater/9ff25c736c3511e5873c7831c1c9baf0.jl', 'LOG_FILE': 'logs/cfservis/indiegogo_updater/9ff25c736c3511e5873c7831c1c9baf0.log', 'BOT_NAME': 'cfservis'}
2015-10-06 16:30:36 [scrapy] INFO: Enabled extensions: CloseSpider, FeedExporter, TelnetConsole, LogStats, CoreStats, SpiderState
2015-10-06 16:30:36 [scrapy] INFO: Enabled downloader middlewares: HttpAuthMiddleware, DownloadTimeoutMiddleware, UserAgentMiddleware, RetryMiddleware, DefaultHeadersMiddleware, MetaRefreshMiddleware, HttpCompressionMiddleware, RedirectMiddleware, CookiesMiddleware, ChunkedTransferMiddleware, DownloaderStats
2015-10-06 16:30:36 [scrapy] INFO: Enabled spider middlewares: HttpErrorMiddleware, OffsiteMiddleware, RefererMiddleware, UrlLengthMiddleware, DepthMiddleware
2015-10-06 16:30:36 [scrapy] INFO: Enabled item pipelines: MySQLStorePipeline
2015-10-06 16:30:36 [scrapy] INFO: Spider opened
2015-10-06 16:30:36 [scrapy] INFO: Crawled 0 pages (at 0 pages/min), scraped 0 items (at 0 items/min)
2015-10-06 16:30:36 [scrapy] DEBUG: Telnet console listening on 127.0.0.1:6023
2015-10-06 16:30:36 [scrapy] DEBUG: Redirecting (301) to <GET https://www.indiegogo.com/projects/gods-in-shackles> from <GET https://www.indiegogo.com/projects/gods-in-shackles/pipp?sa=0&sp=0>
2015-10-06 16:30:37 [scrapy] DEBUG: Crawled (200) <GET https://www.indiegogo.com/projects/gods-in-shackles> (referer: None)
2015-10-06 16:30:37 [peewee] DEBUG: ('SELECT `t1`.`id`, `t1`.`second_id`, `t1`.`title`, `t1`.`author`, `t1`.`project_url`, `t1`.`img_url`, `t1`.`location`, `t1`.`end`, `t1`.`pledged`, `t1`.`goal`, `t1`.`currency`, `t1`.`date_modified`, `t1`.`active`, `t1`.`website`, `t1`.`type`, `t1`.`category_id` FROM `app_project` AS t1 WHERE (`t1`.`title` = %s) LIMIT 1', [u'Gods in Shackles'])
2015-10-06 16:30:37 [scrapy] ERROR: Error processing {'title': 'Gods in Shackles'}
Traceback (most recent call last):
  File "/Users/marko/Envs/cfservis/lib/python2.7/site-packages/twisted/internet/defer.py", line 588, in _runCallbacks
    current.result = callback(current.result, *args, **kw)
  File "cfservis/pipelines.py", line 115, in process_item
    self.update_entry_ig(item)
  File "cfservis/pipelines.py", line 80, in update_entry_ig
    project.pledged = item['pledged']
  File "/Users/marko/Envs/cfservis/lib/python2.7/site-packages/scrapy/item.py", line 56, in __getitem__
    return self._values[key]
KeyError: 'pledged'
2015-10-06 16:30:37 [scrapy] INFO: Closing spider (finished)
2015-10-06 16:30:37 [scrapy] INFO: Dumping Scrapy stats:
{'downloader/request_bytes': 823,
 'downloader/request_count': 2,
 'downloader/request_method_count/GET': 2,
 'downloader/response_bytes': 67079,
 'downloader/response_count': 2,
 'downloader/response_status_count/200': 1,
 'downloader/response_status_count/301': 1,
 'finish_reason': 'finished',
 'finish_time': datetime.datetime(2015, 10, 6, 14, 30, 37, 472087),
 'log_count/DEBUG': 4,
 'log_count/ERROR': 1,
 'log_count/INFO': 7,
 'response_received_count': 1,
 'scheduler/dequeued': 2,
 'scheduler/dequeued/memory': 2,
 'scheduler/enqueued': 2,
 'scheduler/enqueued/memory': 2,
 'start_time': datetime.datetime(2015, 10, 6, 14, 30, 36, 143760)}
2015-10-06 16:30:37 [scrapy] INFO: Spider closed (finished)
