2015-10-14 16:49:43 [scrapy] INFO: Scrapy 1.0.3 started (bot: cfservis)
2015-10-14 16:49:43 [scrapy] INFO: Optional features available: ssl, http11
2015-10-14 16:49:43 [scrapy] INFO: Overridden settings: {'NEWSPIDER_MODULE': 'cfservis.spiders', 'SPIDER_MODULES': ['cfservis.spiders'], 'FEED_URI': 'file:///Users/marko/PythonProjects/cfservis/items/cfservis/indiegogo_updater/c8ba4fd7728211e5ba907831c1c9baf0.jl', 'LOG_FILE': 'logs/cfservis/indiegogo_updater/c8ba4fd7728211e5ba907831c1c9baf0.log', 'BOT_NAME': 'cfservis'}
2015-10-14 16:49:43 [scrapy] INFO: Enabled extensions: CloseSpider, FeedExporter, TelnetConsole, LogStats, CoreStats, SpiderState
2015-10-14 16:49:43 [scrapy] INFO: Enabled downloader middlewares: HttpAuthMiddleware, DownloadTimeoutMiddleware, UserAgentMiddleware, RetryMiddleware, DefaultHeadersMiddleware, MetaRefreshMiddleware, HttpCompressionMiddleware, RedirectMiddleware, CookiesMiddleware, ChunkedTransferMiddleware, DownloaderStats
2015-10-14 16:49:43 [scrapy] INFO: Enabled spider middlewares: HttpErrorMiddleware, OffsiteMiddleware, RefererMiddleware, UrlLengthMiddleware, DepthMiddleware
2015-10-14 16:49:44 [scrapy] INFO: Enabled item pipelines: MySQLStorePipeline
2015-10-14 16:49:44 [scrapy] INFO: Spider opened
2015-10-14 16:49:44 [scrapy] INFO: Crawled 0 pages (at 0 pages/min), scraped 0 items (at 0 items/min)
2015-10-14 16:49:44 [scrapy] DEBUG: Telnet console listening on 127.0.0.1:6023
2015-10-14 16:49:44 [scrapy] DEBUG: Redirecting (301) to <GET https://www.indiegogo.com/projects/heat-presses-to-decorate-nyc-wear-gear-goods> from <GET https://www.indiegogo.com/projects/heat-presses-to-decorate-nyc-wear-gear-goods/pipp?sa=0&sp=0>
2015-10-14 16:49:45 [scrapy] DEBUG: Crawled (200) <GET https://www.indiegogo.com/projects/heat-presses-to-decorate-nyc-wear-gear-goods> (referer: None)
2015-10-14 16:49:45 [peewee] DEBUG: ('SELECT `t1`.`id`, `t1`.`second_id`, `t1`.`title`, `t1`.`author`, `t1`.`project_url`, `t1`.`img_url`, `t1`.`location`, `t1`.`end`, `t1`.`pledged`, `t1`.`goal`, `t1`.`currency`, `t1`.`date_modified`, `t1`.`active`, `t1`.`website`, `t1`.`type`, `t1`.`category_id` FROM `app_project` AS t1 WHERE (`t1`.`id` = %s) LIMIT 1', [597])
2015-10-14 16:49:45 [peewee] DEBUG: ('UPDATE `app_project` SET `second_id` = %s, `title` = %s, `author` = %s, `project_url` = %s, `img_url` = %s, `location` = %s, `end` = %s, `pledged` = %s, `goal` = %s, `currency` = %s, `date_modified` = %s, `active` = %s, `website` = %s, `type` = %s, `category_id` = %s WHERE (`app_project`.`id` = %s)', [u'use title', u'Heat Presses To Decorate NYC Wear & Gear Goods', u'Marcel Singleton', u'https://www.indiegogo.com/projects/heat-presses-to-decorate-nyc-wear-gear-goods/pipp?sa=0&sp=0', u'https://c1.iggcdn.com/indiegogo-media-prod-cld/image/upload/c_fill,f_auto,h_220,w_220/v1444189168/clmxkxbsqmakehqcynna.png', u'United States Cambridge, Massachusetts', u'2015-11-09', 1425, 3000, u'USD', datetime.datetime(2015, 10, 14, 16, 49, 45, 652562), 1, 2, 1, 14, 597])
2015-10-14 16:49:45 [scrapy] DEBUG: Scraped from <200 https://www.indiegogo.com/projects/heat-presses-to-decorate-nyc-wear-gear-goods>
{'goal': u'3000', 'id': '597', 'pledged': u'1425'}
2015-10-14 16:49:45 [scrapy] INFO: Closing spider (finished)
2015-10-14 16:49:45 [scrapy] INFO: Stored jsonlines feed (1 items) in: file:///Users/marko/PythonProjects/cfservis/items/cfservis/indiegogo_updater/c8ba4fd7728211e5ba907831c1c9baf0.jl
2015-10-14 16:49:45 [scrapy] INFO: Dumping Scrapy stats:
{'downloader/request_bytes': 901,
 'downloader/request_count': 2,
 'downloader/request_method_count/GET': 2,
 'downloader/response_bytes': 44802,
 'downloader/response_count': 2,
 'downloader/response_status_count/200': 1,
 'downloader/response_status_count/301': 1,
 'finish_reason': 'finished',
 'finish_time': datetime.datetime(2015, 10, 14, 14, 49, 45, 658734),
 'item_scraped_count': 1,
 'log_count/DEBUG': 6,
 'log_count/INFO': 8,
 'response_received_count': 1,
 'scheduler/dequeued': 2,
 'scheduler/dequeued/memory': 2,
 'scheduler/enqueued': 2,
 'scheduler/enqueued/memory': 2,
 'start_time': datetime.datetime(2015, 10, 14, 14, 49, 44, 17611)}
2015-10-14 16:49:45 [scrapy] INFO: Spider closed (finished)
