2015-10-05 15:20:29 [scrapy] INFO: Scrapy 1.0.3 started (bot: cfservis)
2015-10-05 15:20:29 [scrapy] INFO: Optional features available: ssl, http11
2015-10-05 15:20:29 [scrapy] INFO: Overridden settings: {'NEWSPIDER_MODULE': 'cfservis.spiders', 'SPIDER_MODULES': ['cfservis.spiders'], 'FEED_URI': 'file:///Users/marko/PythonProjects/cfaproject/cfservis/items/cfservis/indiegogo_updater/d42b717d6b6311e582177831c1c9baf0.jl', 'LOG_FILE': 'logs/cfservis/indiegogo_updater/d42b717d6b6311e582177831c1c9baf0.log', 'BOT_NAME': 'cfservis'}
2015-10-05 15:20:29 [scrapy] INFO: Enabled extensions: CloseSpider, FeedExporter, TelnetConsole, LogStats, CoreStats, SpiderState
2015-10-05 15:20:29 [scrapy] INFO: Enabled downloader middlewares: HttpAuthMiddleware, DownloadTimeoutMiddleware, UserAgentMiddleware, RetryMiddleware, DefaultHeadersMiddleware, MetaRefreshMiddleware, HttpCompressionMiddleware, RedirectMiddleware, CookiesMiddleware, ChunkedTransferMiddleware, DownloaderStats
2015-10-05 15:20:29 [scrapy] INFO: Enabled spider middlewares: HttpErrorMiddleware, OffsiteMiddleware, RefererMiddleware, UrlLengthMiddleware, DepthMiddleware
2015-10-05 15:20:29 [scrapy] INFO: Enabled item pipelines: MySQLStorePipeline
2015-10-05 15:20:29 [scrapy] INFO: Spider opened
2015-10-05 15:20:29 [scrapy] INFO: Crawled 0 pages (at 0 pages/min), scraped 0 items (at 0 items/min)
2015-10-05 15:20:29 [scrapy] DEBUG: Telnet console listening on 127.0.0.1:6023
2015-10-05 15:20:30 [scrapy] DEBUG: Redirecting (301) to <GET https://www.indiegogo.com/projects/gods-in-shackles> from <GET https://www.indiegogo.com/projects/gods-in-shackles/pipp?sa=0&sp=0>
2015-10-05 15:20:31 [scrapy] DEBUG: Crawled (200) <GET https://www.indiegogo.com/projects/gods-in-shackles> (referer: None)
2015-10-05 15:20:31 [scrapy] ERROR: Error processing {'title': 'Gods in Shackles'}
Traceback (most recent call last):
  File "/Users/marko/Envs/cfaproject/lib/python2.7/site-packages/twisted/internet/defer.py", line 588, in _runCallbacks
    current.result = callback(current.result, *args, **kw)
  File "cfservis/pipelines.py", line 90, in process_item
    self.update_entry_ig(item)
  File "cfservis/pipelines.py", line 53, in update_entry_ig
    SET pledged=%s, goal=%s, date_modified=%s WHERE title=%s""", (item['pledged'],
  File "/Users/marko/Envs/cfaproject/lib/python2.7/site-packages/scrapy/item.py", line 56, in __getitem__
    return self._values[key]
KeyError: 'pledged'
2015-10-05 15:20:31 [scrapy] INFO: Closing spider (finished)
2015-10-05 15:20:31 [scrapy] INFO: Dumping Scrapy stats:
{'downloader/request_bytes': 823,
 'downloader/request_count': 2,
 'downloader/request_method_count/GET': 2,
 'downloader/response_bytes': 67793,
 'downloader/response_count': 2,
 'downloader/response_status_count/200': 1,
 'downloader/response_status_count/301': 1,
 'finish_reason': 'finished',
 'finish_time': datetime.datetime(2015, 10, 5, 13, 20, 31, 290126),
 'log_count/DEBUG': 3,
 'log_count/ERROR': 1,
 'log_count/INFO': 7,
 'response_received_count': 1,
 'scheduler/dequeued': 2,
 'scheduler/dequeued/memory': 2,
 'scheduler/enqueued': 2,
 'scheduler/enqueued/memory': 2,
 'start_time': datetime.datetime(2015, 10, 5, 13, 20, 29, 872916)}
2015-10-05 15:20:31 [scrapy] INFO: Spider closed (finished)
