2015-10-14 14:55:03 [scrapy] INFO: Scrapy 1.0.3 started (bot: cfservis)
2015-10-14 14:55:03 [scrapy] INFO: Optional features available: ssl, http11
2015-10-14 14:55:03 [scrapy] INFO: Overridden settings: {'NEWSPIDER_MODULE': 'cfservis.spiders', 'SPIDER_MODULES': ['cfservis.spiders'], 'FEED_URI': 'file:///Users/marko/PythonProjects/cfservis/items/cfservis/indiegogo_getter/9bd9221e727111e5b4e17831c1c9baf0.jl', 'LOG_FILE': 'logs/cfservis/indiegogo_getter/9bd9221e727111e5b4e17831c1c9baf0.log', 'BOT_NAME': 'cfservis'}
2015-10-14 14:55:03 [scrapy] INFO: Enabled extensions: CloseSpider, FeedExporter, TelnetConsole, LogStats, CoreStats, SpiderState
2015-10-14 14:55:04 [selenium.webdriver.remote.remote_connection] DEBUG: POST http://127.0.0.1:63352/wd/hub/session {"desiredCapabilities": {"platform": "ANY", "browserName": "phantomjs", "version": "", "javascriptEnabled": true}}
2015-10-14 14:55:04 [selenium.webdriver.remote.remote_connection] DEBUG: Finished Request
2015-10-14 14:55:05 [scrapy] INFO: Enabled downloader middlewares: HttpAuthMiddleware, DownloadTimeoutMiddleware, UserAgentMiddleware, RetryMiddleware, DefaultHeadersMiddleware, MetaRefreshMiddleware, HttpCompressionMiddleware, RedirectMiddleware, CookiesMiddleware, ChunkedTransferMiddleware, DownloaderStats
2015-10-14 14:55:05 [scrapy] INFO: Enabled spider middlewares: HttpErrorMiddleware, OffsiteMiddleware, RefererMiddleware, UrlLengthMiddleware, DepthMiddleware
2015-10-14 14:55:05 [scrapy] INFO: Enabled item pipelines: MySQLStorePipeline
2015-10-14 14:55:05 [scrapy] INFO: Spider opened
2015-10-14 14:55:05 [scrapy] INFO: Crawled 0 pages (at 0 pages/min), scraped 0 items (at 0 items/min)
2015-10-14 14:55:05 [scrapy] DEBUG: Telnet console listening on 127.0.0.1:6024
2015-10-14 14:55:05 [scrapy] DEBUG: Crawled (200) <GET https://www.indiegogo.com/explore/animals#/browse/new> (referer: None)
2015-10-14 14:55:05 [scrapy] DEBUG: Crawled (404) <GET https://www.indiegogo.com/explore/comics#/browse/new> (referer: None)
2015-10-14 14:55:05 [scrapy] DEBUG: Crawled (200) <GET https://www.indiegogo.com/explore/dance#/browse/new> (referer: None)
2015-10-14 14:55:05 [scrapy] DEBUG: Crawled (200) <GET https://www.indiegogo.com/explore/education#/browse/new> (referer: None)
2015-10-14 14:55:05 [scrapy] DEBUG: Crawled (200) <GET https://www.indiegogo.com/explore/art#/browse/new> (referer: None)
2015-10-14 14:55:05 [selenium.webdriver.remote.remote_connection] DEBUG: POST http://127.0.0.1:63352/wd/hub/session/ca3e8000-7272-11e5-82ae-6dec7c0cc3ca/window/current/size {"width": 1024, "windowHandle": "current", "sessionId": "ca3e8000-7272-11e5-82ae-6dec7c0cc3ca", "height": 768}
2015-10-14 14:55:06 [selenium.webdriver.remote.remote_connection] DEBUG: Finished Request
2015-10-14 14:55:06 [selenium.webdriver.remote.remote_connection] DEBUG: POST http://127.0.0.1:63352/wd/hub/session/ca3e8000-7272-11e5-82ae-6dec7c0cc3ca/url {"url": "https://www.indiegogo.com/explore/animals", "sessionId": "ca3e8000-7272-11e5-82ae-6dec7c0cc3ca"}
2015-10-14 14:55:15 [selenium.webdriver.remote.remote_connection] DEBUG: Finished Request
2015-10-14 14:55:19 [selenium.webdriver.remote.remote_connection] DEBUG: POST http://127.0.0.1:63352/wd/hub/session/ca3e8000-7272-11e5-82ae-6dec7c0cc3ca/element {"using": "xpath", "sessionId": "ca3e8000-7272-11e5-82ae-6dec7c0cc3ca", "value": "/html/body/div[6]/div[3]/div/div[2]/div[1]/div[2]/div/div[2]/a[4]/span"}
2015-10-14 14:55:19 [selenium.webdriver.remote.remote_connection] DEBUG: Finished Request
2015-10-14 14:55:19 [selenium.webdriver.remote.remote_connection] DEBUG: GET http://127.0.0.1:63352/wd/hub/session/ca3e8000-7272-11e5-82ae-6dec7c0cc3ca/element/:wdc:1444827319155/text {"sessionId": "ca3e8000-7272-11e5-82ae-6dec7c0cc3ca", "id": ":wdc:1444827319155"}
2015-10-14 14:55:19 [selenium.webdriver.remote.remote_connection] DEBUG: Finished Request
2015-10-14 14:55:19 [selenium.webdriver.remote.remote_connection] DEBUG: POST http://127.0.0.1:63352/wd/hub/session/ca3e8000-7272-11e5-82ae-6dec7c0cc3ca/element/:wdc:1444827319155/click {"sessionId": "ca3e8000-7272-11e5-82ae-6dec7c0cc3ca", "id": ":wdc:1444827319155"}
2015-10-14 14:55:19 [selenium.webdriver.remote.remote_connection] DEBUG: Finished Request
2015-10-14 14:55:23 [selenium.webdriver.remote.remote_connection] DEBUG: POST http://127.0.0.1:63352/wd/hub/session/ca3e8000-7272-11e5-82ae-6dec7c0cc3ca/elements {"using": "class name", "sessionId": "ca3e8000-7272-11e5-82ae-6dec7c0cc3ca", "value": "project-card-with-friend-list"}
2015-10-14 14:55:23 [selenium.webdriver.remote.remote_connection] DEBUG: Finished Request
2015-10-14 14:55:23 [selenium.webdriver.remote.remote_connection] DEBUG: POST http://127.0.0.1:63352/wd/hub/session/ca3e8000-7272-11e5-82ae-6dec7c0cc3ca/element/:wdc:1444827319156/elements {"using": "class name", "sessionId": "ca3e8000-7272-11e5-82ae-6dec7c0cc3ca", "id": ":wdc:1444827319156", "value": "i-title"}
2015-10-14 14:55:23 [selenium.webdriver.remote.remote_connection] DEBUG: Finished Request
2015-10-14 14:55:23 [selenium.webdriver.remote.remote_connection] DEBUG: GET http://127.0.0.1:63352/wd/hub/session/ca3e8000-7272-11e5-82ae-6dec7c0cc3ca/element/:wdc:1444827319162/text {"sessionId": "ca3e8000-7272-11e5-82ae-6dec7c0cc3ca", "id": ":wdc:1444827319162"}
2015-10-14 14:55:23 [selenium.webdriver.remote.remote_connection] DEBUG: Finished Request
2015-10-14 14:55:23 [selenium.webdriver.remote.remote_connection] DEBUG: POST http://127.0.0.1:63352/wd/hub/session/ca3e8000-7272-11e5-82ae-6dec7c0cc3ca/element/:wdc:1444827319156/element {"using": "class name", "sessionId": "ca3e8000-7272-11e5-82ae-6dec7c0cc3ca", "id": ":wdc:1444827319156", "value": "i-img"}
2015-10-14 14:55:23 [selenium.webdriver.remote.remote_connection] DEBUG: Finished Request
2015-10-14 14:55:23 [selenium.webdriver.remote.remote_connection] DEBUG: POST http://127.0.0.1:63352/wd/hub/session/ca3e8000-7272-11e5-82ae-6dec7c0cc3ca/element/:wdc:1444827319163/element {"using": "tag name", "sessionId": "ca3e8000-7272-11e5-82ae-6dec7c0cc3ca", "id": ":wdc:1444827319163", "value": "img"}
2015-10-14 14:55:23 [selenium.webdriver.remote.remote_connection] DEBUG: Finished Request
2015-10-14 14:55:23 [selenium.webdriver.remote.remote_connection] DEBUG: GET http://127.0.0.1:63352/wd/hub/session/ca3e8000-7272-11e5-82ae-6dec7c0cc3ca/element/:wdc:1444827319164/attribute/src {"sessionId": "ca3e8000-7272-11e5-82ae-6dec7c0cc3ca", "name": "src", "id": ":wdc:1444827319164"}
2015-10-14 14:55:23 [selenium.webdriver.remote.remote_connection] DEBUG: Finished Request
2015-10-14 14:55:23 [selenium.webdriver.remote.remote_connection] DEBUG: POST http://127.0.0.1:63352/wd/hub/session/ca3e8000-7272-11e5-82ae-6dec7c0cc3ca/element/:wdc:1444827319156/elements {"using": "class name", "sessionId": "ca3e8000-7272-11e5-82ae-6dec7c0cc3ca", "id": ":wdc:1444827319156", "value": "i-project"}
2015-10-14 14:55:23 [selenium.webdriver.remote.remote_connection] DEBUG: Finished Request
2015-10-14 14:55:23 [selenium.webdriver.remote.remote_connection] DEBUG: GET http://127.0.0.1:63352/wd/hub/session/ca3e8000-7272-11e5-82ae-6dec7c0cc3ca/element/:wdc:1444827319165/attribute/href {"sessionId": "ca3e8000-7272-11e5-82ae-6dec7c0cc3ca", "name": "href", "id": ":wdc:1444827319165"}
2015-10-14 14:55:23 [selenium.webdriver.remote.remote_connection] DEBUG: Finished Request
2015-10-14 14:55:23 [selenium.webdriver.remote.remote_connection] DEBUG: POST http://127.0.0.1:63352/wd/hub/session/ca3e8000-7272-11e5-82ae-6dec7c0cc3ca/element/:wdc:1444827319156/element {"using": "class name", "sessionId": "ca3e8000-7272-11e5-82ae-6dec7c0cc3ca", "id": ":wdc:1444827319156", "value": "currency"}
2015-10-14 14:55:23 [selenium.webdriver.remote.remote_connection] DEBUG: Finished Request
2015-10-14 14:55:23 [selenium.webdriver.remote.remote_connection] DEBUG: POST http://127.0.0.1:63352/wd/hub/session/ca3e8000-7272-11e5-82ae-6dec7c0cc3ca/element/:wdc:1444827319166/elements {"using": "class name", "sessionId": "ca3e8000-7272-11e5-82ae-6dec7c0cc3ca", "id": ":wdc:1444827319166", "value": "ng-binding"}
2015-10-14 14:55:23 [selenium.webdriver.remote.remote_connection] DEBUG: Finished Request
2015-10-14 14:55:23 [selenium.webdriver.remote.remote_connection] DEBUG: GET http://127.0.0.1:63352/wd/hub/session/ca3e8000-7272-11e5-82ae-6dec7c0cc3ca/element/:wdc:1444827319167/text {"sessionId": "ca3e8000-7272-11e5-82ae-6dec7c0cc3ca", "id": ":wdc:1444827319167"}
2015-10-14 14:55:23 [selenium.webdriver.remote.remote_connection] DEBUG: Finished Request
2015-10-14 14:55:23 [selenium.webdriver.remote.remote_connection] DEBUG: GET http://127.0.0.1:63352/wd/hub/session/ca3e8000-7272-11e5-82ae-6dec7c0cc3ca/element/:wdc:1444827319168/text {"sessionId": "ca3e8000-7272-11e5-82ae-6dec7c0cc3ca", "id": ":wdc:1444827319168"}
2015-10-14 14:55:23 [selenium.webdriver.remote.remote_connection] DEBUG: Finished Request
2015-10-14 14:55:23 [selenium.webdriver.remote.remote_connection] DEBUG: POST http://127.0.0.1:63352/wd/hub/session/ca3e8000-7272-11e5-82ae-6dec7c0cc3ca/element/:wdc:1444827319165/click {"sessionId": "ca3e8000-7272-11e5-82ae-6dec7c0cc3ca", "id": ":wdc:1444827319165"}
2015-10-14 14:55:27 [selenium.webdriver.remote.remote_connection] DEBUG: Finished Request
2015-10-14 14:55:30 [selenium.webdriver.remote.remote_connection] DEBUG: POST http://127.0.0.1:63352/wd/hub/session/ca3e8000-7272-11e5-82ae-6dec7c0cc3ca/element {"using": "class name", "sessionId": "ca3e8000-7272-11e5-82ae-6dec7c0cc3ca", "value": "i-time-left"}
2015-10-14 14:55:30 [selenium.webdriver.remote.remote_connection] DEBUG: Finished Request
2015-10-14 14:55:30 [selenium.webdriver.remote.remote_connection] DEBUG: GET http://127.0.0.1:63352/wd/hub/session/ca3e8000-7272-11e5-82ae-6dec7c0cc3ca/element/:wdc:1444827330856/size {"sessionId": "ca3e8000-7272-11e5-82ae-6dec7c0cc3ca", "id": ":wdc:1444827330856"}
2015-10-14 14:55:30 [selenium.webdriver.remote.remote_connection] DEBUG: Finished Request
2015-10-14 14:55:30 [selenium.webdriver.remote.remote_connection] DEBUG: GET http://127.0.0.1:63352/wd/hub/session/ca3e8000-7272-11e5-82ae-6dec7c0cc3ca/element/:wdc:1444827330856/text {"sessionId": "ca3e8000-7272-11e5-82ae-6dec7c0cc3ca", "id": ":wdc:1444827330856"}
2015-10-14 14:55:30 [selenium.webdriver.remote.remote_connection] DEBUG: Finished Request
2015-10-14 14:55:30 [selenium.webdriver.remote.remote_connection] DEBUG: POST http://127.0.0.1:63352/wd/hub/session/ca3e8000-7272-11e5-82ae-6dec7c0cc3ca/elements {"using": "xpath", "sessionId": "ca3e8000-7272-11e5-82ae-6dec7c0cc3ca", "value": "/html/body/div[8]/div/div[2]/div[1]/div[2]/div[3]/div/div[4]/div[3]"}
2015-10-14 14:55:30 [selenium.webdriver.remote.remote_connection] DEBUG: Finished Request
2015-10-14 14:55:30 [selenium.webdriver.remote.remote_connection] DEBUG: GET http://127.0.0.1:63352/wd/hub/session/ca3e8000-7272-11e5-82ae-6dec7c0cc3ca/element/:wdc:1444827330857/text {"sessionId": "ca3e8000-7272-11e5-82ae-6dec7c0cc3ca", "id": ":wdc:1444827330857"}
2015-10-14 14:55:30 [selenium.webdriver.remote.remote_connection] DEBUG: Finished Request
2015-10-14 14:55:30 [selenium.webdriver.remote.remote_connection] DEBUG: POST http://127.0.0.1:63352/wd/hub/session/ca3e8000-7272-11e5-82ae-6dec7c0cc3ca/elements {"using": "xpath", "sessionId": "ca3e8000-7272-11e5-82ae-6dec7c0cc3ca", "value": "/html/body/div[8]/div/div[2]/div[1]/div[2]/div[3]/div/div[4]/div[2]"}
2015-10-14 14:55:30 [selenium.webdriver.remote.remote_connection] DEBUG: Finished Request
2015-10-14 14:55:30 [selenium.webdriver.remote.remote_connection] DEBUG: GET http://127.0.0.1:63352/wd/hub/session/ca3e8000-7272-11e5-82ae-6dec7c0cc3ca/element/:wdc:1444827330858/text {"sessionId": "ca3e8000-7272-11e5-82ae-6dec7c0cc3ca", "id": ":wdc:1444827330858"}
2015-10-14 14:55:30 [selenium.webdriver.remote.remote_connection] DEBUG: Finished Request
2015-10-14 14:55:30 [selenium.webdriver.remote.remote_connection] DEBUG: POST http://127.0.0.1:63352/wd/hub/session/ca3e8000-7272-11e5-82ae-6dec7c0cc3ca/elements {"using": "class name", "sessionId": "ca3e8000-7272-11e5-82ae-6dec7c0cc3ca", "value": "i-detailsColumn-title"}
2015-10-14 14:55:30 [selenium.webdriver.remote.remote_connection] DEBUG: Finished Request
2015-10-14 14:55:30 [selenium.webdriver.remote.remote_connection] DEBUG: GET http://127.0.0.1:63352/wd/hub/session/ca3e8000-7272-11e5-82ae-6dec7c0cc3ca/element/:wdc:1444827330859/text {"sessionId": "ca3e8000-7272-11e5-82ae-6dec7c0cc3ca", "id": ":wdc:1444827330859"}
2015-10-14 14:55:30 [selenium.webdriver.remote.remote_connection] DEBUG: Finished Request
2015-10-14 14:55:30 [selenium.webdriver.remote.remote_connection] DEBUG: POST http://127.0.0.1:63352/wd/hub/session/ca3e8000-7272-11e5-82ae-6dec7c0cc3ca/back {"sessionId": "ca3e8000-7272-11e5-82ae-6dec7c0cc3ca"}
2015-10-14 14:55:33 [selenium.webdriver.remote.remote_connection] DEBUG: Finished Request
2015-10-14 14:55:33 [peewee] DEBUG: ('SELECT `t1`.`id`, `t1`.`second_id`, `t1`.`title`, `t1`.`author`, `t1`.`project_url`, `t1`.`img_url`, `t1`.`location`, `t1`.`end`, `t1`.`pledged`, `t1`.`goal`, `t1`.`currency`, `t1`.`date_modified`, `t1`.`active`, `t1`.`website`, `t1`.`type`, `t1`.`category_id` FROM `app_project` AS t1 WHERE (`t1`.`title` = %s) LIMIT 1', [u'Iqaluit Humane Society: Making Strides'])
2015-10-14 14:55:33 [scrapy] DEBUG: Scraped from <200 https://www.indiegogo.com/explore/animals>
{'author': u'Heather Crowley',
 'category_id': '15',
 'currency': u'CAD',
 'end': '2015-12-12',
 'id': 'use title',
 'img_url': u'https://c1.iggcdn.com/indiegogo-media-prod-cld/image/upload/c_fill,f_auto,h_220,w_220/v1444665248/ioy9ziiddmdz2xmrh2oh.jpg',
 'location': u'Canada Iqaluit, Nunavut',
 'pledged': u'1494',
 'project_url': u'https://www.indiegogo.com/projects/iqaluit-humane-society-making-strides/pinw?sa=0&sp=0',
 'title': u'Iqaluit Humane Society: Making Strides',
 'type': 1,
 'website': 2}
2015-10-14 14:55:33 [scrapy] DEBUG: Crawled (200) <GET https://www.indiegogo.com/explore/environment#/browse/new> (referer: None)
2015-10-14 14:55:33 [scrapy] DEBUG: Crawled (200) <GET https://www.indiegogo.com/explore/film#/browse/new> (referer: None)
2015-10-14 14:55:33 [scrapy] DEBUG: Crawled (200) <GET https://www.indiegogo.com/explore/community#/browse/new> (referer: None)
2015-10-14 14:55:33 [scrapy] DEBUG: Crawled (200) <GET https://www.indiegogo.com/explore/gaming#/browse/new> (referer: None)
2015-10-14 14:55:33 [scrapy] DEBUG: Crawled (200) <GET https://www.indiegogo.com/explore/food#/browse/new> (referer: None)
2015-10-14 14:55:33 [scrapy] DEBUG: Crawled (200) <GET https://www.indiegogo.com/explore/animals#/browse/new> (referer: None)
2015-10-14 14:55:33 [scrapy] DEBUG: Crawled (200) <GET https://www.indiegogo.com/explore/design#/browse/new> (referer: None)
2015-10-14 14:55:33 [scrapy] DEBUG: Crawled (200) <GET https://www.indiegogo.com/explore/fashion#/browse/new> (referer: None)
2015-10-14 14:55:33 [scrapy] DEBUG: Ignoring response <404 https://www.indiegogo.com/explore/comics>: HTTP status code is not handled or not allowed
2015-10-14 14:55:33 [selenium.webdriver.remote.remote_connection] DEBUG: POST http://127.0.0.1:63352/wd/hub/session/ca3e8000-7272-11e5-82ae-6dec7c0cc3ca/elements {"using": "class name", "sessionId": "ca3e8000-7272-11e5-82ae-6dec7c0cc3ca", "value": "project-card-with-friend-list"}
2015-10-14 14:55:33 [selenium.webdriver.remote.remote_connection] DEBUG: Finished Request
2015-10-14 14:55:33 [selenium.webdriver.remote.remote_connection] DEBUG: POST http://127.0.0.1:63352/wd/hub/session/ca3e8000-7272-11e5-82ae-6dec7c0cc3ca/element/:wdc:1444827333724/elements {"using": "class name", "sessionId": "ca3e8000-7272-11e5-82ae-6dec7c0cc3ca", "id": ":wdc:1444827333724", "value": "i-title"}
2015-10-14 14:55:33 [selenium.webdriver.remote.remote_connection] DEBUG: Finished Request
2015-10-14 14:55:33 [selenium.webdriver.remote.remote_connection] DEBUG: GET http://127.0.0.1:63352/wd/hub/session/ca3e8000-7272-11e5-82ae-6dec7c0cc3ca/element/:wdc:1444827333729/text {"sessionId": "ca3e8000-7272-11e5-82ae-6dec7c0cc3ca", "id": ":wdc:1444827333729"}
2015-10-14 14:55:33 [selenium.webdriver.remote.remote_connection] DEBUG: Finished Request
2015-10-14 14:55:33 [selenium.webdriver.remote.remote_connection] DEBUG: POST http://127.0.0.1:63352/wd/hub/session/ca3e8000-7272-11e5-82ae-6dec7c0cc3ca/element/:wdc:1444827333724/element {"using": "class name", "sessionId": "ca3e8000-7272-11e5-82ae-6dec7c0cc3ca", "id": ":wdc:1444827333724", "value": "i-img"}
2015-10-14 14:55:33 [selenium.webdriver.remote.remote_connection] DEBUG: Finished Request
2015-10-14 14:55:33 [selenium.webdriver.remote.remote_connection] DEBUG: POST http://127.0.0.1:63352/wd/hub/session/ca3e8000-7272-11e5-82ae-6dec7c0cc3ca/element/:wdc:1444827333730/element {"using": "tag name", "sessionId": "ca3e8000-7272-11e5-82ae-6dec7c0cc3ca", "id": ":wdc:1444827333730", "value": "img"}
2015-10-14 14:55:33 [selenium.webdriver.remote.remote_connection] DEBUG: Finished Request
2015-10-14 14:55:33 [selenium.webdriver.remote.remote_connection] DEBUG: GET http://127.0.0.1:63352/wd/hub/session/ca3e8000-7272-11e5-82ae-6dec7c0cc3ca/element/:wdc:1444827333731/attribute/src {"sessionId": "ca3e8000-7272-11e5-82ae-6dec7c0cc3ca", "name": "src", "id": ":wdc:1444827333731"}
2015-10-14 14:55:33 [selenium.webdriver.remote.remote_connection] DEBUG: Finished Request
2015-10-14 14:55:33 [selenium.webdriver.remote.remote_connection] DEBUG: POST http://127.0.0.1:63352/wd/hub/session/ca3e8000-7272-11e5-82ae-6dec7c0cc3ca/element/:wdc:1444827333724/elements {"using": "class name", "sessionId": "ca3e8000-7272-11e5-82ae-6dec7c0cc3ca", "id": ":wdc:1444827333724", "value": "i-project"}
2015-10-14 14:55:33 [selenium.webdriver.remote.remote_connection] DEBUG: Finished Request
2015-10-14 14:55:33 [selenium.webdriver.remote.remote_connection] DEBUG: GET http://127.0.0.1:63352/wd/hub/session/ca3e8000-7272-11e5-82ae-6dec7c0cc3ca/element/:wdc:1444827333732/attribute/href {"sessionId": "ca3e8000-7272-11e5-82ae-6dec7c0cc3ca", "name": "href", "id": ":wdc:1444827333732"}
2015-10-14 14:55:33 [selenium.webdriver.remote.remote_connection] DEBUG: Finished Request
2015-10-14 14:55:33 [selenium.webdriver.remote.remote_connection] DEBUG: POST http://127.0.0.1:63352/wd/hub/session/ca3e8000-7272-11e5-82ae-6dec7c0cc3ca/element/:wdc:1444827333724/element {"using": "class name", "sessionId": "ca3e8000-7272-11e5-82ae-6dec7c0cc3ca", "id": ":wdc:1444827333724", "value": "currency"}
2015-10-14 14:55:33 [selenium.webdriver.remote.remote_connection] DEBUG: Finished Request
2015-10-14 14:55:33 [selenium.webdriver.remote.remote_connection] DEBUG: POST http://127.0.0.1:63352/wd/hub/session/ca3e8000-7272-11e5-82ae-6dec7c0cc3ca/element/:wdc:1444827333733/elements {"using": "class name", "sessionId": "ca3e8000-7272-11e5-82ae-6dec7c0cc3ca", "id": ":wdc:1444827333733", "value": "ng-binding"}
2015-10-14 14:55:33 [selenium.webdriver.remote.remote_connection] DEBUG: Finished Request
2015-10-14 14:55:33 [selenium.webdriver.remote.remote_connection] DEBUG: GET http://127.0.0.1:63352/wd/hub/session/ca3e8000-7272-11e5-82ae-6dec7c0cc3ca/element/:wdc:1444827333734/text {"sessionId": "ca3e8000-7272-11e5-82ae-6dec7c0cc3ca", "id": ":wdc:1444827333734"}
2015-10-14 14:55:33 [selenium.webdriver.remote.remote_connection] DEBUG: Finished Request
2015-10-14 14:55:33 [selenium.webdriver.remote.remote_connection] DEBUG: GET http://127.0.0.1:63352/wd/hub/session/ca3e8000-7272-11e5-82ae-6dec7c0cc3ca/element/:wdc:1444827333735/text {"sessionId": "ca3e8000-7272-11e5-82ae-6dec7c0cc3ca", "id": ":wdc:1444827333735"}
2015-10-14 14:55:33 [selenium.webdriver.remote.remote_connection] DEBUG: Finished Request
2015-10-14 14:55:33 [selenium.webdriver.remote.remote_connection] DEBUG: POST http://127.0.0.1:63352/wd/hub/session/ca3e8000-7272-11e5-82ae-6dec7c0cc3ca/element/:wdc:1444827333732/click {"sessionId": "ca3e8000-7272-11e5-82ae-6dec7c0cc3ca", "id": ":wdc:1444827333732"}
2015-10-14 14:55:36 [selenium.webdriver.remote.remote_connection] DEBUG: Finished Request
2015-10-14 14:55:42 [selenium.webdriver.remote.remote_connection] DEBUG: POST http://127.0.0.1:63352/wd/hub/session/ca3e8000-7272-11e5-82ae-6dec7c0cc3ca/element {"using": "class name", "sessionId": "ca3e8000-7272-11e5-82ae-6dec7c0cc3ca", "value": "i-time-left"}
2015-10-14 14:55:42 [selenium.webdriver.remote.remote_connection] DEBUG: Finished Request
2015-10-14 14:55:42 [selenium.webdriver.remote.remote_connection] DEBUG: GET http://127.0.0.1:63352/wd/hub/session/ca3e8000-7272-11e5-82ae-6dec7c0cc3ca/element/:wdc:1444827342618/size {"sessionId": "ca3e8000-7272-11e5-82ae-6dec7c0cc3ca", "id": ":wdc:1444827342618"}
2015-10-14 14:55:42 [selenium.webdriver.remote.remote_connection] DEBUG: Finished Request
2015-10-14 14:55:42 [selenium.webdriver.remote.remote_connection] DEBUG: GET http://127.0.0.1:63352/wd/hub/session/ca3e8000-7272-11e5-82ae-6dec7c0cc3ca/element/:wdc:1444827342618/text {"sessionId": "ca3e8000-7272-11e5-82ae-6dec7c0cc3ca", "id": ":wdc:1444827342618"}
2015-10-14 14:55:42 [selenium.webdriver.remote.remote_connection] DEBUG: Finished Request
2015-10-14 14:55:42 [selenium.webdriver.remote.remote_connection] DEBUG: POST http://127.0.0.1:63352/wd/hub/session/ca3e8000-7272-11e5-82ae-6dec7c0cc3ca/elements {"using": "xpath", "sessionId": "ca3e8000-7272-11e5-82ae-6dec7c0cc3ca", "value": "/html/body/div[8]/div/div[2]/div[1]/div[2]/div[3]/div/div[4]/div[3]"}
2015-10-14 14:55:42 [selenium.webdriver.remote.remote_connection] DEBUG: Finished Request
2015-10-14 14:55:42 [selenium.webdriver.remote.remote_connection] DEBUG: GET http://127.0.0.1:63352/wd/hub/session/ca3e8000-7272-11e5-82ae-6dec7c0cc3ca/element/:wdc:1444827342619/text {"sessionId": "ca3e8000-7272-11e5-82ae-6dec7c0cc3ca", "id": ":wdc:1444827342619"}
2015-10-14 14:55:42 [selenium.webdriver.remote.remote_connection] DEBUG: Finished Request
2015-10-14 14:55:42 [selenium.webdriver.remote.remote_connection] DEBUG: POST http://127.0.0.1:63352/wd/hub/session/ca3e8000-7272-11e5-82ae-6dec7c0cc3ca/elements {"using": "xpath", "sessionId": "ca3e8000-7272-11e5-82ae-6dec7c0cc3ca", "value": "/html/body/div[8]/div/div[2]/div[1]/div[2]/div[3]/div/div[4]/div[2]"}
2015-10-14 14:55:42 [selenium.webdriver.remote.remote_connection] DEBUG: Finished Request
2015-10-14 14:55:42 [selenium.webdriver.remote.remote_connection] DEBUG: GET http://127.0.0.1:63352/wd/hub/session/ca3e8000-7272-11e5-82ae-6dec7c0cc3ca/element/:wdc:1444827342620/text {"sessionId": "ca3e8000-7272-11e5-82ae-6dec7c0cc3ca", "id": ":wdc:1444827342620"}
2015-10-14 14:55:42 [selenium.webdriver.remote.remote_connection] DEBUG: Finished Request
2015-10-14 14:55:42 [selenium.webdriver.remote.remote_connection] DEBUG: POST http://127.0.0.1:63352/wd/hub/session/ca3e8000-7272-11e5-82ae-6dec7c0cc3ca/elements {"using": "class name", "sessionId": "ca3e8000-7272-11e5-82ae-6dec7c0cc3ca", "value": "i-detailsColumn-title"}
2015-10-14 14:55:42 [selenium.webdriver.remote.remote_connection] DEBUG: Finished Request
2015-10-14 14:55:42 [selenium.webdriver.remote.remote_connection] DEBUG: GET http://127.0.0.1:63352/wd/hub/session/ca3e8000-7272-11e5-82ae-6dec7c0cc3ca/element/:wdc:1444827342621/text {"sessionId": "ca3e8000-7272-11e5-82ae-6dec7c0cc3ca", "id": ":wdc:1444827342621"}
2015-10-14 14:55:42 [selenium.webdriver.remote.remote_connection] DEBUG: Finished Request
2015-10-14 14:55:42 [selenium.webdriver.remote.remote_connection] DEBUG: POST http://127.0.0.1:63352/wd/hub/session/ca3e8000-7272-11e5-82ae-6dec7c0cc3ca/back {"sessionId": "ca3e8000-7272-11e5-82ae-6dec7c0cc3ca"}
2015-10-14 14:55:45 [selenium.webdriver.remote.remote_connection] DEBUG: Finished Request
2015-10-14 14:55:45 [peewee] DEBUG: ('SELECT `t1`.`id`, `t1`.`second_id`, `t1`.`title`, `t1`.`author`, `t1`.`project_url`, `t1`.`img_url`, `t1`.`location`, `t1`.`end`, `t1`.`pledged`, `t1`.`goal`, `t1`.`currency`, `t1`.`date_modified`, `t1`.`active`, `t1`.`website`, `t1`.`type`, `t1`.`category_id` FROM `app_project` AS t1 WHERE (`t1`.`title` = %s) LIMIT 1', [u"Saving Colbie's leg"])
2015-10-14 14:55:45 [peewee] DEBUG: ('INSERT INTO `app_project` (`second_id`, `title`, `author`, `project_url`, `img_url`, `location`, `end`, `pledged`, `goal`, `currency`, `date_modified`, `active`, `website`, `type`, `category_id`) VALUES (%s, %s, %s, %s, %s, %s, %s, %s, %s, %s, %s, %s, %s, %s, %s)', [u'use title', u"Saving Colbie's leg", u'Jessica', u'https://www.indiegogo.com/projects/saving-colbie-s-leg/pipp?sa=0&sp=0', u'https://c1.iggcdn.com/indiegogo-media-prod-cld/image/upload/c_fill,f_auto,h_220,w_220/v1444488896/aanhl7dsqhfditzaxapf.jpg', u'Singapore Singapore', u'2015-11-21', 655, 0, u'USD', datetime.datetime(2015, 10, 14, 14, 55, 45, 242756), 1, 2, 1, 15])
2015-10-14 14:55:45 [scrapy] DEBUG: Scraped from <200 https://www.indiegogo.com/explore/animals>
{'author': u'Jessica',
 'category_id': '15',
 'currency': u'USD',
 'end': '2015-11-21',
 'id': 'use title',
 'img_url': u'https://c1.iggcdn.com/indiegogo-media-prod-cld/image/upload/c_fill,f_auto,h_220,w_220/v1444488896/aanhl7dsqhfditzaxapf.jpg',
 'location': u'Singapore Singapore',
 'pledged': u'655',
 'project_url': u'https://www.indiegogo.com/projects/saving-colbie-s-leg/pipp?sa=0&sp=0',
 'title': u"Saving Colbie's leg",
 'type': 1,
 'website': 2}
2015-10-14 14:55:45 [selenium.webdriver.remote.remote_connection] DEBUG: POST http://127.0.0.1:63352/wd/hub/session/ca3e8000-7272-11e5-82ae-6dec7c0cc3ca/window/current/size {"width": 1024, "windowHandle": "current", "sessionId": "ca3e8000-7272-11e5-82ae-6dec7c0cc3ca", "height": 768}
2015-10-14 14:55:45 [selenium.webdriver.remote.remote_connection] DEBUG: Finished Request
2015-10-14 14:55:45 [selenium.webdriver.remote.remote_connection] DEBUG: POST http://127.0.0.1:63352/wd/hub/session/ca3e8000-7272-11e5-82ae-6dec7c0cc3ca/url {"url": "https://www.indiegogo.com/explore/dance", "sessionId": "ca3e8000-7272-11e5-82ae-6dec7c0cc3ca"}
2015-10-14 14:55:47 [selenium.webdriver.remote.remote_connection] DEBUG: Finished Request
2015-10-14 14:55:51 [selenium.webdriver.remote.remote_connection] DEBUG: POST http://127.0.0.1:63352/wd/hub/session/ca3e8000-7272-11e5-82ae-6dec7c0cc3ca/element {"using": "xpath", "sessionId": "ca3e8000-7272-11e5-82ae-6dec7c0cc3ca", "value": "/html/body/div[6]/div[3]/div/div[2]/div[1]/div[2]/div/div[2]/a[4]/span"}
2015-10-14 14:55:51 [selenium.webdriver.remote.remote_connection] DEBUG: Finished Request
2015-10-14 14:55:51 [selenium.webdriver.remote.remote_connection] DEBUG: GET http://127.0.0.1:63352/wd/hub/session/ca3e8000-7272-11e5-82ae-6dec7c0cc3ca/element/:wdc:1444827351935/text {"sessionId": "ca3e8000-7272-11e5-82ae-6dec7c0cc3ca", "id": ":wdc:1444827351935"}
2015-10-14 14:55:51 [selenium.webdriver.remote.remote_connection] DEBUG: Finished Request
2015-10-14 14:55:51 [selenium.webdriver.remote.remote_connection] DEBUG: POST http://127.0.0.1:63352/wd/hub/session/ca3e8000-7272-11e5-82ae-6dec7c0cc3ca/element/:wdc:1444827351935/click {"sessionId": "ca3e8000-7272-11e5-82ae-6dec7c0cc3ca", "id": ":wdc:1444827351935"}
2015-10-14 14:55:52 [selenium.webdriver.remote.remote_connection] DEBUG: Finished Request
2015-10-14 14:55:54 [scrapy] INFO: Received SIGINT, shutting down gracefully. Send again to force 
2015-10-14 14:55:54 [selenium.webdriver.remote.remote_connection] DEBUG: POST http://127.0.0.1:63352/wd/hub/session/ca3e8000-7272-11e5-82ae-6dec7c0cc3ca/elements {"using": "class name", "sessionId": "ca3e8000-7272-11e5-82ae-6dec7c0cc3ca", "value": "project-card-with-friend-list"}
2015-10-14 14:55:54 [scrapy] ERROR: Spider error processing <GET https://www.indiegogo.com/explore/dance#/browse/new> (referer: None)
Traceback (most recent call last):
  File "/Users/marko/Envs/cfservis/lib/python2.7/site-packages/scrapy/utils/defer.py", line 102, in iter_errback
    yield next(it)
  File "/Users/marko/Envs/cfservis/lib/python2.7/site-packages/scrapy/spidermiddlewares/offsite.py", line 28, in process_spider_output
    for x in result:
  File "/Users/marko/Envs/cfservis/lib/python2.7/site-packages/scrapy/spidermiddlewares/referer.py", line 22, in <genexpr>
    return (_set_referer(r) for r in result or ())
  File "/Users/marko/Envs/cfservis/lib/python2.7/site-packages/scrapy/spidermiddlewares/urllength.py", line 37, in <genexpr>
    return (r for r in result or () if _filter(r))
  File "/Users/marko/Envs/cfservis/lib/python2.7/site-packages/scrapy/spidermiddlewares/depth.py", line 54, in <genexpr>
    return (r for r in result or () if _filter(r))
  File "cfservis/spiders/indiegogo_getter.py", line 94, in parse
    indie_projects = self.driver.find_elements_by_class_name("project-card-with-friend-list")
  File "/Users/marko/Envs/cfservis/lib/python2.7/site-packages/selenium/webdriver/remote/webdriver.py", line 385, in find_elements_by_class_name
    return self.find_elements(by=By.CLASS_NAME, value=name)
  File "/Users/marko/Envs/cfservis/lib/python2.7/site-packages/selenium/webdriver/remote/webdriver.py", line 734, in find_elements
    {'using': by, 'value': value})['value']
  File "/Users/marko/Envs/cfservis/lib/python2.7/site-packages/selenium/webdriver/remote/webdriver.py", line 194, in execute
    response = self.command_executor.execute(driver_command, params)
  File "/Users/marko/Envs/cfservis/lib/python2.7/site-packages/selenium/webdriver/remote/remote_connection.py", line 395, in execute
    return self._request(command_info[0], url, body=data)
  File "/Users/marko/Envs/cfservis/lib/python2.7/site-packages/selenium/webdriver/remote/remote_connection.py", line 463, in _request
    resp = opener.open(request, timeout=self._timeout)
  File "/Library/Frameworks/Python.framework/Versions/2.7/lib/python2.7/urllib2.py", line 404, in open
    response = self._open(req, data)
  File "/Library/Frameworks/Python.framework/Versions/2.7/lib/python2.7/urllib2.py", line 422, in _open
    '_open', req)
  File "/Library/Frameworks/Python.framework/Versions/2.7/lib/python2.7/urllib2.py", line 382, in _call_chain
    result = func(*args)
  File "/Library/Frameworks/Python.framework/Versions/2.7/lib/python2.7/urllib2.py", line 1214, in http_open
    return self.do_open(httplib.HTTPConnection, req)
  File "/Library/Frameworks/Python.framework/Versions/2.7/lib/python2.7/urllib2.py", line 1187, in do_open
    r = h.getresponse(buffering=True)
  File "/Library/Frameworks/Python.framework/Versions/2.7/lib/python2.7/httplib.py", line 1067, in getresponse
    response.begin()
  File "/Library/Frameworks/Python.framework/Versions/2.7/lib/python2.7/httplib.py", line 409, in begin
    version, status, reason = self._read_status()
  File "/Library/Frameworks/Python.framework/Versions/2.7/lib/python2.7/httplib.py", line 365, in _read_status
    line = self.fp.readline(_MAXLINE + 1)
  File "/Library/Frameworks/Python.framework/Versions/2.7/lib/python2.7/socket.py", line 476, in readline
    data = self._sock.recv(self._rbufsize)
error: [Errno 54] Connection reset by peer
2015-10-14 14:55:54 [selenium.webdriver.remote.remote_connection] DEBUG: POST http://127.0.0.1:63352/wd/hub/session/ca3e8000-7272-11e5-82ae-6dec7c0cc3ca/window/current/size {"width": 1024, "windowHandle": "current", "sessionId": "ca3e8000-7272-11e5-82ae-6dec7c0cc3ca", "height": 768}
2015-10-14 14:55:54 [scrapy] ERROR: Spider error processing <GET https://www.indiegogo.com/explore/education#/browse/new> (referer: None)
Traceback (most recent call last):
  File "/Users/marko/Envs/cfservis/lib/python2.7/site-packages/scrapy/utils/defer.py", line 102, in iter_errback
    yield next(it)
  File "/Users/marko/Envs/cfservis/lib/python2.7/site-packages/scrapy/spidermiddlewares/offsite.py", line 28, in process_spider_output
    for x in result:
  File "/Users/marko/Envs/cfservis/lib/python2.7/site-packages/scrapy/spidermiddlewares/referer.py", line 22, in <genexpr>
    return (_set_referer(r) for r in result or ())
  File "/Users/marko/Envs/cfservis/lib/python2.7/site-packages/scrapy/spidermiddlewares/urllength.py", line 37, in <genexpr>
    return (r for r in result or () if _filter(r))
  File "/Users/marko/Envs/cfservis/lib/python2.7/site-packages/scrapy/spidermiddlewares/depth.py", line 54, in <genexpr>
    return (r for r in result or () if _filter(r))
  File "cfservis/spiders/indiegogo_getter.py", line 70, in parse
    self.driver.set_window_size(1024, 768)
  File "/Users/marko/Envs/cfservis/lib/python2.7/site-packages/selenium/webdriver/remote/webdriver.py", line 799, in set_window_size
    'windowHandle': windowHandle})
  File "/Users/marko/Envs/cfservis/lib/python2.7/site-packages/selenium/webdriver/remote/webdriver.py", line 194, in execute
    response = self.command_executor.execute(driver_command, params)
  File "/Users/marko/Envs/cfservis/lib/python2.7/site-packages/selenium/webdriver/remote/remote_connection.py", line 395, in execute
    return self._request(command_info[0], url, body=data)
  File "/Users/marko/Envs/cfservis/lib/python2.7/site-packages/selenium/webdriver/remote/remote_connection.py", line 463, in _request
    resp = opener.open(request, timeout=self._timeout)
  File "/Library/Frameworks/Python.framework/Versions/2.7/lib/python2.7/urllib2.py", line 404, in open
    response = self._open(req, data)
  File "/Library/Frameworks/Python.framework/Versions/2.7/lib/python2.7/urllib2.py", line 422, in _open
    '_open', req)
  File "/Library/Frameworks/Python.framework/Versions/2.7/lib/python2.7/urllib2.py", line 382, in _call_chain
    result = func(*args)
  File "/Library/Frameworks/Python.framework/Versions/2.7/lib/python2.7/urllib2.py", line 1214, in http_open
    return self.do_open(httplib.HTTPConnection, req)
  File "/Library/Frameworks/Python.framework/Versions/2.7/lib/python2.7/urllib2.py", line 1184, in do_open
    raise URLError(err)
URLError: <urlopen error [Errno 61] Connection refused>
2015-10-14 14:55:54 [selenium.webdriver.remote.remote_connection] DEBUG: POST http://127.0.0.1:63352/wd/hub/session/ca3e8000-7272-11e5-82ae-6dec7c0cc3ca/window/current/size {"width": 1024, "windowHandle": "current", "sessionId": "ca3e8000-7272-11e5-82ae-6dec7c0cc3ca", "height": 768}
2015-10-14 14:55:54 [scrapy] ERROR: Spider error processing <GET https://www.indiegogo.com/explore/art#/browse/new> (referer: None)
Traceback (most recent call last):
  File "/Users/marko/Envs/cfservis/lib/python2.7/site-packages/scrapy/utils/defer.py", line 102, in iter_errback
    yield next(it)
  File "/Users/marko/Envs/cfservis/lib/python2.7/site-packages/scrapy/spidermiddlewares/offsite.py", line 28, in process_spider_output
    for x in result:
  File "/Users/marko/Envs/cfservis/lib/python2.7/site-packages/scrapy/spidermiddlewares/referer.py", line 22, in <genexpr>
    return (_set_referer(r) for r in result or ())
  File "/Users/marko/Envs/cfservis/lib/python2.7/site-packages/scrapy/spidermiddlewares/urllength.py", line 37, in <genexpr>
    return (r for r in result or () if _filter(r))
  File "/Users/marko/Envs/cfservis/lib/python2.7/site-packages/scrapy/spidermiddlewares/depth.py", line 54, in <genexpr>
    return (r for r in result or () if _filter(r))
  File "cfservis/spiders/indiegogo_getter.py", line 70, in parse
    self.driver.set_window_size(1024, 768)
  File "/Users/marko/Envs/cfservis/lib/python2.7/site-packages/selenium/webdriver/remote/webdriver.py", line 799, in set_window_size
    'windowHandle': windowHandle})
  File "/Users/marko/Envs/cfservis/lib/python2.7/site-packages/selenium/webdriver/remote/webdriver.py", line 194, in execute
    response = self.command_executor.execute(driver_command, params)
  File "/Users/marko/Envs/cfservis/lib/python2.7/site-packages/selenium/webdriver/remote/remote_connection.py", line 395, in execute
    return self._request(command_info[0], url, body=data)
  File "/Users/marko/Envs/cfservis/lib/python2.7/site-packages/selenium/webdriver/remote/remote_connection.py", line 463, in _request
    resp = opener.open(request, timeout=self._timeout)
  File "/Library/Frameworks/Python.framework/Versions/2.7/lib/python2.7/urllib2.py", line 404, in open
    response = self._open(req, data)
  File "/Library/Frameworks/Python.framework/Versions/2.7/lib/python2.7/urllib2.py", line 422, in _open
    '_open', req)
  File "/Library/Frameworks/Python.framework/Versions/2.7/lib/python2.7/urllib2.py", line 382, in _call_chain
    result = func(*args)
  File "/Library/Frameworks/Python.framework/Versions/2.7/lib/python2.7/urllib2.py", line 1214, in http_open
    return self.do_open(httplib.HTTPConnection, req)
  File "/Library/Frameworks/Python.framework/Versions/2.7/lib/python2.7/urllib2.py", line 1184, in do_open
    raise URLError(err)
URLError: <urlopen error [Errno 61] Connection refused>
2015-10-14 14:55:54 [selenium.webdriver.remote.remote_connection] DEBUG: POST http://127.0.0.1:63352/wd/hub/session/ca3e8000-7272-11e5-82ae-6dec7c0cc3ca/elements {"using": "class name", "sessionId": "ca3e8000-7272-11e5-82ae-6dec7c0cc3ca", "value": "project-card-with-friend-list"}
2015-10-14 14:55:54 [scrapy] ERROR: Spider error processing <GET https://www.indiegogo.com/explore/animals#/browse/new> (referer: None)
Traceback (most recent call last):
  File "/Users/marko/Envs/cfservis/lib/python2.7/site-packages/scrapy/utils/defer.py", line 102, in iter_errback
    yield next(it)
  File "/Users/marko/Envs/cfservis/lib/python2.7/site-packages/scrapy/spidermiddlewares/offsite.py", line 28, in process_spider_output
    for x in result:
  File "/Users/marko/Envs/cfservis/lib/python2.7/site-packages/scrapy/spidermiddlewares/referer.py", line 22, in <genexpr>
    return (_set_referer(r) for r in result or ())
  File "/Users/marko/Envs/cfservis/lib/python2.7/site-packages/scrapy/spidermiddlewares/urllength.py", line 37, in <genexpr>
    return (r for r in result or () if _filter(r))
  File "/Users/marko/Envs/cfservis/lib/python2.7/site-packages/scrapy/spidermiddlewares/depth.py", line 54, in <genexpr>
    return (r for r in result or () if _filter(r))
  File "cfservis/spiders/indiegogo_getter.py", line 94, in parse
    indie_projects = self.driver.find_elements_by_class_name("project-card-with-friend-list")
  File "/Users/marko/Envs/cfservis/lib/python2.7/site-packages/selenium/webdriver/remote/webdriver.py", line 385, in find_elements_by_class_name
    return self.find_elements(by=By.CLASS_NAME, value=name)
  File "/Users/marko/Envs/cfservis/lib/python2.7/site-packages/selenium/webdriver/remote/webdriver.py", line 734, in find_elements
    {'using': by, 'value': value})['value']
  File "/Users/marko/Envs/cfservis/lib/python2.7/site-packages/selenium/webdriver/remote/webdriver.py", line 194, in execute
    response = self.command_executor.execute(driver_command, params)
  File "/Users/marko/Envs/cfservis/lib/python2.7/site-packages/selenium/webdriver/remote/remote_connection.py", line 395, in execute
    return self._request(command_info[0], url, body=data)
  File "/Users/marko/Envs/cfservis/lib/python2.7/site-packages/selenium/webdriver/remote/remote_connection.py", line 463, in _request
    resp = opener.open(request, timeout=self._timeout)
  File "/Library/Frameworks/Python.framework/Versions/2.7/lib/python2.7/urllib2.py", line 404, in open
    response = self._open(req, data)
  File "/Library/Frameworks/Python.framework/Versions/2.7/lib/python2.7/urllib2.py", line 422, in _open
    '_open', req)
  File "/Library/Frameworks/Python.framework/Versions/2.7/lib/python2.7/urllib2.py", line 382, in _call_chain
    result = func(*args)
  File "/Library/Frameworks/Python.framework/Versions/2.7/lib/python2.7/urllib2.py", line 1214, in http_open
    return self.do_open(httplib.HTTPConnection, req)
  File "/Library/Frameworks/Python.framework/Versions/2.7/lib/python2.7/urllib2.py", line 1184, in do_open
    raise URLError(err)
URLError: <urlopen error [Errno 61] Connection refused>
2015-10-14 14:55:54 [scrapy] DEBUG: Crawled (200) <GET https://www.indiegogo.com/explore/health#/browse/new> (referer: None)
2015-10-14 14:55:54 [scrapy] DEBUG: Crawled (200) <GET https://www.indiegogo.com/explore/music#/browse/new> (referer: None)
2015-10-14 14:55:54 [scrapy] DEBUG: Crawled (200) <GET https://www.indiegogo.com/explore/photography#/browse/new> (referer: None)
2015-10-14 14:55:54 [scrapy] DEBUG: Crawled (404) <GET https://www.indiegogo.com/explore/publicist#/browse/new> (referer: None)
2015-10-14 14:55:54 [scrapy] DEBUG: Crawled (200) <GET https://www.indiegogo.com/explore/religion#/browse/new> (referer: None)
2015-10-14 14:55:54 [scrapy] DEBUG: Crawled (200) <GET https://www.indiegogo.com/explore/small_business#/browse/new> (referer: None)
2015-10-14 14:55:54 [scrapy] DEBUG: Crawled (200) <GET https://www.indiegogo.com/explore/sports#/browse/new> (referer: None)
2015-10-14 14:55:54 [scrapy] DEBUG: Crawled (200) <GET https://www.indiegogo.com/explore/technology#/browse/new> (referer: None)
2015-10-14 14:55:54 [scrapy] INFO: Closing spider (shutdown)
2015-10-14 14:55:54 [selenium.webdriver.remote.remote_connection] DEBUG: POST http://127.0.0.1:63352/wd/hub/session/ca3e8000-7272-11e5-82ae-6dec7c0cc3ca/window/current/size {"width": 1024, "windowHandle": "current", "sessionId": "ca3e8000-7272-11e5-82ae-6dec7c0cc3ca", "height": 768}
2015-10-14 14:55:54 [scrapy] ERROR: Spider error processing <GET https://www.indiegogo.com/explore/environment#/browse/new> (referer: None)
Traceback (most recent call last):
  File "/Users/marko/Envs/cfservis/lib/python2.7/site-packages/scrapy/utils/defer.py", line 102, in iter_errback
    yield next(it)
  File "/Users/marko/Envs/cfservis/lib/python2.7/site-packages/scrapy/spidermiddlewares/offsite.py", line 28, in process_spider_output
    for x in result:
  File "/Users/marko/Envs/cfservis/lib/python2.7/site-packages/scrapy/spidermiddlewares/referer.py", line 22, in <genexpr>
    return (_set_referer(r) for r in result or ())
  File "/Users/marko/Envs/cfservis/lib/python2.7/site-packages/scrapy/spidermiddlewares/urllength.py", line 37, in <genexpr>
    return (r for r in result or () if _filter(r))
  File "/Users/marko/Envs/cfservis/lib/python2.7/site-packages/scrapy/spidermiddlewares/depth.py", line 54, in <genexpr>
    return (r for r in result or () if _filter(r))
  File "cfservis/spiders/indiegogo_getter.py", line 70, in parse
    self.driver.set_window_size(1024, 768)
  File "/Users/marko/Envs/cfservis/lib/python2.7/site-packages/selenium/webdriver/remote/webdriver.py", line 799, in set_window_size
    'windowHandle': windowHandle})
  File "/Users/marko/Envs/cfservis/lib/python2.7/site-packages/selenium/webdriver/remote/webdriver.py", line 194, in execute
    response = self.command_executor.execute(driver_command, params)
  File "/Users/marko/Envs/cfservis/lib/python2.7/site-packages/selenium/webdriver/remote/remote_connection.py", line 395, in execute
    return self._request(command_info[0], url, body=data)
  File "/Users/marko/Envs/cfservis/lib/python2.7/site-packages/selenium/webdriver/remote/remote_connection.py", line 463, in _request
    resp = opener.open(request, timeout=self._timeout)
  File "/Library/Frameworks/Python.framework/Versions/2.7/lib/python2.7/urllib2.py", line 404, in open
    response = self._open(req, data)
  File "/Library/Frameworks/Python.framework/Versions/2.7/lib/python2.7/urllib2.py", line 422, in _open
    '_open', req)
  File "/Library/Frameworks/Python.framework/Versions/2.7/lib/python2.7/urllib2.py", line 382, in _call_chain
    result = func(*args)
  File "/Library/Frameworks/Python.framework/Versions/2.7/lib/python2.7/urllib2.py", line 1214, in http_open
    return self.do_open(httplib.HTTPConnection, req)
  File "/Library/Frameworks/Python.framework/Versions/2.7/lib/python2.7/urllib2.py", line 1184, in do_open
    raise URLError(err)
URLError: <urlopen error [Errno 61] Connection refused>
2015-10-14 14:55:54 [selenium.webdriver.remote.remote_connection] DEBUG: POST http://127.0.0.1:63352/wd/hub/session/ca3e8000-7272-11e5-82ae-6dec7c0cc3ca/window/current/size {"width": 1024, "windowHandle": "current", "sessionId": "ca3e8000-7272-11e5-82ae-6dec7c0cc3ca", "height": 768}
2015-10-14 14:55:54 [scrapy] ERROR: Spider error processing <GET https://www.indiegogo.com/explore/film#/browse/new> (referer: None)
Traceback (most recent call last):
  File "/Users/marko/Envs/cfservis/lib/python2.7/site-packages/scrapy/utils/defer.py", line 102, in iter_errback
    yield next(it)
  File "/Users/marko/Envs/cfservis/lib/python2.7/site-packages/scrapy/spidermiddlewares/offsite.py", line 28, in process_spider_output
    for x in result:
  File "/Users/marko/Envs/cfservis/lib/python2.7/site-packages/scrapy/spidermiddlewares/referer.py", line 22, in <genexpr>
    return (_set_referer(r) for r in result or ())
  File "/Users/marko/Envs/cfservis/lib/python2.7/site-packages/scrapy/spidermiddlewares/urllength.py", line 37, in <genexpr>
    return (r for r in result or () if _filter(r))
  File "/Users/marko/Envs/cfservis/lib/python2.7/site-packages/scrapy/spidermiddlewares/depth.py", line 54, in <genexpr>
    return (r for r in result or () if _filter(r))
  File "cfservis/spiders/indiegogo_getter.py", line 70, in parse
    self.driver.set_window_size(1024, 768)
  File "/Users/marko/Envs/cfservis/lib/python2.7/site-packages/selenium/webdriver/remote/webdriver.py", line 799, in set_window_size
    'windowHandle': windowHandle})
  File "/Users/marko/Envs/cfservis/lib/python2.7/site-packages/selenium/webdriver/remote/webdriver.py", line 194, in execute
    response = self.command_executor.execute(driver_command, params)
  File "/Users/marko/Envs/cfservis/lib/python2.7/site-packages/selenium/webdriver/remote/remote_connection.py", line 395, in execute
    return self._request(command_info[0], url, body=data)
  File "/Users/marko/Envs/cfservis/lib/python2.7/site-packages/selenium/webdriver/remote/remote_connection.py", line 463, in _request
    resp = opener.open(request, timeout=self._timeout)
  File "/Library/Frameworks/Python.framework/Versions/2.7/lib/python2.7/urllib2.py", line 404, in open
    response = self._open(req, data)
  File "/Library/Frameworks/Python.framework/Versions/2.7/lib/python2.7/urllib2.py", line 422, in _open
    '_open', req)
  File "/Library/Frameworks/Python.framework/Versions/2.7/lib/python2.7/urllib2.py", line 382, in _call_chain
    result = func(*args)
  File "/Library/Frameworks/Python.framework/Versions/2.7/lib/python2.7/urllib2.py", line 1214, in http_open
    return self.do_open(httplib.HTTPConnection, req)
  File "/Library/Frameworks/Python.framework/Versions/2.7/lib/python2.7/urllib2.py", line 1184, in do_open
    raise URLError(err)
URLError: <urlopen error [Errno 61] Connection refused>
2015-10-14 14:55:54 [selenium.webdriver.remote.remote_connection] DEBUG: POST http://127.0.0.1:63352/wd/hub/session/ca3e8000-7272-11e5-82ae-6dec7c0cc3ca/window/current/size {"width": 1024, "windowHandle": "current", "sessionId": "ca3e8000-7272-11e5-82ae-6dec7c0cc3ca", "height": 768}
2015-10-14 14:55:54 [scrapy] ERROR: Spider error processing <GET https://www.indiegogo.com/explore/community#/browse/new> (referer: None)
Traceback (most recent call last):
  File "/Users/marko/Envs/cfservis/lib/python2.7/site-packages/scrapy/utils/defer.py", line 102, in iter_errback
    yield next(it)
  File "/Users/marko/Envs/cfservis/lib/python2.7/site-packages/scrapy/spidermiddlewares/offsite.py", line 28, in process_spider_output
    for x in result:
  File "/Users/marko/Envs/cfservis/lib/python2.7/site-packages/scrapy/spidermiddlewares/referer.py", line 22, in <genexpr>
    return (_set_referer(r) for r in result or ())
  File "/Users/marko/Envs/cfservis/lib/python2.7/site-packages/scrapy/spidermiddlewares/urllength.py", line 37, in <genexpr>
    return (r for r in result or () if _filter(r))
  File "/Users/marko/Envs/cfservis/lib/python2.7/site-packages/scrapy/spidermiddlewares/depth.py", line 54, in <genexpr>
    return (r for r in result or () if _filter(r))
  File "cfservis/spiders/indiegogo_getter.py", line 70, in parse
    self.driver.set_window_size(1024, 768)
  File "/Users/marko/Envs/cfservis/lib/python2.7/site-packages/selenium/webdriver/remote/webdriver.py", line 799, in set_window_size
    'windowHandle': windowHandle})
  File "/Users/marko/Envs/cfservis/lib/python2.7/site-packages/selenium/webdriver/remote/webdriver.py", line 194, in execute
    response = self.command_executor.execute(driver_command, params)
  File "/Users/marko/Envs/cfservis/lib/python2.7/site-packages/selenium/webdriver/remote/remote_connection.py", line 395, in execute
    return self._request(command_info[0], url, body=data)
  File "/Users/marko/Envs/cfservis/lib/python2.7/site-packages/selenium/webdriver/remote/remote_connection.py", line 463, in _request
    resp = opener.open(request, timeout=self._timeout)
  File "/Library/Frameworks/Python.framework/Versions/2.7/lib/python2.7/urllib2.py", line 404, in open
    response = self._open(req, data)
  File "/Library/Frameworks/Python.framework/Versions/2.7/lib/python2.7/urllib2.py", line 422, in _open
    '_open', req)
  File "/Library/Frameworks/Python.framework/Versions/2.7/lib/python2.7/urllib2.py", line 382, in _call_chain
    result = func(*args)
  File "/Library/Frameworks/Python.framework/Versions/2.7/lib/python2.7/urllib2.py", line 1214, in http_open
    return self.do_open(httplib.HTTPConnection, req)
  File "/Library/Frameworks/Python.framework/Versions/2.7/lib/python2.7/urllib2.py", line 1184, in do_open
    raise URLError(err)
URLError: <urlopen error [Errno 61] Connection refused>
2015-10-14 14:55:54 [selenium.webdriver.remote.remote_connection] DEBUG: POST http://127.0.0.1:63352/wd/hub/session/ca3e8000-7272-11e5-82ae-6dec7c0cc3ca/window/current/size {"width": 1024, "windowHandle": "current", "sessionId": "ca3e8000-7272-11e5-82ae-6dec7c0cc3ca", "height": 768}
2015-10-14 14:55:54 [scrapy] ERROR: Spider error processing <GET https://www.indiegogo.com/explore/gaming#/browse/new> (referer: None)
Traceback (most recent call last):
  File "/Users/marko/Envs/cfservis/lib/python2.7/site-packages/scrapy/utils/defer.py", line 102, in iter_errback
    yield next(it)
  File "/Users/marko/Envs/cfservis/lib/python2.7/site-packages/scrapy/spidermiddlewares/offsite.py", line 28, in process_spider_output
    for x in result:
  File "/Users/marko/Envs/cfservis/lib/python2.7/site-packages/scrapy/spidermiddlewares/referer.py", line 22, in <genexpr>
    return (_set_referer(r) for r in result or ())
  File "/Users/marko/Envs/cfservis/lib/python2.7/site-packages/scrapy/spidermiddlewares/urllength.py", line 37, in <genexpr>
    return (r for r in result or () if _filter(r))
  File "/Users/marko/Envs/cfservis/lib/python2.7/site-packages/scrapy/spidermiddlewares/depth.py", line 54, in <genexpr>
    return (r for r in result or () if _filter(r))
  File "cfservis/spiders/indiegogo_getter.py", line 70, in parse
    self.driver.set_window_size(1024, 768)
  File "/Users/marko/Envs/cfservis/lib/python2.7/site-packages/selenium/webdriver/remote/webdriver.py", line 799, in set_window_size
    'windowHandle': windowHandle})
  File "/Users/marko/Envs/cfservis/lib/python2.7/site-packages/selenium/webdriver/remote/webdriver.py", line 194, in execute
    response = self.command_executor.execute(driver_command, params)
  File "/Users/marko/Envs/cfservis/lib/python2.7/site-packages/selenium/webdriver/remote/remote_connection.py", line 395, in execute
    return self._request(command_info[0], url, body=data)
  File "/Users/marko/Envs/cfservis/lib/python2.7/site-packages/selenium/webdriver/remote/remote_connection.py", line 463, in _request
    resp = opener.open(request, timeout=self._timeout)
  File "/Library/Frameworks/Python.framework/Versions/2.7/lib/python2.7/urllib2.py", line 404, in open
    response = self._open(req, data)
  File "/Library/Frameworks/Python.framework/Versions/2.7/lib/python2.7/urllib2.py", line 422, in _open
    '_open', req)
  File "/Library/Frameworks/Python.framework/Versions/2.7/lib/python2.7/urllib2.py", line 382, in _call_chain
    result = func(*args)
  File "/Library/Frameworks/Python.framework/Versions/2.7/lib/python2.7/urllib2.py", line 1214, in http_open
    return self.do_open(httplib.HTTPConnection, req)
  File "/Library/Frameworks/Python.framework/Versions/2.7/lib/python2.7/urllib2.py", line 1184, in do_open
    raise URLError(err)
URLError: <urlopen error [Errno 61] Connection refused>
2015-10-14 14:55:54 [selenium.webdriver.remote.remote_connection] DEBUG: POST http://127.0.0.1:63352/wd/hub/session/ca3e8000-7272-11e5-82ae-6dec7c0cc3ca/window/current/size {"width": 1024, "windowHandle": "current", "sessionId": "ca3e8000-7272-11e5-82ae-6dec7c0cc3ca", "height": 768}
2015-10-14 14:55:54 [scrapy] ERROR: Spider error processing <GET https://www.indiegogo.com/explore/food#/browse/new> (referer: None)
Traceback (most recent call last):
  File "/Users/marko/Envs/cfservis/lib/python2.7/site-packages/scrapy/utils/defer.py", line 102, in iter_errback
    yield next(it)
  File "/Users/marko/Envs/cfservis/lib/python2.7/site-packages/scrapy/spidermiddlewares/offsite.py", line 28, in process_spider_output
    for x in result:
  File "/Users/marko/Envs/cfservis/lib/python2.7/site-packages/scrapy/spidermiddlewares/referer.py", line 22, in <genexpr>
    return (_set_referer(r) for r in result or ())
  File "/Users/marko/Envs/cfservis/lib/python2.7/site-packages/scrapy/spidermiddlewares/urllength.py", line 37, in <genexpr>
    return (r for r in result or () if _filter(r))
  File "/Users/marko/Envs/cfservis/lib/python2.7/site-packages/scrapy/spidermiddlewares/depth.py", line 54, in <genexpr>
    return (r for r in result or () if _filter(r))
  File "cfservis/spiders/indiegogo_getter.py", line 70, in parse
    self.driver.set_window_size(1024, 768)
  File "/Users/marko/Envs/cfservis/lib/python2.7/site-packages/selenium/webdriver/remote/webdriver.py", line 799, in set_window_size
    'windowHandle': windowHandle})
  File "/Users/marko/Envs/cfservis/lib/python2.7/site-packages/selenium/webdriver/remote/webdriver.py", line 194, in execute
    response = self.command_executor.execute(driver_command, params)
  File "/Users/marko/Envs/cfservis/lib/python2.7/site-packages/selenium/webdriver/remote/remote_connection.py", line 395, in execute
    return self._request(command_info[0], url, body=data)
  File "/Users/marko/Envs/cfservis/lib/python2.7/site-packages/selenium/webdriver/remote/remote_connection.py", line 463, in _request
    resp = opener.open(request, timeout=self._timeout)
  File "/Library/Frameworks/Python.framework/Versions/2.7/lib/python2.7/urllib2.py", line 404, in open
    response = self._open(req, data)
  File "/Library/Frameworks/Python.framework/Versions/2.7/lib/python2.7/urllib2.py", line 422, in _open
    '_open', req)
  File "/Library/Frameworks/Python.framework/Versions/2.7/lib/python2.7/urllib2.py", line 382, in _call_chain
    result = func(*args)
  File "/Library/Frameworks/Python.framework/Versions/2.7/lib/python2.7/urllib2.py", line 1214, in http_open
    return self.do_open(httplib.HTTPConnection, req)
  File "/Library/Frameworks/Python.framework/Versions/2.7/lib/python2.7/urllib2.py", line 1184, in do_open
    raise URLError(err)
URLError: <urlopen error [Errno 61] Connection refused>
2015-10-14 14:55:54 [selenium.webdriver.remote.remote_connection] DEBUG: POST http://127.0.0.1:63352/wd/hub/session/ca3e8000-7272-11e5-82ae-6dec7c0cc3ca/window/current/size {"width": 1024, "windowHandle": "current", "sessionId": "ca3e8000-7272-11e5-82ae-6dec7c0cc3ca", "height": 768}
2015-10-14 14:55:54 [scrapy] ERROR: Spider error processing <GET https://www.indiegogo.com/explore/animals#/browse/new> (referer: None)
Traceback (most recent call last):
  File "/Users/marko/Envs/cfservis/lib/python2.7/site-packages/scrapy/utils/defer.py", line 102, in iter_errback
    yield next(it)
  File "/Users/marko/Envs/cfservis/lib/python2.7/site-packages/scrapy/spidermiddlewares/offsite.py", line 28, in process_spider_output
    for x in result:
  File "/Users/marko/Envs/cfservis/lib/python2.7/site-packages/scrapy/spidermiddlewares/referer.py", line 22, in <genexpr>
    return (_set_referer(r) for r in result or ())
  File "/Users/marko/Envs/cfservis/lib/python2.7/site-packages/scrapy/spidermiddlewares/urllength.py", line 37, in <genexpr>
    return (r for r in result or () if _filter(r))
  File "/Users/marko/Envs/cfservis/lib/python2.7/site-packages/scrapy/spidermiddlewares/depth.py", line 54, in <genexpr>
    return (r for r in result or () if _filter(r))
  File "cfservis/spiders/indiegogo_getter.py", line 70, in parse
    self.driver.set_window_size(1024, 768)
  File "/Users/marko/Envs/cfservis/lib/python2.7/site-packages/selenium/webdriver/remote/webdriver.py", line 799, in set_window_size
    'windowHandle': windowHandle})
  File "/Users/marko/Envs/cfservis/lib/python2.7/site-packages/selenium/webdriver/remote/webdriver.py", line 194, in execute
    response = self.command_executor.execute(driver_command, params)
  File "/Users/marko/Envs/cfservis/lib/python2.7/site-packages/selenium/webdriver/remote/remote_connection.py", line 395, in execute
    return self._request(command_info[0], url, body=data)
  File "/Users/marko/Envs/cfservis/lib/python2.7/site-packages/selenium/webdriver/remote/remote_connection.py", line 463, in _request
    resp = opener.open(request, timeout=self._timeout)
  File "/Library/Frameworks/Python.framework/Versions/2.7/lib/python2.7/urllib2.py", line 404, in open
    response = self._open(req, data)
  File "/Library/Frameworks/Python.framework/Versions/2.7/lib/python2.7/urllib2.py", line 422, in _open
    '_open', req)
  File "/Library/Frameworks/Python.framework/Versions/2.7/lib/python2.7/urllib2.py", line 382, in _call_chain
    result = func(*args)
  File "/Library/Frameworks/Python.framework/Versions/2.7/lib/python2.7/urllib2.py", line 1214, in http_open
    return self.do_open(httplib.HTTPConnection, req)
  File "/Library/Frameworks/Python.framework/Versions/2.7/lib/python2.7/urllib2.py", line 1184, in do_open
    raise URLError(err)
URLError: <urlopen error [Errno 61] Connection refused>
2015-10-14 14:55:54 [selenium.webdriver.remote.remote_connection] DEBUG: POST http://127.0.0.1:63352/wd/hub/session/ca3e8000-7272-11e5-82ae-6dec7c0cc3ca/window/current/size {"width": 1024, "windowHandle": "current", "sessionId": "ca3e8000-7272-11e5-82ae-6dec7c0cc3ca", "height": 768}
2015-10-14 14:55:54 [scrapy] ERROR: Spider error processing <GET https://www.indiegogo.com/explore/design#/browse/new> (referer: None)
Traceback (most recent call last):
  File "/Users/marko/Envs/cfservis/lib/python2.7/site-packages/scrapy/utils/defer.py", line 102, in iter_errback
    yield next(it)
  File "/Users/marko/Envs/cfservis/lib/python2.7/site-packages/scrapy/spidermiddlewares/offsite.py", line 28, in process_spider_output
    for x in result:
  File "/Users/marko/Envs/cfservis/lib/python2.7/site-packages/scrapy/spidermiddlewares/referer.py", line 22, in <genexpr>
    return (_set_referer(r) for r in result or ())
  File "/Users/marko/Envs/cfservis/lib/python2.7/site-packages/scrapy/spidermiddlewares/urllength.py", line 37, in <genexpr>
    return (r for r in result or () if _filter(r))
  File "/Users/marko/Envs/cfservis/lib/python2.7/site-packages/scrapy/spidermiddlewares/depth.py", line 54, in <genexpr>
    return (r for r in result or () if _filter(r))
  File "cfservis/spiders/indiegogo_getter.py", line 70, in parse
    self.driver.set_window_size(1024, 768)
  File "/Users/marko/Envs/cfservis/lib/python2.7/site-packages/selenium/webdriver/remote/webdriver.py", line 799, in set_window_size
    'windowHandle': windowHandle})
  File "/Users/marko/Envs/cfservis/lib/python2.7/site-packages/selenium/webdriver/remote/webdriver.py", line 194, in execute
    response = self.command_executor.execute(driver_command, params)
  File "/Users/marko/Envs/cfservis/lib/python2.7/site-packages/selenium/webdriver/remote/remote_connection.py", line 395, in execute
    return self._request(command_info[0], url, body=data)
  File "/Users/marko/Envs/cfservis/lib/python2.7/site-packages/selenium/webdriver/remote/remote_connection.py", line 463, in _request
    resp = opener.open(request, timeout=self._timeout)
  File "/Library/Frameworks/Python.framework/Versions/2.7/lib/python2.7/urllib2.py", line 404, in open
    response = self._open(req, data)
  File "/Library/Frameworks/Python.framework/Versions/2.7/lib/python2.7/urllib2.py", line 422, in _open
    '_open', req)
  File "/Library/Frameworks/Python.framework/Versions/2.7/lib/python2.7/urllib2.py", line 382, in _call_chain
    result = func(*args)
  File "/Library/Frameworks/Python.framework/Versions/2.7/lib/python2.7/urllib2.py", line 1214, in http_open
    return self.do_open(httplib.HTTPConnection, req)
  File "/Library/Frameworks/Python.framework/Versions/2.7/lib/python2.7/urllib2.py", line 1184, in do_open
    raise URLError(err)
URLError: <urlopen error [Errno 61] Connection refused>
2015-10-14 14:55:54 [selenium.webdriver.remote.remote_connection] DEBUG: POST http://127.0.0.1:63352/wd/hub/session/ca3e8000-7272-11e5-82ae-6dec7c0cc3ca/window/current/size {"width": 1024, "windowHandle": "current", "sessionId": "ca3e8000-7272-11e5-82ae-6dec7c0cc3ca", "height": 768}
2015-10-14 14:55:54 [scrapy] ERROR: Spider error processing <GET https://www.indiegogo.com/explore/fashion#/browse/new> (referer: None)
Traceback (most recent call last):
  File "/Users/marko/Envs/cfservis/lib/python2.7/site-packages/scrapy/utils/defer.py", line 102, in iter_errback
    yield next(it)
  File "/Users/marko/Envs/cfservis/lib/python2.7/site-packages/scrapy/spidermiddlewares/offsite.py", line 28, in process_spider_output
    for x in result:
  File "/Users/marko/Envs/cfservis/lib/python2.7/site-packages/scrapy/spidermiddlewares/referer.py", line 22, in <genexpr>
    return (_set_referer(r) for r in result or ())
  File "/Users/marko/Envs/cfservis/lib/python2.7/site-packages/scrapy/spidermiddlewares/urllength.py", line 37, in <genexpr>
    return (r for r in result or () if _filter(r))
  File "/Users/marko/Envs/cfservis/lib/python2.7/site-packages/scrapy/spidermiddlewares/depth.py", line 54, in <genexpr>
    return (r for r in result or () if _filter(r))
  File "cfservis/spiders/indiegogo_getter.py", line 70, in parse
    self.driver.set_window_size(1024, 768)
  File "/Users/marko/Envs/cfservis/lib/python2.7/site-packages/selenium/webdriver/remote/webdriver.py", line 799, in set_window_size
    'windowHandle': windowHandle})
  File "/Users/marko/Envs/cfservis/lib/python2.7/site-packages/selenium/webdriver/remote/webdriver.py", line 194, in execute
    response = self.command_executor.execute(driver_command, params)
  File "/Users/marko/Envs/cfservis/lib/python2.7/site-packages/selenium/webdriver/remote/remote_connection.py", line 395, in execute
    return self._request(command_info[0], url, body=data)
  File "/Users/marko/Envs/cfservis/lib/python2.7/site-packages/selenium/webdriver/remote/remote_connection.py", line 463, in _request
    resp = opener.open(request, timeout=self._timeout)
  File "/Library/Frameworks/Python.framework/Versions/2.7/lib/python2.7/urllib2.py", line 404, in open
    response = self._open(req, data)
  File "/Library/Frameworks/Python.framework/Versions/2.7/lib/python2.7/urllib2.py", line 422, in _open
    '_open', req)
  File "/Library/Frameworks/Python.framework/Versions/2.7/lib/python2.7/urllib2.py", line 382, in _call_chain
    result = func(*args)
  File "/Library/Frameworks/Python.framework/Versions/2.7/lib/python2.7/urllib2.py", line 1214, in http_open
    return self.do_open(httplib.HTTPConnection, req)
  File "/Library/Frameworks/Python.framework/Versions/2.7/lib/python2.7/urllib2.py", line 1184, in do_open
    raise URLError(err)
URLError: <urlopen error [Errno 61] Connection refused>
2015-10-14 14:55:54 [selenium.webdriver.remote.remote_connection] DEBUG: POST http://127.0.0.1:63352/wd/hub/session/ca3e8000-7272-11e5-82ae-6dec7c0cc3ca/window/current/size {"width": 1024, "windowHandle": "current", "sessionId": "ca3e8000-7272-11e5-82ae-6dec7c0cc3ca", "height": 768}
2015-10-14 14:55:54 [scrapy] ERROR: Spider error processing <GET https://www.indiegogo.com/explore/health#/browse/new> (referer: None)
Traceback (most recent call last):
  File "/Users/marko/Envs/cfservis/lib/python2.7/site-packages/scrapy/utils/defer.py", line 102, in iter_errback
    yield next(it)
  File "/Users/marko/Envs/cfservis/lib/python2.7/site-packages/scrapy/spidermiddlewares/offsite.py", line 28, in process_spider_output
    for x in result:
  File "/Users/marko/Envs/cfservis/lib/python2.7/site-packages/scrapy/spidermiddlewares/referer.py", line 22, in <genexpr>
    return (_set_referer(r) for r in result or ())
  File "/Users/marko/Envs/cfservis/lib/python2.7/site-packages/scrapy/spidermiddlewares/urllength.py", line 37, in <genexpr>
    return (r for r in result or () if _filter(r))
  File "/Users/marko/Envs/cfservis/lib/python2.7/site-packages/scrapy/spidermiddlewares/depth.py", line 54, in <genexpr>
    return (r for r in result or () if _filter(r))
  File "cfservis/spiders/indiegogo_getter.py", line 70, in parse
    self.driver.set_window_size(1024, 768)
  File "/Users/marko/Envs/cfservis/lib/python2.7/site-packages/selenium/webdriver/remote/webdriver.py", line 799, in set_window_size
    'windowHandle': windowHandle})
  File "/Users/marko/Envs/cfservis/lib/python2.7/site-packages/selenium/webdriver/remote/webdriver.py", line 194, in execute
    response = self.command_executor.execute(driver_command, params)
  File "/Users/marko/Envs/cfservis/lib/python2.7/site-packages/selenium/webdriver/remote/remote_connection.py", line 395, in execute
    return self._request(command_info[0], url, body=data)
  File "/Users/marko/Envs/cfservis/lib/python2.7/site-packages/selenium/webdriver/remote/remote_connection.py", line 463, in _request
    resp = opener.open(request, timeout=self._timeout)
  File "/Library/Frameworks/Python.framework/Versions/2.7/lib/python2.7/urllib2.py", line 404, in open
    response = self._open(req, data)
  File "/Library/Frameworks/Python.framework/Versions/2.7/lib/python2.7/urllib2.py", line 422, in _open
    '_open', req)
  File "/Library/Frameworks/Python.framework/Versions/2.7/lib/python2.7/urllib2.py", line 382, in _call_chain
    result = func(*args)
  File "/Library/Frameworks/Python.framework/Versions/2.7/lib/python2.7/urllib2.py", line 1214, in http_open
    return self.do_open(httplib.HTTPConnection, req)
  File "/Library/Frameworks/Python.framework/Versions/2.7/lib/python2.7/urllib2.py", line 1184, in do_open
    raise URLError(err)
URLError: <urlopen error [Errno 61] Connection refused>
2015-10-14 14:55:54 [selenium.webdriver.remote.remote_connection] DEBUG: POST http://127.0.0.1:63352/wd/hub/session/ca3e8000-7272-11e5-82ae-6dec7c0cc3ca/window/current/size {"width": 1024, "windowHandle": "current", "sessionId": "ca3e8000-7272-11e5-82ae-6dec7c0cc3ca", "height": 768}
2015-10-14 14:55:54 [scrapy] ERROR: Spider error processing <GET https://www.indiegogo.com/explore/music#/browse/new> (referer: None)
Traceback (most recent call last):
  File "/Users/marko/Envs/cfservis/lib/python2.7/site-packages/scrapy/utils/defer.py", line 102, in iter_errback
    yield next(it)
  File "/Users/marko/Envs/cfservis/lib/python2.7/site-packages/scrapy/spidermiddlewares/offsite.py", line 28, in process_spider_output
    for x in result:
  File "/Users/marko/Envs/cfservis/lib/python2.7/site-packages/scrapy/spidermiddlewares/referer.py", line 22, in <genexpr>
    return (_set_referer(r) for r in result or ())
  File "/Users/marko/Envs/cfservis/lib/python2.7/site-packages/scrapy/spidermiddlewares/urllength.py", line 37, in <genexpr>
    return (r for r in result or () if _filter(r))
  File "/Users/marko/Envs/cfservis/lib/python2.7/site-packages/scrapy/spidermiddlewares/depth.py", line 54, in <genexpr>
    return (r for r in result or () if _filter(r))
  File "cfservis/spiders/indiegogo_getter.py", line 70, in parse
    self.driver.set_window_size(1024, 768)
  File "/Users/marko/Envs/cfservis/lib/python2.7/site-packages/selenium/webdriver/remote/webdriver.py", line 799, in set_window_size
    'windowHandle': windowHandle})
  File "/Users/marko/Envs/cfservis/lib/python2.7/site-packages/selenium/webdriver/remote/webdriver.py", line 194, in execute
    response = self.command_executor.execute(driver_command, params)
  File "/Users/marko/Envs/cfservis/lib/python2.7/site-packages/selenium/webdriver/remote/remote_connection.py", line 395, in execute
    return self._request(command_info[0], url, body=data)
  File "/Users/marko/Envs/cfservis/lib/python2.7/site-packages/selenium/webdriver/remote/remote_connection.py", line 463, in _request
    resp = opener.open(request, timeout=self._timeout)
  File "/Library/Frameworks/Python.framework/Versions/2.7/lib/python2.7/urllib2.py", line 404, in open
    response = self._open(req, data)
  File "/Library/Frameworks/Python.framework/Versions/2.7/lib/python2.7/urllib2.py", line 422, in _open
    '_open', req)
  File "/Library/Frameworks/Python.framework/Versions/2.7/lib/python2.7/urllib2.py", line 382, in _call_chain
    result = func(*args)
  File "/Library/Frameworks/Python.framework/Versions/2.7/lib/python2.7/urllib2.py", line 1214, in http_open
    return self.do_open(httplib.HTTPConnection, req)
  File "/Library/Frameworks/Python.framework/Versions/2.7/lib/python2.7/urllib2.py", line 1184, in do_open
    raise URLError(err)
URLError: <urlopen error [Errno 61] Connection refused>
2015-10-14 14:55:54 [selenium.webdriver.remote.remote_connection] DEBUG: POST http://127.0.0.1:63352/wd/hub/session/ca3e8000-7272-11e5-82ae-6dec7c0cc3ca/window/current/size {"width": 1024, "windowHandle": "current", "sessionId": "ca3e8000-7272-11e5-82ae-6dec7c0cc3ca", "height": 768}
2015-10-14 14:55:54 [scrapy] ERROR: Spider error processing <GET https://www.indiegogo.com/explore/photography#/browse/new> (referer: None)
Traceback (most recent call last):
  File "/Users/marko/Envs/cfservis/lib/python2.7/site-packages/scrapy/utils/defer.py", line 102, in iter_errback
    yield next(it)
  File "/Users/marko/Envs/cfservis/lib/python2.7/site-packages/scrapy/spidermiddlewares/offsite.py", line 28, in process_spider_output
    for x in result:
  File "/Users/marko/Envs/cfservis/lib/python2.7/site-packages/scrapy/spidermiddlewares/referer.py", line 22, in <genexpr>
    return (_set_referer(r) for r in result or ())
  File "/Users/marko/Envs/cfservis/lib/python2.7/site-packages/scrapy/spidermiddlewares/urllength.py", line 37, in <genexpr>
    return (r for r in result or () if _filter(r))
  File "/Users/marko/Envs/cfservis/lib/python2.7/site-packages/scrapy/spidermiddlewares/depth.py", line 54, in <genexpr>
    return (r for r in result or () if _filter(r))
  File "cfservis/spiders/indiegogo_getter.py", line 70, in parse
    self.driver.set_window_size(1024, 768)
  File "/Users/marko/Envs/cfservis/lib/python2.7/site-packages/selenium/webdriver/remote/webdriver.py", line 799, in set_window_size
    'windowHandle': windowHandle})
  File "/Users/marko/Envs/cfservis/lib/python2.7/site-packages/selenium/webdriver/remote/webdriver.py", line 194, in execute
    response = self.command_executor.execute(driver_command, params)
  File "/Users/marko/Envs/cfservis/lib/python2.7/site-packages/selenium/webdriver/remote/remote_connection.py", line 395, in execute
    return self._request(command_info[0], url, body=data)
  File "/Users/marko/Envs/cfservis/lib/python2.7/site-packages/selenium/webdriver/remote/remote_connection.py", line 463, in _request
    resp = opener.open(request, timeout=self._timeout)
  File "/Library/Frameworks/Python.framework/Versions/2.7/lib/python2.7/urllib2.py", line 404, in open
    response = self._open(req, data)
  File "/Library/Frameworks/Python.framework/Versions/2.7/lib/python2.7/urllib2.py", line 422, in _open
    '_open', req)
  File "/Library/Frameworks/Python.framework/Versions/2.7/lib/python2.7/urllib2.py", line 382, in _call_chain
    result = func(*args)
  File "/Library/Frameworks/Python.framework/Versions/2.7/lib/python2.7/urllib2.py", line 1214, in http_open
    return self.do_open(httplib.HTTPConnection, req)
  File "/Library/Frameworks/Python.framework/Versions/2.7/lib/python2.7/urllib2.py", line 1184, in do_open
    raise URLError(err)
URLError: <urlopen error [Errno 61] Connection refused>
2015-10-14 14:55:54 [scrapy] DEBUG: Ignoring response <404 https://www.indiegogo.com/explore/publicist>: HTTP status code is not handled or not allowed
2015-10-14 14:55:54 [selenium.webdriver.remote.remote_connection] DEBUG: POST http://127.0.0.1:63352/wd/hub/session/ca3e8000-7272-11e5-82ae-6dec7c0cc3ca/window/current/size {"width": 1024, "windowHandle": "current", "sessionId": "ca3e8000-7272-11e5-82ae-6dec7c0cc3ca", "height": 768}
2015-10-14 14:55:54 [scrapy] ERROR: Spider error processing <GET https://www.indiegogo.com/explore/religion#/browse/new> (referer: None)
Traceback (most recent call last):
  File "/Users/marko/Envs/cfservis/lib/python2.7/site-packages/scrapy/utils/defer.py", line 102, in iter_errback
    yield next(it)
  File "/Users/marko/Envs/cfservis/lib/python2.7/site-packages/scrapy/spidermiddlewares/offsite.py", line 28, in process_spider_output
    for x in result:
  File "/Users/marko/Envs/cfservis/lib/python2.7/site-packages/scrapy/spidermiddlewares/referer.py", line 22, in <genexpr>
    return (_set_referer(r) for r in result or ())
  File "/Users/marko/Envs/cfservis/lib/python2.7/site-packages/scrapy/spidermiddlewares/urllength.py", line 37, in <genexpr>
    return (r for r in result or () if _filter(r))
  File "/Users/marko/Envs/cfservis/lib/python2.7/site-packages/scrapy/spidermiddlewares/depth.py", line 54, in <genexpr>
    return (r for r in result or () if _filter(r))
  File "cfservis/spiders/indiegogo_getter.py", line 70, in parse
    self.driver.set_window_size(1024, 768)
  File "/Users/marko/Envs/cfservis/lib/python2.7/site-packages/selenium/webdriver/remote/webdriver.py", line 799, in set_window_size
    'windowHandle': windowHandle})
  File "/Users/marko/Envs/cfservis/lib/python2.7/site-packages/selenium/webdriver/remote/webdriver.py", line 194, in execute
    response = self.command_executor.execute(driver_command, params)
  File "/Users/marko/Envs/cfservis/lib/python2.7/site-packages/selenium/webdriver/remote/remote_connection.py", line 395, in execute
    return self._request(command_info[0], url, body=data)
  File "/Users/marko/Envs/cfservis/lib/python2.7/site-packages/selenium/webdriver/remote/remote_connection.py", line 463, in _request
    resp = opener.open(request, timeout=self._timeout)
  File "/Library/Frameworks/Python.framework/Versions/2.7/lib/python2.7/urllib2.py", line 404, in open
    response = self._open(req, data)
  File "/Library/Frameworks/Python.framework/Versions/2.7/lib/python2.7/urllib2.py", line 422, in _open
    '_open', req)
  File "/Library/Frameworks/Python.framework/Versions/2.7/lib/python2.7/urllib2.py", line 382, in _call_chain
    result = func(*args)
  File "/Library/Frameworks/Python.framework/Versions/2.7/lib/python2.7/urllib2.py", line 1214, in http_open
    return self.do_open(httplib.HTTPConnection, req)
  File "/Library/Frameworks/Python.framework/Versions/2.7/lib/python2.7/urllib2.py", line 1184, in do_open
    raise URLError(err)
URLError: <urlopen error [Errno 61] Connection refused>
2015-10-14 14:55:54 [selenium.webdriver.remote.remote_connection] DEBUG: POST http://127.0.0.1:63352/wd/hub/session/ca3e8000-7272-11e5-82ae-6dec7c0cc3ca/window/current/size {"width": 1024, "windowHandle": "current", "sessionId": "ca3e8000-7272-11e5-82ae-6dec7c0cc3ca", "height": 768}
2015-10-14 14:55:54 [scrapy] ERROR: Spider error processing <GET https://www.indiegogo.com/explore/small_business#/browse/new> (referer: None)
Traceback (most recent call last):
  File "/Users/marko/Envs/cfservis/lib/python2.7/site-packages/scrapy/utils/defer.py", line 102, in iter_errback
    yield next(it)
  File "/Users/marko/Envs/cfservis/lib/python2.7/site-packages/scrapy/spidermiddlewares/offsite.py", line 28, in process_spider_output
    for x in result:
  File "/Users/marko/Envs/cfservis/lib/python2.7/site-packages/scrapy/spidermiddlewares/referer.py", line 22, in <genexpr>
    return (_set_referer(r) for r in result or ())
  File "/Users/marko/Envs/cfservis/lib/python2.7/site-packages/scrapy/spidermiddlewares/urllength.py", line 37, in <genexpr>
    return (r for r in result or () if _filter(r))
  File "/Users/marko/Envs/cfservis/lib/python2.7/site-packages/scrapy/spidermiddlewares/depth.py", line 54, in <genexpr>
    return (r for r in result or () if _filter(r))
  File "cfservis/spiders/indiegogo_getter.py", line 70, in parse
    self.driver.set_window_size(1024, 768)
  File "/Users/marko/Envs/cfservis/lib/python2.7/site-packages/selenium/webdriver/remote/webdriver.py", line 799, in set_window_size
    'windowHandle': windowHandle})
  File "/Users/marko/Envs/cfservis/lib/python2.7/site-packages/selenium/webdriver/remote/webdriver.py", line 194, in execute
    response = self.command_executor.execute(driver_command, params)
  File "/Users/marko/Envs/cfservis/lib/python2.7/site-packages/selenium/webdriver/remote/remote_connection.py", line 395, in execute
    return self._request(command_info[0], url, body=data)
  File "/Users/marko/Envs/cfservis/lib/python2.7/site-packages/selenium/webdriver/remote/remote_connection.py", line 463, in _request
    resp = opener.open(request, timeout=self._timeout)
  File "/Library/Frameworks/Python.framework/Versions/2.7/lib/python2.7/urllib2.py", line 404, in open
    response = self._open(req, data)
  File "/Library/Frameworks/Python.framework/Versions/2.7/lib/python2.7/urllib2.py", line 422, in _open
    '_open', req)
  File "/Library/Frameworks/Python.framework/Versions/2.7/lib/python2.7/urllib2.py", line 382, in _call_chain
    result = func(*args)
  File "/Library/Frameworks/Python.framework/Versions/2.7/lib/python2.7/urllib2.py", line 1214, in http_open
    return self.do_open(httplib.HTTPConnection, req)
  File "/Library/Frameworks/Python.framework/Versions/2.7/lib/python2.7/urllib2.py", line 1184, in do_open
    raise URLError(err)
URLError: <urlopen error [Errno 61] Connection refused>
2015-10-14 14:55:54 [selenium.webdriver.remote.remote_connection] DEBUG: POST http://127.0.0.1:63352/wd/hub/session/ca3e8000-7272-11e5-82ae-6dec7c0cc3ca/window/current/size {"width": 1024, "windowHandle": "current", "sessionId": "ca3e8000-7272-11e5-82ae-6dec7c0cc3ca", "height": 768}
2015-10-14 14:55:54 [scrapy] ERROR: Spider error processing <GET https://www.indiegogo.com/explore/sports#/browse/new> (referer: None)
Traceback (most recent call last):
  File "/Users/marko/Envs/cfservis/lib/python2.7/site-packages/scrapy/utils/defer.py", line 102, in iter_errback
    yield next(it)
  File "/Users/marko/Envs/cfservis/lib/python2.7/site-packages/scrapy/spidermiddlewares/offsite.py", line 28, in process_spider_output
    for x in result:
  File "/Users/marko/Envs/cfservis/lib/python2.7/site-packages/scrapy/spidermiddlewares/referer.py", line 22, in <genexpr>
    return (_set_referer(r) for r in result or ())
  File "/Users/marko/Envs/cfservis/lib/python2.7/site-packages/scrapy/spidermiddlewares/urllength.py", line 37, in <genexpr>
    return (r for r in result or () if _filter(r))
  File "/Users/marko/Envs/cfservis/lib/python2.7/site-packages/scrapy/spidermiddlewares/depth.py", line 54, in <genexpr>
    return (r for r in result or () if _filter(r))
  File "cfservis/spiders/indiegogo_getter.py", line 70, in parse
    self.driver.set_window_size(1024, 768)
  File "/Users/marko/Envs/cfservis/lib/python2.7/site-packages/selenium/webdriver/remote/webdriver.py", line 799, in set_window_size
    'windowHandle': windowHandle})
  File "/Users/marko/Envs/cfservis/lib/python2.7/site-packages/selenium/webdriver/remote/webdriver.py", line 194, in execute
    response = self.command_executor.execute(driver_command, params)
  File "/Users/marko/Envs/cfservis/lib/python2.7/site-packages/selenium/webdriver/remote/remote_connection.py", line 395, in execute
    return self._request(command_info[0], url, body=data)
  File "/Users/marko/Envs/cfservis/lib/python2.7/site-packages/selenium/webdriver/remote/remote_connection.py", line 463, in _request
    resp = opener.open(request, timeout=self._timeout)
  File "/Library/Frameworks/Python.framework/Versions/2.7/lib/python2.7/urllib2.py", line 404, in open
    response = self._open(req, data)
  File "/Library/Frameworks/Python.framework/Versions/2.7/lib/python2.7/urllib2.py", line 422, in _open
    '_open', req)
  File "/Library/Frameworks/Python.framework/Versions/2.7/lib/python2.7/urllib2.py", line 382, in _call_chain
    result = func(*args)
  File "/Library/Frameworks/Python.framework/Versions/2.7/lib/python2.7/urllib2.py", line 1214, in http_open
    return self.do_open(httplib.HTTPConnection, req)
  File "/Library/Frameworks/Python.framework/Versions/2.7/lib/python2.7/urllib2.py", line 1184, in do_open
    raise URLError(err)
URLError: <urlopen error [Errno 61] Connection refused>
2015-10-14 14:55:54 [selenium.webdriver.remote.remote_connection] DEBUG: POST http://127.0.0.1:63352/wd/hub/session/ca3e8000-7272-11e5-82ae-6dec7c0cc3ca/window/current/size {"width": 1024, "windowHandle": "current", "sessionId": "ca3e8000-7272-11e5-82ae-6dec7c0cc3ca", "height": 768}
2015-10-14 14:55:54 [scrapy] ERROR: Spider error processing <GET https://www.indiegogo.com/explore/technology#/browse/new> (referer: None)
Traceback (most recent call last):
  File "/Users/marko/Envs/cfservis/lib/python2.7/site-packages/scrapy/utils/defer.py", line 102, in iter_errback
    yield next(it)
  File "/Users/marko/Envs/cfservis/lib/python2.7/site-packages/scrapy/spidermiddlewares/offsite.py", line 28, in process_spider_output
    for x in result:
  File "/Users/marko/Envs/cfservis/lib/python2.7/site-packages/scrapy/spidermiddlewares/referer.py", line 22, in <genexpr>
    return (_set_referer(r) for r in result or ())
  File "/Users/marko/Envs/cfservis/lib/python2.7/site-packages/scrapy/spidermiddlewares/urllength.py", line 37, in <genexpr>
    return (r for r in result or () if _filter(r))
  File "/Users/marko/Envs/cfservis/lib/python2.7/site-packages/scrapy/spidermiddlewares/depth.py", line 54, in <genexpr>
    return (r for r in result or () if _filter(r))
  File "cfservis/spiders/indiegogo_getter.py", line 70, in parse
    self.driver.set_window_size(1024, 768)
  File "/Users/marko/Envs/cfservis/lib/python2.7/site-packages/selenium/webdriver/remote/webdriver.py", line 799, in set_window_size
    'windowHandle': windowHandle})
  File "/Users/marko/Envs/cfservis/lib/python2.7/site-packages/selenium/webdriver/remote/webdriver.py", line 194, in execute
    response = self.command_executor.execute(driver_command, params)
  File "/Users/marko/Envs/cfservis/lib/python2.7/site-packages/selenium/webdriver/remote/remote_connection.py", line 395, in execute
    return self._request(command_info[0], url, body=data)
  File "/Users/marko/Envs/cfservis/lib/python2.7/site-packages/selenium/webdriver/remote/remote_connection.py", line 463, in _request
    resp = opener.open(request, timeout=self._timeout)
  File "/Library/Frameworks/Python.framework/Versions/2.7/lib/python2.7/urllib2.py", line 404, in open
    response = self._open(req, data)
  File "/Library/Frameworks/Python.framework/Versions/2.7/lib/python2.7/urllib2.py", line 422, in _open
    '_open', req)
  File "/Library/Frameworks/Python.framework/Versions/2.7/lib/python2.7/urllib2.py", line 382, in _call_chain
    result = func(*args)
  File "/Library/Frameworks/Python.framework/Versions/2.7/lib/python2.7/urllib2.py", line 1214, in http_open
    return self.do_open(httplib.HTTPConnection, req)
  File "/Library/Frameworks/Python.framework/Versions/2.7/lib/python2.7/urllib2.py", line 1184, in do_open
    raise URLError(err)
URLError: <urlopen error [Errno 61] Connection refused>
2015-10-14 14:55:55 [scrapy] DEBUG: Crawled (200) <GET https://www.indiegogo.com/explore/theatre#/browse/new> (referer: None)
2015-10-14 14:55:55 [selenium.webdriver.remote.remote_connection] DEBUG: POST http://127.0.0.1:63352/wd/hub/session/ca3e8000-7272-11e5-82ae-6dec7c0cc3ca/window/current/size {"width": 1024, "windowHandle": "current", "sessionId": "ca3e8000-7272-11e5-82ae-6dec7c0cc3ca", "height": 768}
2015-10-14 14:55:55 [scrapy] ERROR: Spider error processing <GET https://www.indiegogo.com/explore/theatre#/browse/new> (referer: None)
Traceback (most recent call last):
  File "/Users/marko/Envs/cfservis/lib/python2.7/site-packages/scrapy/utils/defer.py", line 102, in iter_errback
    yield next(it)
  File "/Users/marko/Envs/cfservis/lib/python2.7/site-packages/scrapy/spidermiddlewares/offsite.py", line 28, in process_spider_output
    for x in result:
  File "/Users/marko/Envs/cfservis/lib/python2.7/site-packages/scrapy/spidermiddlewares/referer.py", line 22, in <genexpr>
    return (_set_referer(r) for r in result or ())
  File "/Users/marko/Envs/cfservis/lib/python2.7/site-packages/scrapy/spidermiddlewares/urllength.py", line 37, in <genexpr>
    return (r for r in result or () if _filter(r))
  File "/Users/marko/Envs/cfservis/lib/python2.7/site-packages/scrapy/spidermiddlewares/depth.py", line 54, in <genexpr>
    return (r for r in result or () if _filter(r))
  File "cfservis/spiders/indiegogo_getter.py", line 70, in parse
    self.driver.set_window_size(1024, 768)
  File "/Users/marko/Envs/cfservis/lib/python2.7/site-packages/selenium/webdriver/remote/webdriver.py", line 799, in set_window_size
    'windowHandle': windowHandle})
  File "/Users/marko/Envs/cfservis/lib/python2.7/site-packages/selenium/webdriver/remote/webdriver.py", line 194, in execute
    response = self.command_executor.execute(driver_command, params)
  File "/Users/marko/Envs/cfservis/lib/python2.7/site-packages/selenium/webdriver/remote/remote_connection.py", line 395, in execute
    return self._request(command_info[0], url, body=data)
  File "/Users/marko/Envs/cfservis/lib/python2.7/site-packages/selenium/webdriver/remote/remote_connection.py", line 463, in _request
    resp = opener.open(request, timeout=self._timeout)
  File "/Library/Frameworks/Python.framework/Versions/2.7/lib/python2.7/urllib2.py", line 404, in open
    response = self._open(req, data)
  File "/Library/Frameworks/Python.framework/Versions/2.7/lib/python2.7/urllib2.py", line 422, in _open
    '_open', req)
  File "/Library/Frameworks/Python.framework/Versions/2.7/lib/python2.7/urllib2.py", line 382, in _call_chain
    result = func(*args)
  File "/Library/Frameworks/Python.framework/Versions/2.7/lib/python2.7/urllib2.py", line 1214, in http_open
    return self.do_open(httplib.HTTPConnection, req)
  File "/Library/Frameworks/Python.framework/Versions/2.7/lib/python2.7/urllib2.py", line 1184, in do_open
    raise URLError(err)
URLError: <urlopen error [Errno 61] Connection refused>
2015-10-14 14:55:55 [scrapy] INFO: Stored jsonlines feed (2 items) in: file:///Users/marko/PythonProjects/cfservis/items/cfservis/indiegogo_getter/9bd9221e727111e5b4e17831c1c9baf0.jl
2015-10-14 14:55:55 [scrapy] INFO: Dumping Scrapy stats:
{'downloader/request_bytes': 7166,
 'downloader/request_count': 22,
 'downloader/request_method_count/GET': 22,
 'downloader/response_bytes': 383552,
 'downloader/response_count': 22,
 'downloader/response_status_count/200': 20,
 'downloader/response_status_count/404': 2,
 'finish_reason': 'shutdown',
 'finish_time': datetime.datetime(2015, 10, 14, 12, 55, 55, 233409),
 'item_scraped_count': 2,
 'log_count/DEBUG': 164,
 'log_count/ERROR': 20,
 'log_count/INFO': 9,
 'response_received_count': 22,
 'scheduler/dequeued': 22,
 'scheduler/dequeued/memory': 22,
 'scheduler/enqueued': 23,
 'scheduler/enqueued/memory': 23,
 'spider_exceptions/URLError': 19,
 'spider_exceptions/error': 1,
 'start_time': datetime.datetime(2015, 10, 14, 12, 55, 5, 140369)}
2015-10-14 14:55:55 [scrapy] INFO: Spider closed (shutdown)
