2015-10-26 10:29:57 [scrapy] INFO: Scrapy 1.0.3 started (bot: cfservis)
2015-10-26 10:29:57 [scrapy] INFO: Optional features available: ssl, http11
2015-10-26 10:29:57 [scrapy] INFO: Overridden settings: {'NEWSPIDER_MODULE': 'cfservis.spiders', 'SPIDER_MODULES': ['cfservis.spiders'], 'FEED_URI': 'file:///Users/marko/PythonProjects/cfservis/items/cfservis/rockethub_updater/169bb7237bc411e583a27831c1c9baf0.jl', 'LOG_FILE': 'logs/cfservis/rockethub_updater/169bb7237bc411e583a27831c1c9baf0.log', 'BOT_NAME': 'cfservis'}
2015-10-26 10:29:57 [scrapy] INFO: Enabled extensions: CloseSpider, FeedExporter, TelnetConsole, LogStats, CoreStats, SpiderState
2015-10-26 10:29:57 [scrapy] INFO: Enabled downloader middlewares: HttpAuthMiddleware, DownloadTimeoutMiddleware, UserAgentMiddleware, RetryMiddleware, DefaultHeadersMiddleware, MetaRefreshMiddleware, HttpCompressionMiddleware, RedirectMiddleware, CookiesMiddleware, ChunkedTransferMiddleware, DownloaderStats
2015-10-26 10:29:57 [scrapy] INFO: Enabled spider middlewares: HttpErrorMiddleware, OffsiteMiddleware, RefererMiddleware, UrlLengthMiddleware, DepthMiddleware
2015-10-26 10:29:57 [scrapy] INFO: Enabled item pipelines: MySQLStorePipeline
2015-10-26 10:29:57 [scrapy] INFO: Spider opened
2015-10-26 10:29:57 [scrapy] INFO: Crawled 0 pages (at 0 pages/min), scraped 0 items (at 0 items/min)
2015-10-26 10:29:57 [scrapy] DEBUG: Telnet console listening on 127.0.0.1:6023
2015-10-26 10:29:58 [scrapy] DEBUG: Crawled (200) <GET https://www.rockethub.com/projects/61278-jazzguitarlessons-net-s-real-teacher-records-an-album-marc-andre-seguin> (referer: None)
2015-10-26 10:29:58 [peewee] DEBUG: ('SELECT `t1`.`id`, `t1`.`second_id`, `t1`.`title`, `t1`.`author`, `t1`.`project_url`, `t1`.`img_url`, `t1`.`location`, `t1`.`end`, `t1`.`pledged`, `t1`.`goal`, `t1`.`currency`, `t1`.`date_modified`, `t1`.`active`, `t1`.`website`, `t1`.`type`, `t1`.`category_id` FROM `app_project` AS t1 WHERE (`t1`.`id` = %s) LIMIT 1', [1723])
2015-10-26 10:29:58 [peewee] DEBUG: ('UPDATE `app_project` SET `second_id` = %s, `title` = %s, `author` = %s, `project_url` = %s, `img_url` = %s, `location` = %s, `end` = %s, `pledged` = %s, `goal` = %s, `currency` = %s, `date_modified` = %s, `active` = %s, `website` = %s, `type` = %s, `category_id` = %s WHERE (`app_project`.`id` = %s)', [u'61278', u'JazzGuitarLessons.net\'s "REAL Teacher" Records an Album - Marc-Andre Seguin', u'Marc-Andre Seguin', u'https://www.rockethub.com/projects/61278-jazzguitarlessons-net-s-real-teacher-records-an-album-marc-andre-seguin', u'https://rockethub-images-production.s3.amazonaws.com/images/61278/1441917615-large.jpg', u'Gatineau, Canada', u'2015-11-18', 735, 8000, u'USD', datetime.datetime(2015, 10, 26, 10, 29, 58, 168539), 1, 3, 1, 6, 1723])
2015-10-26 10:29:58 [scrapy] DEBUG: Scraped from <200 https://www.rockethub.com/projects/61278-jazzguitarlessons-net-s-real-teacher-records-an-album-marc-andre-seguin>
{'goal': u'8000', 'id': '1723', 'pledged': u'0'}
2015-10-26 10:29:58 [scrapy] INFO: Closing spider (finished)
2015-10-26 10:29:58 [scrapy] INFO: Stored jsonlines feed (1 items) in: file:///Users/marko/PythonProjects/cfservis/items/cfservis/rockethub_updater/169bb7237bc411e583a27831c1c9baf0.jl
2015-10-26 10:29:58 [scrapy] INFO: Dumping Scrapy stats:
{'downloader/request_bytes': 301,
 'downloader/request_count': 1,
 'downloader/request_method_count/GET': 1,
 'downloader/response_bytes': 6325,
 'downloader/response_count': 1,
 'downloader/response_status_count/200': 1,
 'finish_reason': 'finished',
 'finish_time': datetime.datetime(2015, 10, 26, 9, 29, 58, 176367),
 'item_scraped_count': 1,
 'log_count/DEBUG': 5,
 'log_count/INFO': 8,
 'response_received_count': 1,
 'scheduler/dequeued': 1,
 'scheduler/dequeued/memory': 1,
 'scheduler/enqueued': 1,
 'scheduler/enqueued/memory': 1,
 'start_time': datetime.datetime(2015, 10, 26, 9, 29, 57, 332835)}
2015-10-26 10:29:58 [scrapy] INFO: Spider closed (finished)
