2015-10-09 17:07:01 [scrapy] INFO: Scrapy 1.0.3 started (bot: cfservis)
2015-10-09 17:07:01 [scrapy] INFO: Optional features available: ssl, http11
2015-10-09 17:07:01 [scrapy] INFO: Overridden settings: {'NEWSPIDER_MODULE': 'cfservis.spiders', 'SPIDER_MODULES': ['cfservis.spiders'], 'FEED_URI': 'file:///Users/marko/PythonProjects/cfservis/items/cfservis/rockethub_updater/248b4bcc6e9511e59fd07831c1c9baf0.jl', 'LOG_FILE': 'logs/cfservis/rockethub_updater/248b4bcc6e9511e59fd07831c1c9baf0.log', 'BOT_NAME': 'cfservis'}
2015-10-09 17:07:02 [scrapy] INFO: Enabled extensions: CloseSpider, FeedExporter, TelnetConsole, LogStats, CoreStats, SpiderState
2015-10-09 17:07:02 [scrapy] INFO: Enabled downloader middlewares: HttpAuthMiddleware, DownloadTimeoutMiddleware, UserAgentMiddleware, RetryMiddleware, DefaultHeadersMiddleware, MetaRefreshMiddleware, HttpCompressionMiddleware, RedirectMiddleware, CookiesMiddleware, ChunkedTransferMiddleware, DownloaderStats
2015-10-09 17:07:02 [scrapy] INFO: Enabled spider middlewares: HttpErrorMiddleware, OffsiteMiddleware, RefererMiddleware, UrlLengthMiddleware, DepthMiddleware
2015-10-09 17:07:02 [scrapy] INFO: Enabled item pipelines: MySQLStorePipeline
2015-10-09 17:07:02 [scrapy] INFO: Spider opened
2015-10-09 17:07:02 [scrapy] INFO: Crawled 0 pages (at 0 pages/min), scraped 0 items (at 0 items/min)
2015-10-09 17:07:02 [scrapy] DEBUG: Telnet console listening on 127.0.0.1:6023
2015-10-09 17:07:02 [scrapy] DEBUG: Crawled (200) <GET https://www.rockethub.com/projects/60307-support-brian-melick-donating-fully-functional-lego-drum-set-to-pas-museum> (referer: None)
2015-10-09 17:07:02 [peewee] DEBUG: ('SELECT `t1`.`id`, `t1`.`second_id`, `t1`.`title`, `t1`.`author`, `t1`.`project_url`, `t1`.`img_url`, `t1`.`location`, `t1`.`end`, `t1`.`pledged`, `t1`.`goal`, `t1`.`currency`, `t1`.`date_modified`, `t1`.`active`, `t1`.`website`, `t1`.`type`, `t1`.`category_id` FROM `app_project` AS t1 WHERE (`t1`.`id` = %s) LIMIT 1', [34])
2015-10-09 17:07:02 [peewee] DEBUG: ('UPDATE `app_project` SET `second_id` = %s, `title` = %s, `author` = %s, `project_url` = %s, `img_url` = %s, `location` = %s, `end` = %s, `pledged` = %s, `goal` = %s, `currency` = %s, `date_modified` = %s, `active` = %s, `website` = %s, `type` = %s, `category_id` = %s WHERE (`app_project`.`id` = %s)', [u'60307', u'Support Brian Melick Donating Fully Functional LEGO Drum Set to PAS Museum', u'Brian Melick', u'https://www.rockethub.com/projects/60307-support-brian-melick-donating-fully-functional-lego-drum-set-to-pas-museum', u'https://rockethub-images-production.s3.amazonaws.com/images/60307/1439246630-large.jpg', u'New Baltimore, NY', u'2015-09-25', 290, 0, u'USD', datetime.datetime(2015, 10, 9, 17, 7, 2, 931899), 0, 3, 1, 6, 34])
2015-10-09 17:07:02 [scrapy] DEBUG: Scraped from <200 https://www.rockethub.com/projects/60307-support-brian-melick-donating-fully-functional-lego-drum-set-to-pas-museum>
{'id': '34', 'pledged': u'290'}
2015-10-09 17:07:02 [scrapy] INFO: Closing spider (finished)
2015-10-09 17:07:02 [scrapy] INFO: Stored jsonlines feed (1 items) in: file:///Users/marko/PythonProjects/cfservis/items/cfservis/rockethub_updater/248b4bcc6e9511e59fd07831c1c9baf0.jl
2015-10-09 17:07:02 [scrapy] INFO: Dumping Scrapy stats:
{'downloader/request_bytes': 304,
 'downloader/request_count': 1,
 'downloader/request_method_count/GET': 1,
 'downloader/response_bytes': 5267,
 'downloader/response_count': 1,
 'downloader/response_status_count/200': 1,
 'finish_reason': 'finished',
 'finish_time': datetime.datetime(2015, 10, 9, 15, 7, 2, 937549),
 'item_scraped_count': 1,
 'log_count/DEBUG': 5,
 'log_count/INFO': 8,
 'response_received_count': 1,
 'scheduler/dequeued': 1,
 'scheduler/dequeued/memory': 1,
 'scheduler/enqueued': 1,
 'scheduler/enqueued/memory': 1,
 'start_time': datetime.datetime(2015, 10, 9, 15, 7, 2, 115498)}
2015-10-09 17:07:02 [scrapy] INFO: Spider closed (finished)
