2015-10-14 16:49:48 [scrapy] INFO: Scrapy 1.0.3 started (bot: cfservis)
2015-10-14 16:49:48 [scrapy] INFO: Optional features available: ssl, http11
2015-10-14 16:49:48 [scrapy] INFO: Overridden settings: {'NEWSPIDER_MODULE': 'cfservis.spiders', 'SPIDER_MODULES': ['cfservis.spiders'], 'FEED_URI': 'file:///Users/marko/PythonProjects/cfservis/items/cfservis/rockethub_updater/c8bbbfb0728211e5b9877831c1c9baf0.jl', 'LOG_FILE': 'logs/cfservis/rockethub_updater/c8bbbfb0728211e5b9877831c1c9baf0.log', 'BOT_NAME': 'cfservis'}
2015-10-14 16:49:48 [scrapy] INFO: Enabled extensions: CloseSpider, FeedExporter, TelnetConsole, LogStats, CoreStats, SpiderState
2015-10-14 16:49:49 [scrapy] INFO: Enabled downloader middlewares: HttpAuthMiddleware, DownloadTimeoutMiddleware, UserAgentMiddleware, RetryMiddleware, DefaultHeadersMiddleware, MetaRefreshMiddleware, HttpCompressionMiddleware, RedirectMiddleware, CookiesMiddleware, ChunkedTransferMiddleware, DownloaderStats
2015-10-14 16:49:49 [scrapy] INFO: Enabled spider middlewares: HttpErrorMiddleware, OffsiteMiddleware, RefererMiddleware, UrlLengthMiddleware, DepthMiddleware
2015-10-14 16:49:49 [scrapy] INFO: Enabled item pipelines: MySQLStorePipeline
2015-10-14 16:49:49 [scrapy] INFO: Spider opened
2015-10-14 16:49:49 [scrapy] INFO: Crawled 0 pages (at 0 pages/min), scraped 0 items (at 0 items/min)
2015-10-14 16:49:49 [scrapy] DEBUG: Telnet console listening on 127.0.0.1:6023
2015-10-14 16:49:49 [scrapy] DEBUG: Redirecting (302) to <GET https://www.rockethub.com/login> from <GET https://www.rockethub.com/projects/59560-super-coupon-woman-s-2015-50-000-donation-challenge>
2015-10-14 16:49:50 [scrapy] DEBUG: Crawled (200) <GET https://www.rockethub.com/login> (referer: None)
2015-10-14 16:49:50 [peewee] DEBUG: ('SELECT `t1`.`id`, `t1`.`second_id`, `t1`.`title`, `t1`.`author`, `t1`.`project_url`, `t1`.`img_url`, `t1`.`location`, `t1`.`end`, `t1`.`pledged`, `t1`.`goal`, `t1`.`currency`, `t1`.`date_modified`, `t1`.`active`, `t1`.`website`, `t1`.`type`, `t1`.`category_id` FROM `app_project` AS t1 WHERE (`t1`.`id` = %s) LIMIT 1', [202])
2015-10-14 16:49:50 [scrapy] ERROR: Error processing {'id': '202'}
Traceback (most recent call last):
  File "/Users/marko/Envs/cfservis/lib/python2.7/site-packages/twisted/internet/defer.py", line 588, in _runCallbacks
    current.result = callback(current.result, *args, **kw)
  File "cfservis/pipelines.py", line 121, in process_item
    self.update_entry(item)
  File "cfservis/pipelines.py", line 80, in update_entry
    if int(item['pledged']) > 0:
  File "/Users/marko/Envs/cfservis/lib/python2.7/site-packages/scrapy/item.py", line 56, in __getitem__
    return self._values[key]
KeyError: 'pledged'
2015-10-14 16:49:50 [scrapy] INFO: Closing spider (finished)
2015-10-14 16:49:50 [scrapy] INFO: Dumping Scrapy stats:
{'downloader/request_bytes': 761,
 'downloader/request_count': 2,
 'downloader/request_method_count/GET': 2,
 'downloader/response_bytes': 25326,
 'downloader/response_count': 2,
 'downloader/response_status_count/200': 1,
 'downloader/response_status_count/302': 1,
 'finish_reason': 'finished',
 'finish_time': datetime.datetime(2015, 10, 14, 14, 49, 50, 143371),
 'log_count/DEBUG': 4,
 'log_count/ERROR': 1,
 'log_count/INFO': 7,
 'response_received_count': 1,
 'scheduler/dequeued': 2,
 'scheduler/dequeued/memory': 2,
 'scheduler/enqueued': 2,
 'scheduler/enqueued/memory': 2,
 'start_time': datetime.datetime(2015, 10, 14, 14, 49, 49, 43822)}
2015-10-14 16:49:50 [scrapy] INFO: Spider closed (finished)
