2015-10-06 16:31:25 [scrapy] INFO: Scrapy 1.0.3 started (bot: cfservis)
2015-10-06 16:31:25 [scrapy] INFO: Optional features available: ssl, http11
2015-10-06 16:31:25 [scrapy] INFO: Overridden settings: {'NEWSPIDER_MODULE': 'cfservis.spiders', 'SPIDER_MODULES': ['cfservis.spiders'], 'FEED_URI': 'file:///Users/marko/PythonProjects/cfservis/items/cfservis/rockethub_updater/d5d2fde36c3511e598587831c1c9baf0.jl', 'LOG_FILE': 'logs/cfservis/rockethub_updater/d5d2fde36c3511e598587831c1c9baf0.log', 'BOT_NAME': 'cfservis'}
2015-10-06 16:31:26 [scrapy] INFO: Enabled extensions: CloseSpider, FeedExporter, TelnetConsole, LogStats, CoreStats, SpiderState
2015-10-06 16:31:26 [scrapy] INFO: Enabled downloader middlewares: HttpAuthMiddleware, DownloadTimeoutMiddleware, UserAgentMiddleware, RetryMiddleware, DefaultHeadersMiddleware, MetaRefreshMiddleware, HttpCompressionMiddleware, RedirectMiddleware, CookiesMiddleware, ChunkedTransferMiddleware, DownloaderStats
2015-10-06 16:31:26 [scrapy] INFO: Enabled spider middlewares: HttpErrorMiddleware, OffsiteMiddleware, RefererMiddleware, UrlLengthMiddleware, DepthMiddleware
2015-10-06 16:31:26 [scrapy] INFO: Enabled item pipelines: MySQLStorePipeline
2015-10-06 16:31:26 [scrapy] INFO: Spider opened
2015-10-06 16:31:26 [scrapy] INFO: Crawled 0 pages (at 0 pages/min), scraped 0 items (at 0 items/min)
2015-10-06 16:31:26 [scrapy] DEBUG: Telnet console listening on 127.0.0.1:6023
2015-10-06 16:31:26 [scrapy] DEBUG: Crawled (200) <GET https://www.rockethub.com/projects/61092-shar-la-la-music-together> (referer: None)
2015-10-06 16:31:26 [peewee] DEBUG: ('SELECT `t1`.`id`, `t1`.`second_id`, `t1`.`title`, `t1`.`author`, `t1`.`project_url`, `t1`.`img_url`, `t1`.`location`, `t1`.`end`, `t1`.`pledged`, `t1`.`goal`, `t1`.`currency`, `t1`.`date_modified`, `t1`.`active`, `t1`.`website`, `t1`.`type`, `t1`.`category_id` FROM `app_project` AS t1 WHERE (`t1`.`id` = %s) LIMIT 1', [27])
2015-10-06 16:31:26 [scrapy] ERROR: Error processing {'id': '27'}
Traceback (most recent call last):
  File "/Users/marko/Envs/cfservis/lib/python2.7/site-packages/twisted/internet/defer.py", line 588, in _runCallbacks
    current.result = callback(current.result, *args, **kw)
  File "cfservis/pipelines.py", line 118, in process_item
    self.update_entry(item)
  File "cfservis/pipelines.py", line 73, in update_entry
    project.pledged = item['pledged']
  File "/Users/marko/Envs/cfservis/lib/python2.7/site-packages/scrapy/item.py", line 56, in __getitem__
    return self._values[key]
KeyError: 'pledged'
2015-10-06 16:31:26 [scrapy] INFO: Closing spider (finished)
2015-10-06 16:31:26 [scrapy] INFO: Dumping Scrapy stats:
{'downloader/request_bytes': 255,
 'downloader/request_count': 1,
 'downloader/request_method_count/GET': 1,
 'downloader/response_bytes': 5957,
 'downloader/response_count': 1,
 'downloader/response_status_count/200': 1,
 'finish_reason': 'finished',
 'finish_time': datetime.datetime(2015, 10, 6, 14, 31, 26, 977301),
 'log_count/DEBUG': 3,
 'log_count/ERROR': 1,
 'log_count/INFO': 7,
 'response_received_count': 1,
 'scheduler/dequeued': 1,
 'scheduler/dequeued/memory': 1,
 'scheduler/enqueued': 1,
 'scheduler/enqueued/memory': 1,
 'start_time': datetime.datetime(2015, 10, 6, 14, 31, 26, 136533)}
2015-10-06 16:31:26 [scrapy] INFO: Spider closed (finished)
