2015-10-26 10:29:17 [scrapy] INFO: Scrapy 1.0.3 started (bot: cfservis)
2015-10-26 10:29:17 [scrapy] INFO: Optional features available: ssl, http11
2015-10-26 10:29:17 [scrapy] INFO: Overridden settings: {'NEWSPIDER_MODULE': 'cfservis.spiders', 'SPIDER_MODULES': ['cfservis.spiders'], 'FEED_URI': 'file:///Users/marko/PythonProjects/cfservis/items/cfservis/rockethub_updater/fec3c3117bc311e59d817831c1c9baf0.jl', 'LOG_FILE': 'logs/cfservis/rockethub_updater/fec3c3117bc311e59d817831c1c9baf0.log', 'BOT_NAME': 'cfservis'}
2015-10-26 10:29:17 [scrapy] INFO: Enabled extensions: CloseSpider, FeedExporter, TelnetConsole, LogStats, CoreStats, SpiderState
2015-10-26 10:29:17 [scrapy] INFO: Enabled downloader middlewares: HttpAuthMiddleware, DownloadTimeoutMiddleware, UserAgentMiddleware, RetryMiddleware, DefaultHeadersMiddleware, MetaRefreshMiddleware, HttpCompressionMiddleware, RedirectMiddleware, CookiesMiddleware, ChunkedTransferMiddleware, DownloaderStats
2015-10-26 10:29:17 [scrapy] INFO: Enabled spider middlewares: HttpErrorMiddleware, OffsiteMiddleware, RefererMiddleware, UrlLengthMiddleware, DepthMiddleware
2015-10-26 10:29:17 [scrapy] INFO: Enabled item pipelines: MySQLStorePipeline
2015-10-26 10:29:17 [scrapy] INFO: Spider opened
2015-10-26 10:29:17 [scrapy] INFO: Crawled 0 pages (at 0 pages/min), scraped 0 items (at 0 items/min)
2015-10-26 10:29:17 [scrapy] DEBUG: Telnet console listening on 127.0.0.1:6023
2015-10-26 10:29:18 [scrapy] DEBUG: Crawled (200) <GET https://www.rockethub.com/projects/61234-support-the-legacy-of-daisy-dean-theatre-project-by-allison-guinn> (referer: None)
2015-10-26 10:29:18 [peewee] DEBUG: ('SELECT `t1`.`id`, `t1`.`second_id`, `t1`.`title`, `t1`.`author`, `t1`.`project_url`, `t1`.`img_url`, `t1`.`location`, `t1`.`end`, `t1`.`pledged`, `t1`.`goal`, `t1`.`currency`, `t1`.`date_modified`, `t1`.`active`, `t1`.`website`, `t1`.`type`, `t1`.`category_id` FROM `app_project` AS t1 WHERE (`t1`.`id` = %s) LIMIT 1', [1722])
2015-10-26 10:29:18 [peewee] DEBUG: ('UPDATE `app_project` SET `second_id` = %s, `title` = %s, `author` = %s, `project_url` = %s, `img_url` = %s, `location` = %s, `end` = %s, `pledged` = %s, `goal` = %s, `currency` = %s, `date_modified` = %s, `active` = %s, `website` = %s, `type` = %s, `category_id` = %s WHERE (`app_project`.`id` = %s)', [u'61234', u'Support "The Legacy of Daisy Dean" Theatre Project by Allison Guinn', u'Allison', u'https://www.rockethub.com/projects/61234-support-the-legacy-of-daisy-dean-theatre-project-by-allison-guinn', u'https://rockethub-images-production.s3.amazonaws.com/images/61234/1441735931-large.jpeg', u'no location', u'2015-11-18', 1440, 5000, u'USD', datetime.datetime(2015, 10, 26, 10, 29, 18, 171905), 1, 3, 1, 6, 1722])
2015-10-26 10:29:18 [scrapy] DEBUG: Scraped from <200 https://www.rockethub.com/projects/61234-support-the-legacy-of-daisy-dean-theatre-project-by-allison-guinn>
{'goal': u'5000', 'id': '1722', 'pledged': u'0'}
2015-10-26 10:29:18 [scrapy] INFO: Closing spider (finished)
2015-10-26 10:29:18 [scrapy] INFO: Stored jsonlines feed (1 items) in: file:///Users/marko/PythonProjects/cfservis/items/cfservis/rockethub_updater/fec3c3117bc311e59d817831c1c9baf0.jl
2015-10-26 10:29:18 [scrapy] INFO: Dumping Scrapy stats:
{'downloader/request_bytes': 295,
 'downloader/request_count': 1,
 'downloader/request_method_count/GET': 1,
 'downloader/response_bytes': 7415,
 'downloader/response_count': 1,
 'downloader/response_status_count/200': 1,
 'finish_reason': 'finished',
 'finish_time': datetime.datetime(2015, 10, 26, 9, 29, 18, 179759),
 'item_scraped_count': 1,
 'log_count/DEBUG': 5,
 'log_count/INFO': 8,
 'response_received_count': 1,
 'scheduler/dequeued': 1,
 'scheduler/dequeued/memory': 1,
 'scheduler/enqueued': 1,
 'scheduler/enqueued/memory': 1,
 'start_time': datetime.datetime(2015, 10, 26, 9, 29, 17, 273656)}
2015-10-26 10:29:18 [scrapy] INFO: Spider closed (finished)
